[  1%] Built target inertial_sense_ros2__rosidl_generator_type_description
[  1%] Built target ament_cmake_python_copy_inertial_sense_ros2
[  2%] [32m[1mLinking CXX executable new_target[0m
[  2%] Built target inertial_sense_ros2__cpp
[ 28%] Built target inertial_sense_ros2__rosidl_generator_c
[ 37%] Built target inertial_sense_ros2__rosidl_typesupport_introspection_c
[ 47%] Built target inertial_sense_ros2__rosidl_typesupport_cpp
[ 57%] Built target inertial_sense_ros2__rosidl_typesupport_fastrtps_cpp
[ 66%] Built target inertial_sense_ros2__rosidl_typesupport_fastrtps_c
[ 75%] Built target inertial_sense_ros2__rosidl_typesupport_c
[ 85%] Built target inertial_sense_ros2__rosidl_typesupport_introspection_cpp
[ 85%] Built target inertial_sense_ros2
[ 86%] Built target inertial_sense_ros2__py
[ 95%] Built target inertial_sense_ros2__rosidl_generator_py
running egg_info
[ 96%] Built target inertial_sense_ros2_s__rosidl_typesupport_fastrtps_c
[ 97%] Built target inertial_sense_ros2_s__rosidl_typesupport_introspection_c
[ 98%] Built target inertial_sense_ros2_s__rosidl_typesupport_c
writing inertial_sense_ros2.egg-info/PKG-INFO
writing dependency_links to inertial_sense_ros2.egg-info/dependency_links.txt
writing top-level names to inertial_sense_ros2.egg-info/top_level.txt
reading manifest file 'inertial_sense_ros2.egg-info/SOURCES.txt'
writing manifest file 'inertial_sense_ros2.egg-info/SOURCES.txt'
[ 98%] Built target ament_cmake_python_build_inertial_sense_ros2_egg
