[0.047s] Invoking command in '/home/s/Inertial_Sense/imx/SDK/ros2/build/inertial_sense_ros2': CMAKE_PREFIX_PATH=${CMAKE_PREFIX_PATH}:/opt/ros/jazzy DEBUGINFOD_URLS=https://debuginfod.ubuntu.com /usr/bin/cmake --build /home/s/Inertial_Sense/imx/SDK/ros2/build/inertial_sense_ros2 -- -j16 -l16
[0.175s] -- Found std_msgs: 5.3.5 (/opt/ros/jazzy/share/std_msgs/cmake)
[0.259s] -- Found Python3: /usr/bin/python3 (found version "3.12.3") found components: Interpreter 
[0.589s] -- Found rosidl_generator_c: 4.6.2 (/opt/ros/jazzy/share/rosidl_generator_c/cmake)
[0.623s] -- Found rosidl_generator_cpp: 4.6.2 (/opt/ros/jazzy/share/rosidl_generator_cpp/cmake)
[0.663s] -- Using all available rosidl_typesupport_c: rosidl_typesupport_fastrtps_c;rosidl_typesupport_introspection_c
[0.709s] -- Using all available rosidl_typesupport_cpp: rosidl_typesupport_fastrtps_cpp;rosidl_typesupport_introspection_cpp
[0.801s] -- Found std_srvs: 5.3.5 (/opt/ros/jazzy/share/std_srvs/cmake)
[0.917s] -- Found geometry_msgs: 5.3.5 (/opt/ros/jazzy/share/geometry_msgs/cmake)
[0.968s] -- Found rclcpp: 28.1.2 (/opt/ros/jazzy/share/rclcpp/cmake)
[1.084s] -- Found rmw_implementation_cmake: 7.3.1 (/opt/ros/jazzy/share/rmw_implementation_cmake/cmake)
[1.089s] -- Found rmw_fastrtps_cpp: 8.4.0 (/opt/ros/jazzy/share/rmw_fastrtps_cpp/cmake)
[1.303s] -- Using RMW implementation 'rmw_fastrtps_cpp' as default
[1.521s] -- Found rclpy: 7.1.1 (/opt/ros/jazzy/share/rclpy/cmake)
[1.522s] -- Found sensor_msgs: 5.3.5 (/opt/ros/jazzy/share/sensor_msgs/cmake)
[1.610s] -- Found nav_msgs: 5.3.5 (/opt/ros/jazzy/share/nav_msgs/cmake)
[1.702s] -- Found diagnostic_msgs: 5.3.5 (/opt/ros/jazzy/share/diagnostic_msgs/cmake)
[1.765s] -- Found rosidl_default_generators: 1.6.0 (/opt/ros/jazzy/share/rosidl_default_generators/cmake)
[1.791s] -- Found rosidl_adapter: 4.6.2 (/opt/ros/jazzy/share/rosidl_adapter/cmake)
[1.797s] -- Found tf2: 0.36.4 (/opt/ros/jazzy/share/tf2/cmake)
[3.016s] -- Found ament_cmake_ros: 0.12.0 (/opt/ros/jazzy/share/ament_cmake_ros/cmake)
[4.096s] -- Using all available rosidl_typesupport_c: rosidl_typesupport_fastrtps_c;rosidl_typesupport_introspection_c
[4.505s] -- Using all available rosidl_typesupport_cpp: rosidl_typesupport_fastrtps_cpp;rosidl_typesupport_introspection_cpp
[4.510s] -- Found python_cmake_module: 0.11.1 (/opt/ros/jazzy/share/python_cmake_module/cmake)
[5.340s] -- Found Python3: /usr/bin/python3 (found version "3.12.3") found components: Interpreter Development NumPy Development.Module Development.Embed 
[5.496s] -- Configuring done (5.3s)
[5.769s] -- Generating done (0.2s)
[5.797s] -- Build files have been written to: /home/s/Inertial_Sense/imx/SDK/ros2/build/inertial_sense_ros2
[5.957s] [  1%] Built target inertial_sense_ros2__rosidl_generator_type_description
[6.008s] [  1%] Built target ament_cmake_python_copy_inertial_sense_ros2
[6.056s] [  1%] Built target inertial_sense_ros2__cpp
[6.147s] [ 28%] Built target inertial_sense_ros2__rosidl_generator_c
[6.290s] [ 37%] Built target inertial_sense_ros2__rosidl_typesupport_c
[6.301s] [ 47%] Built target inertial_sense_ros2__rosidl_typesupport_introspection_c
[6.332s] [ 57%] Built target inertial_sense_ros2__rosidl_typesupport_cpp
[6.341s] [ 75%] Built target inertial_sense_ros2__rosidl_typesupport_fastrtps_c
[6.341s] [ 76%] Built target inertial_sense_ros2__rosidl_typesupport_introspection_cpp
[6.342s] [ 86%] Built target inertial_sense_ros2__rosidl_typesupport_fastrtps_cpp
[6.433s] [ 86%] Built target inertial_sense_ros2
[6.529s] [ 87%] Built target inertial_sense_ros2__py
[6.743s] [ 87%] [32mBuilding C object CMakeFiles/inertial_sense_ros2__rosidl_generator_py.dir/rosidl_generator_py/inertial_sense_ros2/msg/_g_time_s.c.o[0m
[6.744s] [ 88%] [32mBuilding C object CMakeFiles/inertial_sense_ros2__rosidl_generator_py.dir/rosidl_generator_py/inertial_sense_ros2/msg/_sat_info_s.c.o[0m
[6.744s] [ 88%] [32mBuilding C object CMakeFiles/inertial_sense_ros2__rosidl_generator_py.dir/rosidl_generator_py/inertial_sense_ros2/msg/_gps_s.c.o[0m
[6.758s] [ 89%] [32mBuilding C object CMakeFiles/inertial_sense_ros2__rosidl_generator_py.dir/rosidl_generator_py/inertial_sense_ros2/msg/_gps_info_s.c.o[0m
[6.765s] [ 89%] [32mBuilding C object CMakeFiles/inertial_sense_ros2__rosidl_generator_py.dir/rosidl_generator_py/inertial_sense_ros2/msg/_pimu_s.c.o[0m
[6.765s] [ 90%] [32mBuilding C object CMakeFiles/inertial_sense_ros2__rosidl_generator_py.dir/rosidl_generator_py/inertial_sense_ros2/msg/_rtk_info_s.c.o[0m
[6.766s] [ 90%] [32mBuilding C object CMakeFiles/inertial_sense_ros2__rosidl_generator_py.dir/rosidl_generator_py/inertial_sense_ros2/msg/_rtk_rel_s.c.o[0m
[6.776s] [ 91%] [32mBuilding C object CMakeFiles/inertial_sense_ros2__rosidl_generator_py.dir/rosidl_generator_py/inertial_sense_ros2/msg/_glonass_ephemeris_s.c.o[0m
[6.806s] running egg_info
[6.813s] [ 91%] [32mBuilding C object CMakeFiles/inertial_sense_ros2__rosidl_generator_py.dir/rosidl_generator_py/inertial_sense_ros2/msg/_gnss_ephemeris_s.c.o[0m
[6.905s] [ 92%] [32mBuilding C object CMakeFiles/inertial_sense_ros2__rosidl_generator_py.dir/rosidl_generator_py/inertial_sense_ros2/msg/_gnss_observation_s.c.o[0m
[6.906s] [ 92%] [32mBuilding C object CMakeFiles/inertial_sense_ros2__rosidl_generator_py.dir/rosidl_generator_py/inertial_sense_ros2/msg/_inl2_states_s.c.o[0m
[6.906s] writing inertial_sense_ros2.egg-info/PKG-INFO
[6.907s] writing dependency_links to inertial_sense_ros2.egg-info/dependency_links.txt
[6.907s] writing top-level names to inertial_sense_ros2.egg-info/top_level.txt
[6.907s] [ 93%] [32mBuilding C object CMakeFiles/inertial_sense_ros2__rosidl_generator_py.dir/rosidl_generator_py/inertial_sense_ros2/msg/_gnss_obs_vec_s.c.o[0m
[6.907s] [ 94%] [32mBuilding C object CMakeFiles/inertial_sense_ros2__rosidl_generator_py.dir/rosidl_generator_py/inertial_sense_ros2/msg/_didins2_s.c.o[0m
[6.992s] [ 94%] [32mBuilding C object CMakeFiles/inertial_sense_ros2__rosidl_generator_py.dir/rosidl_generator_py/inertial_sense_ros2/msg/_didins1_s.c.o[0m
[7.128s] [ 95%] [32mBuilding C object CMakeFiles/inertial_sense_ros2__rosidl_generator_py.dir/rosidl_generator_py/inertial_sense_ros2/msg/_didins4_s.c.o[0m
[7.334s] reading manifest file 'inertial_sense_ros2.egg-info/SOURCES.txt'
[7.342s] writing manifest file 'inertial_sense_ros2.egg-info/SOURCES.txt'
[7.447s] [ 95%] Built target ament_cmake_python_build_inertial_sense_ros2_egg
[7.527s] [ 95%] [32mBuilding C object CMakeFiles/inertial_sense_ros2__rosidl_generator_py.dir/rosidl_generator_py/inertial_sense_ros2/srv/_firmware_update_s.c.o[0m
[8.150s] [ 96%] [32mBuilding C object CMakeFiles/inertial_sense_ros2__rosidl_generator_py.dir/rosidl_generator_py/inertial_sense_ros2/srv/_ref_lla_update_s.c.o[0m
[8.848s] [ 96%] [32m[1mLinking C shared library libinertial_sense_ros2__rosidl_generator_py.so[0m
[9.166s] [ 96%] Built target inertial_sense_ros2__rosidl_generator_py
[9.301s] [ 98%] [32mBuilding C object CMakeFiles/inertial_sense_ros2_s__rosidl_typesupport_introspection_c.dir/rosidl_generator_py/inertial_sense_ros2/_inertial_sense_ros2_s.ep.rosidl_typesupport_introspection_c.c.o[0m
[9.302s] [ 98%] [32mBuilding C object CMakeFiles/inertial_sense_ros2_s__rosidl_typesupport_fastrtps_c.dir/rosidl_generator_py/inertial_sense_ros2/_inertial_sense_ros2_s.ep.rosidl_typesupport_fastrtps_c.c.o[0m
[9.303s] [ 99%] [32mBuilding C object CMakeFiles/inertial_sense_ros2_s__rosidl_typesupport_c.dir/rosidl_generator_py/inertial_sense_ros2/_inertial_sense_ros2_s.ep.rosidl_typesupport_c.c.o[0m
[9.969s] [ 99%] [32m[1mLinking C shared module rosidl_generator_py/inertial_sense_ros2/inertial_sense_ros2_s__rosidl_typesupport_c.so[0m
[10.007s] [100%] [32m[1mLinking C shared module rosidl_generator_py/inertial_sense_ros2/inertial_sense_ros2_s__rosidl_typesupport_introspection_c.so[0m
[10.018s] [100%] [32m[1mLinking C shared module rosidl_generator_py/inertial_sense_ros2/inertial_sense_ros2_s__rosidl_typesupport_fastrtps_c.so[0m
[10.148s] [100%] Built target inertial_sense_ros2_s__rosidl_typesupport_c
[10.214s] [100%] Built target inertial_sense_ros2_s__rosidl_typesupport_introspection_c
[10.222s] [100%] Built target inertial_sense_ros2_s__rosidl_typesupport_fastrtps_c
[10.287s] Invoked command in '/home/s/Inertial_Sense/imx/SDK/ros2/build/inertial_sense_ros2' returned '0': CMAKE_PREFIX_PATH=${CMAKE_PREFIX_PATH}:/opt/ros/jazzy DEBUGINFOD_URLS=https://debuginfod.ubuntu.com /usr/bin/cmake --build /home/s/Inertial_Sense/imx/SDK/ros2/build/inertial_sense_ros2 -- -j16 -l16
[14.705s] Invoking command in '/home/s/Inertial_Sense/imx/SDK/ros2/build/inertial_sense_ros2': CMAKE_PREFIX_PATH=${CMAKE_PREFIX_PATH}:/opt/ros/jazzy DEBUGINFOD_URLS=https://debuginfod.ubuntu.com /usr/bin/cmake --install /home/s/Inertial_Sense/imx/SDK/ros2/build/inertial_sense_ros2
[14.739s] -- Install configuration: ""
[14.740s] -- Up-to-date: /home/s/Inertial_Sense/imx/SDK/ros2/install/inertial_sense_ros2/share/ament_index/resource_index/rosidl_interfaces/inertial_sense_ros2
[14.741s] -- Up-to-date: /home/s/Inertial_Sense/imx/SDK/ros2/install/inertial_sense_ros2/share/inertial_sense_ros2/msg/GTime.json
[14.742s] -- Up-to-date: /home/s/Inertial_Sense/imx/SDK/ros2/install/inertial_sense_ros2/share/inertial_sense_ros2/msg/SatInfo.json
[14.743s] -- Up-to-date: /home/s/Inertial_Sense/imx/SDK/ros2/install/inertial_sense_ros2/share/inertial_sense_ros2/msg/GPS.json
[14.743s] -- Up-to-date: /home/s/Inertial_Sense/imx/SDK/ros2/install/inertial_sense_ros2/share/inertial_sense_ros2/msg/GPSInfo.json
[14.744s] -- Up-to-date: /home/s/Inertial_Sense/imx/SDK/ros2/install/inertial_sense_ros2/share/inertial_sense_ros2/msg/PIMU.json
[14.744s] -- Up-to-date: /home/s/Inertial_Sense/imx/SDK/ros2/install/inertial_sense_ros2/share/inertial_sense_ros2/msg/RTKInfo.json
[14.745s] -- Up-to-date: /home/s/Inertial_Sense/imx/SDK/ros2/install/inertial_sense_ros2/share/inertial_sense_ros2/msg/RTKRel.json
[14.746s] -- Up-to-date: /home/s/Inertial_Sense/imx/SDK/ros2/install/inertial_sense_ros2/share/inertial_sense_ros2/msg/GlonassEphemeris.json
[14.747s] -- Up-to-date: /home/s/Inertial_Sense/imx/SDK/ros2/install/inertial_sense_ros2/share/inertial_sense_ros2/msg/GNSSEphemeris.json
[14.748s] -- Up-to-date: /home/s/Inertial_Sense/imx/SDK/ros2/install/inertial_sense_ros2/share/inertial_sense_ros2/msg/GNSSObservation.json
[14.749s] -- Up-to-date: /home/s/Inertial_Sense/imx/SDK/ros2/install/inertial_sense_ros2/share/inertial_sense_ros2/msg/GNSSObsVec.json
[14.750s] -- Up-to-date: /home/s/Inertial_Sense/imx/SDK/ros2/install/inertial_sense_ros2/share/inertial_sense_ros2/msg/INL2States.json
[14.751s] -- Up-to-date: /home/s/Inertial_Sense/imx/SDK/ros2/install/inertial_sense_ros2/share/inertial_sense_ros2/msg/DIDINS2.json
[14.752s] -- Up-to-date: /home/s/Inertial_Sense/imx/SDK/ros2/install/inertial_sense_ros2/share/inertial_sense_ros2/msg/DIDINS1.json
[14.752s] -- Up-to-date: /home/s/Inertial_Sense/imx/SDK/ros2/install/inertial_sense_ros2/share/inertial_sense_ros2/msg/DIDINS4.json
[14.754s] -- Up-to-date: /home/s/Inertial_Sense/imx/SDK/ros2/install/inertial_sense_ros2/share/inertial_sense_ros2/srv/FirmwareUpdate.json
[14.754s] -- Up-to-date: /home/s/Inertial_Sense/imx/SDK/ros2/install/inertial_sense_ros2/share/inertial_sense_ros2/srv/RefLLAUpdate.json
[14.755s] -- Up-to-date: /home/s/Inertial_Sense/imx/SDK/ros2/install/inertial_sense_ros2/include/inertial_sense_ros2/inertial_sense_ros2
[14.756s] -- Up-to-date: /home/s/Inertial_Sense/imx/SDK/ros2/install/inertial_sense_ros2/include/inertial_sense_ros2/inertial_sense_ros2/msg
[14.757s] -- Up-to-date: /home/s/Inertial_Sense/imx/SDK/ros2/install/inertial_sense_ros2/include/inertial_sense_ros2/inertial_sense_ros2/msg/sat_info.h
[14.757s] -- Up-to-date: /home/s/Inertial_Sense/imx/SDK/ros2/install/inertial_sense_ros2/include/inertial_sense_ros2/inertial_sense_ros2/msg/gps_info.h
[14.758s] -- Up-to-date: /home/s/Inertial_Sense/imx/SDK/ros2/install/inertial_sense_ros2/include/inertial_sense_ros2/inertial_sense_ros2/msg/didins4.h
[14.759s] -- Up-to-date: /home/s/Inertial_Sense/imx/SDK/ros2/install/inertial_sense_ros2/include/inertial_sense_ros2/inertial_sense_ros2/msg/glonass_ephemeris.h
[14.761s] -- Up-to-date: /home/s/Inertial_Sense/imx/SDK/ros2/install/inertial_sense_ros2/include/inertial_sense_ros2/inertial_sense_ros2/msg/g_time.h
[14.761s] -- Up-to-date: /home/s/Inertial_Sense/imx/SDK/ros2/install/inertial_sense_ros2/include/inertial_sense_ros2/inertial_sense_ros2/msg/didins2.h
[14.762s] -- Up-to-date: /home/s/Inertial_Sense/imx/SDK/ros2/install/inertial_sense_ros2/include/inertial_sense_ros2/inertial_sense_ros2/msg/gps.h
[14.763s] -- Up-to-date: /home/s/Inertial_Sense/imx/SDK/ros2/install/inertial_sense_ros2/include/inertial_sense_ros2/inertial_sense_ros2/msg/pimu.h
[14.765s] -- Up-to-date: /home/s/Inertial_Sense/imx/SDK/ros2/install/inertial_sense_ros2/include/inertial_sense_ros2/inertial_sense_ros2/msg/gnss_obs_vec.h
[14.766s] -- Up-to-date: /home/s/Inertial_Sense/imx/SDK/ros2/install/inertial_sense_ros2/include/inertial_sense_ros2/inertial_sense_ros2/msg/rosidl_generator_c__visibility_control.h
[14.766s] -- Up-to-date: /home/s/Inertial_Sense/imx/SDK/ros2/install/inertial_sense_ros2/include/inertial_sense_ros2/inertial_sense_ros2/msg/gnss_ephemeris.h
[14.767s] -- Up-to-date: /home/s/Inertial_Sense/imx/SDK/ros2/install/inertial_sense_ros2/include/inertial_sense_ros2/inertial_sense_ros2/msg/didins1.h
[14.768s] -- Up-to-date: /home/s/Inertial_Sense/imx/SDK/ros2/install/inertial_sense_ros2/include/inertial_sense_ros2/inertial_sense_ros2/msg/rtk_rel.h
[14.769s] -- Up-to-date: /home/s/Inertial_Sense/imx/SDK/ros2/install/inertial_sense_ros2/include/inertial_sense_ros2/inertial_sense_ros2/msg/gnss_observation.h
[14.769s] -- Up-to-date: /home/s/Inertial_Sense/imx/SDK/ros2/install/inertial_sense_ros2/include/inertial_sense_ros2/inertial_sense_ros2/msg/inl2_states.h
[14.770s] -- Up-to-date: /home/s/Inertial_Sense/imx/SDK/ros2/install/inertial_sense_ros2/include/inertial_sense_ros2/inertial_sense_ros2/msg/detail
[14.771s] -- Up-to-date: /home/s/Inertial_Sense/imx/SDK/ros2/install/inertial_sense_ros2/include/inertial_sense_ros2/inertial_sense_ros2/msg/detail/glonass_ephemeris__functions.h
[14.772s] -- Up-to-date: /home/s/Inertial_Sense/imx/SDK/ros2/install/inertial_sense_ros2/include/inertial_sense_ros2/inertial_sense_ros2/msg/detail/glonass_ephemeris__type_support.h
[14.773s] -- Up-to-date: /home/s/Inertial_Sense/imx/SDK/ros2/install/inertial_sense_ros2/include/inertial_sense_ros2/inertial_sense_ros2/msg/detail/rtk_rel__struct.h
[14.773s] -- Up-to-date: /home/s/Inertial_Sense/imx/SDK/ros2/install/inertial_sense_ros2/include/inertial_sense_ros2/inertial_sense_ros2/msg/detail/didins1__type_support.h
[14.774s] -- Up-to-date: /home/s/Inertial_Sense/imx/SDK/ros2/install/inertial_sense_ros2/include/inertial_sense_ros2/inertial_sense_ros2/msg/detail/rtk_info__struct.h
[14.775s] -- Up-to-date: /home/s/Inertial_Sense/imx/SDK/ros2/install/inertial_sense_ros2/include/inertial_sense_ros2/inertial_sense_ros2/msg/detail/gnss_ephemeris__type_support.h
[14.776s] -- Up-to-date: /home/s/Inertial_Sense/imx/SDK/ros2/install/inertial_sense_ros2/include/inertial_sense_ros2/inertial_sense_ros2/msg/detail/gps__struct.h
[14.776s] -- Up-to-date: /home/s/Inertial_Sense/imx/SDK/ros2/install/inertial_sense_ros2/include/inertial_sense_ros2/inertial_sense_ros2/msg/detail/didins1__description.c
[14.777s] -- Up-to-date: /home/s/Inertial_Sense/imx/SDK/ros2/install/inertial_sense_ros2/include/inertial_sense_ros2/inertial_sense_ros2/msg/detail/rtk_info__type_support.h
[14.777s] -- Up-to-date: /home/s/Inertial_Sense/imx/SDK/ros2/install/inertial_sense_ros2/include/inertial_sense_ros2/inertial_sense_ros2/msg/detail/inl2_states__description.c
[14.778s] -- Up-to-date: /home/s/Inertial_Sense/imx/SDK/ros2/install/inertial_sense_ros2/include/inertial_sense_ros2/inertial_sense_ros2/msg/detail/g_time__struct.h
[14.778s] -- Up-to-date: /home/s/Inertial_Sense/imx/SDK/ros2/install/inertial_sense_ros2/include/inertial_sense_ros2/inertial_sense_ros2/msg/detail/didins1__functions.h
[14.779s] -- Up-to-date: /home/s/Inertial_Sense/imx/SDK/ros2/install/inertial_sense_ros2/include/inertial_sense_ros2/inertial_sense_ros2/msg/detail/gps_info__functions.c
[14.780s] -- Up-to-date: /home/s/Inertial_Sense/imx/SDK/ros2/install/inertial_sense_ros2/include/inertial_sense_ros2/inertial_sense_ros2/msg/detail/inl2_states__struct.h
[14.780s] -- Installing: /home/s/Inertial_Sense/imx/SDK/ros2/install/inertial_sense_ros2/include/inertial_sense_ros2/inertial_sense_ros2/msg/detail/didins2__type_support.c
[14.781s] -- Up-to-date: /home/s/Inertial_Sense/imx/SDK/ros2/install/inertial_sense_ros2/include/inertial_sense_ros2/inertial_sense_ros2/msg/detail/glonass_ephemeris__functions.c
[14.781s] -- Up-to-date: /home/s/Inertial_Sense/imx/SDK/ros2/install/inertial_sense_ros2/include/inertial_sense_ros2/inertial_sense_ros2/msg/detail/rtk_rel__functions.h
[14.781s] -- Up-to-date: /home/s/Inertial_Sense/imx/SDK/ros2/install/inertial_sense_ros2/include/inertial_sense_ros2/inertial_sense_ros2/msg/detail/didins2__struct.h
[14.782s] -- Up-to-date: /home/s/Inertial_Sense/imx/SDK/ros2/install/inertial_sense_ros2/include/inertial_sense_ros2/inertial_sense_ros2/msg/detail/pimu__type_support.h
[14.782s] -- Up-to-date: /home/s/Inertial_Sense/imx/SDK/ros2/install/inertial_sense_ros2/include/inertial_sense_ros2/inertial_sense_ros2/msg/detail/gnss_ephemeris__functions.c
[14.782s] -- Up-to-date: /home/s/Inertial_Sense/imx/SDK/ros2/install/inertial_sense_ros2/include/inertial_sense_ros2/inertial_sense_ros2/msg/detail/gps_info__type_support.h
[14.783s] -- Up-to-date: /home/s/Inertial_Sense/imx/SDK/ros2/install/inertial_sense_ros2/include/inertial_sense_ros2/inertial_sense_ros2/msg/detail/gnss_obs_vec__functions.c
[14.783s] -- Up-to-date: /home/s/Inertial_Sense/imx/SDK/ros2/install/inertial_sense_ros2/include/inertial_sense_ros2/inertial_sense_ros2/msg/detail/didins2__functions.h
[14.783s] -- Up-to-date: /home/s/Inertial_Sense/imx/SDK/ros2/install/inertial_sense_ros2/include/inertial_sense_ros2/inertial_sense_ros2/msg/detail/sat_info__type_support.h
[14.784s] -- Up-to-date: /home/s/Inertial_Sense/imx/SDK/ros2/install/inertial_sense_ros2/include/inertial_sense_ros2/inertial_sense_ros2/msg/detail/didins4__description.c
[14.784s] -- Installing: /home/s/Inertial_Sense/imx/SDK/ros2/install/inertial_sense_ros2/include/inertial_sense_ros2/inertial_sense_ros2/msg/detail/gnss_obs_vec__type_support.c
[14.784s] -- Up-to-date: /home/s/Inertial_Sense/imx/SDK/ros2/install/inertial_sense_ros2/include/inertial_sense_ros2/inertial_sense_ros2/msg/detail/inl2_states__functions.c
[14.785s] -- Up-to-date: /home/s/Inertial_Sense/imx/SDK/ros2/install/inertial_sense_ros2/include/inertial_sense_ros2/inertial_sense_ros2/msg/detail/didins1__functions.c
[14.785s] -- Installing: /home/s/Inertial_Sense/imx/SDK/ros2/install/inertial_sense_ros2/include/inertial_sense_ros2/inertial_sense_ros2/msg/detail/gps__type_support.c
[14.785s] -- Up-to-date: /home/s/Inertial_Sense/imx/SDK/ros2/install/inertial_sense_ros2/include/inertial_sense_ros2/inertial_sense_ros2/msg/detail/didins4__functions.c
[14.786s] -- Installing: /home/s/Inertial_Sense/imx/SDK/ros2/install/inertial_sense_ros2/include/inertial_sense_ros2/inertial_sense_ros2/msg/detail/gnss_ephemeris__type_support.c
[14.786s] -- Up-to-date: /home/s/Inertial_Sense/imx/SDK/ros2/install/inertial_sense_ros2/include/inertial_sense_ros2/inertial_sense_ros2/msg/detail/gnss_observation__type_support.h
[14.786s] -- Up-to-date: /home/s/Inertial_Sense/imx/SDK/ros2/install/inertial_sense_ros2/include/inertial_sense_ros2/inertial_sense_ros2/msg/detail/gnss_ephemeris__functions.h
[14.787s] -- Up-to-date: /home/s/Inertial_Sense/imx/SDK/ros2/install/inertial_sense_ros2/include/inertial_sense_ros2/inertial_sense_ros2/msg/detail/sat_info__functions.c
[14.787s] -- Up-to-date: /home/s/Inertial_Sense/imx/SDK/ros2/install/inertial_sense_ros2/include/inertial_sense_ros2/inertial_sense_ros2/msg/detail/gnss_obs_vec__functions.h
[14.788s] -- Up-to-date: /home/s/Inertial_Sense/imx/SDK/ros2/install/inertial_sense_ros2/include/inertial_sense_ros2/inertial_sense_ros2/msg/detail/pimu__struct.h
[14.788s] -- Up-to-date: /home/s/Inertial_Sense/imx/SDK/ros2/install/inertial_sense_ros2/include/inertial_sense_ros2/inertial_sense_ros2/msg/detail/didins4__type_support.h
[14.788s] -- Up-to-date: /home/s/Inertial_Sense/imx/SDK/ros2/install/inertial_sense_ros2/include/inertial_sense_ros2/inertial_sense_ros2/msg/detail/rtk_info__functions.c
[14.789s] -- Up-to-date: /home/s/Inertial_Sense/imx/SDK/ros2/install/inertial_sense_ros2/include/inertial_sense_ros2/inertial_sense_ros2/msg/detail/gnss_obs_vec__description.c
[14.789s] -- Up-to-date: /home/s/Inertial_Sense/imx/SDK/ros2/install/inertial_sense_ros2/include/inertial_sense_ros2/inertial_sense_ros2/msg/detail/gnss_observation__struct.h
[14.789s] -- Installing: /home/s/Inertial_Sense/imx/SDK/ros2/install/inertial_sense_ros2/include/inertial_sense_ros2/inertial_sense_ros2/msg/detail/g_time__type_support.c
[14.789s] -- Up-to-date: /home/s/Inertial_Sense/imx/SDK/ros2/install/inertial_sense_ros2/include/inertial_sense_ros2/inertial_sense_ros2/msg/detail/didins4__functions.h
[14.790s] -- Up-to-date: /home/s/Inertial_Sense/imx/SDK/ros2/install/inertial_sense_ros2/include/inertial_sense_ros2/inertial_sense_ros2/msg/detail/pimu__description.c
[14.790s] -- Up-to-date: /home/s/Inertial_Sense/imx/SDK/ros2/install/inertial_sense_ros2/include/inertial_sense_ros2/inertial_sense_ros2/msg/detail/gnss_obs_vec__type_support.h
[14.791s] -- Up-to-date: /home/s/Inertial_Sense/imx/SDK/ros2/install/inertial_sense_ros2/include/inertial_sense_ros2/inertial_sense_ros2/msg/detail/g_time__type_support.h
[14.792s] -- Up-to-date: /home/s/Inertial_Sense/imx/SDK/ros2/install/inertial_sense_ros2/include/inertial_sense_ros2/inertial_sense_ros2/msg/detail/gnss_ephemeris__description.c
[14.794s] -- Up-to-date: /home/s/Inertial_Sense/imx/SDK/ros2/install/inertial_sense_ros2/include/inertial_sense_ros2/inertial_sense_ros2/msg/detail/gps_info__struct.h
[14.795s] -- Installing: /home/s/Inertial_Sense/imx/SDK/ros2/install/inertial_sense_ros2/include/inertial_sense_ros2/inertial_sense_ros2/msg/detail/inl2_states__type_support.c
[14.797s] -- Installing: /home/s/Inertial_Sense/imx/SDK/ros2/install/inertial_sense_ros2/include/inertial_sense_ros2/inertial_sense_ros2/msg/detail/gps_info__type_support.c
[14.798s] -- Up-to-date: /home/s/Inertial_Sense/imx/SDK/ros2/install/inertial_sense_ros2/include/inertial_sense_ros2/inertial_sense_ros2/msg/detail/rtk_rel__type_support.h
[14.798s] -- Up-to-date: /home/s/Inertial_Sense/imx/SDK/ros2/install/inertial_sense_ros2/include/inertial_sense_ros2/inertial_sense_ros2/msg/detail/g_time__functions.h
[14.799s] -- Up-to-date: /home/s/Inertial_Sense/imx/SDK/ros2/install/inertial_sense_ros2/include/inertial_sense_ros2/inertial_sense_ros2/msg/detail/rtk_info__functions.h
[14.800s] -- Up-to-date: /home/s/Inertial_Sense/imx/SDK/ros2/install/inertial_sense_ros2/include/inertial_sense_ros2/inertial_sense_ros2/msg/detail/gnss_observation__description.c
[14.800s] -- Up-to-date: /home/s/Inertial_Sense/imx/SDK/ros2/install/inertial_sense_ros2/include/inertial_sense_ros2/inertial_sense_ros2/msg/detail/inl2_states__functions.h
[14.800s] -- Up-to-date: /home/s/Inertial_Sense/imx/SDK/ros2/install/inertial_sense_ros2/include/inertial_sense_ros2/inertial_sense_ros2/msg/detail/gnss_observation__functions.c
[14.801s] -- Up-to-date: /home/s/Inertial_Sense/imx/SDK/ros2/install/inertial_sense_ros2/include/inertial_sense_ros2/inertial_sense_ros2/msg/detail/sat_info__struct.h
[14.801s] -- Installing: /home/s/Inertial_Sense/imx/SDK/ros2/install/inertial_sense_ros2/include/inertial_sense_ros2/inertial_sense_ros2/msg/detail/rtk_info__type_support.c
[14.801s] -- Installing: /home/s/Inertial_Sense/imx/SDK/ros2/install/inertial_sense_ros2/include/inertial_sense_ros2/inertial_sense_ros2/msg/detail/didins4__type_support.c
[14.802s] -- Up-to-date: /home/s/Inertial_Sense/imx/SDK/ros2/install/inertial_sense_ros2/include/inertial_sense_ros2/inertial_sense_ros2/msg/detail/g_time__functions.c
[14.802s] -- Up-to-date: /home/s/Inertial_Sense/imx/SDK/ros2/install/inertial_sense_ros2/include/inertial_sense_ros2/inertial_sense_ros2/msg/detail/rtk_info__description.c
[14.802s] -- Up-to-date: /home/s/Inertial_Sense/imx/SDK/ros2/install/inertial_sense_ros2/include/inertial_sense_ros2/inertial_sense_ros2/msg/detail/didins2__description.c
[14.802s] -- Up-to-date: /home/s/Inertial_Sense/imx/SDK/ros2/install/inertial_sense_ros2/include/inertial_sense_ros2/inertial_sense_ros2/msg/detail/g_time__description.c
[14.803s] -- Installing: /home/s/Inertial_Sense/imx/SDK/ros2/install/inertial_sense_ros2/include/inertial_sense_ros2/inertial_sense_ros2/msg/detail/pimu__type_support.c
[14.803s] -- Up-to-date: /home/s/Inertial_Sense/imx/SDK/ros2/install/inertial_sense_ros2/include/inertial_sense_ros2/inertial_sense_ros2/msg/detail/gps__functions.c
[14.803s] -- Up-to-date: /home/s/Inertial_Sense/imx/SDK/ros2/install/inertial_sense_ros2/include/inertial_sense_ros2/inertial_sense_ros2/msg/detail/didins1__struct.h
[14.804s] -- Up-to-date: /home/s/Inertial_Sense/imx/SDK/ros2/install/inertial_sense_ros2/include/inertial_sense_ros2/inertial_sense_ros2/msg/detail/didins2__type_support.h
[14.804s] -- Installing: /home/s/Inertial_Sense/imx/SDK/ros2/install/inertial_sense_ros2/include/inertial_sense_ros2/inertial_sense_ros2/msg/detail/rtk_rel__type_support.c
[14.804s] -- Up-to-date: /home/s/Inertial_Sense/imx/SDK/ros2/install/inertial_sense_ros2/include/inertial_sense_ros2/inertial_sense_ros2/msg/detail/rtk_rel__description.c
[14.805s] -- Up-to-date: /home/s/Inertial_Sense/imx/SDK/ros2/install/inertial_sense_ros2/include/inertial_sense_ros2/inertial_sense_ros2/msg/detail/sat_info__functions.h
[14.806s] -- Up-to-date: /home/s/Inertial_Sense/imx/SDK/ros2/install/inertial_sense_ros2/include/inertial_sense_ros2/inertial_sense_ros2/msg/detail/didins2__functions.c
[14.806s] -- Installing: /home/s/Inertial_Sense/imx/SDK/ros2/install/inertial_sense_ros2/include/inertial_sense_ros2/inertial_sense_ros2/msg/detail/didins1__type_support.c
[14.807s] -- Up-to-date: /home/s/Inertial_Sense/imx/SDK/ros2/install/inertial_sense_ros2/include/inertial_sense_ros2/inertial_sense_ros2/msg/detail/gps__description.c
[14.808s] -- Up-to-date: /home/s/Inertial_Sense/imx/SDK/ros2/install/inertial_sense_ros2/include/inertial_sense_ros2/inertial_sense_ros2/msg/detail/pimu__functions.c
[14.808s] -- Up-to-date: /home/s/Inertial_Sense/imx/SDK/ros2/install/inertial_sense_ros2/include/inertial_sense_ros2/inertial_sense_ros2/msg/detail/gps_info__description.c
[14.808s] -- Installing: /home/s/Inertial_Sense/imx/SDK/ros2/install/inertial_sense_ros2/include/inertial_sense_ros2/inertial_sense_ros2/msg/detail/gnss_observation__type_support.c
[14.809s] -- Up-to-date: /home/s/Inertial_Sense/imx/SDK/ros2/install/inertial_sense_ros2/include/inertial_sense_ros2/inertial_sense_ros2/msg/detail/gnss_ephemeris__struct.h
[14.809s] -- Up-to-date: /home/s/Inertial_Sense/imx/SDK/ros2/install/inertial_sense_ros2/include/inertial_sense_ros2/inertial_sense_ros2/msg/detail/gnss_observation__functions.h
[14.810s] -- Up-to-date: /home/s/Inertial_Sense/imx/SDK/ros2/install/inertial_sense_ros2/include/inertial_sense_ros2/inertial_sense_ros2/msg/detail/sat_info__description.c
[14.811s] -- Up-to-date: /home/s/Inertial_Sense/imx/SDK/ros2/install/inertial_sense_ros2/include/inertial_sense_ros2/inertial_sense_ros2/msg/detail/rtk_rel__functions.c
[14.813s] -- Up-to-date: /home/s/Inertial_Sense/imx/SDK/ros2/install/inertial_sense_ros2/include/inertial_sense_ros2/inertial_sense_ros2/msg/detail/inl2_states__type_support.h
[14.815s] -- Up-to-date: /home/s/Inertial_Sense/imx/SDK/ros2/install/inertial_sense_ros2/include/inertial_sense_ros2/inertial_sense_ros2/msg/detail/gps_info__functions.h
[14.817s] -- Up-to-date: /home/s/Inertial_Sense/imx/SDK/ros2/install/inertial_sense_ros2/include/inertial_sense_ros2/inertial_sense_ros2/msg/detail/gnss_obs_vec__struct.h
[14.820s] -- Up-to-date: /home/s/Inertial_Sense/imx/SDK/ros2/install/inertial_sense_ros2/include/inertial_sense_ros2/inertial_sense_ros2/msg/detail/glonass_ephemeris__description.c
[14.822s] -- Up-to-date: /home/s/Inertial_Sense/imx/SDK/ros2/install/inertial_sense_ros2/include/inertial_sense_ros2/inertial_sense_ros2/msg/detail/glonass_ephemeris__struct.h
[14.823s] -- Up-to-date: /home/s/Inertial_Sense/imx/SDK/ros2/install/inertial_sense_ros2/include/inertial_sense_ros2/inertial_sense_ros2/msg/detail/gps__type_support.h
[14.825s] -- Up-to-date: /home/s/Inertial_Sense/imx/SDK/ros2/install/inertial_sense_ros2/include/inertial_sense_ros2/inertial_sense_ros2/msg/detail/gps__functions.h
[14.827s] -- Installing: /home/s/Inertial_Sense/imx/SDK/ros2/install/inertial_sense_ros2/include/inertial_sense_ros2/inertial_sense_ros2/msg/detail/glonass_ephemeris__type_support.c
[14.828s] -- Up-to-date: /home/s/Inertial_Sense/imx/SDK/ros2/install/inertial_sense_ros2/include/inertial_sense_ros2/inertial_sense_ros2/msg/detail/didins4__struct.h
[14.830s] -- Up-to-date: /home/s/Inertial_Sense/imx/SDK/ros2/install/inertial_sense_ros2/include/inertial_sense_ros2/inertial_sense_ros2/msg/detail/pimu__functions.h
[14.832s] -- Installing: /home/s/Inertial_Sense/imx/SDK/ros2/install/inertial_sense_ros2/include/inertial_sense_ros2/inertial_sense_ros2/msg/detail/sat_info__type_support.c
[14.834s] -- Up-to-date: /home/s/Inertial_Sense/imx/SDK/ros2/install/inertial_sense_ros2/include/inertial_sense_ros2/inertial_sense_ros2/msg/rtk_info.h
[14.835s] -- Up-to-date: /home/s/Inertial_Sense/imx/SDK/ros2/install/inertial_sense_ros2/include/inertial_sense_ros2/inertial_sense_ros2/srv
[14.837s] -- Up-to-date: /home/s/Inertial_Sense/imx/SDK/ros2/install/inertial_sense_ros2/include/inertial_sense_ros2/inertial_sense_ros2/srv/firmware_update.h
[14.839s] -- Up-to-date: /home/s/Inertial_Sense/imx/SDK/ros2/install/inertial_sense_ros2/include/inertial_sense_ros2/inertial_sense_ros2/srv/detail
[14.840s] -- Up-to-date: /home/s/Inertial_Sense/imx/SDK/ros2/install/inertial_sense_ros2/include/inertial_sense_ros2/inertial_sense_ros2/srv/detail/ref_lla_update__functions.h
[14.841s] -- Up-to-date: /home/s/Inertial_Sense/imx/SDK/ros2/install/inertial_sense_ros2/include/inertial_sense_ros2/inertial_sense_ros2/srv/detail/ref_lla_update__description.c
[14.842s] -- Up-to-date: /home/s/Inertial_Sense/imx/SDK/ros2/install/inertial_sense_ros2/include/inertial_sense_ros2/inertial_sense_ros2/srv/detail/firmware_update__functions.c
[14.843s] -- Up-to-date: /home/s/Inertial_Sense/imx/SDK/ros2/install/inertial_sense_ros2/include/inertial_sense_ros2/inertial_sense_ros2/srv/detail/ref_lla_update__struct.h
[14.844s] -- Up-to-date: /home/s/Inertial_Sense/imx/SDK/ros2/install/inertial_sense_ros2/include/inertial_sense_ros2/inertial_sense_ros2/srv/detail/ref_lla_update__type_support.h
[14.847s] -- Installing: /home/s/Inertial_Sense/imx/SDK/ros2/install/inertial_sense_ros2/include/inertial_sense_ros2/inertial_sense_ros2/srv/detail/ref_lla_update__type_support.c
[14.848s] -- Up-to-date: /home/s/Inertial_Sense/imx/SDK/ros2/install/inertial_sense_ros2/include/inertial_sense_ros2/inertial_sense_ros2/srv/detail/firmware_update__struct.h
[14.850s] -- Installing: /home/s/Inertial_Sense/imx/SDK/ros2/install/inertial_sense_ros2/include/inertial_sense_ros2/inertial_sense_ros2/srv/detail/firmware_update__type_support.c
[14.851s] -- Up-to-date: /home/s/Inertial_Sense/imx/SDK/ros2/install/inertial_sense_ros2/include/inertial_sense_ros2/inertial_sense_ros2/srv/detail/firmware_update__description.c
[14.852s] -- Up-to-date: /home/s/Inertial_Sense/imx/SDK/ros2/install/inertial_sense_ros2/include/inertial_sense_ros2/inertial_sense_ros2/srv/detail/firmware_update__type_support.h
[14.852s] -- Up-to-date: /home/s/Inertial_Sense/imx/SDK/ros2/install/inertial_sense_ros2/include/inertial_sense_ros2/inertial_sense_ros2/srv/detail/firmware_update__functions.h
[14.854s] -- Up-to-date: /home/s/Inertial_Sense/imx/SDK/ros2/install/inertial_sense_ros2/include/inertial_sense_ros2/inertial_sense_ros2/srv/detail/ref_lla_update__functions.c
[14.854s] -- Up-to-date: /home/s/Inertial_Sense/imx/SDK/ros2/install/inertial_sense_ros2/include/inertial_sense_ros2/inertial_sense_ros2/srv/ref_lla_update.h
[14.855s] -- Up-to-date: /home/s/Inertial_Sense/imx/SDK/ros2/install/inertial_sense_ros2/share/inertial_sense_ros2/environment/library_path.sh
[14.855s] -- Up-to-date: /home/s/Inertial_Sense/imx/SDK/ros2/install/inertial_sense_ros2/share/inertial_sense_ros2/environment/library_path.dsv
[14.856s] -- Installing: /home/s/Inertial_Sense/imx/SDK/ros2/install/inertial_sense_ros2/lib/libinertial_sense_ros2__rosidl_generator_c.so
[14.857s] -- Set non-toolchain portion of runtime path of "/home/s/Inertial_Sense/imx/SDK/ros2/install/inertial_sense_ros2/lib/libinertial_sense_ros2__rosidl_generator_c.so" to ""
[14.857s] -- Up-to-date: /home/s/Inertial_Sense/imx/SDK/ros2/install/inertial_sense_ros2/include/inertial_sense_ros2/inertial_sense_ros2
[14.857s] -- Up-to-date: /home/s/Inertial_Sense/imx/SDK/ros2/install/inertial_sense_ros2/include/inertial_sense_ros2/inertial_sense_ros2/msg
[14.857s] -- Up-to-date: /home/s/Inertial_Sense/imx/SDK/ros2/install/inertial_sense_ros2/include/inertial_sense_ros2/inertial_sense_ros2/msg/rosidl_typesupport_fastrtps_c__visibility_control.h
[14.858s] -- Up-to-date: /home/s/Inertial_Sense/imx/SDK/ros2/install/inertial_sense_ros2/include/inertial_sense_ros2/inertial_sense_ros2/msg/detail
[14.858s] -- Up-to-date: /home/s/Inertial_Sense/imx/SDK/ros2/install/inertial_sense_ros2/include/inertial_sense_ros2/inertial_sense_ros2/msg/detail/g_time__rosidl_typesupport_fastrtps_c.h
[14.858s] -- Up-to-date: /home/s/Inertial_Sense/imx/SDK/ros2/install/inertial_sense_ros2/include/inertial_sense_ros2/inertial_sense_ros2/msg/detail/didins2__rosidl_typesupport_fastrtps_c.h
[14.859s] -- Up-to-date: /home/s/Inertial_Sense/imx/SDK/ros2/install/inertial_sense_ros2/include/inertial_sense_ros2/inertial_sense_ros2/msg/detail/gps__rosidl_typesupport_fastrtps_c.h
[14.859s] -- Up-to-date: /home/s/Inertial_Sense/imx/SDK/ros2/install/inertial_sense_ros2/include/inertial_sense_ros2/inertial_sense_ros2/msg/detail/gnss_ephemeris__rosidl_typesupport_fastrtps_c.h
[14.859s] -- Up-to-date: /home/s/Inertial_Sense/imx/SDK/ros2/install/inertial_sense_ros2/include/inertial_sense_ros2/inertial_sense_ros2/msg/detail/didins4__rosidl_typesupport_fastrtps_c.h
[14.860s] -- Up-to-date: /home/s/Inertial_Sense/imx/SDK/ros2/install/inertial_sense_ros2/include/inertial_sense_ros2/inertial_sense_ros2/msg/detail/rtk_info__rosidl_typesupport_fastrtps_c.h
[14.861s] -- Up-to-date: /home/s/Inertial_Sense/imx/SDK/ros2/install/inertial_sense_ros2/include/inertial_sense_ros2/inertial_sense_ros2/msg/detail/didins1__rosidl_typesupport_fastrtps_c.h
[14.862s] -- Up-to-date: /home/s/Inertial_Sense/imx/SDK/ros2/install/inertial_sense_ros2/include/inertial_sense_ros2/inertial_sense_ros2/msg/detail/rtk_rel__rosidl_typesupport_fastrtps_c.h
[14.863s] -- Up-to-date: /home/s/Inertial_Sense/imx/SDK/ros2/install/inertial_sense_ros2/include/inertial_sense_ros2/inertial_sense_ros2/msg/detail/gnss_obs_vec__rosidl_typesupport_fastrtps_c.h
[14.864s] -- Up-to-date: /home/s/Inertial_Sense/imx/SDK/ros2/install/inertial_sense_ros2/include/inertial_sense_ros2/inertial_sense_ros2/msg/detail/gps_info__rosidl_typesupport_fastrtps_c.h
[14.864s] -- Up-to-date: /home/s/Inertial_Sense/imx/SDK/ros2/install/inertial_sense_ros2/include/inertial_sense_ros2/inertial_sense_ros2/msg/detail/glonass_ephemeris__rosidl_typesupport_fastrtps_c.h
[14.865s] -- Up-to-date: /home/s/Inertial_Sense/imx/SDK/ros2/install/inertial_sense_ros2/include/inertial_sense_ros2/inertial_sense_ros2/msg/detail/inl2_states__rosidl_typesupport_fastrtps_c.h
[14.866s] -- Up-to-date: /home/s/Inertial_Sense/imx/SDK/ros2/install/inertial_sense_ros2/include/inertial_sense_ros2/inertial_sense_ros2/msg/detail/gnss_observation__rosidl_typesupport_fastrtps_c.h
[14.866s] -- Up-to-date: /home/s/Inertial_Sense/imx/SDK/ros2/install/inertial_sense_ros2/include/inertial_sense_ros2/inertial_sense_ros2/msg/detail/sat_info__rosidl_typesupport_fastrtps_c.h
[14.867s] -- Up-to-date: /home/s/Inertial_Sense/imx/SDK/ros2/install/inertial_sense_ros2/include/inertial_sense_ros2/inertial_sense_ros2/msg/detail/pimu__rosidl_typesupport_fastrtps_c.h
[14.869s] -- Up-to-date: /home/s/Inertial_Sense/imx/SDK/ros2/install/inertial_sense_ros2/include/inertial_sense_ros2/inertial_sense_ros2/srv
[14.870s] -- Up-to-date: /home/s/Inertial_Sense/imx/SDK/ros2/install/inertial_sense_ros2/include/inertial_sense_ros2/inertial_sense_ros2/srv/detail
[14.870s] -- Up-to-date: /home/s/Inertial_Sense/imx/SDK/ros2/install/inertial_sense_ros2/include/inertial_sense_ros2/inertial_sense_ros2/srv/detail/ref_lla_update__rosidl_typesupport_fastrtps_c.h
[14.871s] -- Up-to-date: /home/s/Inertial_Sense/imx/SDK/ros2/install/inertial_sense_ros2/include/inertial_sense_ros2/inertial_sense_ros2/srv/detail/firmware_update__rosidl_typesupport_fastrtps_c.h
[14.872s] -- Installing: /home/s/Inertial_Sense/imx/SDK/ros2/install/inertial_sense_ros2/lib/libinertial_sense_ros2__rosidl_typesupport_fastrtps_c.so
[14.872s] -- Set non-toolchain portion of runtime path of "/home/s/Inertial_Sense/imx/SDK/ros2/install/inertial_sense_ros2/lib/libinertial_sense_ros2__rosidl_typesupport_fastrtps_c.so" to ""
[14.873s] -- Up-to-date: /home/s/Inertial_Sense/imx/SDK/ros2/install/inertial_sense_ros2/include/inertial_sense_ros2/inertial_sense_ros2
[14.873s] -- Up-to-date: /home/s/Inertial_Sense/imx/SDK/ros2/install/inertial_sense_ros2/include/inertial_sense_ros2/inertial_sense_ros2/msg
[14.874s] -- Up-to-date: /home/s/Inertial_Sense/imx/SDK/ros2/install/inertial_sense_ros2/include/inertial_sense_ros2/inertial_sense_ros2/msg/rtk_info.hpp
[14.874s] -- Up-to-date: /home/s/Inertial_Sense/imx/SDK/ros2/install/inertial_sense_ros2/include/inertial_sense_ros2/inertial_sense_ros2/msg/gps.hpp
[14.875s] -- Up-to-date: /home/s/Inertial_Sense/imx/SDK/ros2/install/inertial_sense_ros2/include/inertial_sense_ros2/inertial_sense_ros2/msg/rosidl_generator_cpp__visibility_control.hpp
[14.876s] -- Up-to-date: /home/s/Inertial_Sense/imx/SDK/ros2/install/inertial_sense_ros2/include/inertial_sense_ros2/inertial_sense_ros2/msg/sat_info.hpp
[14.876s] -- Up-to-date: /home/s/Inertial_Sense/imx/SDK/ros2/install/inertial_sense_ros2/include/inertial_sense_ros2/inertial_sense_ros2/msg/didins1.hpp
[14.877s] -- Up-to-date: /home/s/Inertial_Sense/imx/SDK/ros2/install/inertial_sense_ros2/include/inertial_sense_ros2/inertial_sense_ros2/msg/glonass_ephemeris.hpp
[14.878s] -- Up-to-date: /home/s/Inertial_Sense/imx/SDK/ros2/install/inertial_sense_ros2/include/inertial_sense_ros2/inertial_sense_ros2/msg/didins4.hpp
[14.878s] -- Up-to-date: /home/s/Inertial_Sense/imx/SDK/ros2/install/inertial_sense_ros2/include/inertial_sense_ros2/inertial_sense_ros2/msg/didins2.hpp
[14.879s] -- Up-to-date: /home/s/Inertial_Sense/imx/SDK/ros2/install/inertial_sense_ros2/include/inertial_sense_ros2/inertial_sense_ros2/msg/g_time.hpp
[14.880s] -- Up-to-date: /home/s/Inertial_Sense/imx/SDK/ros2/install/inertial_sense_ros2/include/inertial_sense_ros2/inertial_sense_ros2/msg/gnss_observation.hpp
[14.881s] -- Up-to-date: /home/s/Inertial_Sense/imx/SDK/ros2/install/inertial_sense_ros2/include/inertial_sense_ros2/inertial_sense_ros2/msg/pimu.hpp
[14.881s] -- Up-to-date: /home/s/Inertial_Sense/imx/SDK/ros2/install/inertial_sense_ros2/include/inertial_sense_ros2/inertial_sense_ros2/msg/gnss_ephemeris.hpp
[14.882s] -- Up-to-date: /home/s/Inertial_Sense/imx/SDK/ros2/install/inertial_sense_ros2/include/inertial_sense_ros2/inertial_sense_ros2/msg/gnss_obs_vec.hpp
[14.883s] -- Up-to-date: /home/s/Inertial_Sense/imx/SDK/ros2/install/inertial_sense_ros2/include/inertial_sense_ros2/inertial_sense_ros2/msg/inl2_states.hpp
[14.883s] -- Up-to-date: /home/s/Inertial_Sense/imx/SDK/ros2/install/inertial_sense_ros2/include/inertial_sense_ros2/inertial_sense_ros2/msg/gps_info.hpp
[14.885s] -- Up-to-date: /home/s/Inertial_Sense/imx/SDK/ros2/install/inertial_sense_ros2/include/inertial_sense_ros2/inertial_sense_ros2/msg/detail
[14.887s] -- Up-to-date: /home/s/Inertial_Sense/imx/SDK/ros2/install/inertial_sense_ros2/include/inertial_sense_ros2/inertial_sense_ros2/msg/detail/didins4__builder.hpp
[14.889s] -- Up-to-date: /home/s/Inertial_Sense/imx/SDK/ros2/install/inertial_sense_ros2/include/inertial_sense_ros2/inertial_sense_ros2/msg/detail/didins4__struct.hpp
[14.889s] -- Up-to-date: /home/s/Inertial_Sense/imx/SDK/ros2/install/inertial_sense_ros2/include/inertial_sense_ros2/inertial_sense_ros2/msg/detail/didins1__struct.hpp
[14.889s] -- Up-to-date: /home/s/Inertial_Sense/imx/SDK/ros2/install/inertial_sense_ros2/include/inertial_sense_ros2/inertial_sense_ros2/msg/detail/pimu__struct.hpp
[14.890s] -- Up-to-date: /home/s/Inertial_Sense/imx/SDK/ros2/install/inertial_sense_ros2/include/inertial_sense_ros2/inertial_sense_ros2/msg/detail/gnss_obs_vec__builder.hpp
[14.892s] -- Up-to-date: /home/s/Inertial_Sense/imx/SDK/ros2/install/inertial_sense_ros2/include/inertial_sense_ros2/inertial_sense_ros2/msg/detail/rtk_info__builder.hpp
[14.893s] -- Up-to-date: /home/s/Inertial_Sense/imx/SDK/ros2/install/inertial_sense_ros2/include/inertial_sense_ros2/inertial_sense_ros2/msg/detail/didins2__traits.hpp
[14.895s] -- Up-to-date: /home/s/Inertial_Sense/imx/SDK/ros2/install/inertial_sense_ros2/include/inertial_sense_ros2/inertial_sense_ros2/msg/detail/didins1__type_support.hpp
[14.896s] -- Up-to-date: /home/s/Inertial_Sense/imx/SDK/ros2/install/inertial_sense_ros2/include/inertial_sense_ros2/inertial_sense_ros2/msg/detail/rtk_rel__builder.hpp
[14.897s] -- Up-to-date: /home/s/Inertial_Sense/imx/SDK/ros2/install/inertial_sense_ros2/include/inertial_sense_ros2/inertial_sense_ros2/msg/detail/rtk_info__type_support.hpp
[14.898s] -- Up-to-date: /home/s/Inertial_Sense/imx/SDK/ros2/install/inertial_sense_ros2/include/inertial_sense_ros2/inertial_sense_ros2/msg/detail/didins4__type_support.hpp
[14.899s] -- Up-to-date: /home/s/Inertial_Sense/imx/SDK/ros2/install/inertial_sense_ros2/include/inertial_sense_ros2/inertial_sense_ros2/msg/detail/gnss_observation__struct.hpp
[14.900s] -- Up-to-date: /home/s/Inertial_Sense/imx/SDK/ros2/install/inertial_sense_ros2/include/inertial_sense_ros2/inertial_sense_ros2/msg/detail/gps__builder.hpp
[14.900s] -- Up-to-date: /home/s/Inertial_Sense/imx/SDK/ros2/install/inertial_sense_ros2/include/inertial_sense_ros2/inertial_sense_ros2/msg/detail/glonass_ephemeris__struct.hpp
[14.900s] -- Up-to-date: /home/s/Inertial_Sense/imx/SDK/ros2/install/inertial_sense_ros2/include/inertial_sense_ros2/inertial_sense_ros2/msg/detail/glonass_ephemeris__type_support.hpp
[14.901s] -- Up-to-date: /home/s/Inertial_Sense/imx/SDK/ros2/install/inertial_sense_ros2/include/inertial_sense_ros2/inertial_sense_ros2/msg/detail/rtk_info__traits.hpp
[14.902s] -- Up-to-date: /home/s/Inertial_Sense/imx/SDK/ros2/install/inertial_sense_ros2/include/inertial_sense_ros2/inertial_sense_ros2/msg/detail/g_time__struct.hpp
[14.902s] -- Up-to-date: /home/s/Inertial_Sense/imx/SDK/ros2/install/inertial_sense_ros2/include/inertial_sense_ros2/inertial_sense_ros2/msg/detail/gnss_obs_vec__struct.hpp
[14.903s] -- Up-to-date: /home/s/Inertial_Sense/imx/SDK/ros2/install/inertial_sense_ros2/include/inertial_sense_ros2/inertial_sense_ros2/msg/detail/gnss_observation__type_support.hpp
[14.903s] -- Up-to-date: /home/s/Inertial_Sense/imx/SDK/ros2/install/inertial_sense_ros2/include/inertial_sense_ros2/inertial_sense_ros2/msg/detail/didins1__traits.hpp
[14.903s] -- Up-to-date: /home/s/Inertial_Sense/imx/SDK/ros2/install/inertial_sense_ros2/include/inertial_sense_ros2/inertial_sense_ros2/msg/detail/gnss_ephemeris__traits.hpp
[14.904s] -- Up-to-date: /home/s/Inertial_Sense/imx/SDK/ros2/install/inertial_sense_ros2/include/inertial_sense_ros2/inertial_sense_ros2/msg/detail/gps__type_support.hpp
[14.905s] -- Up-to-date: /home/s/Inertial_Sense/imx/SDK/ros2/install/inertial_sense_ros2/include/inertial_sense_ros2/inertial_sense_ros2/msg/detail/sat_info__builder.hpp
[14.905s] -- Up-to-date: /home/s/Inertial_Sense/imx/SDK/ros2/install/inertial_sense_ros2/include/inertial_sense_ros2/inertial_sense_ros2/msg/detail/rtk_info__struct.hpp
[14.905s] -- Up-to-date: /home/s/Inertial_Sense/imx/SDK/ros2/install/inertial_sense_ros2/include/inertial_sense_ros2/inertial_sense_ros2/msg/detail/didins4__traits.hpp
[14.906s] -- Up-to-date: /home/s/Inertial_Sense/imx/SDK/ros2/install/inertial_sense_ros2/include/inertial_sense_ros2/inertial_sense_ros2/msg/detail/inl2_states__builder.hpp
[14.907s] -- Up-to-date: /home/s/Inertial_Sense/imx/SDK/ros2/install/inertial_sense_ros2/include/inertial_sense_ros2/inertial_sense_ros2/msg/detail/gps__traits.hpp
[14.907s] -- Up-to-date: /home/s/Inertial_Sense/imx/SDK/ros2/install/inertial_sense_ros2/include/inertial_sense_ros2/inertial_sense_ros2/msg/detail/glonass_ephemeris__builder.hpp
[14.908s] -- Up-to-date: /home/s/Inertial_Sense/imx/SDK/ros2/install/inertial_sense_ros2/include/inertial_sense_ros2/inertial_sense_ros2/msg/detail/inl2_states__type_support.hpp
[14.909s] -- Up-to-date: /home/s/Inertial_Sense/imx/SDK/ros2/install/inertial_sense_ros2/include/inertial_sense_ros2/inertial_sense_ros2/msg/detail/g_time__builder.hpp
[14.909s] -- Up-to-date: /home/s/Inertial_Sense/imx/SDK/ros2/install/inertial_sense_ros2/include/inertial_sense_ros2/inertial_sense_ros2/msg/detail/g_time__type_support.hpp
[14.909s] -- Up-to-date: /home/s/Inertial_Sense/imx/SDK/ros2/install/inertial_sense_ros2/include/inertial_sense_ros2/inertial_sense_ros2/msg/detail/glonass_ephemeris__traits.hpp
[14.910s] -- Up-to-date: /home/s/Inertial_Sense/imx/SDK/ros2/install/inertial_sense_ros2/include/inertial_sense_ros2/inertial_sense_ros2/msg/detail/didins2__struct.hpp
[14.910s] -- Up-to-date: /home/s/Inertial_Sense/imx/SDK/ros2/install/inertial_sense_ros2/include/inertial_sense_ros2/inertial_sense_ros2/msg/detail/gnss_ephemeris__type_support.hpp
[14.910s] -- Up-to-date: /home/s/Inertial_Sense/imx/SDK/ros2/install/inertial_sense_ros2/include/inertial_sense_ros2/inertial_sense_ros2/msg/detail/gnss_ephemeris__builder.hpp
[14.911s] -- Up-to-date: /home/s/Inertial_Sense/imx/SDK/ros2/install/inertial_sense_ros2/include/inertial_sense_ros2/inertial_sense_ros2/msg/detail/gps_info__builder.hpp
[14.912s] -- Up-to-date: /home/s/Inertial_Sense/imx/SDK/ros2/install/inertial_sense_ros2/include/inertial_sense_ros2/inertial_sense_ros2/msg/detail/didins2__builder.hpp
[14.912s] -- Up-to-date: /home/s/Inertial_Sense/imx/SDK/ros2/install/inertial_sense_ros2/include/inertial_sense_ros2/inertial_sense_ros2/msg/detail/gnss_ephemeris__struct.hpp
[14.913s] -- Up-to-date: /home/s/Inertial_Sense/imx/SDK/ros2/install/inertial_sense_ros2/include/inertial_sense_ros2/inertial_sense_ros2/msg/detail/didins2__type_support.hpp
[14.913s] -- Up-to-date: /home/s/Inertial_Sense/imx/SDK/ros2/install/inertial_sense_ros2/include/inertial_sense_ros2/inertial_sense_ros2/msg/detail/gps_info__struct.hpp
[14.913s] -- Up-to-date: /home/s/Inertial_Sense/imx/SDK/ros2/install/inertial_sense_ros2/include/inertial_sense_ros2/inertial_sense_ros2/msg/detail/inl2_states__traits.hpp
[14.914s] -- Up-to-date: /home/s/Inertial_Sense/imx/SDK/ros2/install/inertial_sense_ros2/include/inertial_sense_ros2/inertial_sense_ros2/msg/detail/didins1__builder.hpp
[14.914s] -- Up-to-date: /home/s/Inertial_Sense/imx/SDK/ros2/install/inertial_sense_ros2/include/inertial_sense_ros2/inertial_sense_ros2/msg/detail/sat_info__type_support.hpp
[14.915s] -- Up-to-date: /home/s/Inertial_Sense/imx/SDK/ros2/install/inertial_sense_ros2/include/inertial_sense_ros2/inertial_sense_ros2/msg/detail/sat_info__traits.hpp
[14.915s] -- Up-to-date: /home/s/Inertial_Sense/imx/SDK/ros2/install/inertial_sense_ros2/include/inertial_sense_ros2/inertial_sense_ros2/msg/detail/pimu__traits.hpp
[14.916s] -- Up-to-date: /home/s/Inertial_Sense/imx/SDK/ros2/install/inertial_sense_ros2/include/inertial_sense_ros2/inertial_sense_ros2/msg/detail/g_time__traits.hpp
[14.916s] -- Up-to-date: /home/s/Inertial_Sense/imx/SDK/ros2/install/inertial_sense_ros2/include/inertial_sense_ros2/inertial_sense_ros2/msg/detail/gps_info__traits.hpp
[14.917s] -- Up-to-date: /home/s/Inertial_Sense/imx/SDK/ros2/install/inertial_sense_ros2/include/inertial_sense_ros2/inertial_sense_ros2/msg/detail/gnss_obs_vec__type_support.hpp
[14.917s] -- Up-to-date: /home/s/Inertial_Sense/imx/SDK/ros2/install/inertial_sense_ros2/include/inertial_sense_ros2/inertial_sense_ros2/msg/detail/inl2_states__struct.hpp
[14.917s] -- Up-to-date: /home/s/Inertial_Sense/imx/SDK/ros2/install/inertial_sense_ros2/include/inertial_sense_ros2/inertial_sense_ros2/msg/detail/rtk_rel__struct.hpp
[14.918s] -- Up-to-date: /home/s/Inertial_Sense/imx/SDK/ros2/install/inertial_sense_ros2/include/inertial_sense_ros2/inertial_sense_ros2/msg/detail/gnss_observation__traits.hpp
[14.918s] -- Up-to-date: /home/s/Inertial_Sense/imx/SDK/ros2/install/inertial_sense_ros2/include/inertial_sense_ros2/inertial_sense_ros2/msg/detail/rtk_rel__type_support.hpp
[14.918s] -- Up-to-date: /home/s/Inertial_Sense/imx/SDK/ros2/install/inertial_sense_ros2/include/inertial_sense_ros2/inertial_sense_ros2/msg/detail/rtk_rel__traits.hpp
[14.919s] -- Up-to-date: /home/s/Inertial_Sense/imx/SDK/ros2/install/inertial_sense_ros2/include/inertial_sense_ros2/inertial_sense_ros2/msg/detail/sat_info__struct.hpp
[14.919s] -- Up-to-date: /home/s/Inertial_Sense/imx/SDK/ros2/install/inertial_sense_ros2/include/inertial_sense_ros2/inertial_sense_ros2/msg/detail/pimu__type_support.hpp
[14.920s] -- Up-to-date: /home/s/Inertial_Sense/imx/SDK/ros2/install/inertial_sense_ros2/include/inertial_sense_ros2/inertial_sense_ros2/msg/detail/pimu__builder.hpp
[14.920s] -- Up-to-date: /home/s/Inertial_Sense/imx/SDK/ros2/install/inertial_sense_ros2/include/inertial_sense_ros2/inertial_sense_ros2/msg/detail/gps_info__type_support.hpp
[14.920s] -- Up-to-date: /home/s/Inertial_Sense/imx/SDK/ros2/install/inertial_sense_ros2/include/inertial_sense_ros2/inertial_sense_ros2/msg/detail/gnss_observation__builder.hpp
[14.920s] -- Up-to-date: /home/s/Inertial_Sense/imx/SDK/ros2/install/inertial_sense_ros2/include/inertial_sense_ros2/inertial_sense_ros2/msg/detail/gnss_obs_vec__traits.hpp
[14.921s] -- Up-to-date: /home/s/Inertial_Sense/imx/SDK/ros2/install/inertial_sense_ros2/include/inertial_sense_ros2/inertial_sense_ros2/msg/detail/gps__struct.hpp
[14.921s] -- Up-to-date: /home/s/Inertial_Sense/imx/SDK/ros2/install/inertial_sense_ros2/include/inertial_sense_ros2/inertial_sense_ros2/msg/rtk_rel.hpp
[14.921s] -- Up-to-date: /home/s/Inertial_Sense/imx/SDK/ros2/install/inertial_sense_ros2/include/inertial_sense_ros2/inertial_sense_ros2/srv
[14.922s] -- Up-to-date: /home/s/Inertial_Sense/imx/SDK/ros2/install/inertial_sense_ros2/include/inertial_sense_ros2/inertial_sense_ros2/srv/ref_lla_update.hpp
[14.922s] -- Up-to-date: /home/s/Inertial_Sense/imx/SDK/ros2/install/inertial_sense_ros2/include/inertial_sense_ros2/inertial_sense_ros2/srv/firmware_update.hpp
[14.924s] -- Up-to-date: /home/s/Inertial_Sense/imx/SDK/ros2/install/inertial_sense_ros2/include/inertial_sense_ros2/inertial_sense_ros2/srv/detail
[14.926s] -- Up-to-date: /home/s/Inertial_Sense/imx/SDK/ros2/install/inertial_sense_ros2/include/inertial_sense_ros2/inertial_sense_ros2/srv/detail/firmware_update__builder.hpp
[14.928s] -- Up-to-date: /home/s/Inertial_Sense/imx/SDK/ros2/install/inertial_sense_ros2/include/inertial_sense_ros2/inertial_sense_ros2/srv/detail/firmware_update__struct.hpp
[14.929s] -- Up-to-date: /home/s/Inertial_Sense/imx/SDK/ros2/install/inertial_sense_ros2/include/inertial_sense_ros2/inertial_sense_ros2/srv/detail/ref_lla_update__builder.hpp
[14.929s] -- Up-to-date: /home/s/Inertial_Sense/imx/SDK/ros2/install/inertial_sense_ros2/include/inertial_sense_ros2/inertial_sense_ros2/srv/detail/ref_lla_update__type_support.hpp
[14.929s] -- Up-to-date: /home/s/Inertial_Sense/imx/SDK/ros2/install/inertial_sense_ros2/include/inertial_sense_ros2/inertial_sense_ros2/srv/detail/ref_lla_update__traits.hpp
[14.930s] -- Up-to-date: /home/s/Inertial_Sense/imx/SDK/ros2/install/inertial_sense_ros2/include/inertial_sense_ros2/inertial_sense_ros2/srv/detail/firmware_update__traits.hpp
[14.931s] -- Up-to-date: /home/s/Inertial_Sense/imx/SDK/ros2/install/inertial_sense_ros2/include/inertial_sense_ros2/inertial_sense_ros2/srv/detail/firmware_update__type_support.hpp
[14.932s] -- Up-to-date: /home/s/Inertial_Sense/imx/SDK/ros2/install/inertial_sense_ros2/include/inertial_sense_ros2/inertial_sense_ros2/srv/detail/ref_lla_update__struct.hpp
[14.933s] -- Up-to-date: /home/s/Inertial_Sense/imx/SDK/ros2/install/inertial_sense_ros2/include/inertial_sense_ros2/inertial_sense_ros2
[14.934s] -- Up-to-date: /home/s/Inertial_Sense/imx/SDK/ros2/install/inertial_sense_ros2/include/inertial_sense_ros2/inertial_sense_ros2/msg
[14.935s] -- Up-to-date: /home/s/Inertial_Sense/imx/SDK/ros2/install/inertial_sense_ros2/include/inertial_sense_ros2/inertial_sense_ros2/msg/rosidl_typesupport_fastrtps_cpp__visibility_control.h
[14.935s] -- Up-to-date: /home/s/Inertial_Sense/imx/SDK/ros2/install/inertial_sense_ros2/include/inertial_sense_ros2/inertial_sense_ros2/msg/detail
[14.936s] -- Up-to-date: /home/s/Inertial_Sense/imx/SDK/ros2/install/inertial_sense_ros2/include/inertial_sense_ros2/inertial_sense_ros2/msg/detail/sat_info__rosidl_typesupport_fastrtps_cpp.hpp
[14.936s] -- Up-to-date: /home/s/Inertial_Sense/imx/SDK/ros2/install/inertial_sense_ros2/include/inertial_sense_ros2/inertial_sense_ros2/msg/detail/didins1__rosidl_typesupport_fastrtps_cpp.hpp
[14.937s] -- Up-to-date: /home/s/Inertial_Sense/imx/SDK/ros2/install/inertial_sense_ros2/include/inertial_sense_ros2/inertial_sense_ros2/msg/detail/dds_fastrtps
[14.938s] -- Up-to-date: /home/s/Inertial_Sense/imx/SDK/ros2/install/inertial_sense_ros2/include/inertial_sense_ros2/inertial_sense_ros2/msg/detail/rtk_rel__rosidl_typesupport_fastrtps_cpp.hpp
[14.938s] -- Up-to-date: /home/s/Inertial_Sense/imx/SDK/ros2/install/inertial_sense_ros2/include/inertial_sense_ros2/inertial_sense_ros2/msg/detail/gnss_ephemeris__rosidl_typesupport_fastrtps_cpp.hpp
[14.939s] -- Up-to-date: /home/s/Inertial_Sense/imx/SDK/ros2/install/inertial_sense_ros2/include/inertial_sense_ros2/inertial_sense_ros2/msg/detail/rtk_info__rosidl_typesupport_fastrtps_cpp.hpp
[14.939s] -- Up-to-date: /home/s/Inertial_Sense/imx/SDK/ros2/install/inertial_sense_ros2/include/inertial_sense_ros2/inertial_sense_ros2/msg/detail/gps_info__rosidl_typesupport_fastrtps_cpp.hpp
[14.939s] -- Up-to-date: /home/s/Inertial_Sense/imx/SDK/ros2/install/inertial_sense_ros2/include/inertial_sense_ros2/inertial_sense_ros2/msg/detail/gps__rosidl_typesupport_fastrtps_cpp.hpp
[14.940s] -- Up-to-date: /home/s/Inertial_Sense/imx/SDK/ros2/install/inertial_sense_ros2/include/inertial_sense_ros2/inertial_sense_ros2/msg/detail/gnss_obs_vec__rosidl_typesupport_fastrtps_cpp.hpp
[14.940s] -- Up-to-date: /home/s/Inertial_Sense/imx/SDK/ros2/install/inertial_sense_ros2/include/inertial_sense_ros2/inertial_sense_ros2/msg/detail/didins4__rosidl_typesupport_fastrtps_cpp.hpp
[14.940s] -- Up-to-date: /home/s/Inertial_Sense/imx/SDK/ros2/install/inertial_sense_ros2/include/inertial_sense_ros2/inertial_sense_ros2/msg/detail/gnss_observation__rosidl_typesupport_fastrtps_cpp.hpp
[14.941s] -- Up-to-date: /home/s/Inertial_Sense/imx/SDK/ros2/install/inertial_sense_ros2/include/inertial_sense_ros2/inertial_sense_ros2/msg/detail/g_time__rosidl_typesupport_fastrtps_cpp.hpp
[14.941s] -- Up-to-date: /home/s/Inertial_Sense/imx/SDK/ros2/install/inertial_sense_ros2/include/inertial_sense_ros2/inertial_sense_ros2/msg/detail/didins2__rosidl_typesupport_fastrtps_cpp.hpp
[14.942s] -- Up-to-date: /home/s/Inertial_Sense/imx/SDK/ros2/install/inertial_sense_ros2/include/inertial_sense_ros2/inertial_sense_ros2/msg/detail/glonass_ephemeris__rosidl_typesupport_fastrtps_cpp.hpp
[14.943s] -- Up-to-date: /home/s/Inertial_Sense/imx/SDK/ros2/install/inertial_sense_ros2/include/inertial_sense_ros2/inertial_sense_ros2/msg/detail/pimu__rosidl_typesupport_fastrtps_cpp.hpp
[14.943s] -- Up-to-date: /home/s/Inertial_Sense/imx/SDK/ros2/install/inertial_sense_ros2/include/inertial_sense_ros2/inertial_sense_ros2/msg/detail/inl2_states__rosidl_typesupport_fastrtps_cpp.hpp
[14.944s] -- Up-to-date: /home/s/Inertial_Sense/imx/SDK/ros2/install/inertial_sense_ros2/include/inertial_sense_ros2/inertial_sense_ros2/srv
[14.944s] -- Up-to-date: /home/s/Inertial_Sense/imx/SDK/ros2/install/inertial_sense_ros2/include/inertial_sense_ros2/inertial_sense_ros2/srv/detail
[14.945s] -- Up-to-date: /home/s/Inertial_Sense/imx/SDK/ros2/install/inertial_sense_ros2/include/inertial_sense_ros2/inertial_sense_ros2/srv/detail/dds_fastrtps
[14.945s] -- Up-to-date: /home/s/Inertial_Sense/imx/SDK/ros2/install/inertial_sense_ros2/include/inertial_sense_ros2/inertial_sense_ros2/srv/detail/firmware_update__rosidl_typesupport_fastrtps_cpp.hpp
[14.945s] -- Up-to-date: /home/s/Inertial_Sense/imx/SDK/ros2/install/inertial_sense_ros2/include/inertial_sense_ros2/inertial_sense_ros2/srv/detail/ref_lla_update__rosidl_typesupport_fastrtps_cpp.hpp
[14.946s] -- Installing: /home/s/Inertial_Sense/imx/SDK/ros2/install/inertial_sense_ros2/lib/libinertial_sense_ros2__rosidl_typesupport_fastrtps_cpp.so
[14.946s] -- Set non-toolchain portion of runtime path of "/home/s/Inertial_Sense/imx/SDK/ros2/install/inertial_sense_ros2/lib/libinertial_sense_ros2__rosidl_typesupport_fastrtps_cpp.so" to ""
[14.946s] -- Up-to-date: /home/s/Inertial_Sense/imx/SDK/ros2/install/inertial_sense_ros2/include/inertial_sense_ros2/inertial_sense_ros2
[14.947s] -- Up-to-date: /home/s/Inertial_Sense/imx/SDK/ros2/install/inertial_sense_ros2/include/inertial_sense_ros2/inertial_sense_ros2/msg
[14.948s] -- Up-to-date: /home/s/Inertial_Sense/imx/SDK/ros2/install/inertial_sense_ros2/include/inertial_sense_ros2/inertial_sense_ros2/msg/rosidl_typesupport_introspection_c__visibility_control.h
[14.949s] -- Up-to-date: /home/s/Inertial_Sense/imx/SDK/ros2/install/inertial_sense_ros2/include/inertial_sense_ros2/inertial_sense_ros2/msg/detail
[14.949s] -- Up-to-date: /home/s/Inertial_Sense/imx/SDK/ros2/install/inertial_sense_ros2/include/inertial_sense_ros2/inertial_sense_ros2/msg/detail/gps_info__rosidl_typesupport_introspection_c.h
[14.950s] -- Up-to-date: /home/s/Inertial_Sense/imx/SDK/ros2/install/inertial_sense_ros2/include/inertial_sense_ros2/inertial_sense_ros2/msg/detail/didins1__rosidl_typesupport_introspection_c.h
[14.951s] -- Up-to-date: /home/s/Inertial_Sense/imx/SDK/ros2/install/inertial_sense_ros2/include/inertial_sense_ros2/inertial_sense_ros2/msg/detail/glonass_ephemeris__rosidl_typesupport_introspection_c.h
[14.952s] -- Installing: /home/s/Inertial_Sense/imx/SDK/ros2/install/inertial_sense_ros2/include/inertial_sense_ros2/inertial_sense_ros2/msg/detail/didins2__type_support.c
[14.952s] -- Up-to-date: /home/s/Inertial_Sense/imx/SDK/ros2/install/inertial_sense_ros2/include/inertial_sense_ros2/inertial_sense_ros2/msg/detail/rtk_rel__rosidl_typesupport_introspection_c.h
[14.953s] -- Up-to-date: /home/s/Inertial_Sense/imx/SDK/ros2/install/inertial_sense_ros2/include/inertial_sense_ros2/inertial_sense_ros2/msg/detail/pimu__rosidl_typesupport_introspection_c.h
[14.953s] -- Up-to-date: /home/s/Inertial_Sense/imx/SDK/ros2/install/inertial_sense_ros2/include/inertial_sense_ros2/inertial_sense_ros2/msg/detail/gnss_ephemeris__rosidl_typesupport_introspection_c.h
[14.954s] -- Installing: /home/s/Inertial_Sense/imx/SDK/ros2/install/inertial_sense_ros2/include/inertial_sense_ros2/inertial_sense_ros2/msg/detail/gnss_obs_vec__type_support.c
[14.955s] -- Installing: /home/s/Inertial_Sense/imx/SDK/ros2/install/inertial_sense_ros2/include/inertial_sense_ros2/inertial_sense_ros2/msg/detail/gps__type_support.c
[14.955s] -- Up-to-date: /home/s/Inertial_Sense/imx/SDK/ros2/install/inertial_sense_ros2/include/inertial_sense_ros2/inertial_sense_ros2/msg/detail/gnss_obs_vec__rosidl_typesupport_introspection_c.h
[14.955s] -- Installing: /home/s/Inertial_Sense/imx/SDK/ros2/install/inertial_sense_ros2/include/inertial_sense_ros2/inertial_sense_ros2/msg/detail/gnss_ephemeris__type_support.c
[14.956s] -- Up-to-date: /home/s/Inertial_Sense/imx/SDK/ros2/install/inertial_sense_ros2/include/inertial_sense_ros2/inertial_sense_ros2/msg/detail/sat_info__rosidl_typesupport_introspection_c.h
[14.956s] -- Up-to-date: /home/s/Inertial_Sense/imx/SDK/ros2/install/inertial_sense_ros2/include/inertial_sense_ros2/inertial_sense_ros2/msg/detail/didins4__rosidl_typesupport_introspection_c.h
[14.956s] -- Installing: /home/s/Inertial_Sense/imx/SDK/ros2/install/inertial_sense_ros2/include/inertial_sense_ros2/inertial_sense_ros2/msg/detail/g_time__type_support.c
[14.957s] -- Installing: /home/s/Inertial_Sense/imx/SDK/ros2/install/inertial_sense_ros2/include/inertial_sense_ros2/inertial_sense_ros2/msg/detail/inl2_states__type_support.c
[14.957s] -- Up-to-date: /home/s/Inertial_Sense/imx/SDK/ros2/install/inertial_sense_ros2/include/inertial_sense_ros2/inertial_sense_ros2/msg/detail/g_time__rosidl_typesupport_introspection_c.h
[14.957s] -- Installing: /home/s/Inertial_Sense/imx/SDK/ros2/install/inertial_sense_ros2/include/inertial_sense_ros2/inertial_sense_ros2/msg/detail/gps_info__type_support.c
[14.958s] -- Installing: /home/s/Inertial_Sense/imx/SDK/ros2/install/inertial_sense_ros2/include/inertial_sense_ros2/inertial_sense_ros2/msg/detail/rtk_info__type_support.c
[14.959s] -- Up-to-date: /home/s/Inertial_Sense/imx/SDK/ros2/install/inertial_sense_ros2/include/inertial_sense_ros2/inertial_sense_ros2/msg/detail/rtk_info__rosidl_typesupport_introspection_c.h
[14.960s] -- Installing: /home/s/Inertial_Sense/imx/SDK/ros2/install/inertial_sense_ros2/include/inertial_sense_ros2/inertial_sense_ros2/msg/detail/didins4__type_support.c
[14.961s] -- Installing: /home/s/Inertial_Sense/imx/SDK/ros2/install/inertial_sense_ros2/include/inertial_sense_ros2/inertial_sense_ros2/msg/detail/pimu__type_support.c
[14.962s] -- Installing: /home/s/Inertial_Sense/imx/SDK/ros2/install/inertial_sense_ros2/include/inertial_sense_ros2/inertial_sense_ros2/msg/detail/rtk_rel__type_support.c
[14.963s] -- Installing: /home/s/Inertial_Sense/imx/SDK/ros2/install/inertial_sense_ros2/include/inertial_sense_ros2/inertial_sense_ros2/msg/detail/didins1__type_support.c
[14.963s] -- Up-to-date: /home/s/Inertial_Sense/imx/SDK/ros2/install/inertial_sense_ros2/include/inertial_sense_ros2/inertial_sense_ros2/msg/detail/inl2_states__rosidl_typesupport_introspection_c.h
[14.964s] -- Installing: /home/s/Inertial_Sense/imx/SDK/ros2/install/inertial_sense_ros2/include/inertial_sense_ros2/inertial_sense_ros2/msg/detail/gnss_observation__type_support.c
[14.964s] -- Installing: /home/s/Inertial_Sense/imx/SDK/ros2/install/inertial_sense_ros2/include/inertial_sense_ros2/inertial_sense_ros2/msg/detail/glonass_ephemeris__type_support.c
[14.965s] -- Up-to-date: /home/s/Inertial_Sense/imx/SDK/ros2/install/inertial_sense_ros2/include/inertial_sense_ros2/inertial_sense_ros2/msg/detail/didins2__rosidl_typesupport_introspection_c.h
[14.966s] -- Up-to-date: /home/s/Inertial_Sense/imx/SDK/ros2/install/inertial_sense_ros2/include/inertial_sense_ros2/inertial_sense_ros2/msg/detail/gnss_observation__rosidl_typesupport_introspection_c.h
[14.966s] -- Up-to-date: /home/s/Inertial_Sense/imx/SDK/ros2/install/inertial_sense_ros2/include/inertial_sense_ros2/inertial_sense_ros2/msg/detail/gps__rosidl_typesupport_introspection_c.h
[14.968s] -- Installing: /home/s/Inertial_Sense/imx/SDK/ros2/install/inertial_sense_ros2/include/inertial_sense_ros2/inertial_sense_ros2/msg/detail/sat_info__type_support.c
[14.969s] -- Up-to-date: /home/s/Inertial_Sense/imx/SDK/ros2/install/inertial_sense_ros2/include/inertial_sense_ros2/inertial_sense_ros2/srv
[14.970s] -- Up-to-date: /home/s/Inertial_Sense/imx/SDK/ros2/install/inertial_sense_ros2/include/inertial_sense_ros2/inertial_sense_ros2/srv/detail
[14.971s] -- Up-to-date: /home/s/Inertial_Sense/imx/SDK/ros2/install/inertial_sense_ros2/include/inertial_sense_ros2/inertial_sense_ros2/srv/detail/firmware_update__rosidl_typesupport_introspection_c.h
[14.971s] -- Installing: /home/s/Inertial_Sense/imx/SDK/ros2/install/inertial_sense_ros2/include/inertial_sense_ros2/inertial_sense_ros2/srv/detail/ref_lla_update__type_support.c
[14.972s] -- Installing: /home/s/Inertial_Sense/imx/SDK/ros2/install/inertial_sense_ros2/include/inertial_sense_ros2/inertial_sense_ros2/srv/detail/firmware_update__type_support.c
[14.973s] -- Up-to-date: /home/s/Inertial_Sense/imx/SDK/ros2/install/inertial_sense_ros2/include/inertial_sense_ros2/inertial_sense_ros2/srv/detail/ref_lla_update__rosidl_typesupport_introspection_c.h
[14.973s] -- Installing: /home/s/Inertial_Sense/imx/SDK/ros2/install/inertial_sense_ros2/lib/libinertial_sense_ros2__rosidl_typesupport_introspection_c.so
[14.974s] -- Set non-toolchain portion of runtime path of "/home/s/Inertial_Sense/imx/SDK/ros2/install/inertial_sense_ros2/lib/libinertial_sense_ros2__rosidl_typesupport_introspection_c.so" to ""
[14.974s] -- Installing: /home/s/Inertial_Sense/imx/SDK/ros2/install/inertial_sense_ros2/lib/libinertial_sense_ros2__rosidl_typesupport_c.so
[14.975s] -- Set non-toolchain portion of runtime path of "/home/s/Inertial_Sense/imx/SDK/ros2/install/inertial_sense_ros2/lib/libinertial_sense_ros2__rosidl_typesupport_c.so" to ""
[14.975s] -- Up-to-date: /home/s/Inertial_Sense/imx/SDK/ros2/install/inertial_sense_ros2/include/inertial_sense_ros2/inertial_sense_ros2
[14.975s] -- Up-to-date: /home/s/Inertial_Sense/imx/SDK/ros2/install/inertial_sense_ros2/include/inertial_sense_ros2/inertial_sense_ros2/msg
[14.976s] -- Up-to-date: /home/s/Inertial_Sense/imx/SDK/ros2/install/inertial_sense_ros2/include/inertial_sense_ros2/inertial_sense_ros2/msg/detail
[14.976s] -- Up-to-date: /home/s/Inertial_Sense/imx/SDK/ros2/install/inertial_sense_ros2/include/inertial_sense_ros2/inertial_sense_ros2/msg/detail/pimu__type_support.cpp
[14.977s] -- Up-to-date: /home/s/Inertial_Sense/imx/SDK/ros2/install/inertial_sense_ros2/include/inertial_sense_ros2/inertial_sense_ros2/msg/detail/didins1__type_support.cpp
[14.977s] -- Up-to-date: /home/s/Inertial_Sense/imx/SDK/ros2/install/inertial_sense_ros2/include/inertial_sense_ros2/inertial_sense_ros2/msg/detail/gnss_observation__type_support.cpp
[14.977s] -- Up-to-date: /home/s/Inertial_Sense/imx/SDK/ros2/install/inertial_sense_ros2/include/inertial_sense_ros2/inertial_sense_ros2/msg/detail/gnss_observation__rosidl_typesupport_introspection_cpp.hpp
[14.978s] -- Up-to-date: /home/s/Inertial_Sense/imx/SDK/ros2/install/inertial_sense_ros2/include/inertial_sense_ros2/inertial_sense_ros2/msg/detail/gps_info__type_support.cpp
[14.978s] -- Up-to-date: /home/s/Inertial_Sense/imx/SDK/ros2/install/inertial_sense_ros2/include/inertial_sense_ros2/inertial_sense_ros2/msg/detail/pimu__rosidl_typesupport_introspection_cpp.hpp
[14.979s] -- Up-to-date: /home/s/Inertial_Sense/imx/SDK/ros2/install/inertial_sense_ros2/include/inertial_sense_ros2/inertial_sense_ros2/msg/detail/glonass_ephemeris__type_support.cpp
[14.979s] -- Up-to-date: /home/s/Inertial_Sense/imx/SDK/ros2/install/inertial_sense_ros2/include/inertial_sense_ros2/inertial_sense_ros2/msg/detail/glonass_ephemeris__rosidl_typesupport_introspection_cpp.hpp
[14.980s] -- Up-to-date: /home/s/Inertial_Sense/imx/SDK/ros2/install/inertial_sense_ros2/include/inertial_sense_ros2/inertial_sense_ros2/msg/detail/didins2__rosidl_typesupport_introspection_cpp.hpp
[14.980s] -- Up-to-date: /home/s/Inertial_Sense/imx/SDK/ros2/install/inertial_sense_ros2/include/inertial_sense_ros2/inertial_sense_ros2/msg/detail/gps__rosidl_typesupport_introspection_cpp.hpp
[14.980s] -- Up-to-date: /home/s/Inertial_Sense/imx/SDK/ros2/install/inertial_sense_ros2/include/inertial_sense_ros2/inertial_sense_ros2/msg/detail/gps_info__rosidl_typesupport_introspection_cpp.hpp
[14.981s] -- Up-to-date: /home/s/Inertial_Sense/imx/SDK/ros2/install/inertial_sense_ros2/include/inertial_sense_ros2/inertial_sense_ros2/msg/detail/sat_info__rosidl_typesupport_introspection_cpp.hpp
[14.981s] -- Up-to-date: /home/s/Inertial_Sense/imx/SDK/ros2/install/inertial_sense_ros2/include/inertial_sense_ros2/inertial_sense_ros2/msg/detail/inl2_states__type_support.cpp
[14.982s] -- Up-to-date: /home/s/Inertial_Sense/imx/SDK/ros2/install/inertial_sense_ros2/include/inertial_sense_ros2/inertial_sense_ros2/msg/detail/gnss_ephemeris__rosidl_typesupport_introspection_cpp.hpp
[14.982s] -- Up-to-date: /home/s/Inertial_Sense/imx/SDK/ros2/install/inertial_sense_ros2/include/inertial_sense_ros2/inertial_sense_ros2/msg/detail/sat_info__type_support.cpp
[14.982s] -- Up-to-date: /home/s/Inertial_Sense/imx/SDK/ros2/install/inertial_sense_ros2/include/inertial_sense_ros2/inertial_sense_ros2/msg/detail/g_time__type_support.cpp
[14.983s] -- Up-to-date: /home/s/Inertial_Sense/imx/SDK/ros2/install/inertial_sense_ros2/include/inertial_sense_ros2/inertial_sense_ros2/msg/detail/rtk_rel__type_support.cpp
[14.983s] -- Up-to-date: /home/s/Inertial_Sense/imx/SDK/ros2/install/inertial_sense_ros2/include/inertial_sense_ros2/inertial_sense_ros2/msg/detail/g_time__rosidl_typesupport_introspection_cpp.hpp
[14.983s] -- Up-to-date: /home/s/Inertial_Sense/imx/SDK/ros2/install/inertial_sense_ros2/include/inertial_sense_ros2/inertial_sense_ros2/msg/detail/inl2_states__rosidl_typesupport_introspection_cpp.hpp
[14.984s] -- Up-to-date: /home/s/Inertial_Sense/imx/SDK/ros2/install/inertial_sense_ros2/include/inertial_sense_ros2/inertial_sense_ros2/msg/detail/gnss_obs_vec__rosidl_typesupport_introspection_cpp.hpp
[14.984s] -- Up-to-date: /home/s/Inertial_Sense/imx/SDK/ros2/install/inertial_sense_ros2/include/inertial_sense_ros2/inertial_sense_ros2/msg/detail/rtk_info__type_support.cpp
[14.985s] -- Up-to-date: /home/s/Inertial_Sense/imx/SDK/ros2/install/inertial_sense_ros2/include/inertial_sense_ros2/inertial_sense_ros2/msg/detail/didins4__rosidl_typesupport_introspection_cpp.hpp
[14.985s] -- Up-to-date: /home/s/Inertial_Sense/imx/SDK/ros2/install/inertial_sense_ros2/include/inertial_sense_ros2/inertial_sense_ros2/msg/detail/rtk_info__rosidl_typesupport_introspection_cpp.hpp
[14.985s] -- Up-to-date: /home/s/Inertial_Sense/imx/SDK/ros2/install/inertial_sense_ros2/include/inertial_sense_ros2/inertial_sense_ros2/msg/detail/gnss_obs_vec__type_support.cpp
[14.986s] -- Up-to-date: /home/s/Inertial_Sense/imx/SDK/ros2/install/inertial_sense_ros2/include/inertial_sense_ros2/inertial_sense_ros2/msg/detail/rtk_rel__rosidl_typesupport_introspection_cpp.hpp
[14.986s] -- Up-to-date: /home/s/Inertial_Sense/imx/SDK/ros2/install/inertial_sense_ros2/include/inertial_sense_ros2/inertial_sense_ros2/msg/detail/didins1__rosidl_typesupport_introspection_cpp.hpp
[14.986s] -- Up-to-date: /home/s/Inertial_Sense/imx/SDK/ros2/install/inertial_sense_ros2/include/inertial_sense_ros2/inertial_sense_ros2/msg/detail/didins4__type_support.cpp
[14.986s] -- Up-to-date: /home/s/Inertial_Sense/imx/SDK/ros2/install/inertial_sense_ros2/include/inertial_sense_ros2/inertial_sense_ros2/msg/detail/gps__type_support.cpp
[14.986s] -- Up-to-date: /home/s/Inertial_Sense/imx/SDK/ros2/install/inertial_sense_ros2/include/inertial_sense_ros2/inertial_sense_ros2/msg/detail/didins2__type_support.cpp
[14.987s] -- Up-to-date: /home/s/Inertial_Sense/imx/SDK/ros2/install/inertial_sense_ros2/include/inertial_sense_ros2/inertial_sense_ros2/msg/detail/gnss_ephemeris__type_support.cpp
[14.987s] -- Up-to-date: /home/s/Inertial_Sense/imx/SDK/ros2/install/inertial_sense_ros2/include/inertial_sense_ros2/inertial_sense_ros2/srv
[14.987s] -- Up-to-date: /home/s/Inertial_Sense/imx/SDK/ros2/install/inertial_sense_ros2/include/inertial_sense_ros2/inertial_sense_ros2/srv/detail
[14.988s] -- Up-to-date: /home/s/Inertial_Sense/imx/SDK/ros2/install/inertial_sense_ros2/include/inertial_sense_ros2/inertial_sense_ros2/srv/detail/ref_lla_update__rosidl_typesupport_introspection_cpp.hpp
[14.988s] -- Up-to-date: /home/s/Inertial_Sense/imx/SDK/ros2/install/inertial_sense_ros2/include/inertial_sense_ros2/inertial_sense_ros2/srv/detail/ref_lla_update__type_support.cpp
[14.988s] -- Up-to-date: /home/s/Inertial_Sense/imx/SDK/ros2/install/inertial_sense_ros2/include/inertial_sense_ros2/inertial_sense_ros2/srv/detail/firmware_update__rosidl_typesupport_introspection_cpp.hpp
[14.988s] -- Up-to-date: /home/s/Inertial_Sense/imx/SDK/ros2/install/inertial_sense_ros2/include/inertial_sense_ros2/inertial_sense_ros2/srv/detail/firmware_update__type_support.cpp
[14.989s] -- Installing: /home/s/Inertial_Sense/imx/SDK/ros2/install/inertial_sense_ros2/lib/libinertial_sense_ros2__rosidl_typesupport_introspection_cpp.so
[14.989s] -- Set non-toolchain portion of runtime path of "/home/s/Inertial_Sense/imx/SDK/ros2/install/inertial_sense_ros2/lib/libinertial_sense_ros2__rosidl_typesupport_introspection_cpp.so" to ""
[14.989s] -- Installing: /home/s/Inertial_Sense/imx/SDK/ros2/install/inertial_sense_ros2/lib/libinertial_sense_ros2__rosidl_typesupport_cpp.so
[14.990s] -- Set non-toolchain portion of runtime path of "/home/s/Inertial_Sense/imx/SDK/ros2/install/inertial_sense_ros2/lib/libinertial_sense_ros2__rosidl_typesupport_cpp.so" to ""
[14.990s] -- Up-to-date: /home/s/Inertial_Sense/imx/SDK/ros2/install/inertial_sense_ros2/share/inertial_sense_ros2/environment/pythonpath.sh
[14.990s] -- Up-to-date: /home/s/Inertial_Sense/imx/SDK/ros2/install/inertial_sense_ros2/share/inertial_sense_ros2/environment/pythonpath.dsv
[14.991s] -- Up-to-date: /home/s/Inertial_Sense/imx/SDK/ros2/install/inertial_sense_ros2/lib/python3.12/site-packages/inertial_sense_ros2-1.1.1-py3.12.egg-info
[14.991s] -- Installing: /home/s/Inertial_Sense/imx/SDK/ros2/install/inertial_sense_ros2/lib/python3.12/site-packages/inertial_sense_ros2-1.1.1-py3.12.egg-info/SOURCES.txt
[14.991s] -- Installing: /home/s/Inertial_Sense/imx/SDK/ros2/install/inertial_sense_ros2/lib/python3.12/site-packages/inertial_sense_ros2-1.1.1-py3.12.egg-info/PKG-INFO
[14.992s] -- Installing: /home/s/Inertial_Sense/imx/SDK/ros2/install/inertial_sense_ros2/lib/python3.12/site-packages/inertial_sense_ros2-1.1.1-py3.12.egg-info/dependency_links.txt
[14.992s] -- Installing: /home/s/Inertial_Sense/imx/SDK/ros2/install/inertial_sense_ros2/lib/python3.12/site-packages/inertial_sense_ros2-1.1.1-py3.12.egg-info/top_level.txt
[14.992s] -- Up-to-date: /home/s/Inertial_Sense/imx/SDK/ros2/install/inertial_sense_ros2/lib/python3.12/site-packages/inertial_sense_ros2
[14.993s] -- Installing: /home/s/Inertial_Sense/imx/SDK/ros2/install/inertial_sense_ros2/lib/python3.12/site-packages/inertial_sense_ros2/__init__.py
[14.993s] -- Installing: /home/s/Inertial_Sense/imx/SDK/ros2/install/inertial_sense_ros2/lib/python3.12/site-packages/inertial_sense_ros2/inertial_sense_ros2_s__rosidl_typesupport_c.so
[14.993s] -- Up-to-date: /home/s/Inertial_Sense/imx/SDK/ros2/install/inertial_sense_ros2/lib/python3.12/site-packages/inertial_sense_ros2/_inertial_sense_ros2_s.ep.rosidl_typesupport_introspection_c.c
[14.994s] -- Up-to-date: /home/s/Inertial_Sense/imx/SDK/ros2/install/inertial_sense_ros2/lib/python3.12/site-packages/inertial_sense_ros2/msg
[14.994s] -- Up-to-date: /home/s/Inertial_Sense/imx/SDK/ros2/install/inertial_sense_ros2/lib/python3.12/site-packages/inertial_sense_ros2/msg/_didins4_s.c
[14.994s] -- Up-to-date: /home/s/Inertial_Sense/imx/SDK/ros2/install/inertial_sense_ros2/lib/python3.12/site-packages/inertial_sense_ros2/msg/_g_time_s.c
[14.995s] -- Up-to-date: /home/s/Inertial_Sense/imx/SDK/ros2/install/inertial_sense_ros2/lib/python3.12/site-packages/inertial_sense_ros2/msg/__init__.py
[14.995s] -- Up-to-date: /home/s/Inertial_Sense/imx/SDK/ros2/install/inertial_sense_ros2/lib/python3.12/site-packages/inertial_sense_ros2/msg/_inl2_states_s.c
[14.995s] -- Up-to-date: /home/s/Inertial_Sense/imx/SDK/ros2/install/inertial_sense_ros2/lib/python3.12/site-packages/inertial_sense_ros2/msg/_gnss_ephemeris_s.c
[14.995s] -- Up-to-date: /home/s/Inertial_Sense/imx/SDK/ros2/install/inertial_sense_ros2/lib/python3.12/site-packages/inertial_sense_ros2/msg/_didins2_s.c
[14.996s] -- Up-to-date: /home/s/Inertial_Sense/imx/SDK/ros2/install/inertial_sense_ros2/lib/python3.12/site-packages/inertial_sense_ros2/msg/_inl2_states.py
[14.996s] -- Up-to-date: /home/s/Inertial_Sense/imx/SDK/ros2/install/inertial_sense_ros2/lib/python3.12/site-packages/inertial_sense_ros2/msg/_pimu_s.c
[14.996s] -- Up-to-date: /home/s/Inertial_Sense/imx/SDK/ros2/install/inertial_sense_ros2/lib/python3.12/site-packages/inertial_sense_ros2/msg/_gps_info_s.c
[14.997s] -- Up-to-date: /home/s/Inertial_Sense/imx/SDK/ros2/install/inertial_sense_ros2/lib/python3.12/site-packages/inertial_sense_ros2/msg/_gps_info.py
[14.997s] -- Up-to-date: /home/s/Inertial_Sense/imx/SDK/ros2/install/inertial_sense_ros2/lib/python3.12/site-packages/inertial_sense_ros2/msg/_didins1_s.c
[14.997s] -- Up-to-date: /home/s/Inertial_Sense/imx/SDK/ros2/install/inertial_sense_ros2/lib/python3.12/site-packages/inertial_sense_ros2/msg/_gnss_observation_s.c
[14.998s] -- Up-to-date: /home/s/Inertial_Sense/imx/SDK/ros2/install/inertial_sense_ros2/lib/python3.12/site-packages/inertial_sense_ros2/msg/_glonass_ephemeris_s.c
[14.998s] -- Up-to-date: /home/s/Inertial_Sense/imx/SDK/ros2/install/inertial_sense_ros2/lib/python3.12/site-packages/inertial_sense_ros2/msg/_glonass_ephemeris.py
[14.998s] -- Up-to-date: /home/s/Inertial_Sense/imx/SDK/ros2/install/inertial_sense_ros2/lib/python3.12/site-packages/inertial_sense_ros2/msg/_gnss_ephemeris.py
[14.999s] -- Up-to-date: /home/s/Inertial_Sense/imx/SDK/ros2/install/inertial_sense_ros2/lib/python3.12/site-packages/inertial_sense_ros2/msg/_gps_s.c
[14.999s] -- Up-to-date: /home/s/Inertial_Sense/imx/SDK/ros2/install/inertial_sense_ros2/lib/python3.12/site-packages/inertial_sense_ros2/msg/_rtk_info_s.c
[14.999s] -- Up-to-date: /home/s/Inertial_Sense/imx/SDK/ros2/install/inertial_sense_ros2/lib/python3.12/site-packages/inertial_sense_ros2/msg/_didins4.py
[14.999s] -- Up-to-date: /home/s/Inertial_Sense/imx/SDK/ros2/install/inertial_sense_ros2/lib/python3.12/site-packages/inertial_sense_ros2/msg/_sat_info.py
[15.000s] -- Up-to-date: /home/s/Inertial_Sense/imx/SDK/ros2/install/inertial_sense_ros2/lib/python3.12/site-packages/inertial_sense_ros2/msg/_pimu.py
[15.000s] -- Up-to-date: /home/s/Inertial_Sense/imx/SDK/ros2/install/inertial_sense_ros2/lib/python3.12/site-packages/inertial_sense_ros2/msg/_rtk_rel_s.c
[15.000s] -- Up-to-date: /home/s/Inertial_Sense/imx/SDK/ros2/install/inertial_sense_ros2/lib/python3.12/site-packages/inertial_sense_ros2/msg/_g_time.py
[15.001s] -- Up-to-date: /home/s/Inertial_Sense/imx/SDK/ros2/install/inertial_sense_ros2/lib/python3.12/site-packages/inertial_sense_ros2/msg/_gnss_obs_vec_s.c
[15.001s] -- Up-to-date: /home/s/Inertial_Sense/imx/SDK/ros2/install/inertial_sense_ros2/lib/python3.12/site-packages/inertial_sense_ros2/msg/_gnss_obs_vec.py
[15.001s] -- Up-to-date: /home/s/Inertial_Sense/imx/SDK/ros2/install/inertial_sense_ros2/lib/python3.12/site-packages/inertial_sense_ros2/msg/_sat_info_s.c
[15.002s] -- Up-to-date: /home/s/Inertial_Sense/imx/SDK/ros2/install/inertial_sense_ros2/lib/python3.12/site-packages/inertial_sense_ros2/msg/_rtk_rel.py
[15.002s] -- Up-to-date: /home/s/Inertial_Sense/imx/SDK/ros2/install/inertial_sense_ros2/lib/python3.12/site-packages/inertial_sense_ros2/msg/_rtk_info.py
[15.003s] -- Up-to-date: /home/s/Inertial_Sense/imx/SDK/ros2/install/inertial_sense_ros2/lib/python3.12/site-packages/inertial_sense_ros2/msg/_didins1.py
[15.003s] -- Up-to-date: /home/s/Inertial_Sense/imx/SDK/ros2/install/inertial_sense_ros2/lib/python3.12/site-packages/inertial_sense_ros2/msg/_didins2.py
[15.003s] -- Up-to-date: /home/s/Inertial_Sense/imx/SDK/ros2/install/inertial_sense_ros2/lib/python3.12/site-packages/inertial_sense_ros2/msg/_gnss_observation.py
[15.004s] -- Up-to-date: /home/s/Inertial_Sense/imx/SDK/ros2/install/inertial_sense_ros2/lib/python3.12/site-packages/inertial_sense_ros2/msg/_gps.py
[15.004s] -- Installing: /home/s/Inertial_Sense/imx/SDK/ros2/install/inertial_sense_ros2/lib/python3.12/site-packages/inertial_sense_ros2/inertial_sense_ros2_s__rosidl_typesupport_introspection_c.so
[15.005s] -- Installing: /home/s/Inertial_Sense/imx/SDK/ros2/install/inertial_sense_ros2/lib/python3.12/site-packages/inertial_sense_ros2/inertial_sense_ros2_s__rosidl_typesupport_fastrtps_c.so
[15.005s] -- Up-to-date: /home/s/Inertial_Sense/imx/SDK/ros2/install/inertial_sense_ros2/lib/python3.12/site-packages/inertial_sense_ros2/_inertial_sense_ros2_s.ep.rosidl_typesupport_fastrtps_c.c
[15.005s] -- Up-to-date: /home/s/Inertial_Sense/imx/SDK/ros2/install/inertial_sense_ros2/lib/python3.12/site-packages/inertial_sense_ros2/srv
[15.006s] -- Up-to-date: /home/s/Inertial_Sense/imx/SDK/ros2/install/inertial_sense_ros2/lib/python3.12/site-packages/inertial_sense_ros2/srv/__init__.py
[15.006s] -- Up-to-date: /home/s/Inertial_Sense/imx/SDK/ros2/install/inertial_sense_ros2/lib/python3.12/site-packages/inertial_sense_ros2/srv/_ref_lla_update.py
[15.006s] -- Up-to-date: /home/s/Inertial_Sense/imx/SDK/ros2/install/inertial_sense_ros2/lib/python3.12/site-packages/inertial_sense_ros2/srv/_firmware_update_s.c
[15.007s] -- Up-to-date: /home/s/Inertial_Sense/imx/SDK/ros2/install/inertial_sense_ros2/lib/python3.12/site-packages/inertial_sense_ros2/srv/_firmware_update.py
[15.007s] -- Up-to-date: /home/s/Inertial_Sense/imx/SDK/ros2/install/inertial_sense_ros2/lib/python3.12/site-packages/inertial_sense_ros2/srv/_ref_lla_update_s.c
[15.007s] -- Up-to-date: /home/s/Inertial_Sense/imx/SDK/ros2/install/inertial_sense_ros2/lib/python3.12/site-packages/inertial_sense_ros2/_inertial_sense_ros2_s.ep.rosidl_typesupport_c.c
[15.221s] Listing '/home/s/Inertial_Sense/imx/SDK/ros2/install/inertial_sense_ros2/lib/python3.12/site-packages/inertial_sense_ros2'...
[15.221s] Compiling '/home/s/Inertial_Sense/imx/SDK/ros2/install/inertial_sense_ros2/lib/python3.12/site-packages/inertial_sense_ros2/__init__.py'...
[15.222s] Listing '/home/s/Inertial_Sense/imx/SDK/ros2/install/inertial_sense_ros2/lib/python3.12/site-packages/inertial_sense_ros2/msg'...
[15.223s] Listing '/home/s/Inertial_Sense/imx/SDK/ros2/install/inertial_sense_ros2/lib/python3.12/site-packages/inertial_sense_ros2/srv'...
[15.242s] -- Installing: /home/s/Inertial_Sense/imx/SDK/ros2/install/inertial_sense_ros2/lib/python3.12/site-packages/inertial_sense_ros2/inertial_sense_ros2_s__rosidl_typesupport_fastrtps_c.so
[15.244s] -- Set non-toolchain portion of runtime path of "/home/s/Inertial_Sense/imx/SDK/ros2/install/inertial_sense_ros2/lib/python3.12/site-packages/inertial_sense_ros2/inertial_sense_ros2_s__rosidl_typesupport_fastrtps_c.so" to ""
[15.245s] -- Installing: /home/s/Inertial_Sense/imx/SDK/ros2/install/inertial_sense_ros2/lib/python3.12/site-packages/inertial_sense_ros2/inertial_sense_ros2_s__rosidl_typesupport_introspection_c.so
[15.250s] -- Set non-toolchain portion of runtime path of "/home/s/Inertial_Sense/imx/SDK/ros2/install/inertial_sense_ros2/lib/python3.12/site-packages/inertial_sense_ros2/inertial_sense_ros2_s__rosidl_typesupport_introspection_c.so" to ""
[15.252s] -- Installing: /home/s/Inertial_Sense/imx/SDK/ros2/install/inertial_sense_ros2/lib/python3.12/site-packages/inertial_sense_ros2/inertial_sense_ros2_s__rosidl_typesupport_c.so
[15.256s] -- Set non-toolchain portion of runtime path of "/home/s/Inertial_Sense/imx/SDK/ros2/install/inertial_sense_ros2/lib/python3.12/site-packages/inertial_sense_ros2/inertial_sense_ros2_s__rosidl_typesupport_c.so" to ""
[15.267s] -- Installing: /home/s/Inertial_Sense/imx/SDK/ros2/install/inertial_sense_ros2/lib/libinertial_sense_ros2__rosidl_generator_py.so
[15.275s] -- Set non-toolchain portion of runtime path of "/home/s/Inertial_Sense/imx/SDK/ros2/install/inertial_sense_ros2/lib/libinertial_sense_ros2__rosidl_generator_py.so" to ""
[15.276s] -- Up-to-date: /home/s/Inertial_Sense/imx/SDK/ros2/install/inertial_sense_ros2/share/inertial_sense_ros2/msg/GTime.idl
[15.279s] -- Up-to-date: /home/s/Inertial_Sense/imx/SDK/ros2/install/inertial_sense_ros2/share/inertial_sense_ros2/msg/SatInfo.idl
[15.280s] -- Up-to-date: /home/s/Inertial_Sense/imx/SDK/ros2/install/inertial_sense_ros2/share/inertial_sense_ros2/msg/GPS.idl
[15.281s] -- Up-to-date: /home/s/Inertial_Sense/imx/SDK/ros2/install/inertial_sense_ros2/share/inertial_sense_ros2/msg/GPSInfo.idl
[15.281s] -- Up-to-date: /home/s/Inertial_Sense/imx/SDK/ros2/install/inertial_sense_ros2/share/inertial_sense_ros2/msg/PIMU.idl
[15.283s] -- Up-to-date: /home/s/Inertial_Sense/imx/SDK/ros2/install/inertial_sense_ros2/share/inertial_sense_ros2/msg/RTKInfo.idl
[15.284s] -- Up-to-date: /home/s/Inertial_Sense/imx/SDK/ros2/install/inertial_sense_ros2/share/inertial_sense_ros2/msg/RTKRel.idl
[15.286s] -- Up-to-date: /home/s/Inertial_Sense/imx/SDK/ros2/install/inertial_sense_ros2/share/inertial_sense_ros2/msg/GlonassEphemeris.idl
[15.287s] -- Up-to-date: /home/s/Inertial_Sense/imx/SDK/ros2/install/inertial_sense_ros2/share/inertial_sense_ros2/msg/GNSSEphemeris.idl
[15.288s] -- Up-to-date: /home/s/Inertial_Sense/imx/SDK/ros2/install/inertial_sense_ros2/share/inertial_sense_ros2/msg/GNSSObservation.idl
[15.288s] -- Up-to-date: /home/s/Inertial_Sense/imx/SDK/ros2/install/inertial_sense_ros2/share/inertial_sense_ros2/msg/GNSSObsVec.idl
[15.289s] -- Up-to-date: /home/s/Inertial_Sense/imx/SDK/ros2/install/inertial_sense_ros2/share/inertial_sense_ros2/msg/INL2States.idl
[15.290s] -- Up-to-date: /home/s/Inertial_Sense/imx/SDK/ros2/install/inertial_sense_ros2/share/inertial_sense_ros2/msg/DIDINS2.idl
[15.290s] -- Up-to-date: /home/s/Inertial_Sense/imx/SDK/ros2/install/inertial_sense_ros2/share/inertial_sense_ros2/msg/DIDINS1.idl
[15.291s] -- Up-to-date: /home/s/Inertial_Sense/imx/SDK/ros2/install/inertial_sense_ros2/share/inertial_sense_ros2/msg/DIDINS4.idl
[15.292s] -- Up-to-date: /home/s/Inertial_Sense/imx/SDK/ros2/install/inertial_sense_ros2/share/inertial_sense_ros2/srv/FirmwareUpdate.idl
[15.292s] -- Up-to-date: /home/s/Inertial_Sense/imx/SDK/ros2/install/inertial_sense_ros2/share/inertial_sense_ros2/srv/RefLLAUpdate.idl
[15.293s] -- Up-to-date: /home/s/Inertial_Sense/imx/SDK/ros2/install/inertial_sense_ros2/share/inertial_sense_ros2/msg/GTime.msg
[15.293s] -- Up-to-date: /home/s/Inertial_Sense/imx/SDK/ros2/install/inertial_sense_ros2/share/inertial_sense_ros2/msg/SatInfo.msg
[15.294s] -- Up-to-date: /home/s/Inertial_Sense/imx/SDK/ros2/install/inertial_sense_ros2/share/inertial_sense_ros2/msg/GPS.msg
[15.294s] -- Up-to-date: /home/s/Inertial_Sense/imx/SDK/ros2/install/inertial_sense_ros2/share/inertial_sense_ros2/msg/GPSInfo.msg
[15.296s] -- Up-to-date: /home/s/Inertial_Sense/imx/SDK/ros2/install/inertial_sense_ros2/share/inertial_sense_ros2/msg/PIMU.msg
[15.296s] -- Up-to-date: /home/s/Inertial_Sense/imx/SDK/ros2/install/inertial_sense_ros2/share/inertial_sense_ros2/msg/RTKInfo.msg
[15.298s] -- Up-to-date: /home/s/Inertial_Sense/imx/SDK/ros2/install/inertial_sense_ros2/share/inertial_sense_ros2/msg/RTKRel.msg
[15.299s] -- Up-to-date: /home/s/Inertial_Sense/imx/SDK/ros2/install/inertial_sense_ros2/share/inertial_sense_ros2/msg/GlonassEphemeris.msg
[15.299s] -- Up-to-date: /home/s/Inertial_Sense/imx/SDK/ros2/install/inertial_sense_ros2/share/inertial_sense_ros2/msg/GNSSEphemeris.msg
[15.299s] -- Up-to-date: /home/s/Inertial_Sense/imx/SDK/ros2/install/inertial_sense_ros2/share/inertial_sense_ros2/msg/GNSSObservation.msg
[15.300s] -- Up-to-date: /home/s/Inertial_Sense/imx/SDK/ros2/install/inertial_sense_ros2/share/inertial_sense_ros2/msg/GNSSObsVec.msg
[15.300s] -- Up-to-date: /home/s/Inertial_Sense/imx/SDK/ros2/install/inertial_sense_ros2/share/inertial_sense_ros2/msg/INL2States.msg
[15.300s] -- Up-to-date: /home/s/Inertial_Sense/imx/SDK/ros2/install/inertial_sense_ros2/share/inertial_sense_ros2/msg/DIDINS2.msg
[15.301s] -- Up-to-date: /home/s/Inertial_Sense/imx/SDK/ros2/install/inertial_sense_ros2/share/inertial_sense_ros2/msg/DIDINS1.msg
[15.301s] -- Up-to-date: /home/s/Inertial_Sense/imx/SDK/ros2/install/inertial_sense_ros2/share/inertial_sense_ros2/msg/DIDINS4.msg
[15.302s] -- Up-to-date: /home/s/Inertial_Sense/imx/SDK/ros2/install/inertial_sense_ros2/share/inertial_sense_ros2/srv/FirmwareUpdate.srv
[15.302s] -- Up-to-date: /home/s/Inertial_Sense/imx/SDK/ros2/install/inertial_sense_ros2/share/inertial_sense_ros2/srv/RefLLAUpdate.srv
[15.310s] Invoked command in '/home/s/Inertial_Sense/imx/SDK/ros2/build/inertial_sense_ros2' returned '0': CMAKE_PREFIX_PATH=${CMAKE_PREFIX_PATH}:/opt/ros/jazzy DEBUGINFOD_URLS=https://debuginfod.ubuntu.com /usr/bin/cmake --install /home/s/Inertial_Sense/imx/SDK/ros2/build/inertial_sense_ros2
