-- Found std_msgs: 5.3.5 (/opt/ros/jazzy/share/std_msgs/cmake)
-- Found rosidl_generator_c: 4.6.2 (/opt/ros/jazzy/share/rosidl_generator_c/cmake)
-- Found rosidl_generator_cpp: 4.6.2 (/opt/ros/jazzy/share/rosidl_generator_cpp/cmake)
-- Using all available rosidl_typesupport_c: rosidl_typesupport_fastrtps_c;rosidl_typesupport_introspection_c
-- Using all available rosidl_typesupport_cpp: rosidl_typesupport_fastrtps_cpp;rosidl_typesupport_introspection_cpp
-- Found geometry_msgs: 5.3.5 (/opt/ros/jazzy/share/geometry_msgs/cmake)
-- Found rclcpp: 28.1.2 (/opt/ros/jazzy/share/rclcpp/cmake)
-- Found rmw_implementation_cmake: 7.3.1 (/opt/ros/jazzy/share/rmw_implementation_cmake/cmake)
-- Found rmw_fastrtps_cpp: 8.4.0 (/opt/ros/jazzy/share/rmw_fastrtps_cpp/cmake)
-- Using RMW implementation 'rmw_fastrtps_cpp' as default
-- Found rclpy: 7.1.1 (/opt/ros/jazzy/share/rclpy/cmake)
-- Found sensor_msgs: 5.3.5 (/opt/ros/jazzy/share/sensor_msgs/cmake)
-- Found diagnostic_msgs: 5.3.5 (/opt/ros/jazzy/share/diagnostic_msgs/cmake)
-- Found rosidl_default_generators: 1.6.0 (/opt/ros/jazzy/share/rosidl_default_generators/cmake)
-- Found rosidl_adapter: 4.6.2 (/opt/ros/jazzy/share/rosidl_adapter/cmake)
-- Found ament_cmake_ros: 0.12.0 (/opt/ros/jazzy/share/ament_cmake_ros/cmake)
-- Using all available rosidl_typesupport_c: rosidl_typesupport_fastrtps_c;rosidl_typesupport_introspection_c
-- Using all available rosidl_typesupport_cpp: rosidl_typesupport_fastrtps_cpp;rosidl_typesupport_introspection_cpp
-- Found python_cmake_module: 0.11.1 (/opt/ros/jazzy/share/python_cmake_module/cmake)
-- Found Python3: /usr/bin/python3 (found version "3.12.3") found components: Interpreter Development NumPy Development.Module Development.Embed 
-- Configuring done (15.9s)
-- Generating done (0.5s)
-- Build files have been written to: /home/s/Inertial_Sense/imx/SDK/ros2/build/inertial_sense_ros2
[  1%] Built target inertial_sense_ros2__rosidl_generator_type_description
[  1%] Built target ament_cmake_python_copy_inertial_sense_ros2
[  3%] Built target inertial_sense_ros2__cpp
[ 25%] Built target inertial_sense_ros2__rosidl_generator_c
[ 34%] Built target inertial_sense_ros2__rosidl_typesupport_introspection_c
[ 43%] Built target inertial_sense_ros2__rosidl_typesupport_c
[ 53%] Built target inertial_sense_ros2__rosidl_typesupport_cpp
[ 62%] Built target inertial_sense_ros2__rosidl_typesupport_introspection_cpp
[ 71%] Built target inertial_sense_ros2__rosidl_typesupport_fastrtps_c
[ 81%] Built target inertial_sense_ros2__rosidl_typesupport_fastrtps_cpp
[ 81%] Built target inertial_sense_ros2
[ 82%] Built target inertial_sense_ros2__py
[ 90%] Built target inertial_sense_ros2__rosidl_generator_py
running egg_info
[ 93%] Built target inertial_sense_ros2_s__rosidl_typesupport_fastrtps_c
[ 96%] Built target inertial_sense_ros2_s__rosidl_typesupport_introspection_c
[100%] Built target inertial_sense_ros2_s__rosidl_typesupport_c
writing inertial_sense_ros2.egg-info/PKG-INFO
writing dependency_links to inertial_sense_ros2.egg-info/dependency_links.txt
writing top-level names to inertial_sense_ros2.egg-info/top_level.txt
reading manifest file 'inertial_sense_ros2.egg-info/SOURCES.txt'
writing manifest file 'inertial_sense_ros2.egg-info/SOURCES.txt'
[100%] Built target ament_cmake_python_build_inertial_sense_ros2_egg
-- Install configuration: ""
-- Up-to-date: /home/s/Inertial_Sense/imx/SDK/ros2/install/inertial_sense_ros2/share/ament_index/resource_index/rosidl_interfaces/inertial_sense_ros2
-- Up-to-date: /home/s/Inertial_Sense/imx/SDK/ros2/install/inertial_sense_ros2/share/inertial_sense_ros2/msg/GTime.json
-- Up-to-date: /home/s/Inertial_Sense/imx/SDK/ros2/install/inertial_sense_ros2/share/inertial_sense_ros2/msg/SatInfo.json
-- Up-to-date: /home/s/Inertial_Sense/imx/SDK/ros2/install/inertial_sense_ros2/share/inertial_sense_ros2/msg/GPS.json
-- Up-to-date: /home/s/Inertial_Sense/imx/SDK/ros2/install/inertial_sense_ros2/share/inertial_sense_ros2/msg/GPSInfo.json
-- Up-to-date: /home/s/Inertial_Sense/imx/SDK/ros2/install/inertial_sense_ros2/include/inertial_sense_ros2/inertial_sense_ros2
-- Up-to-date: /home/s/Inertial_Sense/imx/SDK/ros2/install/inertial_sense_ros2/include/inertial_sense_ros2/inertial_sense_ros2/msg
-- Up-to-date: /home/s/Inertial_Sense/imx/SDK/ros2/install/inertial_sense_ros2/include/inertial_sense_ros2/inertial_sense_ros2/msg/sat_info.h
-- Up-to-date: /home/s/Inertial_Sense/imx/SDK/ros2/install/inertial_sense_ros2/include/inertial_sense_ros2/inertial_sense_ros2/msg/gps_info.h
-- Up-to-date: /home/s/Inertial_Sense/imx/SDK/ros2/install/inertial_sense_ros2/include/inertial_sense_ros2/inertial_sense_ros2/msg/g_time.h
-- Up-to-date: /home/s/Inertial_Sense/imx/SDK/ros2/install/inertial_sense_ros2/include/inertial_sense_ros2/inertial_sense_ros2/msg/gps.h
-- Up-to-date: /home/s/Inertial_Sense/imx/SDK/ros2/install/inertial_sense_ros2/include/inertial_sense_ros2/inertial_sense_ros2/msg/rosidl_generator_c__visibility_control.h
-- Up-to-date: /home/s/Inertial_Sense/imx/SDK/ros2/install/inertial_sense_ros2/include/inertial_sense_ros2/inertial_sense_ros2/msg/detail
-- Up-to-date: /home/s/Inertial_Sense/imx/SDK/ros2/install/inertial_sense_ros2/include/inertial_sense_ros2/inertial_sense_ros2/msg/detail/gps__struct.h
-- Up-to-date: /home/s/Inertial_Sense/imx/SDK/ros2/install/inertial_sense_ros2/include/inertial_sense_ros2/inertial_sense_ros2/msg/detail/g_time__struct.h
-- Up-to-date: /home/s/Inertial_Sense/imx/SDK/ros2/install/inertial_sense_ros2/include/inertial_sense_ros2/inertial_sense_ros2/msg/detail/gps_info__functions.c
-- Up-to-date: /home/s/Inertial_Sense/imx/SDK/ros2/install/inertial_sense_ros2/include/inertial_sense_ros2/inertial_sense_ros2/msg/detail/gps_info__type_support.h
-- Up-to-date: /home/s/Inertial_Sense/imx/SDK/ros2/install/inertial_sense_ros2/include/inertial_sense_ros2/inertial_sense_ros2/msg/detail/sat_info__type_support.h
-- Installing: /home/s/Inertial_Sense/imx/SDK/ros2/install/inertial_sense_ros2/include/inertial_sense_ros2/inertial_sense_ros2/msg/detail/gps__type_support.c
-- Up-to-date: /home/s/Inertial_Sense/imx/SDK/ros2/install/inertial_sense_ros2/include/inertial_sense_ros2/inertial_sense_ros2/msg/detail/sat_info__functions.c
-- Installing: /home/s/Inertial_Sense/imx/SDK/ros2/install/inertial_sense_ros2/include/inertial_sense_ros2/inertial_sense_ros2/msg/detail/g_time__type_support.c
-- Up-to-date: /home/s/Inertial_Sense/imx/SDK/ros2/install/inertial_sense_ros2/include/inertial_sense_ros2/inertial_sense_ros2/msg/detail/g_time__type_support.h
-- Up-to-date: /home/s/Inertial_Sense/imx/SDK/ros2/install/inertial_sense_ros2/include/inertial_sense_ros2/inertial_sense_ros2/msg/detail/gps_info__struct.h
-- Installing: /home/s/Inertial_Sense/imx/SDK/ros2/install/inertial_sense_ros2/include/inertial_sense_ros2/inertial_sense_ros2/msg/detail/gps_info__type_support.c
-- Up-to-date: /home/s/Inertial_Sense/imx/SDK/ros2/install/inertial_sense_ros2/include/inertial_sense_ros2/inertial_sense_ros2/msg/detail/g_time__functions.h
-- Up-to-date: /home/s/Inertial_Sense/imx/SDK/ros2/install/inertial_sense_ros2/include/inertial_sense_ros2/inertial_sense_ros2/msg/detail/sat_info__struct.h
-- Up-to-date: /home/s/Inertial_Sense/imx/SDK/ros2/install/inertial_sense_ros2/include/inertial_sense_ros2/inertial_sense_ros2/msg/detail/g_time__functions.c
-- Up-to-date: /home/s/Inertial_Sense/imx/SDK/ros2/install/inertial_sense_ros2/include/inertial_sense_ros2/inertial_sense_ros2/msg/detail/g_time__description.c
-- Up-to-date: /home/s/Inertial_Sense/imx/SDK/ros2/install/inertial_sense_ros2/include/inertial_sense_ros2/inertial_sense_ros2/msg/detail/gps__functions.c
-- Up-to-date: /home/s/Inertial_Sense/imx/SDK/ros2/install/inertial_sense_ros2/include/inertial_sense_ros2/inertial_sense_ros2/msg/detail/sat_info__functions.h
-- Up-to-date: /home/s/Inertial_Sense/imx/SDK/ros2/install/inertial_sense_ros2/include/inertial_sense_ros2/inertial_sense_ros2/msg/detail/gps__description.c
-- Up-to-date: /home/s/Inertial_Sense/imx/SDK/ros2/install/inertial_sense_ros2/include/inertial_sense_ros2/inertial_sense_ros2/msg/detail/gps_info__description.c
-- Up-to-date: /home/s/Inertial_Sense/imx/SDK/ros2/install/inertial_sense_ros2/include/inertial_sense_ros2/inertial_sense_ros2/msg/detail/sat_info__description.c
-- Up-to-date: /home/s/Inertial_Sense/imx/SDK/ros2/install/inertial_sense_ros2/include/inertial_sense_ros2/inertial_sense_ros2/msg/detail/gps_info__functions.h
-- Up-to-date: /home/s/Inertial_Sense/imx/SDK/ros2/install/inertial_sense_ros2/include/inertial_sense_ros2/inertial_sense_ros2/msg/detail/gps__type_support.h
-- Up-to-date: /home/s/Inertial_Sense/imx/SDK/ros2/install/inertial_sense_ros2/include/inertial_sense_ros2/inertial_sense_ros2/msg/detail/gps__functions.h
-- Installing: /home/s/Inertial_Sense/imx/SDK/ros2/install/inertial_sense_ros2/include/inertial_sense_ros2/inertial_sense_ros2/msg/detail/sat_info__type_support.c
-- Up-to-date: /home/s/Inertial_Sense/imx/SDK/ros2/install/inertial_sense_ros2/share/inertial_sense_ros2/environment/library_path.sh
-- Up-to-date: /home/s/Inertial_Sense/imx/SDK/ros2/install/inertial_sense_ros2/share/inertial_sense_ros2/environment/library_path.dsv
-- Up-to-date: /home/s/Inertial_Sense/imx/SDK/ros2/install/inertial_sense_ros2/lib/libinertial_sense_ros2__rosidl_generator_c.so
-- Up-to-date: /home/s/Inertial_Sense/imx/SDK/ros2/install/inertial_sense_ros2/include/inertial_sense_ros2/inertial_sense_ros2
-- Up-to-date: /home/s/Inertial_Sense/imx/SDK/ros2/install/inertial_sense_ros2/include/inertial_sense_ros2/inertial_sense_ros2/msg
-- Up-to-date: /home/s/Inertial_Sense/imx/SDK/ros2/install/inertial_sense_ros2/include/inertial_sense_ros2/inertial_sense_ros2/msg/rosidl_typesupport_fastrtps_c__visibility_control.h
-- Up-to-date: /home/s/Inertial_Sense/imx/SDK/ros2/install/inertial_sense_ros2/include/inertial_sense_ros2/inertial_sense_ros2/msg/detail
-- Up-to-date: /home/s/Inertial_Sense/imx/SDK/ros2/install/inertial_sense_ros2/include/inertial_sense_ros2/inertial_sense_ros2/msg/detail/g_time__rosidl_typesupport_fastrtps_c.h
-- Up-to-date: /home/s/Inertial_Sense/imx/SDK/ros2/install/inertial_sense_ros2/include/inertial_sense_ros2/inertial_sense_ros2/msg/detail/gps__rosidl_typesupport_fastrtps_c.h
-- Up-to-date: /home/s/Inertial_Sense/imx/SDK/ros2/install/inertial_sense_ros2/include/inertial_sense_ros2/inertial_sense_ros2/msg/detail/gps_info__rosidl_typesupport_fastrtps_c.h
-- Up-to-date: /home/s/Inertial_Sense/imx/SDK/ros2/install/inertial_sense_ros2/include/inertial_sense_ros2/inertial_sense_ros2/msg/detail/sat_info__rosidl_typesupport_fastrtps_c.h
-- Up-to-date: /home/s/Inertial_Sense/imx/SDK/ros2/install/inertial_sense_ros2/lib/libinertial_sense_ros2__rosidl_typesupport_fastrtps_c.so
-- Up-to-date: /home/s/Inertial_Sense/imx/SDK/ros2/install/inertial_sense_ros2/include/inertial_sense_ros2/inertial_sense_ros2
-- Up-to-date: /home/s/Inertial_Sense/imx/SDK/ros2/install/inertial_sense_ros2/include/inertial_sense_ros2/inertial_sense_ros2/msg
-- Up-to-date: /home/s/Inertial_Sense/imx/SDK/ros2/install/inertial_sense_ros2/include/inertial_sense_ros2/inertial_sense_ros2/msg/gps.hpp
-- Up-to-date: /home/s/Inertial_Sense/imx/SDK/ros2/install/inertial_sense_ros2/include/inertial_sense_ros2/inertial_sense_ros2/msg/rosidl_generator_cpp__visibility_control.hpp
-- Up-to-date: /home/s/Inertial_Sense/imx/SDK/ros2/install/inertial_sense_ros2/include/inertial_sense_ros2/inertial_sense_ros2/msg/sat_info.hpp
-- Up-to-date: /home/s/Inertial_Sense/imx/SDK/ros2/install/inertial_sense_ros2/include/inertial_sense_ros2/inertial_sense_ros2/msg/g_time.hpp
-- Up-to-date: /home/s/Inertial_Sense/imx/SDK/ros2/install/inertial_sense_ros2/include/inertial_sense_ros2/inertial_sense_ros2/msg/gps_info.hpp
-- Up-to-date: /home/s/Inertial_Sense/imx/SDK/ros2/install/inertial_sense_ros2/include/inertial_sense_ros2/inertial_sense_ros2/msg/detail
-- Up-to-date: /home/s/Inertial_Sense/imx/SDK/ros2/install/inertial_sense_ros2/include/inertial_sense_ros2/inertial_sense_ros2/msg/detail/gps__builder.hpp
-- Up-to-date: /home/s/Inertial_Sense/imx/SDK/ros2/install/inertial_sense_ros2/include/inertial_sense_ros2/inertial_sense_ros2/msg/detail/g_time__struct.hpp
-- Up-to-date: /home/s/Inertial_Sense/imx/SDK/ros2/install/inertial_sense_ros2/include/inertial_sense_ros2/inertial_sense_ros2/msg/detail/gps__type_support.hpp
-- Up-to-date: /home/s/Inertial_Sense/imx/SDK/ros2/install/inertial_sense_ros2/include/inertial_sense_ros2/inertial_sense_ros2/msg/detail/sat_info__builder.hpp
-- Up-to-date: /home/s/Inertial_Sense/imx/SDK/ros2/install/inertial_sense_ros2/include/inertial_sense_ros2/inertial_sense_ros2/msg/detail/gps__traits.hpp
-- Up-to-date: /home/s/Inertial_Sense/imx/SDK/ros2/install/inertial_sense_ros2/include/inertial_sense_ros2/inertial_sense_ros2/msg/detail/g_time__builder.hpp
-- Up-to-date: /home/s/Inertial_Sense/imx/SDK/ros2/install/inertial_sense_ros2/include/inertial_sense_ros2/inertial_sense_ros2/msg/detail/g_time__type_support.hpp
-- Up-to-date: /home/s/Inertial_Sense/imx/SDK/ros2/install/inertial_sense_ros2/include/inertial_sense_ros2/inertial_sense_ros2/msg/detail/gps_info__builder.hpp
-- Up-to-date: /home/s/Inertial_Sense/imx/SDK/ros2/install/inertial_sense_ros2/include/inertial_sense_ros2/inertial_sense_ros2/msg/detail/gps_info__struct.hpp
-- Up-to-date: /home/s/Inertial_Sense/imx/SDK/ros2/install/inertial_sense_ros2/include/inertial_sense_ros2/inertial_sense_ros2/msg/detail/sat_info__type_support.hpp
-- Up-to-date: /home/s/Inertial_Sense/imx/SDK/ros2/install/inertial_sense_ros2/include/inertial_sense_ros2/inertial_sense_ros2/msg/detail/sat_info__traits.hpp
-- Up-to-date: /home/s/Inertial_Sense/imx/SDK/ros2/install/inertial_sense_ros2/include/inertial_sense_ros2/inertial_sense_ros2/msg/detail/g_time__traits.hpp
-- Up-to-date: /home/s/Inertial_Sense/imx/SDK/ros2/install/inertial_sense_ros2/include/inertial_sense_ros2/inertial_sense_ros2/msg/detail/gps_info__traits.hpp
-- Up-to-date: /home/s/Inertial_Sense/imx/SDK/ros2/install/inertial_sense_ros2/include/inertial_sense_ros2/inertial_sense_ros2/msg/detail/sat_info__struct.hpp
-- Up-to-date: /home/s/Inertial_Sense/imx/SDK/ros2/install/inertial_sense_ros2/include/inertial_sense_ros2/inertial_sense_ros2/msg/detail/gps_info__type_support.hpp
-- Up-to-date: /home/s/Inertial_Sense/imx/SDK/ros2/install/inertial_sense_ros2/include/inertial_sense_ros2/inertial_sense_ros2/msg/detail/gps__struct.hpp
-- Up-to-date: /home/s/Inertial_Sense/imx/SDK/ros2/install/inertial_sense_ros2/include/inertial_sense_ros2/inertial_sense_ros2
-- Up-to-date: /home/s/Inertial_Sense/imx/SDK/ros2/install/inertial_sense_ros2/include/inertial_sense_ros2/inertial_sense_ros2/msg
-- Up-to-date: /home/s/Inertial_Sense/imx/SDK/ros2/install/inertial_sense_ros2/include/inertial_sense_ros2/inertial_sense_ros2/msg/rosidl_typesupport_fastrtps_cpp__visibility_control.h
-- Up-to-date: /home/s/Inertial_Sense/imx/SDK/ros2/install/inertial_sense_ros2/include/inertial_sense_ros2/inertial_sense_ros2/msg/detail
-- Up-to-date: /home/s/Inertial_Sense/imx/SDK/ros2/install/inertial_sense_ros2/include/inertial_sense_ros2/inertial_sense_ros2/msg/detail/sat_info__rosidl_typesupport_fastrtps_cpp.hpp
-- Up-to-date: /home/s/Inertial_Sense/imx/SDK/ros2/install/inertial_sense_ros2/include/inertial_sense_ros2/inertial_sense_ros2/msg/detail/dds_fastrtps
-- Up-to-date: /home/s/Inertial_Sense/imx/SDK/ros2/install/inertial_sense_ros2/include/inertial_sense_ros2/inertial_sense_ros2/msg/detail/gps_info__rosidl_typesupport_fastrtps_cpp.hpp
-- Up-to-date: /home/s/Inertial_Sense/imx/SDK/ros2/install/inertial_sense_ros2/include/inertial_sense_ros2/inertial_sense_ros2/msg/detail/gps__rosidl_typesupport_fastrtps_cpp.hpp
-- Up-to-date: /home/s/Inertial_Sense/imx/SDK/ros2/install/inertial_sense_ros2/include/inertial_sense_ros2/inertial_sense_ros2/msg/detail/g_time__rosidl_typesupport_fastrtps_cpp.hpp
-- Up-to-date: /home/s/Inertial_Sense/imx/SDK/ros2/install/inertial_sense_ros2/lib/libinertial_sense_ros2__rosidl_typesupport_fastrtps_cpp.so
-- Up-to-date: /home/s/Inertial_Sense/imx/SDK/ros2/install/inertial_sense_ros2/include/inertial_sense_ros2/inertial_sense_ros2
-- Up-to-date: /home/s/Inertial_Sense/imx/SDK/ros2/install/inertial_sense_ros2/include/inertial_sense_ros2/inertial_sense_ros2/msg
-- Up-to-date: /home/s/Inertial_Sense/imx/SDK/ros2/install/inertial_sense_ros2/include/inertial_sense_ros2/inertial_sense_ros2/msg/rosidl_typesupport_introspection_c__visibility_control.h
-- Up-to-date: /home/s/Inertial_Sense/imx/SDK/ros2/install/inertial_sense_ros2/include/inertial_sense_ros2/inertial_sense_ros2/msg/detail
-- Up-to-date: /home/s/Inertial_Sense/imx/SDK/ros2/install/inertial_sense_ros2/include/inertial_sense_ros2/inertial_sense_ros2/msg/detail/gps_info__rosidl_typesupport_introspection_c.h
-- Installing: /home/s/Inertial_Sense/imx/SDK/ros2/install/inertial_sense_ros2/include/inertial_sense_ros2/inertial_sense_ros2/msg/detail/gps__type_support.c
-- Up-to-date: /home/s/Inertial_Sense/imx/SDK/ros2/install/inertial_sense_ros2/include/inertial_sense_ros2/inertial_sense_ros2/msg/detail/sat_info__rosidl_typesupport_introspection_c.h
-- Installing: /home/s/Inertial_Sense/imx/SDK/ros2/install/inertial_sense_ros2/include/inertial_sense_ros2/inertial_sense_ros2/msg/detail/g_time__type_support.c
-- Up-to-date: /home/s/Inertial_Sense/imx/SDK/ros2/install/inertial_sense_ros2/include/inertial_sense_ros2/inertial_sense_ros2/msg/detail/g_time__rosidl_typesupport_introspection_c.h
-- Installing: /home/s/Inertial_Sense/imx/SDK/ros2/install/inertial_sense_ros2/include/inertial_sense_ros2/inertial_sense_ros2/msg/detail/gps_info__type_support.c
-- Up-to-date: /home/s/Inertial_Sense/imx/SDK/ros2/install/inertial_sense_ros2/include/inertial_sense_ros2/inertial_sense_ros2/msg/detail/gps__rosidl_typesupport_introspection_c.h
-- Installing: /home/s/Inertial_Sense/imx/SDK/ros2/install/inertial_sense_ros2/include/inertial_sense_ros2/inertial_sense_ros2/msg/detail/sat_info__type_support.c
-- Up-to-date: /home/s/Inertial_Sense/imx/SDK/ros2/install/inertial_sense_ros2/lib/libinertial_sense_ros2__rosidl_typesupport_introspection_c.so
-- Up-to-date: /home/s/Inertial_Sense/imx/SDK/ros2/install/inertial_sense_ros2/lib/libinertial_sense_ros2__rosidl_typesupport_c.so
-- Up-to-date: /home/s/Inertial_Sense/imx/SDK/ros2/install/inertial_sense_ros2/include/inertial_sense_ros2/inertial_sense_ros2
-- Up-to-date: /home/s/Inertial_Sense/imx/SDK/ros2/install/inertial_sense_ros2/include/inertial_sense_ros2/inertial_sense_ros2/msg
-- Up-to-date: /home/s/Inertial_Sense/imx/SDK/ros2/install/inertial_sense_ros2/include/inertial_sense_ros2/inertial_sense_ros2/msg/detail
-- Up-to-date: /home/s/Inertial_Sense/imx/SDK/ros2/install/inertial_sense_ros2/include/inertial_sense_ros2/inertial_sense_ros2/msg/detail/gps_info__type_support.cpp
-- Up-to-date: /home/s/Inertial_Sense/imx/SDK/ros2/install/inertial_sense_ros2/include/inertial_sense_ros2/inertial_sense_ros2/msg/detail/gps__rosidl_typesupport_introspection_cpp.hpp
-- Up-to-date: /home/s/Inertial_Sense/imx/SDK/ros2/install/inertial_sense_ros2/include/inertial_sense_ros2/inertial_sense_ros2/msg/detail/gps_info__rosidl_typesupport_introspection_cpp.hpp
-- Up-to-date: /home/s/Inertial_Sense/imx/SDK/ros2/install/inertial_sense_ros2/include/inertial_sense_ros2/inertial_sense_ros2/msg/detail/sat_info__rosidl_typesupport_introspection_cpp.hpp
-- Up-to-date: /home/s/Inertial_Sense/imx/SDK/ros2/install/inertial_sense_ros2/include/inertial_sense_ros2/inertial_sense_ros2/msg/detail/sat_info__type_support.cpp
-- Up-to-date: /home/s/Inertial_Sense/imx/SDK/ros2/install/inertial_sense_ros2/include/inertial_sense_ros2/inertial_sense_ros2/msg/detail/g_time__type_support.cpp
-- Up-to-date: /home/s/Inertial_Sense/imx/SDK/ros2/install/inertial_sense_ros2/include/inertial_sense_ros2/inertial_sense_ros2/msg/detail/g_time__rosidl_typesupport_introspection_cpp.hpp
-- Up-to-date: /home/s/Inertial_Sense/imx/SDK/ros2/install/inertial_sense_ros2/include/inertial_sense_ros2/inertial_sense_ros2/msg/detail/gps__type_support.cpp
-- Up-to-date: /home/s/Inertial_Sense/imx/SDK/ros2/install/inertial_sense_ros2/lib/libinertial_sense_ros2__rosidl_typesupport_introspection_cpp.so
-- Up-to-date: /home/s/Inertial_Sense/imx/SDK/ros2/install/inertial_sense_ros2/lib/libinertial_sense_ros2__rosidl_typesupport_cpp.so
-- Up-to-date: /home/s/Inertial_Sense/imx/SDK/ros2/install/inertial_sense_ros2/share/inertial_sense_ros2/environment/pythonpath.sh
-- Up-to-date: /home/s/Inertial_Sense/imx/SDK/ros2/install/inertial_sense_ros2/share/inertial_sense_ros2/environment/pythonpath.dsv
-- Up-to-date: /home/s/Inertial_Sense/imx/SDK/ros2/install/inertial_sense_ros2/lib/python3.12/site-packages/inertial_sense_ros2-1.1.1-py3.12.egg-info
-- Installing: /home/s/Inertial_Sense/imx/SDK/ros2/install/inertial_sense_ros2/lib/python3.12/site-packages/inertial_sense_ros2-1.1.1-py3.12.egg-info/SOURCES.txt
-- Installing: /home/s/Inertial_Sense/imx/SDK/ros2/install/inertial_sense_ros2/lib/python3.12/site-packages/inertial_sense_ros2-1.1.1-py3.12.egg-info/PKG-INFO
-- Installing: /home/s/Inertial_Sense/imx/SDK/ros2/install/inertial_sense_ros2/lib/python3.12/site-packages/inertial_sense_ros2-1.1.1-py3.12.egg-info/dependency_links.txt
-- Installing: /home/s/Inertial_Sense/imx/SDK/ros2/install/inertial_sense_ros2/lib/python3.12/site-packages/inertial_sense_ros2-1.1.1-py3.12.egg-info/top_level.txt
-- Up-to-date: /home/s/Inertial_Sense/imx/SDK/ros2/install/inertial_sense_ros2/lib/python3.12/site-packages/inertial_sense_ros2
-- Installing: /home/s/Inertial_Sense/imx/SDK/ros2/install/inertial_sense_ros2/lib/python3.12/site-packages/inertial_sense_ros2/__init__.py
-- Up-to-date: /home/s/Inertial_Sense/imx/SDK/ros2/install/inertial_sense_ros2/lib/python3.12/site-packages/inertial_sense_ros2/inertial_sense_ros2_s__rosidl_typesupport_c.so
-- Up-to-date: /home/s/Inertial_Sense/imx/SDK/ros2/install/inertial_sense_ros2/lib/python3.12/site-packages/inertial_sense_ros2/_inertial_sense_ros2_s.ep.rosidl_typesupport_introspection_c.c
-- Up-to-date: /home/s/Inertial_Sense/imx/SDK/ros2/install/inertial_sense_ros2/lib/python3.12/site-packages/inertial_sense_ros2/msg
-- Up-to-date: /home/s/Inertial_Sense/imx/SDK/ros2/install/inertial_sense_ros2/lib/python3.12/site-packages/inertial_sense_ros2/msg/_g_time_s.c
-- Up-to-date: /home/s/Inertial_Sense/imx/SDK/ros2/install/inertial_sense_ros2/lib/python3.12/site-packages/inertial_sense_ros2/msg/__init__.py
-- Up-to-date: /home/s/Inertial_Sense/imx/SDK/ros2/install/inertial_sense_ros2/lib/python3.12/site-packages/inertial_sense_ros2/msg/_gps_info_s.c
-- Up-to-date: /home/s/Inertial_Sense/imx/SDK/ros2/install/inertial_sense_ros2/lib/python3.12/site-packages/inertial_sense_ros2/msg/_gps_info.py
-- Up-to-date: /home/s/Inertial_Sense/imx/SDK/ros2/install/inertial_sense_ros2/lib/python3.12/site-packages/inertial_sense_ros2/msg/_gps_s.c
-- Up-to-date: /home/s/Inertial_Sense/imx/SDK/ros2/install/inertial_sense_ros2/lib/python3.12/site-packages/inertial_sense_ros2/msg/_sat_info.py
-- Up-to-date: /home/s/Inertial_Sense/imx/SDK/ros2/install/inertial_sense_ros2/lib/python3.12/site-packages/inertial_sense_ros2/msg/_g_time.py
-- Up-to-date: /home/s/Inertial_Sense/imx/SDK/ros2/install/inertial_sense_ros2/lib/python3.12/site-packages/inertial_sense_ros2/msg/_sat_info_s.c
-- Up-to-date: /home/s/Inertial_Sense/imx/SDK/ros2/install/inertial_sense_ros2/lib/python3.12/site-packages/inertial_sense_ros2/msg/_gps.py
-- Up-to-date: /home/s/Inertial_Sense/imx/SDK/ros2/install/inertial_sense_ros2/lib/python3.12/site-packages/inertial_sense_ros2/inertial_sense_ros2_s__rosidl_typesupport_introspection_c.so
-- Up-to-date: /home/s/Inertial_Sense/imx/SDK/ros2/install/inertial_sense_ros2/lib/python3.12/site-packages/inertial_sense_ros2/inertial_sense_ros2_s__rosidl_typesupport_fastrtps_c.so
-- Up-to-date: /home/s/Inertial_Sense/imx/SDK/ros2/install/inertial_sense_ros2/lib/python3.12/site-packages/inertial_sense_ros2/_inertial_sense_ros2_s.ep.rosidl_typesupport_fastrtps_c.c
-- Up-to-date: /home/s/Inertial_Sense/imx/SDK/ros2/install/inertial_sense_ros2/lib/python3.12/site-packages/inertial_sense_ros2/_inertial_sense_ros2_s.ep.rosidl_typesupport_c.c
Listing '/home/s/Inertial_Sense/imx/SDK/ros2/install/inertial_sense_ros2/lib/python3.12/site-packages/inertial_sense_ros2'...
Compiling '/home/s/Inertial_Sense/imx/SDK/ros2/install/inertial_sense_ros2/lib/python3.12/site-packages/inertial_sense_ros2/__init__.py'...
Listing '/home/s/Inertial_Sense/imx/SDK/ros2/install/inertial_sense_ros2/lib/python3.12/site-packages/inertial_sense_ros2/msg'...
-- Up-to-date: /home/s/Inertial_Sense/imx/SDK/ros2/install/inertial_sense_ros2/lib/python3.12/site-packages/inertial_sense_ros2/inertial_sense_ros2_s__rosidl_typesupport_fastrtps_c.so
-- Up-to-date: /home/s/Inertial_Sense/imx/SDK/ros2/install/inertial_sense_ros2/lib/python3.12/site-packages/inertial_sense_ros2/inertial_sense_ros2_s__rosidl_typesupport_introspection_c.so
-- Up-to-date: /home/s/Inertial_Sense/imx/SDK/ros2/install/inertial_sense_ros2/lib/python3.12/site-packages/inertial_sense_ros2/inertial_sense_ros2_s__rosidl_typesupport_c.so
-- Up-to-date: /home/s/Inertial_Sense/imx/SDK/ros2/install/inertial_sense_ros2/lib/libinertial_sense_ros2__rosidl_generator_py.so
-- Up-to-date: /home/s/Inertial_Sense/imx/SDK/ros2/install/inertial_sense_ros2/share/inertial_sense_ros2/msg/GTime.idl
-- Up-to-date: /home/s/Inertial_Sense/imx/SDK/ros2/install/inertial_sense_ros2/share/inertial_sense_ros2/msg/SatInfo.idl
-- Up-to-date: /home/s/Inertial_Sense/imx/SDK/ros2/install/inertial_sense_ros2/share/inertial_sense_ros2/msg/GPS.idl
-- Up-to-date: /home/s/Inertial_Sense/imx/SDK/ros2/install/inertial_sense_ros2/share/inertial_sense_ros2/msg/GPSInfo.idl
-- Up-to-date: /home/s/Inertial_Sense/imx/SDK/ros2/install/inertial_sense_ros2/share/inertial_sense_ros2/msg/GTime.msg
-- Up-to-date: /home/s/Inertial_Sense/imx/SDK/ros2/install/inertial_sense_ros2/share/inertial_sense_ros2/msg/SatInfo.msg
-- Up-to-date: /home/s/Inertial_Sense/imx/SDK/ros2/install/inertial_sense_ros2/share/inertial_sense_ros2/msg/GPS.msg
-- Up-to-date: /home/s/Inertial_Sense/imx/SDK/ros2/install/inertial_sense_ros2/share/inertial_sense_ros2/msg/GPSInfo.msg
