[0.077s] Invoking command in '/home/s/Inertial_Sense/imx/SDK/ros2/build/inertial_sense_ros2': CMAKE_PREFIX_PATH=${CMAKE_PREFIX_PATH}:/opt/ros/jazzy DEBUGINFOD_URLS=https://debuginfod.ubuntu.com /usr/bin/cmake --build /home/s/Inertial_Sense/imx/SDK/ros2/build/inertial_sense_ros2 -- -j16 -l16
[0.476s] -- Found std_msgs: 5.3.5 (/opt/ros/jazzy/share/std_msgs/cmake)
[0.571s] -- Found Python3: /usr/bin/python3 (found version "3.12.3") found components: Interpreter 
[0.907s] -- Found rosidl_generator_c: 4.6.2 (/opt/ros/jazzy/share/rosidl_generator_c/cmake)
[0.940s] -- Found rosidl_generator_cpp: 4.6.2 (/opt/ros/jazzy/share/rosidl_generator_cpp/cmake)
[0.980s] -- Using all available rosidl_typesupport_c: rosidl_typesupport_fastrtps_c;rosidl_typesupport_introspection_c
[1.026s] -- Using all available rosidl_typesupport_cpp: rosidl_typesupport_fastrtps_cpp;rosidl_typesupport_introspection_cpp
[1.120s] -- Found std_srvs: 5.3.5 (/opt/ros/jazzy/share/std_srvs/cmake)
[1.230s] -- Found geometry_msgs: 5.3.5 (/opt/ros/jazzy/share/geometry_msgs/cmake)
[1.281s] -- Found rclcpp: 28.1.2 (/opt/ros/jazzy/share/rclcpp/cmake)
[1.402s] -- Found rmw_implementation_cmake: 7.3.1 (/opt/ros/jazzy/share/rmw_implementation_cmake/cmake)
[1.406s] -- Found rmw_fastrtps_cpp: 8.4.0 (/opt/ros/jazzy/share/rmw_fastrtps_cpp/cmake)
[1.632s] -- Using RMW implementation 'rmw_fastrtps_cpp' as default
[1.855s] -- Found rclpy: 7.1.1 (/opt/ros/jazzy/share/rclpy/cmake)
[1.856s] -- Found sensor_msgs: 5.3.5 (/opt/ros/jazzy/share/sensor_msgs/cmake)
[1.943s] -- Found nav_msgs: 5.3.5 (/opt/ros/jazzy/share/nav_msgs/cmake)
[2.034s] -- Found diagnostic_msgs: 5.3.5 (/opt/ros/jazzy/share/diagnostic_msgs/cmake)
[2.094s] -- Found rosidl_default_generators: 1.6.0 (/opt/ros/jazzy/share/rosidl_default_generators/cmake)
[2.125s] -- Found rosidl_adapter: 4.6.2 (/opt/ros/jazzy/share/rosidl_adapter/cmake)
[2.155s] -- Found tf2: 0.36.4 (/opt/ros/jazzy/share/tf2/cmake)
[3.482s] -- Found ament_cmake_ros: 0.12.0 (/opt/ros/jazzy/share/ament_cmake_ros/cmake)
[3.946s] gmake: *** [Makefile:5135: cmake_check_build_system] Interrupt
[3.952s] Invoked command in '/home/s/Inertial_Sense/imx/SDK/ros2/build/inertial_sense_ros2' returned '-2': CMAKE_PREFIX_PATH=${CMAKE_PREFIX_PATH}:/opt/ros/jazzy DEBUGINFOD_URLS=https://debuginfod.ubuntu.com /usr/bin/cmake --build /home/s/Inertial_Sense/imx/SDK/ros2/build/inertial_sense_ros2 -- -j16 -l16
