[0.070s] Invoking command in '/home/s/Inertial_Sense/imx/SDK/ros2/build/inertial_sense_ros2': CMAKE_PREFIX_PATH=${CMAKE_PREFIX_PATH}:/opt/ros/jazzy DEBUGINFOD_URLS=https://debuginfod.ubuntu.com /usr/bin/cmake --build /home/s/Inertial_Sense/imx/SDK/ros2/build/inertial_sense_ros2 -- -j16 -l16
[0.354s] -- Found std_msgs: 5.3.5 (/opt/ros/jazzy/share/std_msgs/cmake)
[0.454s] -- Found Python3: /usr/bin/python3 (found version "3.12.3") found components: Interpreter 
[0.802s] -- Found rosidl_generator_c: 4.6.2 (/opt/ros/jazzy/share/rosidl_generator_c/cmake)
[0.836s] -- Found rosidl_generator_cpp: 4.6.2 (/opt/ros/jazzy/share/rosidl_generator_cpp/cmake)
[0.878s] -- Using all available rosidl_typesupport_c: rosidl_typesupport_fastrtps_c;rosidl_typesupport_introspection_c
[0.929s] -- Using all available rosidl_typesupport_cpp: rosidl_typesupport_fastrtps_cpp;rosidl_typesupport_introspection_cpp
[1.035s] -- Found std_srvs: 5.3.5 (/opt/ros/jazzy/share/std_srvs/cmake)
[1.156s] -- Found geometry_msgs: 5.3.5 (/opt/ros/jazzy/share/geometry_msgs/cmake)
[1.212s] -- Found rclcpp: 28.1.2 (/opt/ros/jazzy/share/rclcpp/cmake)
[1.348s] -- Found rmw_implementation_cmake: 7.3.1 (/opt/ros/jazzy/share/rmw_implementation_cmake/cmake)
[1.352s] -- Found rmw_fastrtps_cpp: 8.4.0 (/opt/ros/jazzy/share/rmw_fastrtps_cpp/cmake)
[1.587s] -- Using RMW implementation 'rmw_fastrtps_cpp' as default
[1.804s] -- Found rclpy: 7.1.1 (/opt/ros/jazzy/share/rclpy/cmake)
[1.805s] -- Found sensor_msgs: 5.3.5 (/opt/ros/jazzy/share/sensor_msgs/cmake)
[1.900s] -- Found nav_msgs: 5.3.5 (/opt/ros/jazzy/share/nav_msgs/cmake)
[2.001s] -- Found diagnostic_msgs: 5.3.5 (/opt/ros/jazzy/share/diagnostic_msgs/cmake)
[2.068s] -- Found rosidl_default_generators: 1.6.0 (/opt/ros/jazzy/share/rosidl_default_generators/cmake)
[2.097s] -- Found rosidl_adapter: 4.6.2 (/opt/ros/jazzy/share/rosidl_adapter/cmake)
[2.111s] -- Found tf2: 0.36.4 (/opt/ros/jazzy/share/tf2/cmake)
[3.497s] -- Found ament_cmake_ros: 0.12.0 (/opt/ros/jazzy/share/ament_cmake_ros/cmake)
[4.618s] -- Using all available rosidl_typesupport_c: rosidl_typesupport_fastrtps_c;rosidl_typesupport_introspection_c
[5.057s] -- Using all available rosidl_typesupport_cpp: rosidl_typesupport_fastrtps_cpp;rosidl_typesupport_introspection_cpp
[5.062s] -- Found python_cmake_module: 0.11.1 (/opt/ros/jazzy/share/python_cmake_module/cmake)
[5.935s] -- Found Python3: /usr/bin/python3 (found version "3.12.3") found components: Interpreter Development NumPy Development.Module Development.Embed 
[6.115s] -- Configuring done (5.8s)
[6.593s] -- Generating done (0.4s)
[6.622s] -- Build files have been written to: /home/s/Inertial_Sense/imx/SDK/ros2/build/inertial_sense_ros2
[6.808s] [  1%] Built target inertial_sense_ros2__rosidl_generator_type_description
[6.809s] [  1%] [32mBuilding CXX object CMakeFiles/new_target.dir/src/ParamHelper.cpp.o[0m
[6.810s] [  2%] [32mBuilding CXX object CMakeFiles/new_target.dir/src/inertial_sense_node.cpp.o[0m
[6.810s] [  3%] [32mBuilding CXX object CMakeFiles/new_target.dir/src/serial.cpp.o[0m
[6.815s] [  3%] [32mBuilding CXX object CMakeFiles/new_target.dir/src/inertial_sense_ros2.cpp.o[0m
[6.815s] [  3%] [32mBuilding CXX object CMakeFiles/new_target.dir/include/TopicHelper.cpp.o[0m
[6.923s] [  3%] Built target inertial_sense_ros2__cpp
[7.124s] [  3%] Built target ament_cmake_python_copy_inertial_sense_ros2
[7.218s] [  4%] [32mBuilding C object CMakeFiles/inertial_sense_ros2__rosidl_generator_c.dir/rosidl_generator_c/inertial_sense_ros2/msg/detail/g_time__description.c.o[0m
[7.231s] [  4%] [32mBuilding C object CMakeFiles/inertial_sense_ros2__rosidl_generator_c.dir/rosidl_generator_c/inertial_sense_ros2/msg/detail/g_time__functions.c.o[0m
[7.250s] [  5%] [32mBuilding C object CMakeFiles/inertial_sense_ros2__rosidl_generator_c.dir/rosidl_generator_c/inertial_sense_ros2/msg/detail/g_time__type_support.c.o[0m
[7.295s] [  5%] [32mBuilding C object CMakeFiles/inertial_sense_ros2__rosidl_generator_c.dir/rosidl_generator_c/inertial_sense_ros2/msg/detail/sat_info__description.c.o[0m
[7.307s] [  6%] [32mBuilding C object CMakeFiles/inertial_sense_ros2__rosidl_generator_c.dir/rosidl_generator_c/inertial_sense_ros2/msg/detail/sat_info__functions.c.o[0m
[7.364s] [  6%] [32mBuilding C object CMakeFiles/inertial_sense_ros2__rosidl_generator_c.dir/rosidl_generator_c/inertial_sense_ros2/msg/detail/sat_info__type_support.c.o[0m
[7.400s] [  7%] [32mBuilding C object CMakeFiles/inertial_sense_ros2__rosidl_generator_c.dir/rosidl_generator_c/inertial_sense_ros2/msg/detail/gps__description.c.o[0m
[7.400s] [  7%] [32mBuilding C object CMakeFiles/inertial_sense_ros2__rosidl_generator_c.dir/rosidl_generator_c/inertial_sense_ros2/msg/detail/gps__functions.c.o[0m
[7.442s] [  8%] [32mBuilding C object CMakeFiles/inertial_sense_ros2__rosidl_generator_c.dir/rosidl_generator_c/inertial_sense_ros2/msg/detail/gps__type_support.c.o[0m
[7.493s] [  8%] [32mBuilding C object CMakeFiles/inertial_sense_ros2__rosidl_generator_c.dir/rosidl_generator_c/inertial_sense_ros2/msg/detail/gps_info__description.c.o[0m
[8.312s] [  9%] [32mBuilding C object CMakeFiles/inertial_sense_ros2__rosidl_generator_c.dir/rosidl_generator_c/inertial_sense_ros2/msg/detail/gps_info__functions.c.o[0m
[8.376s] [  9%] [32mBuilding C object CMakeFiles/inertial_sense_ros2__rosidl_generator_c.dir/rosidl_generator_c/inertial_sense_ros2/msg/detail/gps_info__type_support.c.o[0m
[8.376s] [ 10%] [32mBuilding C object CMakeFiles/inertial_sense_ros2__rosidl_generator_c.dir/rosidl_generator_c/inertial_sense_ros2/msg/detail/pimu__description.c.o[0m
[8.612s] [ 11%] [32mBuilding C object CMakeFiles/inertial_sense_ros2__rosidl_generator_c.dir/rosidl_generator_c/inertial_sense_ros2/msg/detail/pimu__type_support.c.o[0m
[8.612s] [ 11%] [32mBuilding C object CMakeFiles/inertial_sense_ros2__rosidl_generator_c.dir/rosidl_generator_c/inertial_sense_ros2/msg/detail/rtk_info__description.c.o[0m
[8.613s] [ 12%] [32mBuilding C object CMakeFiles/inertial_sense_ros2__rosidl_generator_c.dir/rosidl_generator_c/inertial_sense_ros2/msg/detail/rtk_info__functions.c.o[0m
[8.613s] In file included from [01m[K/home/s/Inertial_Sense/imx/SDK/ros2/include/inertial_sense_ros2.h:32[m[K,
[8.613s]                  from [01m[K/home/s/Inertial_Sense/imx/SDK/ros2/src/inertial_sense_ros2.cpp:19[m[K:
[8.613s] [01m[K/home/s/Inertial_Sense/imx/SDK/ros2/include/TopicHelper.h:23:10:[m[K [01;31m[Kfatal error: [m[Kros/ros.h: No such file or directory
[8.614s]    23 | #include [01;31m[K"ros/ros.h"[m[K
[8.614s]       |          [01;31m[K^~~~~~~~~~~[m[K
[8.614s] compilation terminated.
[8.660s] gmake[2]: *** [CMakeFiles/new_target.dir/build.make:76: CMakeFiles/new_target.dir/src/inertial_sense_ros2.cpp.o] Error 1
[8.661s] gmake[2]: *** Waiting for unfinished jobs....
[8.682s] [ 12%] [32mBuilding C object CMakeFiles/inertial_sense_ros2__rosidl_generator_c.dir/rosidl_generator_c/inertial_sense_ros2/msg/detail/pimu__functions.c.o[0m
[8.682s] [ 12%] [32mBuilding C object CMakeFiles/inertial_sense_ros2__rosidl_generator_c.dir/rosidl_generator_c/inertial_sense_ros2/msg/detail/rtk_info__type_support.c.o[0m
[8.758s] In file included from [01m[K/home/s/Inertial_Sense/imx/SDK/ros2/include/ParamHelper.h:24[m[K,
[8.758s]                  from [01m[K/home/s/Inertial_Sense/imx/SDK/ros2/src/ParamHelper.cpp:19[m[K:
[8.777s] [01m[K/home/s/Inertial_Sense/imx/SDK/ros2/include/TopicHelper.h:23:10:[m[K [01;31m[Kfatal error: [m[Kros/ros.h: No such file or directory
[8.777s]    23 | #include [01;31m[K"ros/ros.h"[m[K
[8.777s]       |          [01;31m[K^~~~~~~~~~~[m[K
[8.777s] compilation terminated.
[8.777s] gmake[2]: *** [CMakeFiles/new_target.dir/build.make:104: CMakeFiles/new_target.dir/src/ParamHelper.cpp.o] Error 1
[8.778s] In file included from [01m[K/home/s/Inertial_Sense/imx/SDK/ros2/include/TopicHelper.cpp:19[m[K:
[8.779s] [01m[K/home/s/Inertial_Sense/imx/SDK/ros2/include/TopicHelper.h:23:10:[m[K [01;31m[Kfatal error: [m[Kros/ros.h: No such file or directory
[8.779s]    23 | #include [01;31m[K"ros/ros.h"[m[K
[8.780s]       |          [01;31m[K^~~~~~~~~~~[m[K
[8.780s] compilation terminated.
[8.781s] In file included from [01m[K/home/s/Inertial_Sense/imx/SDK/ros2/include/inertial_sense_ros2.h:32[m[K,
[8.781s]                  from [01m[K/home/s/Inertial_Sense/imx/SDK/ros2/src/inertial_sense_node.cpp:19[m[K:
[8.782s] [01m[K/home/s/Inertial_Sense/imx/SDK/ros2/include/TopicHelper.h:23:10:[m[K [01;31m[Kfatal error: [m[Kros/ros.h: No such file or directory
[8.782s]    23 | #include [01;31m[K"ros/ros.h"[m[K
[8.782s]       |          [01;31m[K^~~~~~~~~~~[m[K
[8.783s] compilation terminated.
[8.785s] [ 12%] [32mBuilding C object CMakeFiles/inertial_sense_ros2__rosidl_generator_c.dir/rosidl_generator_c/inertial_sense_ros2/msg/detail/rtk_rel__functions.c.o[0m
[8.804s] [ 13%] [32mBuilding C object CMakeFiles/inertial_sense_ros2__rosidl_generator_c.dir/rosidl_generator_c/inertial_sense_ros2/msg/detail/rtk_rel__description.c.o[0m
[8.805s] [ 14%] [32mBuilding C object CMakeFiles/inertial_sense_ros2__rosidl_generator_c.dir/rosidl_generator_c/inertial_sense_ros2/msg/detail/rtk_rel__type_support.c.o[0m
[8.822s] gmake[2]: *** [CMakeFiles/new_target.dir/build.make:90: CMakeFiles/new_target.dir/src/inertial_sense_node.cpp.o] Error 1
[8.822s] gmake[2]: *** [CMakeFiles/new_target.dir/build.make:132: CMakeFiles/new_target.dir/include/TopicHelper.cpp.o] Error 1
[8.864s] running egg_info
[8.864s] [ 14%] [32mBuilding C object CMakeFiles/inertial_sense_ros2__rosidl_generator_c.dir/rosidl_generator_c/inertial_sense_ros2/msg/detail/glonass_ephemeris__description.c.o[0m
[8.920s] writing inertial_sense_ros2.egg-info/PKG-INFO
[8.920s] writing dependency_links to inertial_sense_ros2.egg-info/dependency_links.txt
[8.920s] writing top-level names to inertial_sense_ros2.egg-info/top_level.txt
[8.939s] [ 15%] [32mBuilding C object CMakeFiles/inertial_sense_ros2__rosidl_generator_c.dir/rosidl_generator_c/inertial_sense_ros2/msg/detail/glonass_ephemeris__functions.c.o[0m
[8.940s] [ 15%] [32mBuilding C object CMakeFiles/inertial_sense_ros2__rosidl_generator_c.dir/rosidl_generator_c/inertial_sense_ros2/msg/detail/glonass_ephemeris__type_support.c.o[0m
[8.987s] [ 16%] [32mBuilding C object CMakeFiles/inertial_sense_ros2__rosidl_generator_c.dir/rosidl_generator_c/inertial_sense_ros2/msg/detail/gnss_ephemeris__description.c.o[0m
[9.065s] [ 16%] [32mBuilding C object CMakeFiles/inertial_sense_ros2__rosidl_generator_c.dir/rosidl_generator_c/inertial_sense_ros2/msg/detail/gnss_ephemeris__functions.c.o[0m
[9.065s] [ 16%] [32mBuilding C object CMakeFiles/inertial_sense_ros2__rosidl_generator_c.dir/rosidl_generator_c/inertial_sense_ros2/msg/detail/gnss_observation__description.c.o[0m
[9.065s] [ 17%] [32mBuilding C object CMakeFiles/inertial_sense_ros2__rosidl_generator_c.dir/rosidl_generator_c/inertial_sense_ros2/msg/detail/gnss_ephemeris__type_support.c.o[0m
[9.097s] [ 17%] [32mBuilding C object CMakeFiles/inertial_sense_ros2__rosidl_generator_c.dir/rosidl_generator_c/inertial_sense_ros2/msg/detail/gnss_observation__type_support.c.o[0m
[9.109s] [ 18%] [32mBuilding C object CMakeFiles/inertial_sense_ros2__rosidl_generator_c.dir/rosidl_generator_c/inertial_sense_ros2/msg/detail/gnss_observation__functions.c.o[0m
[9.112s] [ 19%] [32mBuilding C object CMakeFiles/inertial_sense_ros2__rosidl_generator_c.dir/rosidl_generator_c/inertial_sense_ros2/msg/detail/gnss_obs_vec__description.c.o[0m
[9.167s] [ 19%] [32mBuilding C object CMakeFiles/inertial_sense_ros2__rosidl_generator_c.dir/rosidl_generator_c/inertial_sense_ros2/msg/detail/gnss_obs_vec__functions.c.o[0m
[9.177s] reading manifest file 'inertial_sense_ros2.egg-info/SOURCES.txt'
[9.223s] [ 20%] [32mBuilding C object CMakeFiles/inertial_sense_ros2__rosidl_generator_c.dir/rosidl_generator_c/inertial_sense_ros2/msg/detail/gnss_obs_vec__type_support.c.o[0m
[9.224s] writing manifest file 'inertial_sense_ros2.egg-info/SOURCES.txt'
[9.233s] [ 21%] [32mBuilding C object CMakeFiles/inertial_sense_ros2__rosidl_generator_c.dir/rosidl_generator_c/inertial_sense_ros2/msg/detail/inl2_states__functions.c.o[0m
[9.270s] [ 21%] [32mBuilding C object CMakeFiles/inertial_sense_ros2__rosidl_generator_c.dir/rosidl_generator_c/inertial_sense_ros2/msg/detail/inl2_states__type_support.c.o[0m
[9.307s] [ 22%] [32mBuilding C object CMakeFiles/inertial_sense_ros2__rosidl_generator_c.dir/rosidl_generator_c/inertial_sense_ros2/msg/detail/didins2__description.c.o[0m
[9.312s] [ 23%] [32mBuilding C object CMakeFiles/inertial_sense_ros2__rosidl_generator_c.dir/rosidl_generator_c/inertial_sense_ros2/msg/detail/didins2__type_support.c.o[0m
[9.351s] [ 23%] [32mBuilding C object CMakeFiles/inertial_sense_ros2__rosidl_generator_c.dir/rosidl_generator_c/inertial_sense_ros2/msg/detail/inl2_states__description.c.o[0m
[9.352s] [ 23%] [32mBuilding C object CMakeFiles/inertial_sense_ros2__rosidl_generator_c.dir/rosidl_generator_c/inertial_sense_ros2/msg/detail/didins2__functions.c.o[0m
[9.378s] [ 23%] [32mBuilding C object CMakeFiles/inertial_sense_ros2__rosidl_generator_c.dir/rosidl_generator_c/inertial_sense_ros2/msg/detail/didins1__description.c.o[0m
[9.403s] [ 23%] Built target ament_cmake_python_build_inertial_sense_ros2_egg
[9.595s] [ 24%] [32mBuilding C object CMakeFiles/inertial_sense_ros2__rosidl_generator_c.dir/rosidl_generator_c/inertial_sense_ros2/msg/detail/didins1__functions.c.o[0m
[9.597s] [ 24%] [32mBuilding C object CMakeFiles/inertial_sense_ros2__rosidl_generator_c.dir/rosidl_generator_c/inertial_sense_ros2/msg/detail/didins4__functions.c.o[0m
[9.657s] [ 24%] [32mBuilding C object CMakeFiles/inertial_sense_ros2__rosidl_generator_c.dir/rosidl_generator_c/inertial_sense_ros2/msg/detail/didins1__type_support.c.o[0m
[9.657s] [ 25%] [32mBuilding C object CMakeFiles/inertial_sense_ros2__rosidl_generator_c.dir/rosidl_generator_c/inertial_sense_ros2/msg/detail/didins4__description.c.o[0m
[9.674s] [ 26%] [32mBuilding C object CMakeFiles/inertial_sense_ros2__rosidl_generator_c.dir/rosidl_generator_c/inertial_sense_ros2/msg/detail/didins4__type_support.c.o[0m
[9.706s] [ 26%] [32mBuilding C object CMakeFiles/inertial_sense_ros2__rosidl_generator_c.dir/rosidl_generator_c/inertial_sense_ros2/srv/detail/firmware_update__description.c.o[0m
[9.711s] [ 27%] [32mBuilding C object CMakeFiles/inertial_sense_ros2__rosidl_generator_c.dir/rosidl_generator_c/inertial_sense_ros2/srv/detail/firmware_update__functions.c.o[0m
[9.850s] [ 27%] [32mBuilding C object CMakeFiles/inertial_sense_ros2__rosidl_generator_c.dir/rosidl_generator_c/inertial_sense_ros2/srv/detail/firmware_update__type_support.c.o[0m
[9.868s] [ 28%] [32mBuilding C object CMakeFiles/inertial_sense_ros2__rosidl_generator_c.dir/rosidl_generator_c/inertial_sense_ros2/srv/detail/ref_lla_update__description.c.o[0m
[9.901s] [ 28%] [32mBuilding C object CMakeFiles/inertial_sense_ros2__rosidl_generator_c.dir/rosidl_generator_c/inertial_sense_ros2/srv/detail/ref_lla_update__functions.c.o[0m
[9.902s] [ 29%] [32mBuilding C object CMakeFiles/inertial_sense_ros2__rosidl_generator_c.dir/rosidl_generator_c/inertial_sense_ros2/srv/detail/ref_lla_update__type_support.c.o[0m
[10.256s] [ 29%] [32m[1mLinking C shared library libinertial_sense_ros2__rosidl_generator_c.so[0m
[10.514s] [ 29%] Built target inertial_sense_ros2__rosidl_generator_c
[10.747s] [ 30%] [32mBuilding CXX object CMakeFiles/inertial_sense_ros2__rosidl_typesupport_c.dir/rosidl_typesupport_c/inertial_sense_ros2/msg/g_time__type_support.cpp.o[0m
[10.748s] [ 30%] [32mBuilding CXX object CMakeFiles/inertial_sense_ros2__rosidl_typesupport_c.dir/rosidl_typesupport_c/inertial_sense_ros2/msg/sat_info__type_support.cpp.o[0m
[10.748s] [ 31%] [32mBuilding CXX object CMakeFiles/inertial_sense_ros2__rosidl_typesupport_c.dir/rosidl_typesupport_c/inertial_sense_ros2/msg/pimu__type_support.cpp.o[0m
[10.748s] [ 31%] [32mBuilding CXX object CMakeFiles/inertial_sense_ros2__rosidl_typesupport_c.dir/rosidl_typesupport_c/inertial_sense_ros2/msg/gps_info__type_support.cpp.o[0m
[10.757s] [ 32%] [32mBuilding C object CMakeFiles/inertial_sense_ros2__rosidl_typesupport_introspection_c.dir/rosidl_typesupport_introspection_c/inertial_sense_ros2/msg/detail/gps__type_support.c.o[0m
[10.777s] [ 33%] [32mBuilding C object CMakeFiles/inertial_sense_ros2__rosidl_typesupport_introspection_c.dir/rosidl_typesupport_introspection_c/inertial_sense_ros2/msg/detail/sat_info__type_support.c.o[0m
[10.777s] [ 34%] [32mBuilding C object CMakeFiles/inertial_sense_ros2__rosidl_typesupport_introspection_c.dir/rosidl_typesupport_introspection_c/inertial_sense_ros2/msg/detail/pimu__type_support.c.o[0m
[10.777s] [ 34%] [32mBuilding CXX object CMakeFiles/inertial_sense_ros2__rosidl_typesupport_c.dir/rosidl_typesupport_c/inertial_sense_ros2/msg/rtk_info__type_support.cpp.o[0m
[10.794s] [ 35%] [32mBuilding CXX object CMakeFiles/inertial_sense_ros2__rosidl_typesupport_c.dir/rosidl_typesupport_c/inertial_sense_ros2/msg/gps__type_support.cpp.o[0m
[10.794s] [ 35%] [32mBuilding C object CMakeFiles/inertial_sense_ros2__rosidl_typesupport_introspection_c.dir/rosidl_typesupport_introspection_c/inertial_sense_ros2/msg/detail/gps_info__type_support.c.o[0m
[10.795s] [ 35%] [32mBuilding C object CMakeFiles/inertial_sense_ros2__rosidl_typesupport_introspection_c.dir/rosidl_typesupport_introspection_c/inertial_sense_ros2/msg/detail/g_time__type_support.c.o[0m
[10.795s] [ 35%] [32mBuilding CXX object CMakeFiles/inertial_sense_ros2__rosidl_typesupport_cpp.dir/rosidl_typesupport_cpp/inertial_sense_ros2/msg/g_time__type_support.cpp.o[0m
[10.832s] [ 36%] [32mBuilding CXX object CMakeFiles/inertial_sense_ros2__rosidl_typesupport_fastrtps_c.dir/rosidl_typesupport_fastrtps_c/inertial_sense_ros2/msg/detail/g_time__type_support_c.cpp.o[0m
[10.855s] [ 36%] [32mBuilding CXX object CMakeFiles/inertial_sense_ros2__rosidl_typesupport_fastrtps_cpp.dir/rosidl_typesupport_fastrtps_cpp/inertial_sense_ros2/msg/detail/dds_fastrtps/g_time__type_support.cpp.o[0m
[10.855s] [ 36%] [32mBuilding CXX object CMakeFiles/inertial_sense_ros2__rosidl_typesupport_introspection_cpp.dir/rosidl_typesupport_introspection_cpp/inertial_sense_ros2/msg/detail/g_time__type_support.cpp.o[0m
[11.161s] [ 37%] [32mBuilding CXX object CMakeFiles/inertial_sense_ros2__rosidl_typesupport_cpp.dir/rosidl_typesupport_cpp/inertial_sense_ros2/msg/sat_info__type_support.cpp.o[0m
[11.161s] [ 38%] [32mBuilding CXX object CMakeFiles/inertial_sense_ros2__rosidl_typesupport_fastrtps_cpp.dir/rosidl_typesupport_fastrtps_cpp/inertial_sense_ros2/msg/detail/dds_fastrtps/sat_info__type_support.cpp.o[0m
[11.235s] [ 40%] [32mBuilding C object CMakeFiles/inertial_sense_ros2__rosidl_typesupport_introspection_c.dir/rosidl_typesupport_introspection_c/inertial_sense_ros2/msg/detail/rtk_rel__type_support.c.o[0m
[11.235s] [ 40%] [32mBuilding CXX object CMakeFiles/inertial_sense_ros2__rosidl_typesupport_c.dir/rosidl_typesupport_c/inertial_sense_ros2/msg/rtk_rel__type_support.cpp.o[0m
[11.249s] [ 40%] [32mBuilding C object CMakeFiles/inertial_sense_ros2__rosidl_typesupport_introspection_c.dir/rosidl_typesupport_introspection_c/inertial_sense_ros2/msg/detail/rtk_info__type_support.c.o[0m
[11.792s] [ 40%] [32mBuilding CXX object CMakeFiles/inertial_sense_ros2__rosidl_typesupport_c.dir/rosidl_typesupport_c/inertial_sense_ros2/msg/glonass_ephemeris__type_support.cpp.o[0m
[11.792s] [ 41%] [32mBuilding C object CMakeFiles/inertial_sense_ros2__rosidl_typesupport_introspection_c.dir/rosidl_typesupport_introspection_c/inertial_sense_ros2/msg/detail/gnss_ephemeris__type_support.c.o[0m
[11.824s] [ 41%] [32mBuilding C object CMakeFiles/inertial_sense_ros2__rosidl_typesupport_introspection_c.dir/rosidl_typesupport_introspection_c/inertial_sense_ros2/msg/detail/glonass_ephemeris__type_support.c.o[0m
[11.825s] [ 42%] [32mBuilding CXX object CMakeFiles/inertial_sense_ros2__rosidl_typesupport_c.dir/rosidl_typesupport_c/inertial_sense_ros2/msg/gnss_ephemeris__type_support.cpp.o[0m
[11.854s] [ 42%] [32mBuilding C object CMakeFiles/inertial_sense_ros2__rosidl_typesupport_introspection_c.dir/rosidl_typesupport_introspection_c/inertial_sense_ros2/msg/detail/gnss_observation__type_support.c.o[0m
[11.858s] [ 43%] [32mBuilding CXX object CMakeFiles/inertial_sense_ros2__rosidl_typesupport_introspection_cpp.dir/rosidl_typesupport_introspection_cpp/inertial_sense_ros2/msg/detail/sat_info__type_support.cpp.o[0m
[11.863s] [ 43%] [32mBuilding CXX object CMakeFiles/inertial_sense_ros2__rosidl_typesupport_fastrtps_cpp.dir/rosidl_typesupport_fastrtps_cpp/inertial_sense_ros2/msg/detail/dds_fastrtps/gps__type_support.cpp.o[0m
[11.911s] [ 43%] [32mBuilding CXX object CMakeFiles/inertial_sense_ros2__rosidl_typesupport_fastrtps_c.dir/rosidl_typesupport_fastrtps_c/inertial_sense_ros2/msg/detail/sat_info__type_support_c.cpp.o[0m
[11.912s] [ 43%] [32mBuilding CXX object CMakeFiles/inertial_sense_ros2__rosidl_typesupport_cpp.dir/rosidl_typesupport_cpp/inertial_sense_ros2/msg/gps__type_support.cpp.o[0m
[12.829s] [ 44%] [32mBuilding C object CMakeFiles/inertial_sense_ros2__rosidl_typesupport_introspection_c.dir/rosidl_typesupport_introspection_c/inertial_sense_ros2/msg/detail/gnss_obs_vec__type_support.c.o[0m
[12.830s] [ 44%] [32mBuilding CXX object CMakeFiles/inertial_sense_ros2__rosidl_typesupport_introspection_cpp.dir/rosidl_typesupport_introspection_cpp/inertial_sense_ros2/msg/detail/gps__type_support.cpp.o[0m
[12.873s] [ 44%] [32mBuilding CXX object CMakeFiles/inertial_sense_ros2__rosidl_typesupport_c.dir/rosidl_typesupport_c/inertial_sense_ros2/msg/gnss_observation__type_support.cpp.o[0m
[12.929s] [ 45%] [32mBuilding CXX object CMakeFiles/inertial_sense_ros2__rosidl_typesupport_c.dir/rosidl_typesupport_c/inertial_sense_ros2/msg/gnss_obs_vec__type_support.cpp.o[0m
[12.930s] [ 46%] [32mBuilding CXX object CMakeFiles/inertial_sense_ros2__rosidl_typesupport_fastrtps_cpp.dir/rosidl_typesupport_fastrtps_cpp/inertial_sense_ros2/msg/detail/dds_fastrtps/gps_info__type_support.cpp.o[0m
[14.539s] [ 46%] [32mBuilding C object CMakeFiles/inertial_sense_ros2__rosidl_typesupport_introspection_c.dir/rosidl_typesupport_introspection_c/inertial_sense_ros2/msg/detail/inl2_states__type_support.c.o[0m
[14.629s] [ 46%] [32mBuilding CXX object CMakeFiles/inertial_sense_ros2__rosidl_typesupport_c.dir/rosidl_typesupport_c/inertial_sense_ros2/msg/inl2_states__type_support.cpp.o[0m
[14.930s] [ 47%] [32mBuilding CXX object CMakeFiles/inertial_sense_ros2__rosidl_typesupport_c.dir/rosidl_typesupport_c/inertial_sense_ros2/msg/didins2__type_support.cpp.o[0m
[15.617s] [ 48%] [32mBuilding CXX object CMakeFiles/inertial_sense_ros2__rosidl_typesupport_fastrtps_c.dir/rosidl_typesupport_fastrtps_c/inertial_sense_ros2/msg/detail/gps__type_support_c.cpp.o[0m
[16.475s] [ 49%] [32mBuilding C object CMakeFiles/inertial_sense_ros2__rosidl_typesupport_introspection_c.dir/rosidl_typesupport_introspection_c/inertial_sense_ros2/msg/detail/didins2__type_support.c.o[0m
[16.913s] [ 49%] [32mBuilding CXX object CMakeFiles/inertial_sense_ros2__rosidl_typesupport_c.dir/rosidl_typesupport_c/inertial_sense_ros2/msg/didins1__type_support.cpp.o[0m
[17.188s] [ 50%] [32mBuilding CXX object CMakeFiles/inertial_sense_ros2__rosidl_typesupport_introspection_cpp.dir/rosidl_typesupport_introspection_cpp/inertial_sense_ros2/msg/detail/gps_info__type_support.cpp.o[0m
[17.386s] [ 50%] [32mBuilding C object CMakeFiles/inertial_sense_ros2__rosidl_typesupport_introspection_c.dir/rosidl_typesupport_introspection_c/inertial_sense_ros2/msg/detail/didins1__type_support.c.o[0m
[17.598s] [ 51%] [32mBuilding CXX object CMakeFiles/inertial_sense_ros2__rosidl_typesupport_c.dir/rosidl_typesupport_c/inertial_sense_ros2/msg/didins4__type_support.cpp.o[0m
[17.601s] [ 52%] [32mBuilding C object CMakeFiles/inertial_sense_ros2__rosidl_typesupport_introspection_c.dir/rosidl_typesupport_introspection_c/inertial_sense_ros2/msg/detail/didins4__type_support.c.o[0m
[18.169s] [ 52%] [32mBuilding CXX object CMakeFiles/inertial_sense_ros2__rosidl_typesupport_c.dir/rosidl_typesupport_c/inertial_sense_ros2/srv/firmware_update__type_support.cpp.o[0m
[18.171s] [ 52%] [32mBuilding CXX object CMakeFiles/inertial_sense_ros2__rosidl_typesupport_fastrtps_cpp.dir/rosidl_typesupport_fastrtps_cpp/inertial_sense_ros2/msg/detail/dds_fastrtps/pimu__type_support.cpp.o[0m
[18.195s] [ 52%] [32mBuilding CXX object CMakeFiles/inertial_sense_ros2__rosidl_typesupport_introspection_cpp.dir/rosidl_typesupport_introspection_cpp/inertial_sense_ros2/msg/detail/pimu__type_support.cpp.o[0m
[18.778s] [ 52%] [32mBuilding C object CMakeFiles/inertial_sense_ros2__rosidl_typesupport_introspection_c.dir/rosidl_typesupport_introspection_c/inertial_sense_ros2/srv/detail/firmware_update__type_support.c.o[0m
[18.969s] [ 53%] [32mBuilding CXX object CMakeFiles/inertial_sense_ros2__rosidl_typesupport_cpp.dir/rosidl_typesupport_cpp/inertial_sense_ros2/msg/gps_info__type_support.cpp.o[0m
[19.038s] [ 54%] [32mBuilding CXX object CMakeFiles/inertial_sense_ros2__rosidl_typesupport_introspection_cpp.dir/rosidl_typesupport_introspection_cpp/inertial_sense_ros2/msg/detail/rtk_info__type_support.cpp.o[0m
[19.432s] [ 55%] [32mBuilding CXX object CMakeFiles/inertial_sense_ros2__rosidl_typesupport_c.dir/rosidl_typesupport_c/inertial_sense_ros2/srv/ref_lla_update__type_support.cpp.o[0m
[19.874s] [ 56%] [32mBuilding CXX object CMakeFiles/inertial_sense_ros2__rosidl_typesupport_fastrtps_cpp.dir/rosidl_typesupport_fastrtps_cpp/inertial_sense_ros2/msg/detail/dds_fastrtps/rtk_info__type_support.cpp.o[0m
[19.933s] [ 56%] [32mBuilding CXX object CMakeFiles/inertial_sense_ros2__rosidl_typesupport_fastrtps_c.dir/rosidl_typesupport_fastrtps_c/inertial_sense_ros2/msg/detail/gps_info__type_support_c.cpp.o[0m
[20.007s] [ 57%] [32mBuilding C object CMakeFiles/inertial_sense_ros2__rosidl_typesupport_introspection_c.dir/rosidl_typesupport_introspection_c/inertial_sense_ros2/srv/detail/ref_lla_update__type_support.c.o[0m
[20.234s] [ 57%] [32m[1mLinking CXX shared library libinertial_sense_ros2__rosidl_typesupport_c.so[0m
[20.363s] [ 58%] [32mBuilding CXX object CMakeFiles/inertial_sense_ros2__rosidl_typesupport_fastrtps_c.dir/rosidl_typesupport_fastrtps_c/inertial_sense_ros2/msg/detail/pimu__type_support_c.cpp.o[0m
[20.365s] [ 58%] [32mBuilding CXX object CMakeFiles/inertial_sense_ros2__rosidl_typesupport_introspection_cpp.dir/rosidl_typesupport_introspection_cpp/inertial_sense_ros2/msg/detail/rtk_rel__type_support.cpp.o[0m
[20.709s] [ 58%] [32m[1mLinking C shared library libinertial_sense_ros2__rosidl_typesupport_introspection_c.so[0m
[21.015s] [ 58%] [32mBuilding CXX object CMakeFiles/inertial_sense_ros2__rosidl_typesupport_cpp.dir/rosidl_typesupport_cpp/inertial_sense_ros2/msg/pimu__type_support.cpp.o[0m
[21.485s] [ 58%] [32mBuilding CXX object CMakeFiles/inertial_sense_ros2__rosidl_typesupport_fastrtps_c.dir/rosidl_typesupport_fastrtps_c/inertial_sense_ros2/msg/detail/rtk_info__type_support_c.cpp.o[0m
[21.882s] [ 59%] [32mBuilding CXX object CMakeFiles/inertial_sense_ros2__rosidl_typesupport_introspection_cpp.dir/rosidl_typesupport_introspection_cpp/inertial_sense_ros2/msg/detail/glonass_ephemeris__type_support.cpp.o[0m
[21.979s] [ 59%] Built target inertial_sense_ros2__rosidl_typesupport_c
[22.032s] [ 59%] Built target inertial_sense_ros2__rosidl_typesupport_introspection_c
[22.243s] [ 60%] [32mBuilding CXX object CMakeFiles/inertial_sense_ros2__rosidl_typesupport_cpp.dir/rosidl_typesupport_cpp/inertial_sense_ros2/msg/rtk_info__type_support.cpp.o[0m
[22.248s] [ 61%] [32mBuilding CXX object CMakeFiles/inertial_sense_ros2__rosidl_typesupport_fastrtps_c.dir/rosidl_typesupport_fastrtps_c/inertial_sense_ros2/msg/detail/rtk_rel__type_support_c.cpp.o[0m
[22.353s] [ 61%] [32mBuilding CXX object CMakeFiles/inertial_sense_ros2__rosidl_typesupport_introspection_cpp.dir/rosidl_typesupport_introspection_cpp/inertial_sense_ros2/msg/detail/gnss_ephemeris__type_support.cpp.o[0m
[22.494s] [ 62%] [32mBuilding CXX object CMakeFiles/inertial_sense_ros2__rosidl_typesupport_introspection_cpp.dir/rosidl_typesupport_introspection_cpp/inertial_sense_ros2/msg/detail/gnss_observation__type_support.cpp.o[0m
[22.766s] [ 62%] [32mBuilding CXX object CMakeFiles/inertial_sense_ros2__rosidl_typesupport_fastrtps_c.dir/rosidl_typesupport_fastrtps_c/inertial_sense_ros2/msg/detail/glonass_ephemeris__type_support_c.cpp.o[0m
[24.096s] [ 62%] [32mBuilding CXX object CMakeFiles/inertial_sense_ros2__rosidl_typesupport_fastrtps_cpp.dir/rosidl_typesupport_fastrtps_cpp/inertial_sense_ros2/msg/detail/dds_fastrtps/rtk_rel__type_support.cpp.o[0m
[24.571s] [ 62%] [32mBuilding CXX object CMakeFiles/inertial_sense_ros2__rosidl_typesupport_cpp.dir/rosidl_typesupport_cpp/inertial_sense_ros2/msg/rtk_rel__type_support.cpp.o[0m
[25.443s] [ 62%] [32mBuilding CXX object CMakeFiles/inertial_sense_ros2__rosidl_typesupport_introspection_cpp.dir/rosidl_typesupport_introspection_cpp/inertial_sense_ros2/msg/detail/gnss_obs_vec__type_support.cpp.o[0m
[25.443s] [ 63%] [32mBuilding CXX object CMakeFiles/inertial_sense_ros2__rosidl_typesupport_fastrtps_cpp.dir/rosidl_typesupport_fastrtps_cpp/inertial_sense_ros2/msg/detail/dds_fastrtps/glonass_ephemeris__type_support.cpp.o[0m
[25.811s] [ 63%] [32mBuilding CXX object CMakeFiles/inertial_sense_ros2__rosidl_typesupport_fastrtps_cpp.dir/rosidl_typesupport_fastrtps_cpp/inertial_sense_ros2/msg/detail/dds_fastrtps/gnss_ephemeris__type_support.cpp.o[0m
[26.145s] [ 64%] [32mBuilding CXX object CMakeFiles/inertial_sense_ros2__rosidl_typesupport_cpp.dir/rosidl_typesupport_cpp/inertial_sense_ros2/msg/glonass_ephemeris__type_support.cpp.o[0m
[26.524s] [ 65%] [32mBuilding CXX object CMakeFiles/inertial_sense_ros2__rosidl_typesupport_fastrtps_c.dir/rosidl_typesupport_fastrtps_c/inertial_sense_ros2/msg/detail/gnss_ephemeris__type_support_c.cpp.o[0m
[26.747s] [ 66%] [32mBuilding CXX object CMakeFiles/inertial_sense_ros2__rosidl_typesupport_fastrtps_cpp.dir/rosidl_typesupport_fastrtps_cpp/inertial_sense_ros2/msg/detail/dds_fastrtps/gnss_observation__type_support.cpp.o[0m
[27.250s] [ 67%] [32mBuilding CXX object CMakeFiles/inertial_sense_ros2__rosidl_typesupport_introspection_cpp.dir/rosidl_typesupport_introspection_cpp/inertial_sense_ros2/msg/detail/inl2_states__type_support.cpp.o[0m
[27.301s] [ 67%] [32mBuilding CXX object CMakeFiles/inertial_sense_ros2__rosidl_typesupport_introspection_cpp.dir/rosidl_typesupport_introspection_cpp/inertial_sense_ros2/msg/detail/didins2__type_support.cpp.o[0m
[27.301s] [ 67%] [32mBuilding CXX object CMakeFiles/inertial_sense_ros2__rosidl_typesupport_cpp.dir/rosidl_typesupport_cpp/inertial_sense_ros2/msg/gnss_ephemeris__type_support.cpp.o[0m
[27.575s] [ 68%] [32mBuilding CXX object CMakeFiles/inertial_sense_ros2__rosidl_typesupport_introspection_cpp.dir/rosidl_typesupport_introspection_cpp/inertial_sense_ros2/msg/detail/didins1__type_support.cpp.o[0m
[27.992s] [ 68%] [32mBuilding CXX object CMakeFiles/inertial_sense_ros2__rosidl_typesupport_fastrtps_c.dir/rosidl_typesupport_fastrtps_c/inertial_sense_ros2/msg/detail/gnss_observation__type_support_c.cpp.o[0m
[28.524s] [ 69%] [32mBuilding CXX object CMakeFiles/inertial_sense_ros2__rosidl_typesupport_fastrtps_c.dir/rosidl_typesupport_fastrtps_c/inertial_sense_ros2/msg/detail/gnss_obs_vec__type_support_c.cpp.o[0m
[29.202s] [ 69%] [32mBuilding CXX object CMakeFiles/inertial_sense_ros2__rosidl_typesupport_fastrtps_cpp.dir/rosidl_typesupport_fastrtps_cpp/inertial_sense_ros2/msg/detail/dds_fastrtps/gnss_obs_vec__type_support.cpp.o[0m
[29.490s] [ 69%] [32mBuilding CXX object CMakeFiles/inertial_sense_ros2__rosidl_typesupport_introspection_cpp.dir/rosidl_typesupport_introspection_cpp/inertial_sense_ros2/msg/detail/didins4__type_support.cpp.o[0m
[31.301s] [ 69%] [32mBuilding CXX object CMakeFiles/inertial_sense_ros2__rosidl_typesupport_fastrtps_c.dir/rosidl_typesupport_fastrtps_c/inertial_sense_ros2/msg/detail/inl2_states__type_support_c.cpp.o[0m
[31.337s] [ 70%] [32mBuilding CXX object CMakeFiles/inertial_sense_ros2__rosidl_typesupport_cpp.dir/rosidl_typesupport_cpp/inertial_sense_ros2/msg/gnss_observation__type_support.cpp.o[0m
[31.710s] [ 70%] [32mBuilding CXX object CMakeFiles/inertial_sense_ros2__rosidl_typesupport_cpp.dir/rosidl_typesupport_cpp/inertial_sense_ros2/msg/gnss_obs_vec__type_support.cpp.o[0m
[31.972s] [ 71%] [32mBuilding CXX object CMakeFiles/inertial_sense_ros2__rosidl_typesupport_cpp.dir/rosidl_typesupport_cpp/inertial_sense_ros2/msg/inl2_states__type_support.cpp.o[0m
[32.172s] [ 72%] [32mBuilding CXX object CMakeFiles/inertial_sense_ros2__rosidl_typesupport_introspection_cpp.dir/rosidl_typesupport_introspection_cpp/inertial_sense_ros2/srv/detail/firmware_update__type_support.cpp.o[0m
[32.604s] [ 73%] [32mBuilding CXX object CMakeFiles/inertial_sense_ros2__rosidl_typesupport_fastrtps_c.dir/rosidl_typesupport_fastrtps_c/inertial_sense_ros2/msg/detail/didins2__type_support_c.cpp.o[0m
[32.615s] [ 73%] [32mBuilding CXX object CMakeFiles/inertial_sense_ros2__rosidl_typesupport_cpp.dir/rosidl_typesupport_cpp/inertial_sense_ros2/msg/didins2__type_support.cpp.o[0m
[32.695s] [ 73%] [32mBuilding CXX object CMakeFiles/inertial_sense_ros2__rosidl_typesupport_fastrtps_c.dir/rosidl_typesupport_fastrtps_c/inertial_sense_ros2/msg/detail/didins1__type_support_c.cpp.o[0m
[33.165s] [ 74%] [32mBuilding CXX object CMakeFiles/inertial_sense_ros2__rosidl_typesupport_fastrtps_cpp.dir/rosidl_typesupport_fastrtps_cpp/inertial_sense_ros2/msg/detail/dds_fastrtps/inl2_states__type_support.cpp.o[0m
[33.166s] [ 74%] [32mBuilding CXX object CMakeFiles/inertial_sense_ros2__rosidl_typesupport_introspection_cpp.dir/rosidl_typesupport_introspection_cpp/inertial_sense_ros2/srv/detail/ref_lla_update__type_support.cpp.o[0m
[33.293s] [ 74%] [32mBuilding CXX object CMakeFiles/inertial_sense_ros2__rosidl_typesupport_fastrtps_cpp.dir/rosidl_typesupport_fastrtps_cpp/inertial_sense_ros2/msg/detail/dds_fastrtps/didins2__type_support.cpp.o[0m
[33.497s] [ 75%] [32mBuilding CXX object CMakeFiles/inertial_sense_ros2__rosidl_typesupport_fastrtps_cpp.dir/rosidl_typesupport_fastrtps_cpp/inertial_sense_ros2/msg/detail/dds_fastrtps/didins1__type_support.cpp.o[0m
[34.304s] [ 76%] [32mBuilding CXX object CMakeFiles/inertial_sense_ros2__rosidl_typesupport_cpp.dir/rosidl_typesupport_cpp/inertial_sense_ros2/msg/didins1__type_support.cpp.o[0m
[34.726s] [ 76%] [32mBuilding CXX object CMakeFiles/inertial_sense_ros2__rosidl_typesupport_cpp.dir/rosidl_typesupport_cpp/inertial_sense_ros2/msg/didins4__type_support.cpp.o[0m
[34.928s] [ 77%] [32mBuilding CXX object CMakeFiles/inertial_sense_ros2__rosidl_typesupport_fastrtps_c.dir/rosidl_typesupport_fastrtps_c/inertial_sense_ros2/msg/detail/didins4__type_support_c.cpp.o[0m
[35.176s] [ 77%] [32mBuilding CXX object CMakeFiles/inertial_sense_ros2__rosidl_typesupport_fastrtps_cpp.dir/rosidl_typesupport_fastrtps_cpp/inertial_sense_ros2/msg/detail/dds_fastrtps/didins4__type_support.cpp.o[0m
[35.287s] [ 78%] [32mBuilding CXX object CMakeFiles/inertial_sense_ros2__rosidl_typesupport_fastrtps_cpp.dir/rosidl_typesupport_fastrtps_cpp/inertial_sense_ros2/srv/detail/dds_fastrtps/firmware_update__type_support.cpp.o[0m
[35.850s] [ 79%] [32mBuilding CXX object CMakeFiles/inertial_sense_ros2__rosidl_typesupport_cpp.dir/rosidl_typesupport_cpp/inertial_sense_ros2/srv/firmware_update__type_support.cpp.o[0m
[35.911s] [ 79%] [32mBuilding CXX object CMakeFiles/inertial_sense_ros2__rosidl_typesupport_cpp.dir/rosidl_typesupport_cpp/inertial_sense_ros2/srv/ref_lla_update__type_support.cpp.o[0m
[36.587s] [ 79%] [32mBuilding CXX object CMakeFiles/inertial_sense_ros2__rosidl_typesupport_fastrtps_cpp.dir/rosidl_typesupport_fastrtps_cpp/inertial_sense_ros2/srv/detail/dds_fastrtps/ref_lla_update__type_support.cpp.o[0m
[36.853s] [ 79%] [32mBuilding CXX object CMakeFiles/inertial_sense_ros2__rosidl_typesupport_fastrtps_c.dir/rosidl_typesupport_fastrtps_c/inertial_sense_ros2/srv/detail/firmware_update__type_support_c.cpp.o[0m
[37.260s] [ 80%] [32mBuilding CXX object CMakeFiles/inertial_sense_ros2__rosidl_typesupport_fastrtps_c.dir/rosidl_typesupport_fastrtps_c/inertial_sense_ros2/srv/detail/ref_lla_update__type_support_c.cpp.o[0m
[37.510s] [ 81%] [32m[1mLinking CXX shared library libinertial_sense_ros2__rosidl_typesupport_introspection_cpp.so[0m
[38.916s] [ 82%] Built target inertial_sense_ros2__rosidl_typesupport_introspection_cpp
[39.732s] In file included from [01m[K/home/s/Inertial_Sense/imx/SDK/ros2/src/serial.cpp:38[m[K:
[39.733s] [01m[K/home/s/Inertial_Sense/imx/SDK/ros2/include/serial.h:67:30:[m[K [01;31m[Kerror: [m[Kexpected ‘[01m[K)[m[K’ before ‘[01m[Kport[m[K’
[39.733s]    67 |   Serial[34m[K([m[Kstd::__cxx11::string[01;31m[K [m[K[32m[Kport[m[K, int baud_rate);
[39.734s]       |         [34m[K~[m[K                    [01;31m[K^[m[K[32m[K~~~~[m[K
[39.734s]       |                              [32m[K)[m[K
[39.751s] [01m[K/home/s/Inertial_Sense/imx/SDK/ros2/src/serial.cpp:43:1:[m[K [01;31m[Kerror: [m[Kno declaration matches ‘[01m[KSerial::[01;32m[KSerial[m[K(std::string, int)[m[K’
[39.752s]    43 | [01;31m[KSerial[m[K::Serial(std::string port, int baud_rate) :
[39.752s]       | [01;31m[K^~~~~~[m[K
[39.752s] [01m[K/home/s/Inertial_Sense/imx/SDK/ros2/include/serial.h:58:7:[m[K [01;36m[Knote: [m[Kcandidates are: ‘[01m[KSerial::[01;32m[KSerial[m[K(const Serial&)[m[K’
[39.753s]    58 | class [01;36m[KSerial[m[K
[39.753s]       |       [01;36m[K^~~~~~[m[K
[39.753s] [01m[K/home/s/Inertial_Sense/imx/SDK/ros2/include/serial.h:58:7:[m[K [01;36m[Knote: [m[K                ‘[01m[KSerial::[01;32m[KSerial[m[K()[m[K’
[39.754s] [01m[K/home/s/Inertial_Sense/imx/SDK/ros2/include/serial.h:58:7:[m[K [01;36m[Knote: [m[K‘[01m[Kclass Serial[m[K’ defined here
[39.780s] [01m[K/home/s/Inertial_Sense/imx/SDK/ros2/src/serial.cpp:[m[K In member function ‘[01m[Kvoid Serial::[01;32m[Kasync_write_end[m[K(const boost::system::error_code&, std::size_t)[m[K’:
[39.781s] [01m[K/home/s/Inertial_Sense/imx/SDK/ros2/src/serial.cpp:172:10:[m[K [01;31m[Kerror: [m[K‘[01m[Kcerr[m[K’ is not a member of ‘[01m[Kstd[m[K’
[39.781s]   172 |     std::[01;31m[Kcerr[m[K << error.message() << std::endl;
[39.782s]       |          [01;31m[K^~~~[m[K
[39.782s] [01m[K/home/s/Inertial_Sense/imx/SDK/ros2/src/serial.cpp:39:1:[m[K [01;36m[Knote: [m[K‘[01m[Kstd::cerr[m[K’ is defined in header ‘[01m[K<iostream>[m[K’; did you forget to ‘[01m[K#include <iostream>[m[K’?
[39.783s]    38 | #include <serial.h>
[39.783s]   +++ |+[32m[K#include <iostream>[m[K
[39.783s]    39 | 
[39.798s] [ 83%] [32m[1mLinking CXX shared library libinertial_sense_ros2__rosidl_typesupport_cpp.so[0m
[40.309s] [ 84%] Built target inertial_sense_ros2__rosidl_typesupport_cpp
[41.188s] [ 84%] [32m[1mLinking CXX shared library libinertial_sense_ros2__rosidl_typesupport_fastrtps_c.so[0m
[41.581s] [ 85%] [32m[1mLinking CXX shared library libinertial_sense_ros2__rosidl_typesupport_fastrtps_cpp.so[0m
[41.794s] gmake[2]: *** [CMakeFiles/new_target.dir/build.make:118: CMakeFiles/new_target.dir/src/serial.cpp.o] Error 1
[41.795s] gmake[1]: *** [CMakeFiles/Makefile2:623: CMakeFiles/new_target.dir/all] Error 2
[41.796s] gmake[1]: *** Waiting for unfinished jobs....
[41.797s] [ 85%] Built target inertial_sense_ros2__rosidl_typesupport_fastrtps_c
[41.965s] [ 86%] Built target inertial_sense_ros2__rosidl_typesupport_fastrtps_cpp
[41.969s] gmake: *** [Makefile:146: all] Error 2
[41.978s] Invoked command in '/home/s/Inertial_Sense/imx/SDK/ros2/build/inertial_sense_ros2' returned '2': CMAKE_PREFIX_PATH=${CMAKE_PREFIX_PATH}:/opt/ros/jazzy DEBUGINFOD_URLS=https://debuginfod.ubuntu.com /usr/bin/cmake --build /home/s/Inertial_Sense/imx/SDK/ros2/build/inertial_sense_ros2 -- -j16 -l16
