[0.154s] Invoking command in '/home/s/Inertial_Sense/imx/SDK/ros2/build/inertial_sense_ros2': CMAKE_PREFIX_PATH=${CMAKE_PREFIX_PATH}:/opt/ros/jazzy DEBUGINFOD_URLS=https://debuginfod.ubuntu.com /usr/bin/cmake --build /home/s/Inertial_Sense/imx/SDK/ros2/build/inertial_sense_ros2 -- -j16 -l16
[0.581s] -- Found rosidl_default_generators: 1.6.0 (/opt/ros/jazzy/share/rosidl_default_generators/cmake)
[1.640s] -- Using all available rosidl_typesupport_c: rosidl_typesupport_fastrtps_c;rosidl_typesupport_introspection_c
[2.106s] -- Using all available rosidl_typesupport_cpp: rosidl_typesupport_fastrtps_cpp;rosidl_typesupport_introspection_cpp
[2.447s] -- Found rosidl_adapter: 4.6.2 (/opt/ros/jazzy/share/rosidl_adapter/cmake)
[2.476s] -- Found rclcpp: 28.1.2 (/opt/ros/jazzy/share/rclcpp/cmake)
[3.026s] -- Found rmw_implementation_cmake: 7.3.1 (/opt/ros/jazzy/share/rmw_implementation_cmake/cmake)
[3.042s] -- Found rmw_fastrtps_cpp: 8.4.0 (/opt/ros/jazzy/share/rmw_fastrtps_cpp/cmake)
[3.699s] -- Using RMW implementation 'rmw_fastrtps_cpp' as default
[4.169s] -- Found rclpy: 7.1.1 (/opt/ros/jazzy/share/rclpy/cmake)
[4.172s] -- Found std_msgs: 5.3.5 (/opt/ros/jazzy/share/std_msgs/cmake)
[4.275s] -- Found sensor_msgs: 5.3.5 (/opt/ros/jazzy/share/sensor_msgs/cmake)
[4.566s] -- Found diagnostic_msgs: 5.3.5 (/opt/ros/jazzy/share/diagnostic_msgs/cmake)
[6.220s] [31mCMake Error at /opt/ros/jazzy/share/rosidl_adapter/cmake/rosidl_adapt_interfaces.cmake:57 (message):
[6.222s]   execute_process(/usr/bin/python3 -m rosidl_adapter --package-name
[6.224s]   inertial_sense_ros2 --arguments-file
[6.226s]   /home/s/Inertial_Sense/imx/SDK/ros2/build/inertial_sense_ros2/rosidl_adapter__arguments__inertial_sense_ros2.json
[6.228s]   --output-dir
[6.229s]   /home/s/Inertial_Sense/imx/SDK/ros2/build/inertial_sense_ros2/rosidl_adapter/inertial_sense_ros2
[6.231s]   --output-file
[6.233s]   /home/s/Inertial_Sense/imx/SDK/ros2/build/inertial_sense_ros2/rosidl_adapter/inertial_sense_ros2.idls)
[6.234s]   returned error code 1:
[6.236s] 
[6.237s]   Error processing 'geometry_msgs/msg/Vector3 posEcef' of
[6.240s]   'inertial_sense_ros2/GPS': 'geometry_msgs/msg/Vector3'
[6.242s] 
[6.244s]   Traceback (most recent call last):
[6.245s] 
[6.246s]     File "<frozen runpy>", line 198, in _run_module_as_main
[6.248s]     File "<frozen runpy>", line 88, in _run_code
[6.249s]     File "/opt/ros/jazzy/lib/python3.12/site-packages/rosidl_adapter/__main__.py", line 19, in <module>
[6.251s]       sys.exit(main())
[6.252s]                ^^^^^^
[6.254s]     File "/opt/ros/jazzy/lib/python3.12/site-packages/rosidl_adapter/main.py", line 53, in main
[6.256s]       abs_idl_file = convert_to_idl(
[6.257s]                      ^^^^^^^^^^^^^^^
[6.258s]     File "/opt/ros/jazzy/lib/python3.12/site-packages/rosidl_adapter/__init__.py", line 19, in convert_to_idl
[6.260s]       return convert_msg_to_idl(
[6.262s]              ^^^^^^^^^^^^^^^^^^^
[6.263s]     File "/opt/ros/jazzy/lib/python3.12/site-packages/rosidl_adapter/msg/__init__.py", line 28, in convert_msg_to_idl
[6.265s]       msg = parse_message_string(package_name, input_file.stem, content)
[6.266s]             ^^^^^^^^^^^^^^^^^^^^^^^^^^^^^^^^^^^^^^^^^^^^^^^^^^^^^^^^^^^^
[6.268s]     File "/opt/ros/jazzy/lib/python3.12/site-packages/rosidl_adapter/parser.py", line 521, in parse_message_string
[6.269s]       Type(type_string, context_package_name=pkg_name),
[6.271s]       ^^^^^^^^^^^^^^^^^^^^^^^^^^^^^^^^^^^^^^^^^^^^^^^^
[6.272s]     File "/opt/ros/jazzy/lib/python3.12/site-packages/rosidl_adapter/parser.py", line 278, in __init__
[6.274s]       super(Type, self).__init__(
[6.275s]     File "/opt/ros/jazzy/lib/python3.12/site-packages/rosidl_adapter/parser.py", line 191, in __init__
[6.277s]       raise InvalidResourceName(type_string)
[6.278s] 
[6.279s]   rosidl_adapter.parser.InvalidResourceName: geometry_msgs/msg/Vector3
[6.281s] 
[6.282s] Call Stack (most recent call first):
[6.284s]   /opt/ros/jazzy/share/rosidl_cmake/cmake/rosidl_generate_interfaces.cmake:132 (rosidl_adapt_interfaces)
[6.285s]   CMakeLists.txt:16 (rosidl_generate_interfaces)
[6.287s] 
[6.288s] [0m
[6.290s] -- Configuring incomplete, errors occurred!
[6.323s] gmake: *** [Makefile:1355: cmake_check_build_system] Error 1
[6.356s] Invoked command in '/home/s/Inertial_Sense/imx/SDK/ros2/build/inertial_sense_ros2' returned '2': CMAKE_PREFIX_PATH=${CMAKE_PREFIX_PATH}:/opt/ros/jazzy DEBUGINFOD_URLS=https://debuginfod.ubuntu.com /usr/bin/cmake --build /home/s/Inertial_Sense/imx/SDK/ros2/build/inertial_sense_ros2 -- -j16 -l16
