[0.041s] Invoking command in '/home/s/Inertial_Sense/imx/SDK/ros2/build/inertial_sense_ros2': CMAKE_PREFIX_PATH=${CMAKE_PREFIX_PATH}:/opt/ros/jazzy DEBUGINFOD_URLS=https://debuginfod.ubuntu.com /usr/bin/cmake --build /home/s/Inertial_Sense/imx/SDK/ros2/build/inertial_sense_ros2 -- -j6 -l6
[0.278s] [  1%] Built target inertial_sense_ros2__rosidl_generator_type_description
[0.347s] [  1%] Built target ament_cmake_python_copy_inertial_sense_ros2
[0.392s] [  1%] Built target inertial_sense_ros2__cpp
[0.401s] [  2%] Linking CXX executable new_target
[0.448s] [ 28%] Built target inertial_sense_ros2__rosidl_generator_c
[0.608s] [ 38%] Built target inertial_sense_ros2__rosidl_typesupport_introspection_c
[0.636s] [ 48%] Built target inertial_sense_ros2__rosidl_typesupport_fastrtps_c
[0.651s] [ 62%] Built target inertial_sense_ros2__rosidl_typesupport_cpp
[0.654s] [ 67%] Built target inertial_sense_ros2__rosidl_typesupport_fastrtps_cpp
[0.721s] [ 76%] Built target inertial_sense_ros2__rosidl_typesupport_c
[0.772s] [ 85%] Built target inertial_sense_ros2__rosidl_typesupport_introspection_cpp
[0.868s] [ 85%] Built target inertial_sense_ros2
[0.973s] [ 86%] Built target inertial_sense_ros2__py
[1.111s] [ 95%] Built target inertial_sense_ros2__rosidl_generator_py
[1.243s] [ 96%] Built target inertial_sense_ros2_s__rosidl_typesupport_introspection_c
[1.243s] [ 97%] Built target inertial_sense_ros2_s__rosidl_typesupport_c
[1.261s] [ 98%] Built target inertial_sense_ros2_s__rosidl_typesupport_fastrtps_c
[1.302s] running egg_info
[1.419s] writing inertial_sense_ros2.egg-info/PKG-INFO
[1.420s] writing dependency_links to inertial_sense_ros2.egg-info/dependency_links.txt
[1.422s] writing top-level names to inertial_sense_ros2.egg-info/top_level.txt
[1.638s] /usr/bin/ld: CMakeFiles/new_target.dir/src/inertial_sense_ros2.cpp.o: warning: relocation against `_ZTVN4YAML13BadConversionE' in read-only section `.text._ZN4YAML13BadConversionC2ERKNS_4MarkE[_ZN4YAML13BadConversionC5ERKNS_4MarkE]'
[1.662s] reading manifest file 'inertial_sense_ros2.egg-info/SOURCES.txt'
[1.669s] writing manifest file 'inertial_sense_ros2.egg-info/SOURCES.txt'
[1.809s] [ 98%] Built target ament_cmake_python_build_inertial_sense_ros2_egg
[1.885s] /usr/bin/ld: CMakeFiles/new_target.dir/src/inertial_sense_ros2.cpp.o: in function `is_comm_parse_byte':
[1.889s] inertial_sense_ros2.cpp:(.text+0x8d): undefined reference to `is_comm_parse_byte_timeout'
[1.894s] /usr/bin/ld: CMakeFiles/new_target.dir/src/inertial_sense_ros2.cpp.o: in function `InertialSenseROS::InertialSenseROS(YAML::Node, bool)':
[1.894s] inertial_sense_ros2.cpp:(.text+0x632): undefined reference to `InertialSense::InertialSense(std::function<void (InertialSense*, p_data_t*, int)>, int (*)(unsigned int, p_data_get_t*), int (*)(unsigned int, unsigned char const*, int), int (*)(unsigned int, unsigned char const*, int), int (*)(unsigned int, unsigned char const*, int), int (*)(unsigned int, unsigned char const*, int))'
[1.900s] /usr/bin/ld: inertial_sense_ros2.cpp:(.text+0x7c5): undefined reference to `InertialSense::~InertialSense()'
[1.907s] /usr/bin/ld: CMakeFiles/new_target.dir/src/inertial_sense_ros2.cpp.o: in function `InertialSenseROS::terminate()':
[1.907s] inertial_sense_ros2.cpp:(.text+0xfde): undefined reference to `InertialSense::Close()'
[1.911s] /usr/bin/ld: inertial_sense_ros2.cpp:(.text+0xff0): undefined reference to `InertialSense::CloseServerConnection()'
[1.915s] /usr/bin/ld: CMakeFiles/new_target.dir/src/inertial_sense_ros2.cpp.o: in function `InertialSenseROS::initializeIS(bool)':
[1.923s] inertial_sense_ros2.cpp:(.text+0x12db): undefined reference to `InertialSense::StopBroadcasts(bool)'
[1.924s] /usr/bin/ld: inertial_sense_ros2.cpp:(.text+0x12fa): undefined reference to `InertialSense::SetSysCmd(unsigned int, int)'
[1.925s] /usr/bin/ld: inertial_sense_ros2.cpp:(.text+0x1319): undefined reference to `InertialSense::SetSysCmd(unsigned int, int)'
[1.929s] /usr/bin/ld: inertial_sense_ros2.cpp:(.text+0x136d): undefined reference to `InertialSense::StopBroadcasts(bool)'
[1.931s] /usr/bin/ld: inertial_sense_ros2.cpp:(.text+0x13a5): undefined reference to `InertialSense::SavePersistent()'
[1.943s] /usr/bin/ld: CMakeFiles/new_target.dir/src/inertial_sense_ros2.cpp.o: in function `InertialSenseROS::initializeROS()':
[1.944s] inertial_sense_ros2.cpp:(.text+0x19e3): undefined reference to `InertialSense::BroadcastBinaryData(unsigned int, int, std::function<void (InertialSense*, p_data_t*, int)>)'
[1.952s] /usr/bin/ld: CMakeFiles/new_target.dir/src/inertial_sense_ros2.cpp.o: in function `InertialSenseROS::load_params(YAML::Node&)':
[1.952s] inertial_sense_ros2.cpp:(.text+0x4307): undefined reference to `ParamHelper::paramServerToYamlNode(YAML::Node&, std::__cxx11::basic_string<char, std::char_traits<char>, std::allocator<char> >, std::__cxx11::basic_string<char, std::char_traits<char>, std::allocator<char> >)'
[1.953s] /usr/bin/ld: inertial_sense_ros2.cpp:(.text+0x4e71): undefined reference to `ParamHelper::node(YAML::Node&, std::__cxx11::basic_string<char, std::char_traits<char>, std::allocator<char> >, int)'
[1.959s] /usr/bin/ld: inertial_sense_ros2.cpp:(.text+0x4eea): undefined reference to `ParamHelper::node(YAML::Node&, std::__cxx11::basic_string<char, std::char_traits<char>, std::allocator<char> >, int)'
[1.961s] /usr/bin/ld: inertial_sense_ros2.cpp:(.text+0x4fa6): undefined reference to `ParamHelper::msgParams(TopicHelper&, std::__cxx11::basic_string<char, std::char_traits<char>, std::allocator<char> >, std::__cxx11::basic_string<char, std::char_traits<char>, std::allocator<char> >, bool, int, bool)'
[1.968s] /usr/bin/ld: inertial_sense_ros2.cpp:(.text+0x5085): undefined reference to `ParamHelper::msgParams(TopicHelper&, std::__cxx11::basic_string<char, std::char_traits<char>, std::allocator<char> >, std::__cxx11::basic_string<char, std::char_traits<char>, std::allocator<char> >, bool, int, bool)'
[1.970s] /usr/bin/ld: inertial_sense_ros2.cpp:(.text+0x5164): undefined reference to `ParamHelper::msgParams(TopicHelper&, std::__cxx11::basic_string<char, std::char_traits<char>, std::allocator<char> >, std::__cxx11::basic_string<char, std::char_traits<char>, std::allocator<char> >, bool, int, bool)'
[1.974s] /usr/bin/ld: inertial_sense_ros2.cpp:(.text+0x5243): undefined reference to `ParamHelper::msgParams(TopicHelper&, std::__cxx11::basic_string<char, std::char_traits<char>, std::allocator<char> >, std::__cxx11::basic_string<char, std::char_traits<char>, std::allocator<char> >, bool, int, bool)'
[1.975s] /usr/bin/ld: inertial_sense_ros2.cpp:(.text+0x5322): undefined reference to `ParamHelper::msgParams(TopicHelper&, std::__cxx11::basic_string<char, std::char_traits<char>, std::allocator<char> >, std::__cxx11::basic_string<char, std::char_traits<char>, std::allocator<char> >, bool, int, bool)'
[1.982s] /usr/bin/ld: inertial_sense_ros2.cpp:(.text+0x5435): undefined reference to `ParamHelper::node(YAML::Node&, std::__cxx11::basic_string<char, std::char_traits<char>, std::allocator<char> >, int)'
[1.986s] /usr/bin/ld: inertial_sense_ros2.cpp:(.text+0x598d): undefined reference to `ParamHelper::node(YAML::Node&, std::__cxx11::basic_string<char, std::char_traits<char>, std::allocator<char> >, int)'
[1.989s] /usr/bin/ld: inertial_sense_ros2.cpp:(.text+0x5a49): undefined reference to `ParamHelper::msgParams(TopicHelper&, std::__cxx11::basic_string<char, std::char_traits<char>, std::allocator<char> >, std::__cxx11::basic_string<char, std::char_traits<char>, std::allocator<char> >, bool, int, bool)'
[1.992s] /usr/bin/ld: inertial_sense_ros2.cpp:(.text+0x5b28): undefined reference to `ParamHelper::msgParams(TopicHelper&, std::__cxx11::basic_string<char, std::char_traits<char>, std::allocator<char> >, std::__cxx11::basic_string<char, std::char_traits<char>, std::allocator<char> >, bool, int, bool)'
[1.995s] /usr/bin/ld: inertial_sense_ros2.cpp:(.text+0x5c07): undefined reference to `ParamHelper::msgParams(TopicHelper&, std::__cxx11::basic_string<char, std::char_traits<char>, std::allocator<char> >, std::__cxx11::basic_string<char, std::char_traits<char>, std::allocator<char> >, bool, int, bool)'
[2.000s] /usr/bin/ld: inertial_sense_ros2.cpp:(.text+0x5ce6): undefined reference to `ParamHelper::msgParams(TopicHelper&, std::__cxx11::basic_string<char, std::char_traits<char>, std::allocator<char> >, std::__cxx11::basic_string<char, std::char_traits<char>, std::allocator<char> >, bool, int, bool)'
[2.002s] /usr/bin/ld: inertial_sense_ros2.cpp:(.text+0x5dc5): undefined reference to `ParamHelper::msgParams(TopicHelper&, std::__cxx11::basic_string<char, std::char_traits<char>, std::allocator<char> >, std::__cxx11::basic_string<char, std::char_traits<char>, std::allocator<char> >, bool, int, bool)'
[2.009s] /usr/bin/ld: CMakeFiles/new_target.dir/src/inertial_sense_ros2.cpp.o:inertial_sense_ros2.cpp:(.text+0x5ea4): more undefined references to `ParamHelper::msgParams(TopicHelper&, std::__cxx11::basic_string<char, std::char_traits<char>, std::allocator<char> >, std::__cxx11::basic_string<char, std::char_traits<char>, std::allocator<char> >, bool, int, bool)' follow
[2.015s] /usr/bin/ld: CMakeFiles/new_target.dir/src/inertial_sense_ros2.cpp.o: in function `InertialSenseROS::load_params(YAML::Node&)':
[2.015s] inertial_sense_ros2.cpp:(.text+0x60af): undefined reference to `ParamHelper::node(YAML::Node&, std::__cxx11::basic_string<char, std::char_traits<char>, std::allocator<char> >, int)'
[2.019s] /usr/bin/ld: inertial_sense_ros2.cpp:(.text+0x62fb): undefined reference to `ParamHelper::node(YAML::Node&, std::__cxx11::basic_string<char, std::char_traits<char>, std::allocator<char> >, int)'
[2.019s] /usr/bin/ld: inertial_sense_ros2.cpp:(.text+0x63b7): undefined reference to `ParamHelper::msgParams(TopicHelper&, std::__cxx11::basic_string<char, std::char_traits<char>, std::allocator<char> >, std::__cxx11::basic_string<char, std::char_traits<char>, std::allocator<char> >, bool, int, bool)'
[2.021s] /usr/bin/ld: inertial_sense_ros2.cpp:(.text+0x6496): undefined reference to `ParamHelper::msgParams(TopicHelper&, std::__cxx11::basic_string<char, std::char_traits<char>, std::allocator<char> >, std::__cxx11::basic_string<char, std::char_traits<char>, std::allocator<char> >, bool, int, bool)'
[2.027s] /usr/bin/ld: inertial_sense_ros2.cpp:(.text+0x6575): undefined reference to `ParamHelper::msgParams(TopicHelper&, std::__cxx11::basic_string<char, std::char_traits<char>, std::allocator<char> >, std::__cxx11::basic_string<char, std::char_traits<char>, std::allocator<char> >, bool, int, bool)'
[2.027s] /usr/bin/ld: inertial_sense_ros2.cpp:(.text+0x6654): undefined reference to `ParamHelper::msgParams(TopicHelper&, std::__cxx11::basic_string<char, std::char_traits<char>, std::allocator<char> >, std::__cxx11::basic_string<char, std::char_traits<char>, std::allocator<char> >, bool, int, bool)'
[2.031s] /usr/bin/ld: inertial_sense_ros2.cpp:(.text+0x6780): undefined reference to `ParamHelper::node(YAML::Node&, std::__cxx11::basic_string<char, std::char_traits<char>, std::allocator<char> >, int)'
[2.035s] /usr/bin/ld: inertial_sense_ros2.cpp:(.text+0x6949): undefined reference to `ParamHelper::node(YAML::Node&, std::__cxx11::basic_string<char, std::char_traits<char>, std::allocator<char> >, int)'
[2.036s] /usr/bin/ld: inertial_sense_ros2.cpp:(.text+0x6a05): undefined reference to `ParamHelper::msgParams(TopicHelper&, std::__cxx11::basic_string<char, std::char_traits<char>, std::allocator<char> >, std::__cxx11::basic_string<char, std::char_traits<char>, std::allocator<char> >, bool, int, bool)'
[2.042s] /usr/bin/ld: inertial_sense_ros2.cpp:(.text+0x6ae4): undefined reference to `ParamHelper::msgParams(TopicHelper&, std::__cxx11::basic_string<char, std::char_traits<char>, std::allocator<char> >, std::__cxx11::basic_string<char, std::char_traits<char>, std::allocator<char> >, bool, int, bool)'
[2.044s] /usr/bin/ld: inertial_sense_ros2.cpp:(.text+0x6bc3): undefined reference to `ParamHelper::msgParams(TopicHelper&, std::__cxx11::basic_string<char, std::char_traits<char>, std::allocator<char> >, std::__cxx11::basic_string<char, std::char_traits<char>, std::allocator<char> >, bool, int, bool)'
[2.045s] /usr/bin/ld: inertial_sense_ros2.cpp:(.text+0x6ca2): undefined reference to `ParamHelper::msgParams(TopicHelper&, std::__cxx11::basic_string<char, std::char_traits<char>, std::allocator<char> >, std::__cxx11::basic_string<char, std::char_traits<char>, std::allocator<char> >, bool, int, bool)'
[2.047s] /usr/bin/ld: inertial_sense_ros2.cpp:(.text+0x6dce): undefined reference to `ParamHelper::node(YAML::Node&, std::__cxx11::basic_string<char, std::char_traits<char>, std::allocator<char> >, int)'
[2.052s] /usr/bin/ld: inertial_sense_ros2.cpp:(.text+0x6f3d): undefined reference to `ParamHelper::node(YAML::Node&, std::__cxx11::basic_string<char, std::char_traits<char>, std::allocator<char> >, int)'
[2.057s] /usr/bin/ld: inertial_sense_ros2.cpp:(.text+0x704a): undefined reference to `ParamHelper::node(YAML::Node&, std::__cxx11::basic_string<char, std::char_traits<char>, std::allocator<char> >, int)'
[2.057s] /usr/bin/ld: inertial_sense_ros2.cpp:(.text+0x7157): undefined reference to `ParamHelper::node(YAML::Node&, std::__cxx11::basic_string<char, std::char_traits<char>, std::allocator<char> >, int)'
[2.067s] /usr/bin/ld: CMakeFiles/new_target.dir/src/inertial_sense_ros2.cpp.o: in function `InertialSenseROS::configure_data_streams(bool)':
[2.067s] inertial_sense_ros2.cpp:(.text+0x8e2c): undefined reference to `InertialSense::BroadcastBinaryData(unsigned int, int, std::function<void (InertialSense*, p_data_t*, int)>)'
[2.067s] /usr/bin/ld: inertial_sense_ros2.cpp:(.text+0x9102): undefined reference to `InertialSense::BroadcastBinaryData(unsigned int, int, std::function<void (InertialSense*, p_data_t*, int)>)'
[2.073s] /usr/bin/ld: inertial_sense_ros2.cpp:(.text+0x9423): undefined reference to `InertialSense::BroadcastBinaryData(unsigned int, int, std::function<void (InertialSense*, p_data_t*, int)>)'
[2.074s] /usr/bin/ld: inertial_sense_ros2.cpp:(.text+0x948d): undefined reference to `InertialSense::BroadcastBinaryData(unsigned int, int, std::function<void (InertialSense*, p_data_t*, int)>)'
[2.078s] /usr/bin/ld: inertial_sense_ros2.cpp:(.text+0x97d1): undefined reference to `InertialSense::BroadcastBinaryData(unsigned int, int, std::function<void (InertialSense*, p_data_t*, int)>)'
[2.080s] /usr/bin/ld: CMakeFiles/new_target.dir/src/inertial_sense_ros2.cpp.o:inertial_sense_ros2.cpp:(.text+0x983b): more undefined references to `InertialSense::BroadcastBinaryData(unsigned int, int, std::function<void (InertialSense*, p_data_t*, int)>)' follow
[2.085s] /usr/bin/ld: CMakeFiles/new_target.dir/src/inertial_sense_ros2.cpp.o: in function `InertialSenseROS::configure_data_streams(bool)':
[2.086s] inertial_sense_ros2.cpp:(.text+0x9e18): undefined reference to `cISDataMappings::GetDataSetName(unsigned int)'
[2.086s] /usr/bin/ld: inertial_sense_ros2.cpp:(.text+0x9f1b): undefined reference to `InertialSense::BroadcastBinaryData(unsigned int, int, std::function<void (InertialSense*, p_data_t*, int)>)'
[2.091s] /usr/bin/ld: inertial_sense_ros2.cpp:(.text+0xa118): undefined reference to `cISDataMappings::GetDataSetName(unsigned int)'
[2.092s] /usr/bin/ld: inertial_sense_ros2.cpp:(.text+0xa22b): undefined reference to `InertialSense::BroadcastBinaryData(unsigned int, int, std::function<void (InertialSense*, p_data_t*, int)>)'
[2.095s] /usr/bin/ld: inertial_sense_ros2.cpp:(.text+0xa43a): undefined reference to `cISDataMappings::GetDataSetName(unsigned int)'
[2.097s] /usr/bin/ld: inertial_sense_ros2.cpp:(.text+0xa54d): undefined reference to `InertialSense::BroadcastBinaryData(unsigned int, int, std::function<void (InertialSense*, p_data_t*, int)>)'
[2.104s] /usr/bin/ld: inertial_sense_ros2.cpp:(.text+0xa75c): undefined reference to `cISDataMappings::GetDataSetName(unsigned int)'
[2.105s] /usr/bin/ld: inertial_sense_ros2.cpp:(.text+0xa86f): undefined reference to `InertialSense::BroadcastBinaryData(unsigned int, int, std::function<void (InertialSense*, p_data_t*, int)>)'
[2.109s] /usr/bin/ld: inertial_sense_ros2.cpp:(.text+0xaa7e): undefined reference to `cISDataMappings::GetDataSetName(unsigned int)'
[2.116s] /usr/bin/ld: inertial_sense_ros2.cpp:(.text+0xab91): undefined reference to `InertialSense::BroadcastBinaryData(unsigned int, int, std::function<void (InertialSense*, p_data_t*, int)>)'
[2.118s] /usr/bin/ld: inertial_sense_ros2.cpp:(.text+0xabd7): undefined reference to `InertialSense::FlashConfig(nvm_flash_cfg_t&, int)'
[2.123s] /usr/bin/ld: inertial_sense_ros2.cpp:(.text+0xb49e): undefined reference to `cISDataMappings::GetDataSetName(unsigned int)'
[2.127s] /usr/bin/ld: inertial_sense_ros2.cpp:(.text+0xb5b1): undefined reference to `InertialSense::BroadcastBinaryData(unsigned int, int, std::function<void (InertialSense*, p_data_t*, int)>)'
[2.129s] /usr/bin/ld: inertial_sense_ros2.cpp:(.text+0xb7c0): undefined reference to `cISDataMappings::GetDataSetName(unsigned int)'
[2.133s] /usr/bin/ld: inertial_sense_ros2.cpp:(.text+0xb8d3): undefined reference to `InertialSense::BroadcastBinaryData(unsigned int, int, std::function<void (InertialSense*, p_data_t*, int)>)'
[2.133s] /usr/bin/ld: inertial_sense_ros2.cpp:(.text+0xbae2): undefined reference to `cISDataMappings::GetDataSetName(unsigned int)'
[2.135s] /usr/bin/ld: inertial_sense_ros2.cpp:(.text+0xbbf5): undefined reference to `InertialSense::BroadcastBinaryData(unsigned int, int, std::function<void (InertialSense*, p_data_t*, int)>)'
[2.137s] /usr/bin/ld: inertial_sense_ros2.cpp:(.text+0xbe04): undefined reference to `cISDataMappings::GetDataSetName(unsigned int)'
[2.140s] /usr/bin/ld: inertial_sense_ros2.cpp:(.text+0xbf17): undefined reference to `InertialSense::BroadcastBinaryData(unsigned int, int, std::function<void (InertialSense*, p_data_t*, int)>)'
[2.143s] /usr/bin/ld: inertial_sense_ros2.cpp:(.text+0xc13c): undefined reference to `cISDataMappings::GetDataSetName(unsigned int)'
[2.145s] /usr/bin/ld: inertial_sense_ros2.cpp:(.text+0xc24f): undefined reference to `InertialSense::BroadcastBinaryData(unsigned int, int, std::function<void (InertialSense*, p_data_t*, int)>)'
[2.148s] /usr/bin/ld: inertial_sense_ros2.cpp:(.text+0xc45e): undefined reference to `cISDataMappings::GetDataSetName(unsigned int)'
[2.150s] /usr/bin/ld: inertial_sense_ros2.cpp:(.text+0xc571): undefined reference to `InertialSense::BroadcastBinaryData(unsigned int, int, std::function<void (InertialSense*, p_data_t*, int)>)'
[2.153s] /usr/bin/ld: inertial_sense_ros2.cpp:(.text+0xc780): undefined reference to `cISDataMappings::GetDataSetName(unsigned int)'
[2.158s] /usr/bin/ld: inertial_sense_ros2.cpp:(.text+0xc893): undefined reference to `InertialSense::BroadcastBinaryData(unsigned int, int, std::function<void (InertialSense*, p_data_t*, int)>)'
[2.164s] /usr/bin/ld: inertial_sense_ros2.cpp:(.text+0xcaa2): undefined reference to `cISDataMappings::GetDataSetName(unsigned int)'
[2.164s] /usr/bin/ld: inertial_sense_ros2.cpp:(.text+0xcbb5): undefined reference to `InertialSense::BroadcastBinaryData(unsigned int, int, std::function<void (InertialSense*, p_data_t*, int)>)'
[2.165s] /usr/bin/ld: inertial_sense_ros2.cpp:(.text+0xcdc4): undefined reference to `cISDataMappings::GetDataSetName(unsigned int)'
[2.166s] /usr/bin/ld: inertial_sense_ros2.cpp:(.text+0xced7): undefined reference to `InertialSense::BroadcastBinaryData(unsigned int, int, std::function<void (InertialSense*, p_data_t*, int)>)'
[2.169s] /usr/bin/ld: inertial_sense_ros2.cpp:(.text+0xd0e6): undefined reference to `cISDataMappings::GetDataSetName(unsigned int)'
[2.172s] /usr/bin/ld: inertial_sense_ros2.cpp:(.text+0xd1f9): undefined reference to `InertialSense::BroadcastBinaryData(unsigned int, int, std::function<void (InertialSense*, p_data_t*, int)>)'
[2.175s] /usr/bin/ld: inertial_sense_ros2.cpp:(.text+0xd408): undefined reference to `cISDataMappings::GetDataSetName(unsigned int)'
[2.179s] /usr/bin/ld: inertial_sense_ros2.cpp:(.text+0xd51b): undefined reference to `InertialSense::BroadcastBinaryData(unsigned int, int, std::function<void (InertialSense*, p_data_t*, int)>)'
[2.181s] /usr/bin/ld: inertial_sense_ros2.cpp:(.text+0xd72a): undefined reference to `cISDataMappings::GetDataSetName(unsigned int)'
[2.183s] /usr/bin/ld: inertial_sense_ros2.cpp:(.text+0xd83d): undefined reference to `InertialSense::BroadcastBinaryData(unsigned int, int, std::function<void (InertialSense*, p_data_t*, int)>)'
[2.187s] /usr/bin/ld: CMakeFiles/new_target.dir/src/inertial_sense_ros2.cpp.o: in function `InertialSenseROS::start_log()':
[2.187s] inertial_sense_ros2.cpp:(.text+0xf3fe): undefined reference to `cISLogger::CreateCurrentTimestamp[abi:cxx11]()'
[2.191s] /usr/bin/ld: inertial_sense_ros2.cpp:(.text+0xf774): undefined reference to `cISLogger::g_emptyString[abi:cxx11]'
[2.196s] /usr/bin/ld: inertial_sense_ros2.cpp:(.text+0xf7a6): undefined reference to `InertialSense::SetLoggerEnabled(bool, std::__cxx11::basic_string<char, std::char_traits<char>, std::allocator<char> > const&, cISLogger::eLogType, unsigned long, unsigned int, float, unsigned int, std::__cxx11::basic_string<char, std::char_traits<char>, std::allocator<char> > const&)'
[2.199s] /usr/bin/ld: CMakeFiles/new_target.dir/src/inertial_sense_ros2.cpp.o: in function `InertialSenseROS::connect(float)':
[2.200s] inertial_sense_ros2.cpp:(.text+0xfcd6): undefined reference to `InertialSense::Open(char const*, int, bool)'
[2.205s] /usr/bin/ld: inertial_sense_ros2.cpp:(.text+0x1017f): undefined reference to `InertialSense::DeviceInfo(int)'
[2.209s] /usr/bin/ld: CMakeFiles/new_target.dir/src/inertial_sense_ros2.cpp.o: in function `InertialSenseROS::firmware_compatiblity_check()':
[2.210s] inertial_sense_ros2.cpp:(.text+0x106a5): undefined reference to `InertialSense::DeviceInfo(int)'
[2.215s] /usr/bin/ld: inertial_sense_ros2.cpp:(.text+0x10728): undefined reference to `InertialSense::DeviceInfo(int)'
[2.217s] /usr/bin/ld: CMakeFiles/new_target.dir/src/inertial_sense_ros2.cpp.o: in function `InertialSenseROS::configure_flash_parameters()':
[2.217s] inertial_sense_ros2.cpp:(.text+0x10972): undefined reference to `InertialSense::FlashConfig(nvm_flash_cfg_t&, int)'
[2.222s] /usr/bin/ld: inertial_sense_ros2.cpp:(.text+0x1129b): undefined reference to `InertialSense::SendData(unsigned int, unsigned char*, unsigned int, unsigned int)'
[2.224s] /usr/bin/ld: CMakeFiles/new_target.dir/src/inertial_sense_ros2.cpp.o: in function `InertialSenseROS::connect_rtk_client(RtkRoverCorrectionProvider_Ntrip&)':
[2.224s] inertial_sense_ros2.cpp:(.text+0x114d2): undefined reference to `RtkRoverCorrectionProvider_Ntrip::get_connection_string[abi:cxx11]()'
[2.231s] /usr/bin/ld: inertial_sense_ros2.cpp:(.text+0x11501): undefined reference to `InertialSense::OpenConnectionToServer(std::__cxx11::basic_string<char, std::char_traits<char>, std::allocator<char> > const&)'
[2.232s] /usr/bin/ld: CMakeFiles/new_target.dir/src/inertial_sense_ros2.cpp.o: in function `InertialSenseROS::start_rtk_server(RtkBaseCorrectionProvider_Ntrip&)':
[2.232s] inertial_sense_ros2.cpp:(.text+0x12f98): undefined reference to `RtkBaseCorrectionProvider_Ntrip::get_connection_string[abi:cxx11]()'
[2.237s] /usr/bin/ld: inertial_sense_ros2.cpp:(.text+0x12fb8): undefined reference to `InertialSense::CreateHost(std::__cxx11::basic_string<char, std::char_traits<char>, std::allocator<char> > const&)'
[2.241s] /usr/bin/ld: CMakeFiles/new_target.dir/src/inertial_sense_ros2.cpp.o: in function `InertialSenseROS::configure_rtk()':
[2.242s] inertial_sense_ros2.cpp:(.text+0x13de3): undefined reference to `InertialSense::BroadcastBinaryData(unsigned int, int, std::function<void (InertialSense*, p_data_t*, int)>)'
[2.245s] /usr/bin/ld: inertial_sense_ros2.cpp:(.text+0x13e4d): undefined reference to `InertialSense::BroadcastBinaryData(unsigned int, int, std::function<void (InertialSense*, p_data_t*, int)>)'
[2.247s] /usr/bin/ld: inertial_sense_ros2.cpp:(.text+0x141d0): undefined reference to `InertialSense::BroadcastBinaryData(unsigned int, int, std::function<void (InertialSense*, p_data_t*, int)>)'
[2.250s] /usr/bin/ld: inertial_sense_ros2.cpp:(.text+0x1423a): undefined reference to `InertialSense::BroadcastBinaryData(unsigned int, int, std::function<void (InertialSense*, p_data_t*, int)>)'
[2.253s] /usr/bin/ld: inertial_sense_ros2.cpp:(.text+0x14548): undefined reference to `InertialSense::BroadcastBinaryData(unsigned int, int, std::function<void (InertialSense*, p_data_t*, int)>)'
[2.255s] /usr/bin/ld: CMakeFiles/new_target.dir/src/inertial_sense_ros2.cpp.o:inertial_sense_ros2.cpp:(.text+0x145b2): more undefined references to `InertialSense::BroadcastBinaryData(unsigned int, int, std::function<void (InertialSense*, p_data_t*, int)>)' follow
[2.258s] /usr/bin/ld: CMakeFiles/new_target.dir/src/inertial_sense_ros2.cpp.o: in function `InertialSenseROS::configure_rtk()':
[2.259s] inertial_sense_ros2.cpp:(.text+0x1490b): undefined reference to `RtkBaseProvider::getProvidersByType(std::__cxx11::basic_string<char, std::char_traits<char>, std::allocator<char> >)'
[2.262s] /usr/bin/ld: inertial_sense_ros2.cpp:(.text+0x14987): undefined reference to `InertialSense::SendData(unsigned int, unsigned char*, unsigned int, unsigned int)'
[2.265s] /usr/bin/ld: inertial_sense_ros2.cpp:(.text+0x14c8f): undefined reference to `InertialSense::BroadcastBinaryData(unsigned int, int, std::function<void (InertialSense*, p_data_t*, int)>)'
[2.268s] /usr/bin/ld: inertial_sense_ros2.cpp:(.text+0x14cf9): undefined reference to `InertialSense::BroadcastBinaryData(unsigned int, int, std::function<void (InertialSense*, p_data_t*, int)>)'
[2.270s] /usr/bin/ld: inertial_sense_ros2.cpp:(.text+0x150b4): undefined reference to `InertialSense::BroadcastBinaryData(unsigned int, int, std::function<void (InertialSense*, p_data_t*, int)>)'
[2.272s] /usr/bin/ld: inertial_sense_ros2.cpp:(.text+0x1511e): undefined reference to `InertialSense::BroadcastBinaryData(unsigned int, int, std::function<void (InertialSense*, p_data_t*, int)>)'
[2.275s] /usr/bin/ld: inertial_sense_ros2.cpp:(.text+0x15502): undefined reference to `InertialSense::BroadcastBinaryData(unsigned int, int, std::function<void (InertialSense*, p_data_t*, int)>)'
[2.279s] /usr/bin/ld: CMakeFiles/new_target.dir/src/inertial_sense_ros2.cpp.o:inertial_sense_ros2.cpp:(.text+0x1556c): more undefined references to `InertialSense::BroadcastBinaryData(unsigned int, int, std::function<void (InertialSense*, p_data_t*, int)>)' follow
[2.283s] /usr/bin/ld: CMakeFiles/new_target.dir/src/inertial_sense_ros2.cpp.o: in function `InertialSenseROS::configure_rtk()':
[2.283s] inertial_sense_ros2.cpp:(.text+0x158d8): undefined reference to `RtkBaseProvider::getProvidersByType(std::__cxx11::basic_string<char, std::char_traits<char>, std::allocator<char> >)'
[2.287s] /usr/bin/ld: inertial_sense_ros2.cpp:(.text+0x15954): undefined reference to `InertialSense::SendData(unsigned int, unsigned char*, unsigned int, unsigned int)'
[2.290s] /usr/bin/ld: CMakeFiles/new_target.dir/src/inertial_sense_ros2.cpp.o: in function `InertialSenseROS::INS4_callback(unsigned int, ins_4_t const*)':
[2.292s] inertial_sense_ros2.cpp:(.text+0x174ba): undefined reference to `eye_MatN'
[2.296s] /usr/bin/ld: inertial_sense_ros2.cpp:(.text+0x1757f): undefined reference to `ecef2lla'
[2.299s] /usr/bin/ld: inertial_sense_ros2.cpp:(.text+0x175b5): undefined reference to `quat_ecef2ned'
[2.302s] /usr/bin/ld: inertial_sense_ros2.cpp:(.text+0x178e9): undefined reference to `quat2euler'
[2.304s] /usr/bin/ld: inertial_sense_ros2.cpp:(.text+0x1795a): undefined reference to `vectorBodyToReference'
[2.307s] /usr/bin/ld: inertial_sense_ros2.cpp:(.text+0x17c8f): undefined reference to `mul_Quat_ConjQuat'
[2.313s] /usr/bin/ld: inertial_sense_ros2.cpp:(.text+0x17ce8): undefined reference to `transpose_Mat3'
[2.314s] /usr/bin/ld: inertial_sense_ros2.cpp:(.text+0x17ed0): undefined reference to `ecef2lla'
[2.319s] /usr/bin/ld: inertial_sense_ros2.cpp:(.text+0x17ef0): undefined reference to `lla_Deg2Rad_d'
[2.320s] /usr/bin/ld: inertial_sense_ros2.cpp:(.text+0x17f10): undefined reference to `lla2ned_d'
[2.324s] /usr/bin/ld: inertial_sense_ros2.cpp:(.text+0x17ff1): undefined reference to `quatConjRot'
[2.327s] /usr/bin/ld: inertial_sense_ros2.cpp:(.text+0x180b3): undefined reference to `quatRot'
[2.329s] /usr/bin/ld: inertial_sense_ros2.cpp:(.text+0x1840e): undefined reference to `euler2quat'
[2.331s] /usr/bin/ld: inertial_sense_ros2.cpp:(.text+0x1842e): undefined reference to `mul_Quat_ConjQuat'
[2.334s] /usr/bin/ld: inertial_sense_ros2.cpp:(.text+0x1844e): undefined reference to `mul_Quat_ConjQuat'
[2.337s] /usr/bin/ld: inertial_sense_ros2.cpp:(.text+0x1846e): undefined reference to `mul_Quat_Quat'
[2.340s] /usr/bin/ld: inertial_sense_ros2.cpp:(.text+0x184c7): undefined reference to `transpose_Mat3'
[2.344s] /usr/bin/ld: inertial_sense_ros2.cpp:(.text+0x186af): undefined reference to `ecef2lla'
[2.346s] /usr/bin/ld: inertial_sense_ros2.cpp:(.text+0x186cf): undefined reference to `lla_Deg2Rad_d'
[2.349s] /usr/bin/ld: inertial_sense_ros2.cpp:(.text+0x186ef): undefined reference to `lla2ned_d'
[2.352s] /usr/bin/ld: inertial_sense_ros2.cpp:(.text+0x187db): undefined reference to `quatConjRot'
[2.354s] /usr/bin/ld: inertial_sense_ros2.cpp:(.text+0x188a8): undefined reference to `quatRot'
[2.358s] /usr/bin/ld: CMakeFiles/new_target.dir/src/inertial_sense_ros2.cpp.o: in function `InertialSenseROS::update()':
[2.360s] inertial_sense_ros2.cpp:(.text+0x1a0ca): undefined reference to `InertialSense::IsOpen()'
[2.361s] /usr/bin/ld: inertial_sense_ros2.cpp:(.text+0x1a0e3): undefined reference to `InertialSense::Close()'
[2.364s] /usr/bin/ld: inertial_sense_ros2.cpp:(.text+0x1a118): undefined reference to `InertialSense::Update()'
[2.367s] /usr/bin/ld: CMakeFiles/new_target.dir/src/inertial_sense_ros2.cpp.o: in function `InertialSenseROS::set_current_position_as_refLLA(std_srvs::srv::Trigger_Request_<std::allocator<void> >&, std_srvs::srv::Trigger_Response_<std::allocator<void> >&)':
[2.368s] inertial_sense_ros2.cpp:(.text+0x1db1a): undefined reference to `InertialSense::SendData(unsigned int, unsigned char*, unsigned int, unsigned int)'
[2.371s] /usr/bin/ld: inertial_sense_ros2.cpp:(.text+0x1db39): undefined reference to `comManagerGetData'
[2.374s] /usr/bin/ld: inertial_sense_ros2.cpp:(.text+0x1db68): undefined reference to `InertialSense::FlashConfig(nvm_flash_cfg_t&, int)'
[2.376s] /usr/bin/ld: inertial_sense_ros2.cpp:(.text+0x1db6f): undefined reference to `comManagerStep'
[2.381s] /usr/bin/ld: inertial_sense_ros2.cpp:(.text+0x1dc61): undefined reference to `comManagerGetData'
[2.381s] /usr/bin/ld: inertial_sense_ros2.cpp:(.text+0x1de12): undefined reference to `comManagerGetData'
[2.385s] /usr/bin/ld: CMakeFiles/new_target.dir/src/inertial_sense_ros2.cpp.o: in function `InertialSenseROS::set_refLLA_to_value(std::shared_ptr<inertial_sense_ros2::srv::RefLLAUpdate_Request_<std::allocator<void> > >, std::shared_ptr<inertial_sense_ros2::srv::RefLLAUpdate_Response_<std::allocator<void> > >)':
[2.386s] inertial_sense_ros2.cpp:(.text+0x1df92): undefined reference to `InertialSense::SendData(unsigned int, unsigned char*, unsigned int, unsigned int)'
[2.387s] /usr/bin/ld: inertial_sense_ros2.cpp:(.text+0x1dfb1): undefined reference to `comManagerGetData'
[2.393s] /usr/bin/ld: inertial_sense_ros2.cpp:(.text+0x1dfe0): undefined reference to `InertialSense::FlashConfig(nvm_flash_cfg_t&, int)'
[2.394s] /usr/bin/ld: inertial_sense_ros2.cpp:(.text+0x1dfe7): undefined reference to `comManagerStep'
[2.398s] /usr/bin/ld: inertial_sense_ros2.cpp:(.text+0x1e11d): undefined reference to `comManagerGetData'
[2.400s] /usr/bin/ld: inertial_sense_ros2.cpp:(.text+0x1e326): undefined reference to `comManagerGetData'
[2.405s] /usr/bin/ld: CMakeFiles/new_target.dir/src/inertial_sense_ros2.cpp.o: in function `InertialSenseROS::perform_mag_cal_srv_callback(std::shared_ptr<std_srvs::srv::Trigger_Request_<std::allocator<void> > >, std::shared_ptr<std_srvs::srv::Trigger_Response_<std::allocator<void> > >)':
[2.405s] inertial_sense_ros2.cpp:(.text+0x1e4b4): undefined reference to `InertialSense::SendData(unsigned int, unsigned char*, unsigned int, unsigned int)'
[2.407s] /usr/bin/ld: inertial_sense_ros2.cpp:(.text+0x1e4d2): undefined reference to `is_comm_init'
[2.411s] /usr/bin/ld: inertial_sense_ros2.cpp:(.text+0x1e5bd): undefined reference to `serialPortReadCharTimeout'
[2.414s] /usr/bin/ld: CMakeFiles/new_target.dir/src/inertial_sense_ros2.cpp.o: in function `InertialSenseROS::perform_multi_mag_cal_srv_callback(std::shared_ptr<std_srvs::srv::Trigger_Request_<std::allocator<void> > >, std::shared_ptr<std_srvs::srv::Trigger_Response_<std::allocator<void> > >)':
[2.415s] inertial_sense_ros2.cpp:(.text+0x1e65a): undefined reference to `InertialSense::SendData(unsigned int, unsigned char*, unsigned int, unsigned int)'
[2.416s] /usr/bin/ld: inertial_sense_ros2.cpp:(.text+0x1e678): undefined reference to `is_comm_init'
[2.421s] /usr/bin/ld: inertial_sense_ros2.cpp:(.text+0x1e763): undefined reference to `serialPortReadCharTimeout'
[2.422s] /usr/bin/ld: CMakeFiles/new_target.dir/src/inertial_sense_ros2.cpp.o: in function `InertialSenseROS::reset_device()':
[2.423s] inertial_sense_ros2.cpp:(.text+0x1e803): undefined reference to `InertialSense::SendData(unsigned int, unsigned char*, unsigned int, unsigned int)'
[2.433s] /usr/bin/ld: inertial_sense_ros2.cpp:(.text+0x1ea83): undefined reference to `InertialSense::Close()'
[2.441s] /usr/bin/ld: CMakeFiles/new_target.dir/src/inertial_sense_ros2.cpp.o: in function `InertialSenseROS::transform_6x6_covariance(float*, float*, float*, float*)':
[2.441s] inertial_sense_ros2.cpp:(.text+0x1f998): undefined reference to `mul_Mat3x3_Mat3x3'
[2.442s] /usr/bin/ld: inertial_sense_ros2.cpp:(.text+0x1f9b5): undefined reference to `mul_Mat3x3_Mat3x3_Trans'
[2.444s] /usr/bin/ld: inertial_sense_ros2.cpp:(.text+0x1f9d2): undefined reference to `mul_Mat3x3_Mat3x3'
[2.447s] /usr/bin/ld: inertial_sense_ros2.cpp:(.text+0x1f9ef): undefined reference to `mul_Mat3x3_Mat3x3_Trans'
[2.450s] /usr/bin/ld: inertial_sense_ros2.cpp:(.text+0x1fa0c): undefined reference to `mul_Mat3x3_Mat3x3'
[2.455s] /usr/bin/ld: inertial_sense_ros2.cpp:(.text+0x1fa26): undefined reference to `mul_Mat3x3_Mat3x3_Trans'
[2.459s] /usr/bin/ld: CMakeFiles/new_target.dir/src/inertial_sense_ros2.cpp.o: in function `YAML::Exception::Exception(YAML::Mark const&, std::__cxx11::basic_string<char, std::char_traits<char>, std::allocator<char> > const&)':
[2.459s] inertial_sense_ros2.cpp:(.text._ZN4YAML9ExceptionC2ERKNS_4MarkERKNSt7__cxx1112basic_stringIcSt11char_traitsIcESaIcEEE[_ZN4YAML9ExceptionC5ERKNS_4MarkERKNSt7__cxx1112basic_stringIcSt11char_traitsIcESaIcEEE]+0x61): undefined reference to `vtable for YAML::Exception'
[2.462s] /usr/bin/ld: CMakeFiles/new_target.dir/src/inertial_sense_ros2.cpp.o: in function `YAML::RepresentationException::RepresentationException(YAML::Mark const&, std::__cxx11::basic_string<char, std::char_traits<char>, std::allocator<char> > const&)':
[2.463s] inertial_sense_ros2.cpp:(.text._ZN4YAML23RepresentationExceptionC2ERKNS_4MarkERKNSt7__cxx1112basic_stringIcSt11char_traitsIcESaIcEEE[_ZN4YAML23RepresentationExceptionC5ERKNS_4MarkERKNSt7__cxx1112basic_stringIcSt11char_traitsIcESaIcEEE]+0x32): undefined reference to `vtable for YAML::RepresentationException'
[2.466s] /usr/bin/ld: CMakeFiles/new_target.dir/src/inertial_sense_ros2.cpp.o: in function `YAML::InvalidNode::InvalidNode(std::__cxx11::basic_string<char, std::char_traits<char>, std::allocator<char> > const&)':
[2.466s] inertial_sense_ros2.cpp:(.text._ZN4YAML11InvalidNodeC2ERKNSt7__cxx1112basic_stringIcSt11char_traitsIcESaIcEEE[_ZN4YAML11InvalidNodeC5ERKNSt7__cxx1112basic_stringIcSt11char_traitsIcESaIcEEE]+0x71): undefined reference to `vtable for YAML::InvalidNode'
[2.470s] /usr/bin/ld: CMakeFiles/new_target.dir/src/inertial_sense_ros2.cpp.o: in function `YAML::BadConversion::BadConversion(YAML::Mark const&)':
[2.471s] inertial_sense_ros2.cpp:(.text._ZN4YAML13BadConversionC2ERKNS_4MarkE[_ZN4YAML13BadConversionC5ERKNS_4MarkE]+0x7b): undefined reference to `vtable for YAML::BadConversion'
[2.473s] /usr/bin/ld: CMakeFiles/new_target.dir/src/inertial_sense_ros2.cpp.o: in function `YAML::detail::memory_holder::create_node()':
[2.473s] inertial_sense_ros2.cpp:(.text._ZN4YAML6detail13memory_holder11create_nodeEv[_ZN4YAML6detail13memory_holder11create_nodeEv]+0x20): undefined reference to `YAML::detail::memory::create_node()'
[2.476s] /usr/bin/ld: CMakeFiles/new_target.dir/src/inertial_sense_ros2.cpp.o: in function `YAML::detail::node_ref::mark_defined()':
[2.476s] inertial_sense_ros2.cpp:(.text._ZN4YAML6detail8node_ref12mark_definedEv[_ZN4YAML6detail8node_ref12mark_definedEv]+0x20): undefined reference to `YAML::detail::node_data::mark_defined()'
[2.481s] /usr/bin/ld: CMakeFiles/new_target.dir/src/inertial_sense_ros2.cpp.o: in function `YAML::detail::node_ref::set_type(YAML::NodeType::value)':
[2.482s] inertial_sense_ros2.cpp:(.text._ZN4YAML6detail8node_ref8set_typeENS_8NodeType5valueE[_ZN4YAML6detail8node_ref8set_typeENS_8NodeType5valueE]+0x2b): undefined reference to `YAML::detail::node_data::set_type(YAML::NodeType::value)'
[2.483s] /usr/bin/ld: CMakeFiles/new_target.dir/src/inertial_sense_ros2.cpp.o: in function `YAML::detail::node_ref::set_null()':
[2.483s] inertial_sense_ros2.cpp:(.text._ZN4YAML6detail8node_ref8set_nullEv[_ZN4YAML6detail8node_ref8set_nullEv]+0x20): undefined reference to `YAML::detail::node_data::set_null()'
[2.486s] /usr/bin/ld: CMakeFiles/new_target.dir/src/inertial_sense_ros2.cpp.o: in function `YAML::detail::node_ref::set_scalar(std::__cxx11::basic_string<char, std::char_traits<char>, std::allocator<char> > const&)':
[2.486s] inertial_sense_ros2.cpp:(.text._ZN4YAML6detail8node_ref10set_scalarERKNSt7__cxx1112basic_stringIcSt11char_traitsIcESaIcEEE[_ZN4YAML6detail8node_ref10set_scalarERKNSt7__cxx1112basic_stringIcSt11char_traitsIcESaIcEEE]+0x2e): undefined reference to `YAML::detail::node_data::set_scalar(std::__cxx11::basic_string<char, std::char_traits<char>, std::allocator<char> > const&)'
[2.489s] /usr/bin/ld: CMakeFiles/new_target.dir/src/inertial_sense_ros2.cpp.o: in function `YAML::detail::node_ref::begin()':
[2.489s] inertial_sense_ros2.cpp:(.text._ZN4YAML6detail8node_ref5beginEv[_ZN4YAML6detail8node_ref5beginEv]+0x3d): undefined reference to `YAML::detail::node_data::begin()'
[2.491s] /usr/bin/ld: CMakeFiles/new_target.dir/src/inertial_sense_ros2.cpp.o: in function `YAML::detail::node_ref::end()':
[2.491s] inertial_sense_ros2.cpp:(.text._ZN4YAML6detail8node_ref3endEv[_ZN4YAML6detail8node_ref3endEv]+0x3d): undefined reference to `YAML::detail::node_data::end()'
[2.495s] /usr/bin/ld: CMakeFiles/new_target.dir/src/inertial_sense_ros2.cpp.o: in function `YAML::detail::node_ref::push_back(YAML::detail::node&, std::shared_ptr<YAML::detail::memory_holder>)':
[2.496s] inertial_sense_ros2.cpp:(.text._ZN4YAML6detail8node_ref9push_backERNS0_4nodeESt10shared_ptrINS0_13memory_holderEE[_ZN4YAML6detail8node_ref9push_backERNS0_4nodeESt10shared_ptrINS0_13memory_holderEE]+0x36): undefined reference to `YAML::detail::node_data::push_back(YAML::detail::node&, std::shared_ptr<YAML::detail::memory_holder> const&)'
[2.497s] /usr/bin/ld: CMakeFiles/new_target.dir/src/inertial_sense_ros2.cpp.o: in function `YAML::detail::node::push_back(YAML::detail::node&, std::shared_ptr<YAML::detail::memory_holder>)':
[2.497s] inertial_sense_ros2.cpp:(.text._ZN4YAML6detail4node9push_backERS1_St10shared_ptrINS0_13memory_holderEE[_ZN4YAML6detail4node9push_backERS1_St10shared_ptrINS0_13memory_holderEE]+0x8e): undefined reference to `YAML::detail::node::m_amount'
[2.501s] /usr/bin/ld: CMakeFiles/new_target.dir/src/inertial_sense_ros2.cpp.o: in function `YAML::Node::EnsureNodeExists() const':
[2.501s] inertial_sense_ros2.cpp:(.text._ZNK4YAML4Node16EnsureNodeExistsEv[_ZNK4YAML4Node16EnsureNodeExistsEv]+0x46): undefined reference to `YAML::InvalidNode::~InvalidNode()'
[2.503s] /usr/bin/ld: inertial_sense_ros2.cpp:(.text._ZNK4YAML4Node16EnsureNodeExistsEv[_ZNK4YAML4Node16EnsureNodeExistsEv]+0x50): undefined reference to `typeinfo for YAML::InvalidNode'
[2.506s] /usr/bin/ld: CMakeFiles/new_target.dir/src/inertial_sense_ros2.cpp.o: in function `YAML::Node::Mark() const':
[2.508s] inertial_sense_ros2.cpp:(.text._ZNK4YAML4Node4MarkEv[_ZNK4YAML4Node4MarkEv]+0x44): undefined reference to `YAML::InvalidNode::~InvalidNode()'
[2.508s] /usr/bin/ld: inertial_sense_ros2.cpp:(.text._ZNK4YAML4Node4MarkEv[_ZNK4YAML4Node4MarkEv]+0x4e): undefined reference to `typeinfo for YAML::InvalidNode'
[2.512s] /usr/bin/ld: CMakeFiles/new_target.dir/src/inertial_sense_ros2.cpp.o: in function `YAML::Node::Type() const':
[2.512s] inertial_sense_ros2.cpp:(.text._ZNK4YAML4Node4TypeEv[_ZNK4YAML4Node4TypeEv]+0x44): undefined reference to `YAML::InvalidNode::~InvalidNode()'
[2.513s] /usr/bin/ld: inertial_sense_ros2.cpp:(.text._ZNK4YAML4Node4TypeEv[_ZNK4YAML4Node4TypeEv]+0x4e): undefined reference to `typeinfo for YAML::InvalidNode'
[2.515s] /usr/bin/ld: CMakeFiles/new_target.dir/src/inertial_sense_ros2.cpp.o: in function `YAML::TypedBadConversion<std::__cxx11::basic_string<char, std::char_traits<char>, std::allocator<char> > >::~TypedBadConversion()':
[2.515s] inertial_sense_ros2.cpp:(.text._ZN4YAML18TypedBadConversionINSt7__cxx1112basic_stringIcSt11char_traitsIcESaIcEEEED2Ev[_ZN4YAML18TypedBadConversionINSt7__cxx1112basic_stringIcSt11char_traitsIcESaIcEEEED5Ev]+0x26): undefined reference to `YAML::BadConversion::~BadConversion()'
[2.517s] /usr/bin/ld: CMakeFiles/new_target.dir/src/inertial_sense_ros2.cpp.o: in function `YAML::Node::Scalar[abi:cxx11]() const':
[2.517s] inertial_sense_ros2.cpp:(.text._ZNK4YAML4Node6ScalarB5cxx11Ev[_ZNK4YAML4Node6ScalarB5cxx11Ev]+0x44): undefined reference to `YAML::InvalidNode::~InvalidNode()'
[2.519s] /usr/bin/ld: inertial_sense_ros2.cpp:(.text._ZNK4YAML4Node6ScalarB5cxx11Ev[_ZNK4YAML4Node6ScalarB5cxx11Ev]+0x4e): undefined reference to `typeinfo for YAML::InvalidNode'
[2.520s] /usr/bin/ld: inertial_sense_ros2.cpp:(.text._ZNK4YAML4Node6ScalarB5cxx11Ev[_ZNK4YAML4Node6ScalarB5cxx11Ev]+0x7d): undefined reference to `YAML::detail::node_data::empty_scalar[abi:cxx11]()'
[2.523s] /usr/bin/ld: CMakeFiles/new_target.dir/src/inertial_sense_ros2.cpp.o: in function `YAML::Node::is(YAML::Node const&) const':
[2.524s] inertial_sense_ros2.cpp:(.text._ZNK4YAML4Node2isERKS0_[_ZNK4YAML4Node2isERKS0_]+0x56): undefined reference to `YAML::InvalidNode::~InvalidNode()'
[2.525s] /usr/bin/ld: inertial_sense_ros2.cpp:(.text._ZNK4YAML4Node2isERKS0_[_ZNK4YAML4Node2isERKS0_]+0x60): undefined reference to `typeinfo for YAML::InvalidNode'
[2.529s] /usr/bin/ld: CMakeFiles/new_target.dir/src/inertial_sense_ros2.cpp.o: in function `YAML::Node::AssignData(YAML::Node const&)':
[2.530s] inertial_sense_ros2.cpp:(.text._ZN4YAML4Node10AssignDataERKS0_[_ZN4YAML4Node10AssignDataERKS0_]+0x72): undefined reference to `YAML::detail::memory_holder::merge(YAML::detail::memory_holder&)'
[2.530s] /usr/bin/ld: CMakeFiles/new_target.dir/src/inertial_sense_ros2.cpp.o: in function `YAML::Node::AssignNode(YAML::Node const&)':
[2.531s] inertial_sense_ros2.cpp:(.text._ZN4YAML4Node10AssignNodeERKS0_[_ZN4YAML4Node10AssignNodeERKS0_]+0x48): undefined reference to `YAML::InvalidNode::~InvalidNode()'
[2.534s] /usr/bin/ld: inertial_sense_ros2.cpp:(.text._ZN4YAML4Node10AssignNodeERKS0_[_ZN4YAML4Node10AssignNodeERKS0_]+0x52): undefined reference to `typeinfo for YAML::InvalidNode'
[2.537s] /usr/bin/ld: inertial_sense_ros2.cpp:(.text._ZN4YAML4Node10AssignNodeERKS0_[_ZN4YAML4Node10AssignNodeERKS0_]+0xec): undefined reference to `YAML::detail::memory_holder::merge(YAML::detail::memory_holder&)'
[2.540s] /usr/bin/ld: CMakeFiles/new_target.dir/src/inertial_sense_ros2.cpp.o: in function `YAML::Node::push_back(YAML::Node const&)':
[2.540s] inertial_sense_ros2.cpp:(.text._ZN4YAML4Node9push_backERKS0_[_ZN4YAML4Node9push_backERKS0_]+0xa8): undefined reference to `YAML::detail::memory_holder::merge(YAML::detail::memory_holder&)'
[2.546s] /usr/bin/ld: CMakeFiles/new_target.dir/src/inertial_sense_ros2.cpp.o: in function `TopicHelper::streamingCheck(unsigned int, bool&)':
[2.547s] inertial_sense_ros2.cpp:(.text._ZN11TopicHelper14streamingCheckEjRb[_ZN11TopicHelper14streamingCheckEjRb]+0x212): undefined reference to `cISDataMappings::GetDataSetName(unsigned int)'
[2.550s] /usr/bin/ld: CMakeFiles/new_target.dir/src/inertial_sense_ros2.cpp.o: in function `ParamHelper::ParamHelper(YAML::Node&)':
[2.551s] inertial_sense_ros2.cpp:(.text._ZN11ParamHelperC2ERN4YAML4NodeE[_ZN11ParamHelperC5ERN4YAML4NodeE]+0x52): undefined reference to `ParamHelper::setCurrentNode(YAML::Node)'
[2.556s] /usr/bin/ld: CMakeFiles/new_target.dir/src/inertial_sense_ros2.cpp.o: in function `RtkBaseProvider::RtkBaseProvider(YAML::Node)':
[2.556s] inertial_sense_ros2.cpp:(.text._ZN15RtkBaseProviderC2EN4YAML4NodeE[_ZN15RtkBaseProviderC5EN4YAML4NodeE]+0xb3): undefined reference to `RtkBaseProvider::configure(YAML::Node&)'
[2.559s] /usr/bin/ld: CMakeFiles/new_target.dir/src/inertial_sense_ros2.cpp.o: in function `RtkRoverProvider::RtkRoverProvider(YAML::Node)':
[2.559s] inertial_sense_ros2.cpp:(.text._ZN16RtkRoverProviderC2EN4YAML4NodeE[_ZN16RtkRoverProviderC5EN4YAML4NodeE]+0x5f): undefined reference to `RtkRoverProvider::configure(YAML::Node&)'
[2.568s] /usr/bin/ld: CMakeFiles/new_target.dir/src/inertial_sense_ros2.cpp.o: in function `std::__cxx11::basic_string<char, std::char_traits<char>, std::allocator<char> > YAML::Node::as<std::__cxx11::basic_string<char, std::char_traits<char>, std::allocator<char> > >() const':
[2.568s] inertial_sense_ros2.cpp:(.text._ZNK4YAML4Node2asINSt7__cxx1112basic_stringIcSt11char_traitsIcESaIcEEEEET_v[_ZNK4YAML4Node2asINSt7__cxx1112basic_stringIcSt11char_traitsIcESaIcEEEEET_v]+0x6b): undefined reference to `YAML::InvalidNode::~InvalidNode()'
[2.570s] /usr/bin/ld: inertial_sense_ros2.cpp:(.text._ZNK4YAML4Node2asINSt7__cxx1112basic_stringIcSt11char_traitsIcESaIcEEEEET_v[_ZNK4YAML4Node2asINSt7__cxx1112basic_stringIcSt11char_traitsIcESaIcEEEEET_v]+0x75): undefined reference to `typeinfo for YAML::InvalidNode'
[2.579s] /usr/bin/ld: CMakeFiles/new_target.dir/src/inertial_sense_ros2.cpp.o: in function `double YAML::Node::as<double>() const':
[2.580s] inertial_sense_ros2.cpp:(.text._ZNK4YAML4Node2asIdEET_v[_ZNK4YAML4Node2asIdEET_v]+0x67): undefined reference to `YAML::InvalidNode::~InvalidNode()'
[2.582s] /usr/bin/ld: inertial_sense_ros2.cpp:(.text._ZNK4YAML4Node2asIdEET_v[_ZNK4YAML4Node2asIdEET_v]+0x71): undefined reference to `typeinfo for YAML::InvalidNode'
[2.584s] /usr/bin/ld: CMakeFiles/new_target.dir/src/inertial_sense_ros2.cpp.o: in function `float YAML::Node::as<float>() const':
[2.584s] inertial_sense_ros2.cpp:(.text._ZNK4YAML4Node2asIfEET_v[_ZNK4YAML4Node2asIfEET_v]+0x67): undefined reference to `YAML::InvalidNode::~InvalidNode()'
[2.586s] /usr/bin/ld: inertial_sense_ros2.cpp:(.text._ZNK4YAML4Node2asIfEET_v[_ZNK4YAML4Node2asIfEET_v]+0x71): undefined reference to `typeinfo for YAML::InvalidNode'
[2.589s] /usr/bin/ld: CMakeFiles/new_target.dir/src/inertial_sense_ros2.cpp.o: in function `bool YAML::Node::as<bool>() const':
[2.589s] inertial_sense_ros2.cpp:(.text._ZNK4YAML4Node2asIbEET_v[_ZNK4YAML4Node2asIbEET_v]+0x67): undefined reference to `YAML::InvalidNode::~InvalidNode()'
[2.592s] /usr/bin/ld: inertial_sense_ros2.cpp:(.text._ZNK4YAML4Node2asIbEET_v[_ZNK4YAML4Node2asIbEET_v]+0x71): undefined reference to `typeinfo for YAML::InvalidNode'
[2.594s] /usr/bin/ld: CMakeFiles/new_target.dir/src/inertial_sense_ros2.cpp.o: in function `int YAML::Node::as<int>() const':
[2.595s] inertial_sense_ros2.cpp:(.text._ZNK4YAML4Node2asIiEET_v[_ZNK4YAML4Node2asIiEET_v]+0x67): undefined reference to `YAML::InvalidNode::~InvalidNode()'
[2.598s] /usr/bin/ld: inertial_sense_ros2.cpp:(.text._ZNK4YAML4Node2asIiEET_v[_ZNK4YAML4Node2asIiEET_v]+0x71): undefined reference to `typeinfo for YAML::InvalidNode'
[2.603s] /usr/bin/ld: CMakeFiles/new_target.dir/src/inertial_sense_ros2.cpp.o: in function `unsigned int YAML::Node::as<unsigned int>() const':
[2.603s] inertial_sense_ros2.cpp:(.text._ZNK4YAML4Node2asIjEET_v[_ZNK4YAML4Node2asIjEET_v]+0x67): undefined reference to `YAML::InvalidNode::~InvalidNode()'
[2.603s] /usr/bin/ld: inertial_sense_ros2.cpp:(.text._ZNK4YAML4Node2asIjEET_v[_ZNK4YAML4Node2asIjEET_v]+0x71): undefined reference to `typeinfo for YAML::InvalidNode'
[2.607s] /usr/bin/ld: CMakeFiles/new_target.dir/src/inertial_sense_ros2.cpp.o: in function `std::vector<double, std::allocator<double> > YAML::Node::as<std::vector<double, std::allocator<double> > >() const':
[2.608s] inertial_sense_ros2.cpp:(.text._ZNK4YAML4Node2asISt6vectorIdSaIdEEEET_v[_ZNK4YAML4Node2asISt6vectorIdSaIdEEEET_v]+0x6b): undefined reference to `YAML::InvalidNode::~InvalidNode()'
[2.615s] /usr/bin/ld: inertial_sense_ros2.cpp:(.text._ZNK4YAML4Node2asISt6vectorIdSaIdEEEET_v[_ZNK4YAML4Node2asISt6vectorIdSaIdEEEET_v]+0x75): undefined reference to `typeinfo for YAML::InvalidNode'
[2.616s] /usr/bin/ld: CMakeFiles/new_target.dir/src/inertial_sense_ros2.cpp.o: in function `void YAML::Node::Assign<int>(int const&)':
[2.616s] inertial_sense_ros2.cpp:(.text._ZN4YAML4Node6AssignIiEEvRKT_[_ZN4YAML4Node6AssignIiEEvRKT_]+0x6b): undefined reference to `YAML::InvalidNode::~InvalidNode()'
[2.622s] /usr/bin/ld: inertial_sense_ros2.cpp:(.text._ZN4YAML4Node6AssignIiEEvRKT_[_ZN4YAML4Node6AssignIiEEvRKT_]+0x75): undefined reference to `typeinfo for YAML::InvalidNode'
[2.628s] /usr/bin/ld: CMakeFiles/new_target.dir/src/inertial_sense_ros2.cpp.o: in function `YAML::TypedBadConversion<double>::~TypedBadConversion()':
[2.632s] inertial_sense_ros2.cpp:(.text._ZN4YAML18TypedBadConversionIdED2Ev[_ZN4YAML18TypedBadConversionIdED5Ev]+0x26): undefined reference to `YAML::BadConversion::~BadConversion()'
[2.634s] /usr/bin/ld: CMakeFiles/new_target.dir/src/inertial_sense_ros2.cpp.o: in function `void YAML::Node::Assign<double>(double const&)':
[2.637s] inertial_sense_ros2.cpp:(.text._ZN4YAML4Node6AssignIdEEvRKT_[_ZN4YAML4Node6AssignIdEEvRKT_]+0x6b): undefined reference to `YAML::InvalidNode::~InvalidNode()'
[2.641s] /usr/bin/ld: inertial_sense_ros2.cpp:(.text._ZN4YAML4Node6AssignIdEEvRKT_[_ZN4YAML4Node6AssignIdEEvRKT_]+0x75): undefined reference to `typeinfo for YAML::InvalidNode'
[2.644s] /usr/bin/ld: CMakeFiles/new_target.dir/src/inertial_sense_ros2.cpp.o: in function `YAML::TypedBadConversion<float>::~TypedBadConversion()':
[2.645s] inertial_sense_ros2.cpp:(.text._ZN4YAML18TypedBadConversionIfED2Ev[_ZN4YAML18TypedBadConversionIfED5Ev]+0x26): undefined reference to `YAML::BadConversion::~BadConversion()'
[2.652s] /usr/bin/ld: CMakeFiles/new_target.dir/src/inertial_sense_ros2.cpp.o: in function `void YAML::Node::Assign<float>(float const&)':
[2.653s] inertial_sense_ros2.cpp:(.text._ZN4YAML4Node6AssignIfEEvRKT_[_ZN4YAML4Node6AssignIfEEvRKT_]+0x6b): undefined reference to `YAML::InvalidNode::~InvalidNode()'
[2.653s] /usr/bin/ld: inertial_sense_ros2.cpp:(.text._ZN4YAML4Node6AssignIfEEvRKT_[_ZN4YAML4Node6AssignIfEEvRKT_]+0x75): undefined reference to `typeinfo for YAML::InvalidNode'
[2.658s] /usr/bin/ld: CMakeFiles/new_target.dir/src/inertial_sense_ros2.cpp.o: in function `YAML::TypedBadConversion<bool>::~TypedBadConversion()':
[2.661s] inertial_sense_ros2.cpp:(.text._ZN4YAML18TypedBadConversionIbED2Ev[_ZN4YAML18TypedBadConversionIbED5Ev]+0x26): undefined reference to `YAML::BadConversion::~BadConversion()'
[2.668s] /usr/bin/ld: CMakeFiles/new_target.dir/src/inertial_sense_ros2.cpp.o: in function `YAML::as_if<bool, void>::operator()() const':
[2.668s] inertial_sense_ros2.cpp:(.text._ZNK4YAML5as_ifIbvEclEv[_ZNK4YAML5as_ifIbvEclEv]+0xae): undefined reference to `YAML::convert<bool>::decode(YAML::Node const&, bool&)'
[2.671s] /usr/bin/ld: CMakeFiles/new_target.dir/src/inertial_sense_ros2.cpp.o: in function `void YAML::Node::Assign<bool>(bool const&)':
[2.674s] inertial_sense_ros2.cpp:(.text._ZN4YAML4Node6AssignIbEEvRKT_[_ZN4YAML4Node6AssignIbEEvRKT_]+0x6b): undefined reference to `YAML::InvalidNode::~InvalidNode()'
[2.681s] /usr/bin/ld: inertial_sense_ros2.cpp:(.text._ZN4YAML4Node6AssignIbEEvRKT_[_ZN4YAML4Node6AssignIbEEvRKT_]+0x75): undefined reference to `typeinfo for YAML::InvalidNode'
[2.684s] /usr/bin/ld: CMakeFiles/new_target.dir/src/inertial_sense_ros2.cpp.o: in function `YAML::TypedBadConversion<int>::~TypedBadConversion()':
[2.688s] inertial_sense_ros2.cpp:(.text._ZN4YAML18TypedBadConversionIiED2Ev[_ZN4YAML18TypedBadConversionIiED5Ev]+0x26): undefined reference to `YAML::BadConversion::~BadConversion()'
[2.695s] /usr/bin/ld: CMakeFiles/new_target.dir/src/inertial_sense_ros2.cpp.o: in function `YAML::TypedBadConversion<unsigned int>::~TypedBadConversion()':
[2.696s] inertial_sense_ros2.cpp:(.text._ZN4YAML18TypedBadConversionIjED2Ev[_ZN4YAML18TypedBadConversionIjED5Ev]+0x26): undefined reference to `YAML::BadConversion::~BadConversion()'
[2.699s] /usr/bin/ld: CMakeFiles/new_target.dir/src/inertial_sense_ros2.cpp.o: in function `void YAML::Node::Assign<unsigned int>(unsigned int const&)':
[2.702s] inertial_sense_ros2.cpp:(.text._ZN4YAML4Node6AssignIjEEvRKT_[_ZN4YAML4Node6AssignIjEEvRKT_]+0x6b): undefined reference to `YAML::InvalidNode::~InvalidNode()'
[2.706s] /usr/bin/ld: inertial_sense_ros2.cpp:(.text._ZN4YAML4Node6AssignIjEEvRKT_[_ZN4YAML4Node6AssignIjEEvRKT_]+0x75): undefined reference to `typeinfo for YAML::InvalidNode'
[2.709s] /usr/bin/ld: CMakeFiles/new_target.dir/src/inertial_sense_ros2.cpp.o: in function `YAML::TypedBadConversion<std::vector<double, std::allocator<double> > >::~TypedBadConversion()':
[2.712s] inertial_sense_ros2.cpp:(.text._ZN4YAML18TypedBadConversionISt6vectorIdSaIdEEED2Ev[_ZN4YAML18TypedBadConversionISt6vectorIdSaIdEEED5Ev]+0x26): undefined reference to `YAML::BadConversion::~BadConversion()'
[2.719s] /usr/bin/ld: CMakeFiles/new_target.dir/src/inertial_sense_ros2.cpp.o: in function `void YAML::Node::Assign<std::vector<double, std::allocator<double> > >(std::vector<double, std::allocator<double> > const&)':
[2.722s] inertial_sense_ros2.cpp:(.text._ZN4YAML4Node6AssignISt6vectorIdSaIdEEEEvRKT_[_ZN4YAML4Node6AssignISt6vectorIdSaIdEEEEvRKT_]+0x6b): undefined reference to `YAML::InvalidNode::~InvalidNode()'
[2.723s] /usr/bin/ld: inertial_sense_ros2.cpp:(.text._ZN4YAML4Node6AssignISt6vectorIdSaIdEEEEvRKT_[_ZN4YAML4Node6AssignISt6vectorIdSaIdEEEEvRKT_]+0x75): undefined reference to `typeinfo for YAML::InvalidNode'
[2.734s] /usr/bin/ld: CMakeFiles/new_target.dir/src/inertial_sense_ros2.cpp.o: in function `YAML::detail::node& YAML::detail::node_data::get<std::__cxx11::basic_string<char, std::char_traits<char>, std::allocator<char> > >(std::__cxx11::basic_string<char, std::char_traits<char>, std::allocator<char> > const&, std::shared_ptr<YAML::detail::memory_holder>)':
[2.736s] inertial_sense_ros2.cpp:(.text._ZN4YAML6detail9node_data3getINSt7__cxx1112basic_stringIcSt11char_traitsIcESaIcEEEEERNS0_4nodeERKT_St10shared_ptrINS0_13memory_holderEE[_ZN4YAML6detail9node_data3getINSt7__cxx1112basic_stringIcSt11char_traitsIcESaIcEEEEERNS0_4nodeERKT_St10shared_ptrINS0_13memory_holderEE]+0xd3): undefined reference to `YAML::detail::node_data::convert_to_map(std::shared_ptr<YAML::detail::memory_holder> const&)'
[2.739s] /usr/bin/ld: inertial_sense_ros2.cpp:(.text._ZN4YAML6detail9node_data3getINSt7__cxx1112basic_stringIcSt11char_traitsIcESaIcEEEEERNS0_4nodeERKT_St10shared_ptrINS0_13memory_holderEE[_ZN4YAML6detail9node_data3getINSt7__cxx1112basic_stringIcSt11char_traitsIcESaIcEEEEERNS0_4nodeERKT_St10shared_ptrINS0_13memory_holderEE]+0x117): undefined reference to `YAML::BadSubscript::~BadSubscript()'
[2.745s] /usr/bin/ld: inertial_sense_ros2.cpp:(.text._ZN4YAML6detail9node_data3getINSt7__cxx1112basic_stringIcSt11char_traitsIcESaIcEEEEERNS0_4nodeERKT_St10shared_ptrINS0_13memory_holderEE[_ZN4YAML6detail9node_data3getINSt7__cxx1112basic_stringIcSt11char_traitsIcESaIcEEEEERNS0_4nodeERKT_St10shared_ptrINS0_13memory_holderEE]+0x121): undefined reference to `typeinfo for YAML::BadSubscript'
[2.748s] /usr/bin/ld: inertial_sense_ros2.cpp:(.text._ZN4YAML6detail9node_data3getINSt7__cxx1112basic_stringIcSt11char_traitsIcESaIcEEEEERNS0_4nodeERKT_St10shared_ptrINS0_13memory_holderEE[_ZN4YAML6detail9node_data3getINSt7__cxx1112basic_stringIcSt11char_traitsIcESaIcEEEEERNS0_4nodeERKT_St10shared_ptrINS0_13memory_holderEE]+0x20f): undefined reference to `YAML::detail::node_data::insert_map_pair(YAML::detail::node&, YAML::detail::node&)'
[2.754s] /usr/bin/ld: CMakeFiles/new_target.dir/src/inertial_sense_ros2.cpp.o: in function `YAML::detail::node& YAML::detail::node_data::get<char [5]>(char const (&) [5], std::shared_ptr<YAML::detail::memory_holder>)':
[2.755s] inertial_sense_ros2.cpp:(.text._ZN4YAML6detail9node_data3getIA5_cEERNS0_4nodeERKT_St10shared_ptrINS0_13memory_holderEE[_ZN4YAML6detail9node_data3getIA5_cEERNS0_4nodeERKT_St10shared_ptrINS0_13memory_holderEE]+0xd3): undefined reference to `YAML::detail::node_data::convert_to_map(std::shared_ptr<YAML::detail::memory_holder> const&)'
[2.761s] /usr/bin/ld: inertial_sense_ros2.cpp:(.text._ZN4YAML6detail9node_data3getIA5_cEERNS0_4nodeERKT_St10shared_ptrINS0_13memory_holderEE[_ZN4YAML6detail9node_data3getIA5_cEERNS0_4nodeERKT_St10shared_ptrINS0_13memory_holderEE]+0x117): undefined reference to `YAML::BadSubscript::~BadSubscript()'
[2.764s] /usr/bin/ld: inertial_sense_ros2.cpp:(.text._ZN4YAML6detail9node_data3getIA5_cEERNS0_4nodeERKT_St10shared_ptrINS0_13memory_holderEE[_ZN4YAML6detail9node_data3getIA5_cEERNS0_4nodeERKT_St10shared_ptrINS0_13memory_holderEE]+0x121): undefined reference to `typeinfo for YAML::BadSubscript'
[2.769s] /usr/bin/ld: inertial_sense_ros2.cpp:(.text._ZN4YAML6detail9node_data3getIA5_cEERNS0_4nodeERKT_St10shared_ptrINS0_13memory_holderEE[_ZN4YAML6detail9node_data3getIA5_cEERNS0_4nodeERKT_St10shared_ptrINS0_13memory_holderEE]+0x20f): undefined reference to `YAML::detail::node_data::insert_map_pair(YAML::detail::node&, YAML::detail::node&)'
[2.774s] /usr/bin/ld: CMakeFiles/new_target.dir/src/inertial_sense_ros2.cpp.o: in function `YAML::detail::node& YAML::detail::node_data::get<char [8]>(char const (&) [8], std::shared_ptr<YAML::detail::memory_holder>)':
[2.775s] inertial_sense_ros2.cpp:(.text._ZN4YAML6detail9node_data3getIA8_cEERNS0_4nodeERKT_St10shared_ptrINS0_13memory_holderEE[_ZN4YAML6detail9node_data3getIA8_cEERNS0_4nodeERKT_St10shared_ptrINS0_13memory_holderEE]+0xd3): undefined reference to `YAML::detail::node_data::convert_to_map(std::shared_ptr<YAML::detail::memory_holder> const&)'
[2.776s] /usr/bin/ld: inertial_sense_ros2.cpp:(.text._ZN4YAML6detail9node_data3getIA8_cEERNS0_4nodeERKT_St10shared_ptrINS0_13memory_holderEE[_ZN4YAML6detail9node_data3getIA8_cEERNS0_4nodeERKT_St10shared_ptrINS0_13memory_holderEE]+0x117): undefined reference to `YAML::BadSubscript::~BadSubscript()'
[2.782s] /usr/bin/ld: inertial_sense_ros2.cpp:(.text._ZN4YAML6detail9node_data3getIA8_cEERNS0_4nodeERKT_St10shared_ptrINS0_13memory_holderEE[_ZN4YAML6detail9node_data3getIA8_cEERNS0_4nodeERKT_St10shared_ptrINS0_13memory_holderEE]+0x121): undefined reference to `typeinfo for YAML::BadSubscript'
[2.782s] /usr/bin/ld: inertial_sense_ros2.cpp:(.text._ZN4YAML6detail9node_data3getIA8_cEERNS0_4nodeERKT_St10shared_ptrINS0_13memory_holderEE[_ZN4YAML6detail9node_data3getIA8_cEERNS0_4nodeERKT_St10shared_ptrINS0_13memory_holderEE]+0x20f): undefined reference to `YAML::detail::node_data::insert_map_pair(YAML::detail::node&, YAML::detail::node&)'
[2.787s] /usr/bin/ld: CMakeFiles/new_target.dir/src/inertial_sense_ros2.cpp.o: in function `YAML::detail::node& YAML::detail::node_data::get<char [9]>(char const (&) [9], std::shared_ptr<YAML::detail::memory_holder>)':
[2.787s] inertial_sense_ros2.cpp:(.text._ZN4YAML6detail9node_data3getIA9_cEERNS0_4nodeERKT_St10shared_ptrINS0_13memory_holderEE[_ZN4YAML6detail9node_data3getIA9_cEERNS0_4nodeERKT_St10shared_ptrINS0_13memory_holderEE]+0xd3): undefined reference to `YAML::detail::node_data::convert_to_map(std::shared_ptr<YAML::detail::memory_holder> const&)'
[2.790s] /usr/bin/ld: inertial_sense_ros2.cpp:(.text._ZN4YAML6detail9node_data3getIA9_cEERNS0_4nodeERKT_St10shared_ptrINS0_13memory_holderEE[_ZN4YAML6detail9node_data3getIA9_cEERNS0_4nodeERKT_St10shared_ptrINS0_13memory_holderEE]+0x117): undefined reference to `YAML::BadSubscript::~BadSubscript()'
[2.792s] /usr/bin/ld: inertial_sense_ros2.cpp:(.text._ZN4YAML6detail9node_data3getIA9_cEERNS0_4nodeERKT_St10shared_ptrINS0_13memory_holderEE[_ZN4YAML6detail9node_data3getIA9_cEERNS0_4nodeERKT_St10shared_ptrINS0_13memory_holderEE]+0x121): undefined reference to `typeinfo for YAML::BadSubscript'
[2.795s] /usr/bin/ld: inertial_sense_ros2.cpp:(.text._ZN4YAML6detail9node_data3getIA9_cEERNS0_4nodeERKT_St10shared_ptrINS0_13memory_holderEE[_ZN4YAML6detail9node_data3getIA9_cEERNS0_4nodeERKT_St10shared_ptrINS0_13memory_holderEE]+0x20f): undefined reference to `YAML::detail::node_data::insert_map_pair(YAML::detail::node&, YAML::detail::node&)'
[2.799s] /usr/bin/ld: CMakeFiles/new_target.dir/src/inertial_sense_ros2.cpp.o: in function `YAML::detail::node& YAML::detail::node_data::get<char [4]>(char const (&) [4], std::shared_ptr<YAML::detail::memory_holder>)':
[2.800s] inertial_sense_ros2.cpp:(.text._ZN4YAML6detail9node_data3getIA4_cEERNS0_4nodeERKT_St10shared_ptrINS0_13memory_holderEE[_ZN4YAML6detail9node_data3getIA4_cEERNS0_4nodeERKT_St10shared_ptrINS0_13memory_holderEE]+0xd3): undefined reference to `YAML::detail::node_data::convert_to_map(std::shared_ptr<YAML::detail::memory_holder> const&)'
[2.801s] /usr/bin/ld: inertial_sense_ros2.cpp:(.text._ZN4YAML6detail9node_data3getIA4_cEERNS0_4nodeERKT_St10shared_ptrINS0_13memory_holderEE[_ZN4YAML6detail9node_data3getIA4_cEERNS0_4nodeERKT_St10shared_ptrINS0_13memory_holderEE]+0x117): undefined reference to `YAML::BadSubscript::~BadSubscript()'
[2.805s] /usr/bin/ld: inertial_sense_ros2.cpp:(.text._ZN4YAML6detail9node_data3getIA4_cEERNS0_4nodeERKT_St10shared_ptrINS0_13memory_holderEE[_ZN4YAML6detail9node_data3getIA4_cEERNS0_4nodeERKT_St10shared_ptrINS0_13memory_holderEE]+0x121): undefined reference to `typeinfo for YAML::BadSubscript'
[2.806s] /usr/bin/ld: inertial_sense_ros2.cpp:(.text._ZN4YAML6detail9node_data3getIA4_cEERNS0_4nodeERKT_St10shared_ptrINS0_13memory_holderEE[_ZN4YAML6detail9node_data3getIA4_cEERNS0_4nodeERKT_St10shared_ptrINS0_13memory_holderEE]+0x20f): undefined reference to `YAML::detail::node_data::insert_map_pair(YAML::detail::node&, YAML::detail::node&)'
[2.819s] /usr/bin/ld: CMakeFiles/new_target.dir/src/inertial_sense_ros2.cpp.o: in function `void YAML::Node::push_back<double>(double const&)':
[2.819s] inertial_sense_ros2.cpp:(.text._ZN4YAML4Node9push_backIdEEvRKT_[_ZN4YAML4Node9push_backIdEEvRKT_]+0x6b): undefined reference to `YAML::InvalidNode::~InvalidNode()'
[2.820s] /usr/bin/ld: inertial_sense_ros2.cpp:(.text._ZN4YAML4Node9push_backIdEEvRKT_[_ZN4YAML4Node9push_backIdEEvRKT_]+0x75): undefined reference to `typeinfo for YAML::InvalidNode'
[2.825s] /usr/bin/ld: CMakeFiles/new_target.dir/src/inertial_sense_ros2.cpp.o: in function `YAML::BadSubscript::BadSubscript<std::__cxx11::basic_string<char, std::char_traits<char>, std::allocator<char> > >(YAML::Mark const&, std::__cxx11::basic_string<char, std::char_traits<char>, std::allocator<char> > const&)':
[2.827s] inertial_sense_ros2.cpp:(.text._ZN4YAML12BadSubscriptC2INSt7__cxx1112basic_stringIcSt11char_traitsIcESaIcEEEEERKNS_4MarkERKT_[_ZN4YAML12BadSubscriptC5INSt7__cxx1112basic_stringIcSt11char_traitsIcESaIcEEEEERKNS_4MarkERKT_]+0x61): undefined reference to `vtable for YAML::BadSubscript'
[2.833s] /usr/bin/ld: CMakeFiles/new_target.dir/src/inertial_sense_ros2.cpp.o: in function `YAML::detail::node& YAML::detail::node_data::convert_to_node<std::__cxx11::basic_string<char, std::char_traits<char>, std::allocator<char> > >(std::__cxx11::basic_string<char, std::char_traits<char>, std::allocator<char> > const&, std::shared_ptr<YAML::detail::memory_holder>)':
[2.833s] inertial_sense_ros2.cpp:(.text._ZN4YAML6detail9node_data15convert_to_nodeINSt7__cxx1112basic_stringIcSt11char_traitsIcESaIcEEEEERNS0_4nodeERKT_St10shared_ptrINS0_13memory_holderEE[_ZN4YAML6detail9node_data15convert_to_nodeINSt7__cxx1112basic_stringIcSt11char_traitsIcESaIcEEEEERNS0_4nodeERKT_St10shared_ptrINS0_13memory_holderEE]+0x69): undefined reference to `YAML::detail::memory_holder::merge(YAML::detail::memory_holder&)'
[2.838s] /usr/bin/ld: CMakeFiles/new_target.dir/src/inertial_sense_ros2.cpp.o: in function `YAML::BadSubscript::BadSubscript<char [5]>(YAML::Mark const&, char const (&) [5])':
[2.838s] inertial_sense_ros2.cpp:(.text._ZN4YAML12BadSubscriptC2IA5_cEERKNS_4MarkERKT_[_ZN4YAML12BadSubscriptC5IA5_cEERKNS_4MarkERKT_]+0x61): undefined reference to `vtable for YAML::BadSubscript'
[2.842s] /usr/bin/ld: CMakeFiles/new_target.dir/src/inertial_sense_ros2.cpp.o: in function `YAML::detail::node& YAML::detail::node_data::convert_to_node<char [5]>(char const (&) [5], std::shared_ptr<YAML::detail::memory_holder>)':
[2.842s] inertial_sense_ros2.cpp:(.text._ZN4YAML6detail9node_data15convert_to_nodeIA5_cEERNS0_4nodeERKT_St10shared_ptrINS0_13memory_holderEE[_ZN4YAML6detail9node_data15convert_to_nodeIA5_cEERNS0_4nodeERKT_St10shared_ptrINS0_13memory_holderEE]+0x69): undefined reference to `YAML::detail::memory_holder::merge(YAML::detail::memory_holder&)'
[2.850s] /usr/bin/ld: CMakeFiles/new_target.dir/src/inertial_sense_ros2.cpp.o: in function `YAML::BadSubscript::BadSubscript<char [8]>(YAML::Mark const&, char const (&) [8])':
[2.851s] inertial_sense_ros2.cpp:(.text._ZN4YAML12BadSubscriptC2IA8_cEERKNS_4MarkERKT_[_ZN4YAML12BadSubscriptC5IA8_cEERKNS_4MarkERKT_]+0x61): undefined reference to `vtable for YAML::BadSubscript'
[2.853s] /usr/bin/ld: CMakeFiles/new_target.dir/src/inertial_sense_ros2.cpp.o: in function `YAML::detail::node& YAML::detail::node_data::convert_to_node<char [8]>(char const (&) [8], std::shared_ptr<YAML::detail::memory_holder>)':
[2.857s] inertial_sense_ros2.cpp:(.text._ZN4YAML6detail9node_data15convert_to_nodeIA8_cEERNS0_4nodeERKT_St10shared_ptrINS0_13memory_holderEE[_ZN4YAML6detail9node_data15convert_to_nodeIA8_cEERNS0_4nodeERKT_St10shared_ptrINS0_13memory_holderEE]+0x69): undefined reference to `YAML::detail::memory_holder::merge(YAML::detail::memory_holder&)'
[2.860s] /usr/bin/ld: CMakeFiles/new_target.dir/src/inertial_sense_ros2.cpp.o: in function `YAML::BadSubscript::BadSubscript<char [9]>(YAML::Mark const&, char const (&) [9])':
[2.860s] inertial_sense_ros2.cpp:(.text._ZN4YAML12BadSubscriptC2IA9_cEERKNS_4MarkERKT_[_ZN4YAML12BadSubscriptC5IA9_cEERKNS_4MarkERKT_]+0x61): undefined reference to `vtable for YAML::BadSubscript'
[2.864s] /usr/bin/ld: CMakeFiles/new_target.dir/src/inertial_sense_ros2.cpp.o: in function `YAML::detail::node& YAML::detail::node_data::convert_to_node<char [9]>(char const (&) [9], std::shared_ptr<YAML::detail::memory_holder>)':
[2.864s] inertial_sense_ros2.cpp:(.text._ZN4YAML6detail9node_data15convert_to_nodeIA9_cEERNS0_4nodeERKT_St10shared_ptrINS0_13memory_holderEE[_ZN4YAML6detail9node_data15convert_to_nodeIA9_cEERNS0_4nodeERKT_St10shared_ptrINS0_13memory_holderEE]+0x69): undefined reference to `YAML::detail::memory_holder::merge(YAML::detail::memory_holder&)'
[2.870s] /usr/bin/ld: CMakeFiles/new_target.dir/src/inertial_sense_ros2.cpp.o: in function `YAML::BadSubscript::BadSubscript<char [4]>(YAML::Mark const&, char const (&) [4])':
[2.870s] inertial_sense_ros2.cpp:(.text._ZN4YAML12BadSubscriptC2IA4_cEERKNS_4MarkERKT_[_ZN4YAML12BadSubscriptC5IA4_cEERKNS_4MarkERKT_]+0x61): undefined reference to `vtable for YAML::BadSubscript'
[2.871s] /usr/bin/ld: CMakeFiles/new_target.dir/src/inertial_sense_ros2.cpp.o: in function `YAML::detail::node& YAML::detail::node_data::convert_to_node<char [4]>(char const (&) [4], std::shared_ptr<YAML::detail::memory_holder>)':
[2.872s] inertial_sense_ros2.cpp:(.text._ZN4YAML6detail9node_data15convert_to_nodeIA4_cEERNS0_4nodeERKT_St10shared_ptrINS0_13memory_holderEE[_ZN4YAML6detail9node_data15convert_to_nodeIA4_cEERNS0_4nodeERKT_St10shared_ptrINS0_13memory_holderEE]+0x69): undefined reference to `YAML::detail::memory_holder::merge(YAML::detail::memory_holder&)'
[3.037s] /usr/bin/ld: CMakeFiles/new_target.dir/src/inertial_sense_ros2.cpp.o: in function `rclcpp::Service<inertial_sense_ros2::srv::RefLLAUpdate>::Service(std::shared_ptr<rcl_node_s>, std::__cxx11::basic_string<char, std::char_traits<char>, std::allocator<char> > const&, rclcpp::AnyServiceCallback<inertial_sense_ros2::srv::RefLLAUpdate>, rcl_service_options_s&)':
[3.038s] inertial_sense_ros2.cpp:(.text._ZN6rclcpp7ServiceIN19inertial_sense_ros23srv12RefLLAUpdateEEC2ESt10shared_ptrI10rcl_node_sERKNSt7__cxx1112basic_stringIcSt11char_traitsIcESaIcEEENS_18AnyServiceCallbackIS3_EER21rcl_service_options_s[_ZN6rclcpp7ServiceIN19inertial_sense_ros23srv12RefLLAUpdateEEC5ESt10shared_ptrI10rcl_node_sERKNSt7__cxx1112basic_stringIcSt11char_traitsIcESaIcEEENS_18AnyServiceCallbackIS3_EER21rcl_service_options_s]+0xce): undefined reference to `rosidl_service_type_support_t const* rosidl_typesupport_cpp::get_service_type_support_handle<inertial_sense_ros2::srv::RefLLAUpdate>()'
[3.081s] /usr/bin/ld: CMakeFiles/new_target.dir/src/inertial_sense_ros2.cpp.o: in function `std::enable_if<rosidl_generator_traits::is_message<inertial_sense_ros2::msg::DIDINS1_<std::allocator<void> > >::value, rosidl_message_type_support_t const&>::type rclcpp::get_message_type_support_handle<inertial_sense_ros2::msg::DIDINS1_<std::allocator<void> > >()':
[3.081s] inertial_sense_ros2.cpp:(.text._ZN6rclcpp31get_message_type_support_handleIN19inertial_sense_ros23msg8DIDINS1_ISaIvEEEEENSt9enable_ifIXsrN23rosidl_generator_traits10is_messageIT_EE5valueERK29rosidl_message_type_support_tE4typeEv[_ZN6rclcpp31get_message_type_support_handleIN19inertial_sense_ros23msg8DIDINS1_ISaIvEEEEENSt9enable_ifIXsrN23rosidl_generator_traits10is_messageIT_EE5valueERK29rosidl_message_type_support_tE4typeEv]+0x10): undefined reference to `rosidl_message_type_support_t const* rosidl_typesupport_cpp::get_message_type_support_handle<inertial_sense_ros2::msg::DIDINS1_<std::allocator<void> > >()'
[3.091s] /usr/bin/ld: CMakeFiles/new_target.dir/src/inertial_sense_ros2.cpp.o: in function `std::enable_if<rosidl_generator_traits::is_message<inertial_sense_ros2::msg::DIDINS2_<std::allocator<void> > >::value, rosidl_message_type_support_t const&>::type rclcpp::get_message_type_support_handle<inertial_sense_ros2::msg::DIDINS2_<std::allocator<void> > >()':
[3.091s] inertial_sense_ros2.cpp:(.text._ZN6rclcpp31get_message_type_support_handleIN19inertial_sense_ros23msg8DIDINS2_ISaIvEEEEENSt9enable_ifIXsrN23rosidl_generator_traits10is_messageIT_EE5valueERK29rosidl_message_type_support_tE4typeEv[_ZN6rclcpp31get_message_type_support_handleIN19inertial_sense_ros23msg8DIDINS2_ISaIvEEEEENSt9enable_ifIXsrN23rosidl_generator_traits10is_messageIT_EE5valueERK29rosidl_message_type_support_tE4typeEv]+0x10): undefined reference to `rosidl_message_type_support_t const* rosidl_typesupport_cpp::get_message_type_support_handle<inertial_sense_ros2::msg::DIDINS2_<std::allocator<void> > >()'
[3.098s] /usr/bin/ld: CMakeFiles/new_target.dir/src/inertial_sense_ros2.cpp.o: in function `std::enable_if<rosidl_generator_traits::is_message<inertial_sense_ros2::msg::DIDINS4_<std::allocator<void> > >::value, rosidl_message_type_support_t const&>::type rclcpp::get_message_type_support_handle<inertial_sense_ros2::msg::DIDINS4_<std::allocator<void> > >()':
[3.099s] inertial_sense_ros2.cpp:(.text._ZN6rclcpp31get_message_type_support_handleIN19inertial_sense_ros23msg8DIDINS4_ISaIvEEEEENSt9enable_ifIXsrN23rosidl_generator_traits10is_messageIT_EE5valueERK29rosidl_message_type_support_tE4typeEv[_ZN6rclcpp31get_message_type_support_handleIN19inertial_sense_ros23msg8DIDINS4_ISaIvEEEEENSt9enable_ifIXsrN23rosidl_generator_traits10is_messageIT_EE5valueERK29rosidl_message_type_support_tE4typeEv]+0x10): undefined reference to `rosidl_message_type_support_t const* rosidl_typesupport_cpp::get_message_type_support_handle<inertial_sense_ros2::msg::DIDINS4_<std::allocator<void> > >()'
[3.108s] /usr/bin/ld: CMakeFiles/new_target.dir/src/inertial_sense_ros2.cpp.o: in function `std::enable_if<rosidl_generator_traits::is_message<inertial_sense_ros2::msg::INL2States_<std::allocator<void> > >::value, rosidl_message_type_support_t const&>::type rclcpp::get_message_type_support_handle<inertial_sense_ros2::msg::INL2States_<std::allocator<void> > >()':
[3.108s] inertial_sense_ros2.cpp:(.text._ZN6rclcpp31get_message_type_support_handleIN19inertial_sense_ros23msg11INL2States_ISaIvEEEEENSt9enable_ifIXsrN23rosidl_generator_traits10is_messageIT_EE5valueERK29rosidl_message_type_support_tE4typeEv[_ZN6rclcpp31get_message_type_support_handleIN19inertial_sense_ros23msg11INL2States_ISaIvEEEEENSt9enable_ifIXsrN23rosidl_generator_traits10is_messageIT_EE5valueERK29rosidl_message_type_support_tE4typeEv]+0x10): undefined reference to `rosidl_message_type_support_t const* rosidl_typesupport_cpp::get_message_type_support_handle<inertial_sense_ros2::msg::INL2States_<std::allocator<void> > >()'
[3.121s] /usr/bin/ld: CMakeFiles/new_target.dir/src/inertial_sense_ros2.cpp.o: in function `std::enable_if<rosidl_generator_traits::is_message<inertial_sense_ros2::msg::PIMU_<std::allocator<void> > >::value, rosidl_message_type_support_t const&>::type rclcpp::get_message_type_support_handle<inertial_sense_ros2::msg::PIMU_<std::allocator<void> > >()':
[3.122s] inertial_sense_ros2.cpp:(.text._ZN6rclcpp31get_message_type_support_handleIN19inertial_sense_ros23msg5PIMU_ISaIvEEEEENSt9enable_ifIXsrN23rosidl_generator_traits10is_messageIT_EE5valueERK29rosidl_message_type_support_tE4typeEv[_ZN6rclcpp31get_message_type_support_handleIN19inertial_sense_ros23msg5PIMU_ISaIvEEEEENSt9enable_ifIXsrN23rosidl_generator_traits10is_messageIT_EE5valueERK29rosidl_message_type_support_tE4typeEv]+0x10): undefined reference to `rosidl_message_type_support_t const* rosidl_typesupport_cpp::get_message_type_support_handle<inertial_sense_ros2::msg::PIMU_<std::allocator<void> > >()'
[3.127s] /usr/bin/ld: CMakeFiles/new_target.dir/src/inertial_sense_ros2.cpp.o: in function `std::enable_if<rosidl_generator_traits::is_message<sensor_msgs::msg::Imu_<std::allocator<void> > >::value, rosidl_message_type_support_t const&>::type rclcpp::get_message_type_support_handle<sensor_msgs::msg::Imu_<std::allocator<void> > >()':
[3.128s] inertial_sense_ros2.cpp:(.text._ZN6rclcpp31get_message_type_support_handleIN11sensor_msgs3msg4Imu_ISaIvEEEEENSt9enable_ifIXsrN23rosidl_generator_traits10is_messageIT_EE5valueERK29rosidl_message_type_support_tE4typeEv[_ZN6rclcpp31get_message_type_support_handleIN11sensor_msgs3msg4Imu_ISaIvEEEEENSt9enable_ifIXsrN23rosidl_generator_traits10is_messageIT_EE5valueERK29rosidl_message_type_support_tE4typeEv]+0x10): undefined reference to `rosidl_message_type_support_t const* rosidl_typesupport_cpp::get_message_type_support_handle<sensor_msgs::msg::Imu_<std::allocator<void> > >()'
[3.131s] /usr/bin/ld: CMakeFiles/new_target.dir/src/inertial_sense_ros2.cpp.o: in function `std::enable_if<rosidl_generator_traits::is_message<sensor_msgs::msg::MagneticField_<std::allocator<void> > >::value, rosidl_message_type_support_t const&>::type rclcpp::get_message_type_support_handle<sensor_msgs::msg::MagneticField_<std::allocator<void> > >()':
[3.132s] inertial_sense_ros2.cpp:(.text._ZN6rclcpp31get_message_type_support_handleIN11sensor_msgs3msg14MagneticField_ISaIvEEEEENSt9enable_ifIXsrN23rosidl_generator_traits10is_messageIT_EE5valueERK29rosidl_message_type_support_tE4typeEv[_ZN6rclcpp31get_message_type_support_handleIN11sensor_msgs3msg14MagneticField_ISaIvEEEEENSt9enable_ifIXsrN23rosidl_generator_traits10is_messageIT_EE5valueERK29rosidl_message_type_support_tE4typeEv]+0x10): undefined reference to `rosidl_message_type_support_t const* rosidl_typesupport_cpp::get_message_type_support_handle<sensor_msgs::msg::MagneticField_<std::allocator<void> > >()'
[3.138s] /usr/bin/ld: CMakeFiles/new_target.dir/src/inertial_sense_ros2.cpp.o: in function `std::enable_if<rosidl_generator_traits::is_message<sensor_msgs::msg::FluidPressure_<std::allocator<void> > >::value, rosidl_message_type_support_t const&>::type rclcpp::get_message_type_support_handle<sensor_msgs::msg::FluidPressure_<std::allocator<void> > >()':
[3.143s] inertial_sense_ros2.cpp:(.text._ZN6rclcpp31get_message_type_support_handleIN11sensor_msgs3msg14FluidPressure_ISaIvEEEEENSt9enable_ifIXsrN23rosidl_generator_traits10is_messageIT_EE5valueERK29rosidl_message_type_support_tE4typeEv[_ZN6rclcpp31get_message_type_support_handleIN11sensor_msgs3msg14FluidPressure_ISaIvEEEEENSt9enable_ifIXsrN23rosidl_generator_traits10is_messageIT_EE5valueERK29rosidl_message_type_support_tE4typeEv]+0x10): undefined reference to `rosidl_message_type_support_t const* rosidl_typesupport_cpp::get_message_type_support_handle<sensor_msgs::msg::FluidPressure_<std::allocator<void> > >()'
[3.143s] /usr/bin/ld: CMakeFiles/new_target.dir/src/inertial_sense_ros2.cpp.o: in function `std::enable_if<rosidl_generator_traits::is_message<inertial_sense_ros2::msg::GPS_<std::allocator<void> > >::value, rosidl_message_type_support_t const&>::type rclcpp::get_message_type_support_handle<inertial_sense_ros2::msg::GPS_<std::allocator<void> > >()':
[3.144s] inertial_sense_ros2.cpp:(.text._ZN6rclcpp31get_message_type_support_handleIN19inertial_sense_ros23msg4GPS_ISaIvEEEEENSt9enable_ifIXsrN23rosidl_generator_traits10is_messageIT_EE5valueERK29rosidl_message_type_support_tE4typeEv[_ZN6rclcpp31get_message_type_support_handleIN19inertial_sense_ros23msg4GPS_ISaIvEEEEENSt9enable_ifIXsrN23rosidl_generator_traits10is_messageIT_EE5valueERK29rosidl_message_type_support_tE4typeEv]+0x10): undefined reference to `rosidl_message_type_support_t const* rosidl_typesupport_cpp::get_message_type_support_handle<inertial_sense_ros2::msg::GPS_<std::allocator<void> > >()'
[3.144s] /usr/bin/ld: CMakeFiles/new_target.dir/src/inertial_sense_ros2.cpp.o: in function `std::enable_if<rosidl_generator_traits::is_message<sensor_msgs::msg::NavSatFix_<std::allocator<void> > >::value, rosidl_message_type_support_t const&>::type rclcpp::get_message_type_support_handle<sensor_msgs::msg::NavSatFix_<std::allocator<void> > >()':
[3.148s] inertial_sense_ros2.cpp:(.text._ZN6rclcpp31get_message_type_support_handleIN11sensor_msgs3msg10NavSatFix_ISaIvEEEEENSt9enable_ifIXsrN23rosidl_generator_traits10is_messageIT_EE5valueERK29rosidl_message_type_support_tE4typeEv[_ZN6rclcpp31get_message_type_support_handleIN11sensor_msgs3msg10NavSatFix_ISaIvEEEEENSt9enable_ifIXsrN23rosidl_generator_traits10is_messageIT_EE5valueERK29rosidl_message_type_support_tE4typeEv]+0x10): undefined reference to `rosidl_message_type_support_t const* rosidl_typesupport_cpp::get_message_type_support_handle<sensor_msgs::msg::NavSatFix_<std::allocator<void> > >()'
[3.151s] /usr/bin/ld: CMakeFiles/new_target.dir/src/inertial_sense_ros2.cpp.o: in function `std::enable_if<rosidl_generator_traits::is_message<inertial_sense_ros2::msg::GPSInfo_<std::allocator<void> > >::value, rosidl_message_type_support_t const&>::type rclcpp::get_message_type_support_handle<inertial_sense_ros2::msg::GPSInfo_<std::allocator<void> > >()':
[3.154s] inertial_sense_ros2.cpp:(.text._ZN6rclcpp31get_message_type_support_handleIN19inertial_sense_ros23msg8GPSInfo_ISaIvEEEEENSt9enable_ifIXsrN23rosidl_generator_traits10is_messageIT_EE5valueERK29rosidl_message_type_support_tE4typeEv[_ZN6rclcpp31get_message_type_support_handleIN19inertial_sense_ros23msg8GPSInfo_ISaIvEEEEENSt9enable_ifIXsrN23rosidl_generator_traits10is_messageIT_EE5valueERK29rosidl_message_type_support_tE4typeEv]+0x10): undefined reference to `rosidl_message_type_support_t const* rosidl_typesupport_cpp::get_message_type_support_handle<inertial_sense_ros2::msg::GPSInfo_<std::allocator<void> > >()'
[3.158s] /usr/bin/ld: CMakeFiles/new_target.dir/src/inertial_sense_ros2.cpp.o: in function `std::enable_if<rosidl_generator_traits::is_message<inertial_sense_ros2::msg::RTKInfo_<std::allocator<void> > >::value, rosidl_message_type_support_t const&>::type rclcpp::get_message_type_support_handle<inertial_sense_ros2::msg::RTKInfo_<std::allocator<void> > >()':
[3.162s] inertial_sense_ros2.cpp:(.text._ZN6rclcpp31get_message_type_support_handleIN19inertial_sense_ros23msg8RTKInfo_ISaIvEEEEENSt9enable_ifIXsrN23rosidl_generator_traits10is_messageIT_EE5valueERK29rosidl_message_type_support_tE4typeEv[_ZN6rclcpp31get_message_type_support_handleIN19inertial_sense_ros23msg8RTKInfo_ISaIvEEEEENSt9enable_ifIXsrN23rosidl_generator_traits10is_messageIT_EE5valueERK29rosidl_message_type_support_tE4typeEv]+0x10): undefined reference to `rosidl_message_type_support_t const* rosidl_typesupport_cpp::get_message_type_support_handle<inertial_sense_ros2::msg::RTKInfo_<std::allocator<void> > >()'
[3.165s] /usr/bin/ld: CMakeFiles/new_target.dir/src/inertial_sense_ros2.cpp.o: in function `std::enable_if<rosidl_generator_traits::is_message<inertial_sense_ros2::msg::RTKRel_<std::allocator<void> > >::value, rosidl_message_type_support_t const&>::type rclcpp::get_message_type_support_handle<inertial_sense_ros2::msg::RTKRel_<std::allocator<void> > >()':
[3.167s] inertial_sense_ros2.cpp:(.text._ZN6rclcpp31get_message_type_support_handleIN19inertial_sense_ros23msg7RTKRel_ISaIvEEEEENSt9enable_ifIXsrN23rosidl_generator_traits10is_messageIT_EE5valueERK29rosidl_message_type_support_tE4typeEv[_ZN6rclcpp31get_message_type_support_handleIN19inertial_sense_ros23msg7RTKRel_ISaIvEEEEENSt9enable_ifIXsrN23rosidl_generator_traits10is_messageIT_EE5valueERK29rosidl_message_type_support_tE4typeEv]+0x10): undefined reference to `rosidl_message_type_support_t const* rosidl_typesupport_cpp::get_message_type_support_handle<inertial_sense_ros2::msg::RTKRel_<std::allocator<void> > >()'
[3.173s] /usr/bin/ld: CMakeFiles/new_target.dir/src/inertial_sense_ros2.cpp.o: in function `std::enable_if<rosidl_generator_traits::is_message<inertial_sense_ros2::msg::GNSSObsVec_<std::allocator<void> > >::value, rosidl_message_type_support_t const&>::type rclcpp::get_message_type_support_handle<inertial_sense_ros2::msg::GNSSObsVec_<std::allocator<void> > >()':
[3.177s] inertial_sense_ros2.cpp:(.text._ZN6rclcpp31get_message_type_support_handleIN19inertial_sense_ros23msg11GNSSObsVec_ISaIvEEEEENSt9enable_ifIXsrN23rosidl_generator_traits10is_messageIT_EE5valueERK29rosidl_message_type_support_tE4typeEv[_ZN6rclcpp31get_message_type_support_handleIN19inertial_sense_ros23msg11GNSSObsVec_ISaIvEEEEENSt9enable_ifIXsrN23rosidl_generator_traits10is_messageIT_EE5valueERK29rosidl_message_type_support_tE4typeEv]+0x10): undefined reference to `rosidl_message_type_support_t const* rosidl_typesupport_cpp::get_message_type_support_handle<inertial_sense_ros2::msg::GNSSObsVec_<std::allocator<void> > >()'
[3.179s] /usr/bin/ld: CMakeFiles/new_target.dir/src/inertial_sense_ros2.cpp.o: in function `std::enable_if<rosidl_generator_traits::is_message<inertial_sense_ros2::msg::GNSSEphemeris_<std::allocator<void> > >::value, rosidl_message_type_support_t const&>::type rclcpp::get_message_type_support_handle<inertial_sense_ros2::msg::GNSSEphemeris_<std::allocator<void> > >()':
[3.182s] inertial_sense_ros2.cpp:(.text._ZN6rclcpp31get_message_type_support_handleIN19inertial_sense_ros23msg14GNSSEphemeris_ISaIvEEEEENSt9enable_ifIXsrN23rosidl_generator_traits10is_messageIT_EE5valueERK29rosidl_message_type_support_tE4typeEv[_ZN6rclcpp31get_message_type_support_handleIN19inertial_sense_ros23msg14GNSSEphemeris_ISaIvEEEEENSt9enable_ifIXsrN23rosidl_generator_traits10is_messageIT_EE5valueERK29rosidl_message_type_support_tE4typeEv]+0x10): undefined reference to `rosidl_message_type_support_t const* rosidl_typesupport_cpp::get_message_type_support_handle<inertial_sense_ros2::msg::GNSSEphemeris_<std::allocator<void> > >()'
[3.190s] /usr/bin/ld: CMakeFiles/new_target.dir/src/inertial_sense_ros2.cpp.o: in function `std::enable_if<rosidl_generator_traits::is_message<inertial_sense_ros2::msg::GlonassEphemeris_<std::allocator<void> > >::value, rosidl_message_type_support_t const&>::type rclcpp::get_message_type_support_handle<inertial_sense_ros2::msg::GlonassEphemeris_<std::allocator<void> > >()':
[3.190s] inertial_sense_ros2.cpp:(.text._ZN6rclcpp31get_message_type_support_handleIN19inertial_sense_ros23msg17GlonassEphemeris_ISaIvEEEEENSt9enable_ifIXsrN23rosidl_generator_traits10is_messageIT_EE5valueERK29rosidl_message_type_support_tE4typeEv[_ZN6rclcpp31get_message_type_support_handleIN19inertial_sense_ros23msg17GlonassEphemeris_ISaIvEEEEENSt9enable_ifIXsrN23rosidl_generator_traits10is_messageIT_EE5valueERK29rosidl_message_type_support_tE4typeEv]+0x10): undefined reference to `rosidl_message_type_support_t const* rosidl_typesupport_cpp::get_message_type_support_handle<inertial_sense_ros2::msg::GlonassEphemeris_<std::allocator<void> > >()'
[3.227s] /usr/bin/ld: CMakeFiles/new_target.dir/src/inertial_sense_ros2.cpp.o:(.data.rel.ro._ZTIN4YAML18TypedBadConversionISt6vectorIdSaIdEEEE[_ZTIN4YAML18TypedBadConversionISt6vectorIdSaIdEEEE]+0x10): undefined reference to `typeinfo for YAML::BadConversion'
[3.234s] /usr/bin/ld: CMakeFiles/new_target.dir/src/inertial_sense_ros2.cpp.o:(.data.rel.ro._ZTIN4YAML18TypedBadConversionIjEE[_ZTIN4YAML18TypedBadConversionIjEE]+0x10): undefined reference to `typeinfo for YAML::BadConversion'
[3.236s] /usr/bin/ld: CMakeFiles/new_target.dir/src/inertial_sense_ros2.cpp.o:(.data.rel.ro._ZTIN4YAML18TypedBadConversionIiEE[_ZTIN4YAML18TypedBadConversionIiEE]+0x10): undefined reference to `typeinfo for YAML::BadConversion'
[3.244s] /usr/bin/ld: CMakeFiles/new_target.dir/src/inertial_sense_ros2.cpp.o:(.data.rel.ro._ZTIN4YAML18TypedBadConversionIbEE[_ZTIN4YAML18TypedBadConversionIbEE]+0x10): undefined reference to `typeinfo for YAML::BadConversion'
[3.248s] /usr/bin/ld: CMakeFiles/new_target.dir/src/inertial_sense_ros2.cpp.o:(.data.rel.ro._ZTIN4YAML18TypedBadConversionIfEE[_ZTIN4YAML18TypedBadConversionIfEE]+0x10): undefined reference to `typeinfo for YAML::BadConversion'
[3.255s] /usr/bin/ld: CMakeFiles/new_target.dir/src/inertial_sense_ros2.cpp.o:(.data.rel.ro._ZTIN4YAML18TypedBadConversionIdEE[_ZTIN4YAML18TypedBadConversionIdEE]+0x10): more undefined references to `typeinfo for YAML::BadConversion' follow
[3.456s] /usr/bin/ld: CMakeFiles/new_target.dir/src/inertial_sense_node.cpp.o: in function `main':
[3.458s] inertial_sense_node.cpp:(.text+0x171): undefined reference to `YAML::LoadFile(std::__cxx11::basic_string<char, std::char_traits<char>, std::allocator<char> > const&)'
[3.460s] /usr/bin/ld: CMakeFiles/new_target.dir/src/inertial_sense_node.cpp.o:(.data.rel.local.DW.ref._ZTIN4YAML7BadFileE[DW.ref._ZTIN4YAML7BadFileE]+0x0): undefined reference to `typeinfo for YAML::BadFile'
[3.611s] /usr/bin/ld: warning: creating DT_TEXTREL in a PIE
[3.653s] collect2: error: ld returned 1 exit status
[3.658s] gmake[2]: *** [CMakeFiles/new_target.dir/build.make:235: new_target] Error 1
[3.658s] gmake[1]: *** [CMakeFiles/Makefile2:623: CMakeFiles/new_target.dir/all] Error 2
[3.659s] gmake: *** [Makefile:146: all] Error 2
[3.663s] Invoked command in '/home/s/Inertial_Sense/imx/SDK/ros2/build/inertial_sense_ros2' returned '2': CMAKE_PREFIX_PATH=${CMAKE_PREFIX_PATH}:/opt/ros/jazzy DEBUGINFOD_URLS=https://debuginfod.ubuntu.com /usr/bin/cmake --build /home/s/Inertial_Sense/imx/SDK/ros2/build/inertial_sense_ros2 -- -j6 -l6
