-- Found std_msgs: 5.3.5 (/opt/ros/jazzy/share/std_msgs/cmake)
-- Found Python3: /usr/bin/python3 (found version "3.12.3") found components: Interpreter 
-- Found rosidl_generator_c: 4.6.2 (/opt/ros/jazzy/share/rosidl_generator_c/cmake)
-- Found rosidl_generator_cpp: 4.6.2 (/opt/ros/jazzy/share/rosidl_generator_cpp/cmake)
-- Using all available rosidl_typesupport_c: rosidl_typesupport_fastrtps_c;rosidl_typesupport_introspection_c
-- Using all available rosidl_typesupport_cpp: rosidl_typesupport_fastrtps_cpp;rosidl_typesupport_introspection_cpp
-- Found std_srvs: 5.3.5 (/opt/ros/jazzy/share/std_srvs/cmake)
-- Found geometry_msgs: 5.3.5 (/opt/ros/jazzy/share/geometry_msgs/cmake)
-- Found rclcpp: 28.1.2 (/opt/ros/jazzy/share/rclcpp/cmake)
-- Found rmw_implementation_cmake: 7.3.1 (/opt/ros/jazzy/share/rmw_implementation_cmake/cmake)
-- Found rmw_fastrtps_cpp: 8.4.0 (/opt/ros/jazzy/share/rmw_fastrtps_cpp/cmake)
-- Using RMW implementation 'rmw_fastrtps_cpp' as default
-- Found rclpy: 7.1.1 (/opt/ros/jazzy/share/rclpy/cmake)
-- Found sensor_msgs: 5.3.5 (/opt/ros/jazzy/share/sensor_msgs/cmake)
-- Found nav_msgs: 5.3.5 (/opt/ros/jazzy/share/nav_msgs/cmake)
-- Found diagnostic_msgs: 5.3.5 (/opt/ros/jazzy/share/diagnostic_msgs/cmake)
-- Found rosidl_default_generators: 1.6.0 (/opt/ros/jazzy/share/rosidl_default_generators/cmake)
-- Found rosidl_adapter: 4.6.2 (/opt/ros/jazzy/share/rosidl_adapter/cmake)
-- Found tf2: 0.36.4 (/opt/ros/jazzy/share/tf2/cmake)
-- Found ament_cmake_ros: 0.12.0 (/opt/ros/jazzy/share/ament_cmake_ros/cmake)
-- Using all available rosidl_typesupport_c: rosidl_typesupport_fastrtps_c;rosidl_typesupport_introspection_c
-- Using all available rosidl_typesupport_cpp: rosidl_typesupport_fastrtps_cpp;rosidl_typesupport_introspection_cpp
-- Found python_cmake_module: 0.11.1 (/opt/ros/jazzy/share/python_cmake_module/cmake)
-- Found Python3: /usr/bin/python3 (found version "3.12.3") found components: Interpreter Development NumPy Development.Module Development.Embed 
-- Configuring done (5.5s)
-- Generating done (0.3s)
-- Build files have been written to: /home/s/Inertial_Sense/imx/SDK/ros2/build/inertial_sense_ros2
[  1%] Built target inertial_sense_ros2__rosidl_generator_type_description
[  1%] [32mBuilding CXX object CMakeFiles/new_target.dir/src/inertial_sense_node.cpp.o[0m
[  1%] [32mBuilding CXX object CMakeFiles/new_target.dir/src/inertial_sense_ros2.cpp.o[0m
[  1%] Built target ament_cmake_python_copy_inertial_sense_ros2
[  1%] Built target inertial_sense_ros2__cpp
[ 27%] Built target inertial_sense_ros2__rosidl_generator_c
[ 37%] Built target inertial_sense_ros2__rosidl_typesupport_c
[ 46%] Built target inertial_sense_ros2__rosidl_typesupport_cpp
[ 56%] Built target inertial_sense_ros2__rosidl_typesupport_fastrtps_c
[ 66%] Built target inertial_sense_ros2__rosidl_typesupport_fastrtps_cpp
[ 75%] Built target inertial_sense_ros2__rosidl_typesupport_introspection_c
[ 85%] Built target inertial_sense_ros2__rosidl_typesupport_introspection_cpp
[ 85%] Built target inertial_sense_ros2
[ 86%] Built target inertial_sense_ros2__py
running egg_info
[ 87%] [32mBuilding C object CMakeFiles/inertial_sense_ros2__rosidl_generator_py.dir/rosidl_generator_py/inertial_sense_ros2/msg/_g_time_s.c.o[0m
[ 87%] [32mBuilding C object CMakeFiles/inertial_sense_ros2__rosidl_generator_py.dir/rosidl_generator_py/inertial_sense_ros2/msg/_sat_info_s.c.o[0m
[ 88%] [32mBuilding C object CMakeFiles/inertial_sense_ros2__rosidl_generator_py.dir/rosidl_generator_py/inertial_sense_ros2/msg/_gps_s.c.o[0m
[ 88%] [32mBuilding C object CMakeFiles/inertial_sense_ros2__rosidl_generator_py.dir/rosidl_generator_py/inertial_sense_ros2/msg/_gps_info_s.c.o[0m
[ 88%] [32mBuilding C object CMakeFiles/inertial_sense_ros2__rosidl_generator_py.dir/rosidl_generator_py/inertial_sense_ros2/msg/_rtk_info_s.c.o[0m
[ 89%] [32mBuilding C object CMakeFiles/inertial_sense_ros2__rosidl_generator_py.dir/rosidl_generator_py/inertial_sense_ros2/msg/_pimu_s.c.o[0m
[ 90%] [32mBuilding C object CMakeFiles/inertial_sense_ros2__rosidl_generator_py.dir/rosidl_generator_py/inertial_sense_ros2/msg/_rtk_rel_s.c.o[0m
[ 90%] [32mBuilding C object CMakeFiles/inertial_sense_ros2__rosidl_generator_py.dir/rosidl_generator_py/inertial_sense_ros2/msg/_glonass_ephemeris_s.c.o[0m
[ 90%] [32mBuilding C object CMakeFiles/inertial_sense_ros2__rosidl_generator_py.dir/rosidl_generator_py/inertial_sense_ros2/msg/_gnss_observation_s.c.o[0m
writing inertial_sense_ros2.egg-info/PKG-INFO
writing dependency_links to inertial_sense_ros2.egg-info/dependency_links.txt
writing top-level names to inertial_sense_ros2.egg-info/top_level.txt
[ 91%] [32mBuilding C object CMakeFiles/inertial_sense_ros2__rosidl_generator_py.dir/rosidl_generator_py/inertial_sense_ros2/msg/_gnss_ephemeris_s.c.o[0m
[ 92%] [32mBuilding C object CMakeFiles/inertial_sense_ros2__rosidl_generator_py.dir/rosidl_generator_py/inertial_sense_ros2/msg/_inl2_states_s.c.o[0m
[ 93%] [32mBuilding C object CMakeFiles/inertial_sense_ros2__rosidl_generator_py.dir/rosidl_generator_py/inertial_sense_ros2/msg/_gnss_obs_vec_s.c.o[0m
[ 93%] [32mBuilding C object CMakeFiles/inertial_sense_ros2__rosidl_generator_py.dir/rosidl_generator_py/inertial_sense_ros2/msg/_didins2_s.c.o[0m
reading manifest file 'inertial_sense_ros2.egg-info/SOURCES.txt'
writing manifest file 'inertial_sense_ros2.egg-info/SOURCES.txt'
[ 93%] Built target ament_cmake_python_build_inertial_sense_ros2_egg
[ 94%] [32mBuilding C object CMakeFiles/inertial_sense_ros2__rosidl_generator_py.dir/rosidl_generator_py/inertial_sense_ros2/msg/_didins1_s.c.o[0m
[ 94%] [32mBuilding C object CMakeFiles/inertial_sense_ros2__rosidl_generator_py.dir/rosidl_generator_py/inertial_sense_ros2/msg/_didins4_s.c.o[0m
[ 95%] [32mBuilding C object CMakeFiles/inertial_sense_ros2__rosidl_generator_py.dir/rosidl_generator_py/inertial_sense_ros2/srv/_firmware_update_s.c.o[0m
[ 95%] [32mBuilding C object CMakeFiles/inertial_sense_ros2__rosidl_generator_py.dir/rosidl_generator_py/inertial_sense_ros2/srv/_ref_lla_update_s.c.o[0m
[ 96%] [32m[1mLinking C shared library libinertial_sense_ros2__rosidl_generator_py.so[0m
[ 96%] Built target inertial_sense_ros2__rosidl_generator_py
