[0.045s] Invoking command in '/home/s/Inertial_Sense/imx/SDK/ros2/build/inertial_sense_ros2': CMAKE_PREFIX_PATH=${CMAKE_PREFIX_PATH}:/opt/ros/jazzy DEBUGINFOD_URLS=https://debuginfod.ubuntu.com /usr/bin/cmake --build /home/s/Inertial_Sense/imx/SDK/ros2/build/inertial_sense_ros2 -- -j6 -l6
[0.205s] -- Found std_msgs: 5.3.5 (/opt/ros/jazzy/share/std_msgs/cmake)
[0.292s] -- Found Python3: /usr/bin/python3 (found version "3.12.3") found components: Interpreter 
[0.776s] -- Found rosidl_generator_c: 4.6.2 (/opt/ros/jazzy/share/rosidl_generator_c/cmake)
[0.809s] -- Found rosidl_generator_cpp: 4.6.2 (/opt/ros/jazzy/share/rosidl_generator_cpp/cmake)
[0.855s] -- Using all available rosidl_typesupport_c: rosidl_typesupport_fastrtps_c;rosidl_typesupport_introspection_c
[0.907s] -- Using all available rosidl_typesupport_cpp: rosidl_typesupport_fastrtps_cpp;rosidl_typesupport_introspection_cpp
[1.013s] -- Found std_srvs: 5.3.5 (/opt/ros/jazzy/share/std_srvs/cmake)
[1.148s] -- Found geometry_msgs: 5.3.5 (/opt/ros/jazzy/share/geometry_msgs/cmake)
[1.202s] -- Found rclcpp: 28.1.2 (/opt/ros/jazzy/share/rclcpp/cmake)
[1.348s] -- Found rmw_implementation_cmake: 7.3.1 (/opt/ros/jazzy/share/rmw_implementation_cmake/cmake)
[1.353s] -- Found rmw_fastrtps_cpp: 8.4.0 (/opt/ros/jazzy/share/rmw_fastrtps_cpp/cmake)
[1.630s] -- Using RMW implementation 'rmw_fastrtps_cpp' as default
[1.877s] -- Found rclpy: 7.1.1 (/opt/ros/jazzy/share/rclpy/cmake)
[1.878s] -- Found sensor_msgs: 5.3.5 (/opt/ros/jazzy/share/sensor_msgs/cmake)
[1.978s] -- Found nav_msgs: 5.3.5 (/opt/ros/jazzy/share/nav_msgs/cmake)
[2.093s] -- Found diagnostic_msgs: 5.3.5 (/opt/ros/jazzy/share/diagnostic_msgs/cmake)
[2.168s] -- Found rosidl_default_generators: 1.6.0 (/opt/ros/jazzy/share/rosidl_default_generators/cmake)
[2.200s] -- Found rosidl_adapter: 4.6.2 (/opt/ros/jazzy/share/rosidl_adapter/cmake)
[2.206s] -- Found tf2: 0.36.4 (/opt/ros/jazzy/share/tf2/cmake)
[4.417s] -- Found ament_cmake_ros: 0.12.0 (/opt/ros/jazzy/share/ament_cmake_ros/cmake)
[6.305s] -- Using all available rosidl_typesupport_c: rosidl_typesupport_fastrtps_c;rosidl_typesupport_introspection_c
[7.148s] -- Using all available rosidl_typesupport_cpp: rosidl_typesupport_fastrtps_cpp;rosidl_typesupport_introspection_cpp
[7.155s] -- Found python_cmake_module: 0.11.1 (/opt/ros/jazzy/share/python_cmake_module/cmake)
[8.921s] -- Found Python3: /usr/bin/python3 (found version "3.12.3") found components: Interpreter Development NumPy Development.Module Development.Embed 
[9.176s] -- Configuring done (9.0s)
[9.683s] -- Generating done (0.4s)
[9.738s] -- Build files have been written to: /home/s/Inertial_Sense/imx/SDK/ros2/build/inertial_sense_ros2
[10.106s] [  0%] Built target inertial_sense_ros2__rosidl_generator_type_description
[10.277s] [  1%] [32m[1mLinking CXX executable new_target[0m
[10.284s] [  1%] Built target inertial_sense_ros2__cpp
[10.297s] [  1%] Built target ament_cmake_python_copy_inertial_sense_ros2
[10.634s] [ 27%] Built target inertial_sense_ros2__rosidl_generator_c
[11.127s] [ 36%] Built target inertial_sense_ros2__rosidl_typesupport_cpp
[11.256s] [ 46%] Built target inertial_sense_ros2__rosidl_typesupport_fastrtps_cpp
[11.275s] [ 56%] Built target inertial_sense_ros2__rosidl_typesupport_fastrtps_c
[11.408s] [ 65%] Built target inertial_sense_ros2__rosidl_typesupport_introspection_c
[11.545s] [ 75%] Built target inertial_sense_ros2__rosidl_typesupport_c
[11.946s] [ 85%] Built target inertial_sense_ros2__rosidl_typesupport_introspection_cpp
[12.221s] [ 85%] Built target inertial_sense_ros2
[12.537s] running egg_info
[12.763s] writing inertial_sense_ros2.egg-info/PKG-INFO
[12.764s] writing dependency_links to inertial_sense_ros2.egg-info/dependency_links.txt
[12.768s] [ 86%] Built target inertial_sense_ros2__py
[12.768s] writing top-level names to inertial_sense_ros2.egg-info/top_level.txt
[13.326s] [ 96%] Built target inertial_sense_ros2__rosidl_generator_py
[13.555s] reading manifest file 'inertial_sense_ros2.egg-info/SOURCES.txt'
[13.567s] writing manifest file 'inertial_sense_ros2.egg-info/SOURCES.txt'
[13.809s] [ 96%] Built target ament_cmake_python_build_inertial_sense_ros2_egg
[13.852s] [ 97%] Built target inertial_sense_ros2_s__rosidl_typesupport_c
[13.985s] [ 98%] Built target inertial_sense_ros2_s__rosidl_typesupport_introspection_c
[14.088s] [ 99%] Built target inertial_sense_ros2_s__rosidl_typesupport_fastrtps_c
[14.951s] /usr/bin/ld: CMakeFiles/new_target.dir/src/inertial_sense_ros2.cpp.o: warning: relocation against `_ZTVN4YAML13BadConversionE' in read-only section `.text._ZN4YAML13BadConversionC2ERKNS_4MarkE[_ZN4YAML13BadConversionC5ERKNS_4MarkE]'
[15.148s] /usr/bin/ld: /usr/lib/gcc/x86_64-linux-gnu/13/../../../x86_64-linux-gnu/Scrt1.o: in function `_start':
[15.148s] (.text+0x1b): undefined reference to `main'
[15.199s] /usr/bin/ld: CMakeFiles/new_target.dir/src/inertial_sense_ros2.cpp.o: in function `is_comm_parse_byte':
[15.199s] inertial_sense_ros2.cpp:(.text+0x8d): undefined reference to `is_comm_parse_byte_timeout'
[15.201s] /usr/bin/ld: CMakeFiles/new_target.dir/src/inertial_sense_ros2.cpp.o: in function `InertialSenseROS::InertialSenseROS(YAML::Node, bool)':
[15.202s] inertial_sense_ros2.cpp:(.text+0x632): undefined reference to `InertialSense::InertialSense(std::function<void (InertialSense*, p_data_t*, int)>, int (*)(unsigned int, p_data_get_t*), int (*)(unsigned int, unsigned char const*, int), int (*)(unsigned int, unsigned char const*, int), int (*)(unsigned int, unsigned char const*, int), int (*)(unsigned int, unsigned char const*, int))'
[15.206s] /usr/bin/ld: inertial_sense_ros2.cpp:(.text+0x7c5): undefined reference to `InertialSense::~InertialSense()'
[15.211s] /usr/bin/ld: CMakeFiles/new_target.dir/src/inertial_sense_ros2.cpp.o: in function `InertialSenseROS::terminate()':
[15.212s] inertial_sense_ros2.cpp:(.text+0xfde): undefined reference to `InertialSense::Close()'
[15.218s] /usr/bin/ld: inertial_sense_ros2.cpp:(.text+0xff0): undefined reference to `InertialSense::CloseServerConnection()'
[15.220s] /usr/bin/ld: CMakeFiles/new_target.dir/src/inertial_sense_ros2.cpp.o: in function `InertialSenseROS::initializeIS(bool)':
[15.220s] inertial_sense_ros2.cpp:(.text+0x12db): undefined reference to `InertialSense::StopBroadcasts(bool)'
[15.223s] /usr/bin/ld: inertial_sense_ros2.cpp:(.text+0x12fa): undefined reference to `InertialSense::SetSysCmd(unsigned int, int)'
[15.225s] /usr/bin/ld: inertial_sense_ros2.cpp:(.text+0x1319): undefined reference to `InertialSense::SetSysCmd(unsigned int, int)'
[15.228s] /usr/bin/ld: inertial_sense_ros2.cpp:(.text+0x136d): undefined reference to `InertialSense::StopBroadcasts(bool)'
[15.233s] /usr/bin/ld: inertial_sense_ros2.cpp:(.text+0x13a5): undefined reference to `InertialSense::SavePersistent()'
[15.234s] /usr/bin/ld: CMakeFiles/new_target.dir/src/inertial_sense_ros2.cpp.o: in function `InertialSenseROS::initializeROS()':
[15.235s] inertial_sense_ros2.cpp:(.text+0x19e3): undefined reference to `InertialSense::BroadcastBinaryData(unsigned int, int, std::function<void (InertialSense*, p_data_t*, int)>)'
[15.239s] /usr/bin/ld: CMakeFiles/new_target.dir/src/inertial_sense_ros2.cpp.o: in function `InertialSenseROS::load_params(YAML::Node&)':
[15.240s] inertial_sense_ros2.cpp:(.text+0x4307): undefined reference to `ParamHelper::paramServerToYamlNode(YAML::Node&, std::__cxx11::basic_string<char, std::char_traits<char>, std::allocator<char> >, std::__cxx11::basic_string<char, std::char_traits<char>, std::allocator<char> >)'
[15.243s] /usr/bin/ld: inertial_sense_ros2.cpp:(.text+0x4e71): undefined reference to `ParamHelper::node(YAML::Node&, std::__cxx11::basic_string<char, std::char_traits<char>, std::allocator<char> >, int)'
[15.247s] /usr/bin/ld: inertial_sense_ros2.cpp:(.text+0x4eea): undefined reference to `ParamHelper::node(YAML::Node&, std::__cxx11::basic_string<char, std::char_traits<char>, std::allocator<char> >, int)'
[15.253s] /usr/bin/ld: inertial_sense_ros2.cpp:(.text+0x4fa6): undefined reference to `ParamHelper::msgParams(TopicHelper&, std::__cxx11::basic_string<char, std::char_traits<char>, std::allocator<char> >, std::__cxx11::basic_string<char, std::char_traits<char>, std::allocator<char> >, bool, int, bool)'
[15.254s] /usr/bin/ld: inertial_sense_ros2.cpp:(.text+0x5085): undefined reference to `ParamHelper::msgParams(TopicHelper&, std::__cxx11::basic_string<char, std::char_traits<char>, std::allocator<char> >, std::__cxx11::basic_string<char, std::char_traits<char>, std::allocator<char> >, bool, int, bool)'
[15.260s] /usr/bin/ld: inertial_sense_ros2.cpp:(.text+0x5164): undefined reference to `ParamHelper::msgParams(TopicHelper&, std::__cxx11::basic_string<char, std::char_traits<char>, std::allocator<char> >, std::__cxx11::basic_string<char, std::char_traits<char>, std::allocator<char> >, bool, int, bool)'
[15.266s] /usr/bin/ld: inertial_sense_ros2.cpp:(.text+0x5243): undefined reference to `ParamHelper::msgParams(TopicHelper&, std::__cxx11::basic_string<char, std::char_traits<char>, std::allocator<char> >, std::__cxx11::basic_string<char, std::char_traits<char>, std::allocator<char> >, bool, int, bool)'
[15.270s] /usr/bin/ld: inertial_sense_ros2.cpp:(.text+0x5322): undefined reference to `ParamHelper::msgParams(TopicHelper&, std::__cxx11::basic_string<char, std::char_traits<char>, std::allocator<char> >, std::__cxx11::basic_string<char, std::char_traits<char>, std::allocator<char> >, bool, int, bool)'
[15.270s] /usr/bin/ld: inertial_sense_ros2.cpp:(.text+0x5435): undefined reference to `ParamHelper::node(YAML::Node&, std::__cxx11::basic_string<char, std::char_traits<char>, std::allocator<char> >, int)'
[15.272s] /usr/bin/ld: inertial_sense_ros2.cpp:(.text+0x598d): undefined reference to `ParamHelper::node(YAML::Node&, std::__cxx11::basic_string<char, std::char_traits<char>, std::allocator<char> >, int)'
[15.277s] /usr/bin/ld: inertial_sense_ros2.cpp:(.text+0x5a49): undefined reference to `ParamHelper::msgParams(TopicHelper&, std::__cxx11::basic_string<char, std::char_traits<char>, std::allocator<char> >, std::__cxx11::basic_string<char, std::char_traits<char>, std::allocator<char> >, bool, int, bool)'
[15.280s] /usr/bin/ld: inertial_sense_ros2.cpp:(.text+0x5b28): undefined reference to `ParamHelper::msgParams(TopicHelper&, std::__cxx11::basic_string<char, std::char_traits<char>, std::allocator<char> >, std::__cxx11::basic_string<char, std::char_traits<char>, std::allocator<char> >, bool, int, bool)'
[15.285s] /usr/bin/ld: inertial_sense_ros2.cpp:(.text+0x5c07): undefined reference to `ParamHelper::msgParams(TopicHelper&, std::__cxx11::basic_string<char, std::char_traits<char>, std::allocator<char> >, std::__cxx11::basic_string<char, std::char_traits<char>, std::allocator<char> >, bool, int, bool)'
[15.290s] /usr/bin/ld: inertial_sense_ros2.cpp:(.text+0x5ce6): undefined reference to `ParamHelper::msgParams(TopicHelper&, std::__cxx11::basic_string<char, std::char_traits<char>, std::allocator<char> >, std::__cxx11::basic_string<char, std::char_traits<char>, std::allocator<char> >, bool, int, bool)'
[15.293s] /usr/bin/ld: inertial_sense_ros2.cpp:(.text+0x5dc5): undefined reference to `ParamHelper::msgParams(TopicHelper&, std::__cxx11::basic_string<char, std::char_traits<char>, std::allocator<char> >, std::__cxx11::basic_string<char, std::char_traits<char>, std::allocator<char> >, bool, int, bool)'
[15.295s] /usr/bin/ld: CMakeFiles/new_target.dir/src/inertial_sense_ros2.cpp.o:inertial_sense_ros2.cpp:(.text+0x5ea4): more undefined references to `ParamHelper::msgParams(TopicHelper&, std::__cxx11::basic_string<char, std::char_traits<char>, std::allocator<char> >, std::__cxx11::basic_string<char, std::char_traits<char>, std::allocator<char> >, bool, int, bool)' follow
[15.298s] /usr/bin/ld: CMakeFiles/new_target.dir/src/inertial_sense_ros2.cpp.o: in function `InertialSenseROS::load_params(YAML::Node&)':
[15.298s] inertial_sense_ros2.cpp:(.text+0x60af): undefined reference to `ParamHelper::node(YAML::Node&, std::__cxx11::basic_string<char, std::char_traits<char>, std::allocator<char> >, int)'
[15.302s] /usr/bin/ld: inertial_sense_ros2.cpp:(.text+0x62fb): undefined reference to `ParamHelper::node(YAML::Node&, std::__cxx11::basic_string<char, std::char_traits<char>, std::allocator<char> >, int)'
[15.304s] /usr/bin/ld: inertial_sense_ros2.cpp:(.text+0x63b7): undefined reference to `ParamHelper::msgParams(TopicHelper&, std::__cxx11::basic_string<char, std::char_traits<char>, std::allocator<char> >, std::__cxx11::basic_string<char, std::char_traits<char>, std::allocator<char> >, bool, int, bool)'
[15.307s] /usr/bin/ld: inertial_sense_ros2.cpp:(.text+0x6496): undefined reference to `ParamHelper::msgParams(TopicHelper&, std::__cxx11::basic_string<char, std::char_traits<char>, std::allocator<char> >, std::__cxx11::basic_string<char, std::char_traits<char>, std::allocator<char> >, bool, int, bool)'
[15.310s] /usr/bin/ld: inertial_sense_ros2.cpp:(.text+0x6575): undefined reference to `ParamHelper::msgParams(TopicHelper&, std::__cxx11::basic_string<char, std::char_traits<char>, std::allocator<char> >, std::__cxx11::basic_string<char, std::char_traits<char>, std::allocator<char> >, bool, int, bool)'
[15.313s] /usr/bin/ld: inertial_sense_ros2.cpp:(.text+0x6654): undefined reference to `ParamHelper::msgParams(TopicHelper&, std::__cxx11::basic_string<char, std::char_traits<char>, std::allocator<char> >, std::__cxx11::basic_string<char, std::char_traits<char>, std::allocator<char> >, bool, int, bool)'
[15.315s] /usr/bin/ld: inertial_sense_ros2.cpp:(.text+0x6780): undefined reference to `ParamHelper::node(YAML::Node&, std::__cxx11::basic_string<char, std::char_traits<char>, std::allocator<char> >, int)'
[15.318s] /usr/bin/ld: inertial_sense_ros2.cpp:(.text+0x6949): undefined reference to `ParamHelper::node(YAML::Node&, std::__cxx11::basic_string<char, std::char_traits<char>, std::allocator<char> >, int)'
[15.320s] /usr/bin/ld: inertial_sense_ros2.cpp:(.text+0x6a05): undefined reference to `ParamHelper::msgParams(TopicHelper&, std::__cxx11::basic_string<char, std::char_traits<char>, std::allocator<char> >, std::__cxx11::basic_string<char, std::char_traits<char>, std::allocator<char> >, bool, int, bool)'
[15.326s] /usr/bin/ld: inertial_sense_ros2.cpp:(.text+0x6ae4): undefined reference to `ParamHelper::msgParams(TopicHelper&, std::__cxx11::basic_string<char, std::char_traits<char>, std::allocator<char> >, std::__cxx11::basic_string<char, std::char_traits<char>, std::allocator<char> >, bool, int, bool)'
[15.326s] /usr/bin/ld: inertial_sense_ros2.cpp:(.text+0x6bc3): undefined reference to `ParamHelper::msgParams(TopicHelper&, std::__cxx11::basic_string<char, std::char_traits<char>, std::allocator<char> >, std::__cxx11::basic_string<char, std::char_traits<char>, std::allocator<char> >, bool, int, bool)'
[15.328s] /usr/bin/ld: inertial_sense_ros2.cpp:(.text+0x6ca2): undefined reference to `ParamHelper::msgParams(TopicHelper&, std::__cxx11::basic_string<char, std::char_traits<char>, std::allocator<char> >, std::__cxx11::basic_string<char, std::char_traits<char>, std::allocator<char> >, bool, int, bool)'
[15.331s] /usr/bin/ld: inertial_sense_ros2.cpp:(.text+0x6dce): undefined reference to `ParamHelper::node(YAML::Node&, std::__cxx11::basic_string<char, std::char_traits<char>, std::allocator<char> >, int)'
[15.333s] /usr/bin/ld: inertial_sense_ros2.cpp:(.text+0x6f3d): undefined reference to `ParamHelper::node(YAML::Node&, std::__cxx11::basic_string<char, std::char_traits<char>, std::allocator<char> >, int)'
[15.336s] /usr/bin/ld: inertial_sense_ros2.cpp:(.text+0x704a): undefined reference to `ParamHelper::node(YAML::Node&, std::__cxx11::basic_string<char, std::char_traits<char>, std::allocator<char> >, int)'
[15.339s] /usr/bin/ld: inertial_sense_ros2.cpp:(.text+0x7157): undefined reference to `ParamHelper::node(YAML::Node&, std::__cxx11::basic_string<char, std::char_traits<char>, std::allocator<char> >, int)'
[15.342s] /usr/bin/ld: CMakeFiles/new_target.dir/src/inertial_sense_ros2.cpp.o: in function `InertialSenseROS::configure_data_streams(bool)':
[15.343s] inertial_sense_ros2.cpp:(.text+0x8e2c): undefined reference to `InertialSense::BroadcastBinaryData(unsigned int, int, std::function<void (InertialSense*, p_data_t*, int)>)'
[15.345s] /usr/bin/ld: inertial_sense_ros2.cpp:(.text+0x9102): undefined reference to `InertialSense::BroadcastBinaryData(unsigned int, int, std::function<void (InertialSense*, p_data_t*, int)>)'
[15.348s] /usr/bin/ld: inertial_sense_ros2.cpp:(.text+0x9423): undefined reference to `InertialSense::BroadcastBinaryData(unsigned int, int, std::function<void (InertialSense*, p_data_t*, int)>)'
[15.351s] /usr/bin/ld: inertial_sense_ros2.cpp:(.text+0x948d): undefined reference to `InertialSense::BroadcastBinaryData(unsigned int, int, std::function<void (InertialSense*, p_data_t*, int)>)'
[15.354s] /usr/bin/ld: inertial_sense_ros2.cpp:(.text+0x97d1): undefined reference to `InertialSense::BroadcastBinaryData(unsigned int, int, std::function<void (InertialSense*, p_data_t*, int)>)'
[15.357s] /usr/bin/ld: CMakeFiles/new_target.dir/src/inertial_sense_ros2.cpp.o:inertial_sense_ros2.cpp:(.text+0x983b): more undefined references to `InertialSense::BroadcastBinaryData(unsigned int, int, std::function<void (InertialSense*, p_data_t*, int)>)' follow
[15.359s] /usr/bin/ld: CMakeFiles/new_target.dir/src/inertial_sense_ros2.cpp.o: in function `InertialSenseROS::configure_data_streams(bool)':
[15.360s] inertial_sense_ros2.cpp:(.text+0x9e18): undefined reference to `cISDataMappings::GetDataSetName(unsigned int)'
[15.363s] /usr/bin/ld: inertial_sense_ros2.cpp:(.text+0x9f1b): undefined reference to `InertialSense::BroadcastBinaryData(unsigned int, int, std::function<void (InertialSense*, p_data_t*, int)>)'
[15.365s] /usr/bin/ld: inertial_sense_ros2.cpp:(.text+0xa118): undefined reference to `cISDataMappings::GetDataSetName(unsigned int)'
[15.368s] /usr/bin/ld: inertial_sense_ros2.cpp:(.text+0xa22b): undefined reference to `InertialSense::BroadcastBinaryData(unsigned int, int, std::function<void (InertialSense*, p_data_t*, int)>)'
[15.371s] /usr/bin/ld: inertial_sense_ros2.cpp:(.text+0xa43a): undefined reference to `cISDataMappings::GetDataSetName(unsigned int)'
[15.373s] /usr/bin/ld: inertial_sense_ros2.cpp:(.text+0xa54d): undefined reference to `InertialSense::BroadcastBinaryData(unsigned int, int, std::function<void (InertialSense*, p_data_t*, int)>)'
[15.377s] /usr/bin/ld: inertial_sense_ros2.cpp:(.text+0xa75c): undefined reference to `cISDataMappings::GetDataSetName(unsigned int)'
[15.380s] /usr/bin/ld: inertial_sense_ros2.cpp:(.text+0xa86f): undefined reference to `InertialSense::BroadcastBinaryData(unsigned int, int, std::function<void (InertialSense*, p_data_t*, int)>)'
[15.383s] /usr/bin/ld: inertial_sense_ros2.cpp:(.text+0xaa7e): undefined reference to `cISDataMappings::GetDataSetName(unsigned int)'
[15.386s] /usr/bin/ld: inertial_sense_ros2.cpp:(.text+0xab91): undefined reference to `InertialSense::BroadcastBinaryData(unsigned int, int, std::function<void (InertialSense*, p_data_t*, int)>)'
[15.388s] /usr/bin/ld: inertial_sense_ros2.cpp:(.text+0xabd7): undefined reference to `InertialSense::FlashConfig(nvm_flash_cfg_t&, int)'
[15.392s] /usr/bin/ld: inertial_sense_ros2.cpp:(.text+0xb49e): undefined reference to `cISDataMappings::GetDataSetName(unsigned int)'
[15.394s] /usr/bin/ld: inertial_sense_ros2.cpp:(.text+0xb5b1): undefined reference to `InertialSense::BroadcastBinaryData(unsigned int, int, std::function<void (InertialSense*, p_data_t*, int)>)'
[15.397s] /usr/bin/ld: inertial_sense_ros2.cpp:(.text+0xb7c0): undefined reference to `cISDataMappings::GetDataSetName(unsigned int)'
[15.399s] /usr/bin/ld: inertial_sense_ros2.cpp:(.text+0xb8d3): undefined reference to `InertialSense::BroadcastBinaryData(unsigned int, int, std::function<void (InertialSense*, p_data_t*, int)>)'
[15.402s] /usr/bin/ld: inertial_sense_ros2.cpp:(.text+0xbae2): undefined reference to `cISDataMappings::GetDataSetName(unsigned int)'
[15.404s] /usr/bin/ld: inertial_sense_ros2.cpp:(.text+0xbbf5): undefined reference to `InertialSense::BroadcastBinaryData(unsigned int, int, std::function<void (InertialSense*, p_data_t*, int)>)'
[15.407s] /usr/bin/ld: inertial_sense_ros2.cpp:(.text+0xbe04): undefined reference to `cISDataMappings::GetDataSetName(unsigned int)'
[15.410s] /usr/bin/ld: inertial_sense_ros2.cpp:(.text+0xbf17): undefined reference to `InertialSense::BroadcastBinaryData(unsigned int, int, std::function<void (InertialSense*, p_data_t*, int)>)'
[15.413s] /usr/bin/ld: inertial_sense_ros2.cpp:(.text+0xc13c): undefined reference to `cISDataMappings::GetDataSetName(unsigned int)'
[15.416s] /usr/bin/ld: inertial_sense_ros2.cpp:(.text+0xc24f): undefined reference to `InertialSense::BroadcastBinaryData(unsigned int, int, std::function<void (InertialSense*, p_data_t*, int)>)'
[15.418s] /usr/bin/ld: inertial_sense_ros2.cpp:(.text+0xc45e): undefined reference to `cISDataMappings::GetDataSetName(unsigned int)'
[15.420s] /usr/bin/ld: inertial_sense_ros2.cpp:(.text+0xc571): undefined reference to `InertialSense::BroadcastBinaryData(unsigned int, int, std::function<void (InertialSense*, p_data_t*, int)>)'
[15.423s] /usr/bin/ld: inertial_sense_ros2.cpp:(.text+0xc780): undefined reference to `cISDataMappings::GetDataSetName(unsigned int)'
[15.425s] /usr/bin/ld: inertial_sense_ros2.cpp:(.text+0xc893): undefined reference to `InertialSense::BroadcastBinaryData(unsigned int, int, std::function<void (InertialSense*, p_data_t*, int)>)'
[15.428s] /usr/bin/ld: inertial_sense_ros2.cpp:(.text+0xcaa2): undefined reference to `cISDataMappings::GetDataSetName(unsigned int)'
[15.430s] /usr/bin/ld: inertial_sense_ros2.cpp:(.text+0xcbb5): undefined reference to `InertialSense::BroadcastBinaryData(unsigned int, int, std::function<void (InertialSense*, p_data_t*, int)>)'
[15.433s] /usr/bin/ld: inertial_sense_ros2.cpp:(.text+0xcdc4): undefined reference to `cISDataMappings::GetDataSetName(unsigned int)'
[15.434s] /usr/bin/ld: inertial_sense_ros2.cpp:(.text+0xced7): undefined reference to `InertialSense::BroadcastBinaryData(unsigned int, int, std::function<void (InertialSense*, p_data_t*, int)>)'
[15.436s] /usr/bin/ld: inertial_sense_ros2.cpp:(.text+0xd0e6): undefined reference to `cISDataMappings::GetDataSetName(unsigned int)'
[15.439s] /usr/bin/ld: inertial_sense_ros2.cpp:(.text+0xd1f9): undefined reference to `InertialSense::BroadcastBinaryData(unsigned int, int, std::function<void (InertialSense*, p_data_t*, int)>)'
[15.441s] /usr/bin/ld: inertial_sense_ros2.cpp:(.text+0xd408): undefined reference to `cISDataMappings::GetDataSetName(unsigned int)'
[15.443s] /usr/bin/ld: inertial_sense_ros2.cpp:(.text+0xd51b): undefined reference to `InertialSense::BroadcastBinaryData(unsigned int, int, std::function<void (InertialSense*, p_data_t*, int)>)'
[15.445s] /usr/bin/ld: inertial_sense_ros2.cpp:(.text+0xd72a): undefined reference to `cISDataMappings::GetDataSetName(unsigned int)'
[15.448s] /usr/bin/ld: inertial_sense_ros2.cpp:(.text+0xd83d): undefined reference to `InertialSense::BroadcastBinaryData(unsigned int, int, std::function<void (InertialSense*, p_data_t*, int)>)'
[15.451s] /usr/bin/ld: CMakeFiles/new_target.dir/src/inertial_sense_ros2.cpp.o: in function `InertialSenseROS::start_log()':
[15.452s] inertial_sense_ros2.cpp:(.text+0xf3fe): undefined reference to `cISLogger::CreateCurrentTimestamp[abi:cxx11]()'
[15.454s] /usr/bin/ld: inertial_sense_ros2.cpp:(.text+0xf774): undefined reference to `cISLogger::g_emptyString[abi:cxx11]'
[15.456s] /usr/bin/ld: inertial_sense_ros2.cpp:(.text+0xf7a6): undefined reference to `InertialSense::SetLoggerEnabled(bool, std::__cxx11::basic_string<char, std::char_traits<char>, std::allocator<char> > const&, cISLogger::eLogType, unsigned long, unsigned int, float, unsigned int, std::__cxx11::basic_string<char, std::char_traits<char>, std::allocator<char> > const&)'
[15.460s] /usr/bin/ld: CMakeFiles/new_target.dir/src/inertial_sense_ros2.cpp.o: in function `InertialSenseROS::connect(float)':
[15.460s] inertial_sense_ros2.cpp:(.text+0xfcd6): undefined reference to `InertialSense::Open(char const*, int, bool)'
[15.462s] /usr/bin/ld: inertial_sense_ros2.cpp:(.text+0x1017f): undefined reference to `InertialSense::DeviceInfo(int)'
[15.465s] /usr/bin/ld: CMakeFiles/new_target.dir/src/inertial_sense_ros2.cpp.o: in function `InertialSenseROS::firmware_compatiblity_check()':
[15.465s] inertial_sense_ros2.cpp:(.text+0x106a5): undefined reference to `InertialSense::DeviceInfo(int)'
[15.467s] /usr/bin/ld: inertial_sense_ros2.cpp:(.text+0x10728): undefined reference to `InertialSense::DeviceInfo(int)'
[15.470s] /usr/bin/ld: CMakeFiles/new_target.dir/src/inertial_sense_ros2.cpp.o: in function `InertialSenseROS::configure_flash_parameters()':
[15.471s] inertial_sense_ros2.cpp:(.text+0x10972): undefined reference to `InertialSense::FlashConfig(nvm_flash_cfg_t&, int)'
[15.473s] /usr/bin/ld: inertial_sense_ros2.cpp:(.text+0x1129b): undefined reference to `InertialSense::SendData(unsigned int, unsigned char*, unsigned int, unsigned int)'
[15.475s] /usr/bin/ld: CMakeFiles/new_target.dir/src/inertial_sense_ros2.cpp.o: in function `InertialSenseROS::connect_rtk_client(RtkRoverCorrectionProvider_Ntrip&)':
[15.476s] inertial_sense_ros2.cpp:(.text+0x114d2): undefined reference to `RtkRoverCorrectionProvider_Ntrip::get_connection_string[abi:cxx11]()'
[15.478s] /usr/bin/ld: inertial_sense_ros2.cpp:(.text+0x11501): undefined reference to `InertialSense::OpenConnectionToServer(std::__cxx11::basic_string<char, std::char_traits<char>, std::allocator<char> > const&)'
[15.481s] /usr/bin/ld: CMakeFiles/new_target.dir/src/inertial_sense_ros2.cpp.o: in function `InertialSenseROS::start_rtk_server(RtkBaseCorrectionProvider_Ntrip&)':
[15.482s] inertial_sense_ros2.cpp:(.text+0x12f98): undefined reference to `RtkBaseCorrectionProvider_Ntrip::get_connection_string[abi:cxx11]()'
[15.485s] /usr/bin/ld: inertial_sense_ros2.cpp:(.text+0x12fb8): undefined reference to `InertialSense::CreateHost(std::__cxx11::basic_string<char, std::char_traits<char>, std::allocator<char> > const&)'
[15.488s] /usr/bin/ld: CMakeFiles/new_target.dir/src/inertial_sense_ros2.cpp.o: in function `InertialSenseROS::configure_rtk()':
[15.488s] inertial_sense_ros2.cpp:(.text+0x13de3): undefined reference to `InertialSense::BroadcastBinaryData(unsigned int, int, std::function<void (InertialSense*, p_data_t*, int)>)'
[15.490s] /usr/bin/ld: inertial_sense_ros2.cpp:(.text+0x13e4d): undefined reference to `InertialSense::BroadcastBinaryData(unsigned int, int, std::function<void (InertialSense*, p_data_t*, int)>)'
[15.493s] /usr/bin/ld: inertial_sense_ros2.cpp:(.text+0x141d0): undefined reference to `InertialSense::BroadcastBinaryData(unsigned int, int, std::function<void (InertialSense*, p_data_t*, int)>)'
[15.496s] /usr/bin/ld: inertial_sense_ros2.cpp:(.text+0x1423a): undefined reference to `InertialSense::BroadcastBinaryData(unsigned int, int, std::function<void (InertialSense*, p_data_t*, int)>)'
[15.498s] /usr/bin/ld: inertial_sense_ros2.cpp:(.text+0x14548): undefined reference to `InertialSense::BroadcastBinaryData(unsigned int, int, std::function<void (InertialSense*, p_data_t*, int)>)'
[15.502s] /usr/bin/ld: CMakeFiles/new_target.dir/src/inertial_sense_ros2.cpp.o:inertial_sense_ros2.cpp:(.text+0x145b2): more undefined references to `InertialSense::BroadcastBinaryData(unsigned int, int, std::function<void (InertialSense*, p_data_t*, int)>)' follow
[15.504s] /usr/bin/ld: CMakeFiles/new_target.dir/src/inertial_sense_ros2.cpp.o: in function `InertialSenseROS::configure_rtk()':
[15.505s] inertial_sense_ros2.cpp:(.text+0x1490b): undefined reference to `RtkBaseProvider::getProvidersByType(std::__cxx11::basic_string<char, std::char_traits<char>, std::allocator<char> >)'
[15.507s] /usr/bin/ld: inertial_sense_ros2.cpp:(.text+0x14987): undefined reference to `InertialSense::SendData(unsigned int, unsigned char*, unsigned int, unsigned int)'
[15.510s] /usr/bin/ld: inertial_sense_ros2.cpp:(.text+0x14c8f): undefined reference to `InertialSense::BroadcastBinaryData(unsigned int, int, std::function<void (InertialSense*, p_data_t*, int)>)'
[15.513s] /usr/bin/ld: inertial_sense_ros2.cpp:(.text+0x14cf9): undefined reference to `InertialSense::BroadcastBinaryData(unsigned int, int, std::function<void (InertialSense*, p_data_t*, int)>)'
[15.515s] /usr/bin/ld: inertial_sense_ros2.cpp:(.text+0x150b4): undefined reference to `InertialSense::BroadcastBinaryData(unsigned int, int, std::function<void (InertialSense*, p_data_t*, int)>)'
[15.518s] /usr/bin/ld: inertial_sense_ros2.cpp:(.text+0x1511e): undefined reference to `InertialSense::BroadcastBinaryData(unsigned int, int, std::function<void (InertialSense*, p_data_t*, int)>)'
[15.521s] /usr/bin/ld: inertial_sense_ros2.cpp:(.text+0x15502): undefined reference to `InertialSense::BroadcastBinaryData(unsigned int, int, std::function<void (InertialSense*, p_data_t*, int)>)'
[15.523s] /usr/bin/ld: CMakeFiles/new_target.dir/src/inertial_sense_ros2.cpp.o:inertial_sense_ros2.cpp:(.text+0x1556c): more undefined references to `InertialSense::BroadcastBinaryData(unsigned int, int, std::function<void (InertialSense*, p_data_t*, int)>)' follow
[15.526s] /usr/bin/ld: CMakeFiles/new_target.dir/src/inertial_sense_ros2.cpp.o: in function `InertialSenseROS::configure_rtk()':
[15.526s] inertial_sense_ros2.cpp:(.text+0x158d8): undefined reference to `RtkBaseProvider::getProvidersByType(std::__cxx11::basic_string<char, std::char_traits<char>, std::allocator<char> >)'
[15.528s] /usr/bin/ld: inertial_sense_ros2.cpp:(.text+0x15954): undefined reference to `InertialSense::SendData(unsigned int, unsigned char*, unsigned int, unsigned int)'
[15.531s] /usr/bin/ld: CMakeFiles/new_target.dir/src/inertial_sense_ros2.cpp.o: in function `InertialSenseROS::INS4_callback(unsigned int, ins_4_t const*)':
[15.532s] inertial_sense_ros2.cpp:(.text+0x174ba): undefined reference to `eye_MatN'
[15.534s] /usr/bin/ld: inertial_sense_ros2.cpp:(.text+0x1757f): undefined reference to `ecef2lla'
[15.536s] /usr/bin/ld: inertial_sense_ros2.cpp:(.text+0x175b5): undefined reference to `quat_ecef2ned'
[15.539s] /usr/bin/ld: inertial_sense_ros2.cpp:(.text+0x178e9): undefined reference to `quat2euler'
[15.545s] /usr/bin/ld: inertial_sense_ros2.cpp:(.text+0x1795a): undefined reference to `vectorBodyToReference'
[15.545s] /usr/bin/ld: inertial_sense_ros2.cpp:(.text+0x17c8f): undefined reference to `mul_Quat_ConjQuat'
[15.547s] /usr/bin/ld: inertial_sense_ros2.cpp:(.text+0x17ce8): undefined reference to `transpose_Mat3'
[15.549s] /usr/bin/ld: inertial_sense_ros2.cpp:(.text+0x17ed0): undefined reference to `ecef2lla'
[15.552s] /usr/bin/ld: inertial_sense_ros2.cpp:(.text+0x17ef0): undefined reference to `lla_Deg2Rad_d'
[15.555s] /usr/bin/ld: inertial_sense_ros2.cpp:(.text+0x17f10): undefined reference to `lla2ned_d'
[15.557s] /usr/bin/ld: inertial_sense_ros2.cpp:(.text+0x17ff1): undefined reference to `quatConjRot'
[15.561s] /usr/bin/ld: inertial_sense_ros2.cpp:(.text+0x180b3): undefined reference to `quatRot'
[15.563s] /usr/bin/ld: inertial_sense_ros2.cpp:(.text+0x1840e): undefined reference to `euler2quat'
[15.566s] /usr/bin/ld: inertial_sense_ros2.cpp:(.text+0x1842e): undefined reference to `mul_Quat_ConjQuat'
[15.569s] /usr/bin/ld: inertial_sense_ros2.cpp:(.text+0x1844e): undefined reference to `mul_Quat_ConjQuat'
[15.571s] /usr/bin/ld: inertial_sense_ros2.cpp:(.text+0x1846e): undefined reference to `mul_Quat_Quat'
[15.574s] /usr/bin/ld: inertial_sense_ros2.cpp:(.text+0x184c7): undefined reference to `transpose_Mat3'
[15.577s] /usr/bin/ld: inertial_sense_ros2.cpp:(.text+0x186af): undefined reference to `ecef2lla'
[15.581s] /usr/bin/ld: inertial_sense_ros2.cpp:(.text+0x186cf): undefined reference to `lla_Deg2Rad_d'
[15.583s] /usr/bin/ld: inertial_sense_ros2.cpp:(.text+0x186ef): undefined reference to `lla2ned_d'
[15.586s] /usr/bin/ld: inertial_sense_ros2.cpp:(.text+0x187db): undefined reference to `quatConjRot'
[15.589s] /usr/bin/ld: inertial_sense_ros2.cpp:(.text+0x188a8): undefined reference to `quatRot'
[15.594s] /usr/bin/ld: CMakeFiles/new_target.dir/src/inertial_sense_ros2.cpp.o: in function `InertialSenseROS::update()':
[15.594s] inertial_sense_ros2.cpp:(.text+0x1a0ca): undefined reference to `InertialSense::IsOpen()'
[15.595s] /usr/bin/ld: inertial_sense_ros2.cpp:(.text+0x1a0e3): undefined reference to `InertialSense::Close()'
[15.599s] /usr/bin/ld: inertial_sense_ros2.cpp:(.text+0x1a118): undefined reference to `InertialSense::Update()'
[15.602s] /usr/bin/ld: CMakeFiles/new_target.dir/src/inertial_sense_ros2.cpp.o: in function `InertialSenseROS::set_current_position_as_refLLA(std_srvs::srv::Trigger_Request_<std::allocator<void> >&, std_srvs::srv::Trigger_Response_<std::allocator<void> >&)':
[15.603s] inertial_sense_ros2.cpp:(.text+0x1db1a): undefined reference to `InertialSense::SendData(unsigned int, unsigned char*, unsigned int, unsigned int)'
[15.605s] /usr/bin/ld: inertial_sense_ros2.cpp:(.text+0x1db39): undefined reference to `comManagerGetData'
[15.608s] /usr/bin/ld: inertial_sense_ros2.cpp:(.text+0x1db68): undefined reference to `InertialSense::FlashConfig(nvm_flash_cfg_t&, int)'
[15.611s] /usr/bin/ld: inertial_sense_ros2.cpp:(.text+0x1db6f): undefined reference to `comManagerStep'
[15.614s] /usr/bin/ld: inertial_sense_ros2.cpp:(.text+0x1dc61): undefined reference to `comManagerGetData'
[15.616s] /usr/bin/ld: inertial_sense_ros2.cpp:(.text+0x1de12): undefined reference to `comManagerGetData'
[15.620s] /usr/bin/ld: CMakeFiles/new_target.dir/src/inertial_sense_ros2.cpp.o: in function `InertialSenseROS::set_refLLA_to_value(std::shared_ptr<inertial_sense_ros2::srv::RefLLAUpdate_Request_<std::allocator<void> > >, std::shared_ptr<inertial_sense_ros2::srv::RefLLAUpdate_Response_<std::allocator<void> > >)':
[15.620s] inertial_sense_ros2.cpp:(.text+0x1df92): undefined reference to `InertialSense::SendData(unsigned int, unsigned char*, unsigned int, unsigned int)'
[15.622s] /usr/bin/ld: inertial_sense_ros2.cpp:(.text+0x1dfb1): undefined reference to `comManagerGetData'
[15.625s] /usr/bin/ld: inertial_sense_ros2.cpp:(.text+0x1dfe0): undefined reference to `InertialSense::FlashConfig(nvm_flash_cfg_t&, int)'
[15.627s] /usr/bin/ld: inertial_sense_ros2.cpp:(.text+0x1dfe7): undefined reference to `comManagerStep'
[15.630s] /usr/bin/ld: inertial_sense_ros2.cpp:(.text+0x1e11d): undefined reference to `comManagerGetData'
[15.632s] /usr/bin/ld: inertial_sense_ros2.cpp:(.text+0x1e326): undefined reference to `comManagerGetData'
[15.636s] /usr/bin/ld: CMakeFiles/new_target.dir/src/inertial_sense_ros2.cpp.o: in function `InertialSenseROS::perform_mag_cal_srv_callback(std::shared_ptr<std_srvs::srv::Trigger_Request_<std::allocator<void> > >, std::shared_ptr<std_srvs::srv::Trigger_Response_<std::allocator<void> > >)':
[15.636s] inertial_sense_ros2.cpp:(.text+0x1e4b4): undefined reference to `InertialSense::SendData(unsigned int, unsigned char*, unsigned int, unsigned int)'
[15.640s] /usr/bin/ld: inertial_sense_ros2.cpp:(.text+0x1e4d2): undefined reference to `is_comm_init'
[15.641s] /usr/bin/ld: inertial_sense_ros2.cpp:(.text+0x1e5bd): undefined reference to `serialPortReadCharTimeout'
[15.644s] /usr/bin/ld: CMakeFiles/new_target.dir/src/inertial_sense_ros2.cpp.o: in function `InertialSenseROS::perform_multi_mag_cal_srv_callback(std::shared_ptr<std_srvs::srv::Trigger_Request_<std::allocator<void> > >, std::shared_ptr<std_srvs::srv::Trigger_Response_<std::allocator<void> > >)':
[15.644s] inertial_sense_ros2.cpp:(.text+0x1e65a): undefined reference to `InertialSense::SendData(unsigned int, unsigned char*, unsigned int, unsigned int)'
[15.647s] /usr/bin/ld: inertial_sense_ros2.cpp:(.text+0x1e678): undefined reference to `is_comm_init'
[15.650s] /usr/bin/ld: inertial_sense_ros2.cpp:(.text+0x1e763): undefined reference to `serialPortReadCharTimeout'
[15.653s] /usr/bin/ld: CMakeFiles/new_target.dir/src/inertial_sense_ros2.cpp.o: in function `InertialSenseROS::reset_device()':
[15.654s] inertial_sense_ros2.cpp:(.text+0x1e803): undefined reference to `InertialSense::SendData(unsigned int, unsigned char*, unsigned int, unsigned int)'
[15.656s] /usr/bin/ld: inertial_sense_ros2.cpp:(.text+0x1ea83): undefined reference to `InertialSense::Close()'
[15.660s] /usr/bin/ld: CMakeFiles/new_target.dir/src/inertial_sense_ros2.cpp.o: in function `InertialSenseROS::transform_6x6_covariance(float*, float*, float*, float*)':
[15.661s] inertial_sense_ros2.cpp:(.text+0x1f998): undefined reference to `mul_Mat3x3_Mat3x3'
[15.663s] /usr/bin/ld: inertial_sense_ros2.cpp:(.text+0x1f9b5): undefined reference to `mul_Mat3x3_Mat3x3_Trans'
[15.666s] /usr/bin/ld: inertial_sense_ros2.cpp:(.text+0x1f9d2): undefined reference to `mul_Mat3x3_Mat3x3'
[15.669s] /usr/bin/ld: inertial_sense_ros2.cpp:(.text+0x1f9ef): undefined reference to `mul_Mat3x3_Mat3x3_Trans'
[15.671s] /usr/bin/ld: inertial_sense_ros2.cpp:(.text+0x1fa0c): undefined reference to `mul_Mat3x3_Mat3x3'
[15.674s] /usr/bin/ld: inertial_sense_ros2.cpp:(.text+0x1fa26): undefined reference to `mul_Mat3x3_Mat3x3_Trans'
[15.685s] /usr/bin/ld: CMakeFiles/new_target.dir/src/inertial_sense_ros2.cpp.o: in function `YAML::Exception::Exception(YAML::Mark const&, std::__cxx11::basic_string<char, std::char_traits<char>, std::allocator<char> > const&)':
[15.686s] inertial_sense_ros2.cpp:(.text._ZN4YAML9ExceptionC2ERKNS_4MarkERKNSt7__cxx1112basic_stringIcSt11char_traitsIcESaIcEEE[_ZN4YAML9ExceptionC5ERKNS_4MarkERKNSt7__cxx1112basic_stringIcSt11char_traitsIcESaIcEEE]+0x61): undefined reference to `vtable for YAML::Exception'
[15.689s] /usr/bin/ld: CMakeFiles/new_target.dir/src/inertial_sense_ros2.cpp.o: in function `YAML::RepresentationException::RepresentationException(YAML::Mark const&, std::__cxx11::basic_string<char, std::char_traits<char>, std::allocator<char> > const&)':
[15.690s] inertial_sense_ros2.cpp:(.text._ZN4YAML23RepresentationExceptionC2ERKNS_4MarkERKNSt7__cxx1112basic_stringIcSt11char_traitsIcESaIcEEE[_ZN4YAML23RepresentationExceptionC5ERKNS_4MarkERKNSt7__cxx1112basic_stringIcSt11char_traitsIcESaIcEEE]+0x32): undefined reference to `vtable for YAML::RepresentationException'
[15.693s] /usr/bin/ld: CMakeFiles/new_target.dir/src/inertial_sense_ros2.cpp.o: in function `YAML::InvalidNode::InvalidNode(std::__cxx11::basic_string<char, std::char_traits<char>, std::allocator<char> > const&)':
[15.694s] inertial_sense_ros2.cpp:(.text._ZN4YAML11InvalidNodeC2ERKNSt7__cxx1112basic_stringIcSt11char_traitsIcESaIcEEE[_ZN4YAML11InvalidNodeC5ERKNSt7__cxx1112basic_stringIcSt11char_traitsIcESaIcEEE]+0x71): undefined reference to `vtable for YAML::InvalidNode'
[15.698s] /usr/bin/ld: CMakeFiles/new_target.dir/src/inertial_sense_ros2.cpp.o: in function `YAML::BadConversion::BadConversion(YAML::Mark const&)':
[15.699s] inertial_sense_ros2.cpp:(.text._ZN4YAML13BadConversionC2ERKNS_4MarkE[_ZN4YAML13BadConversionC5ERKNS_4MarkE]+0x7b): undefined reference to `vtable for YAML::BadConversion'
[15.701s] /usr/bin/ld: CMakeFiles/new_target.dir/src/inertial_sense_ros2.cpp.o: in function `YAML::detail::memory_holder::create_node()':
[15.702s] inertial_sense_ros2.cpp:(.text._ZN4YAML6detail13memory_holder11create_nodeEv[_ZN4YAML6detail13memory_holder11create_nodeEv]+0x20): undefined reference to `YAML::detail::memory::create_node()'
[15.706s] /usr/bin/ld: CMakeFiles/new_target.dir/src/inertial_sense_ros2.cpp.o: in function `YAML::detail::node_ref::mark_defined()':
[15.706s] inertial_sense_ros2.cpp:(.text._ZN4YAML6detail8node_ref12mark_definedEv[_ZN4YAML6detail8node_ref12mark_definedEv]+0x20): undefined reference to `YAML::detail::node_data::mark_defined()'
[15.710s] /usr/bin/ld: CMakeFiles/new_target.dir/src/inertial_sense_ros2.cpp.o: in function `YAML::detail::node_ref::set_type(YAML::NodeType::value)':
[15.710s] inertial_sense_ros2.cpp:(.text._ZN4YAML6detail8node_ref8set_typeENS_8NodeType5valueE[_ZN4YAML6detail8node_ref8set_typeENS_8NodeType5valueE]+0x2b): undefined reference to `YAML::detail::node_data::set_type(YAML::NodeType::value)'
[15.714s] /usr/bin/ld: CMakeFiles/new_target.dir/src/inertial_sense_ros2.cpp.o: in function `YAML::detail::node_ref::set_null()':
[15.715s] inertial_sense_ros2.cpp:(.text._ZN4YAML6detail8node_ref8set_nullEv[_ZN4YAML6detail8node_ref8set_nullEv]+0x20): undefined reference to `YAML::detail::node_data::set_null()'
[15.719s] /usr/bin/ld: CMakeFiles/new_target.dir/src/inertial_sense_ros2.cpp.o: in function `YAML::detail::node_ref::set_scalar(std::__cxx11::basic_string<char, std::char_traits<char>, std::allocator<char> > const&)':
[15.719s] inertial_sense_ros2.cpp:(.text._ZN4YAML6detail8node_ref10set_scalarERKNSt7__cxx1112basic_stringIcSt11char_traitsIcESaIcEEE[_ZN4YAML6detail8node_ref10set_scalarERKNSt7__cxx1112basic_stringIcSt11char_traitsIcESaIcEEE]+0x2e): undefined reference to `YAML::detail::node_data::set_scalar(std::__cxx11::basic_string<char, std::char_traits<char>, std::allocator<char> > const&)'
[15.723s] /usr/bin/ld: CMakeFiles/new_target.dir/src/inertial_sense_ros2.cpp.o: in function `YAML::detail::node_ref::begin()':
[15.724s] inertial_sense_ros2.cpp:(.text._ZN4YAML6detail8node_ref5beginEv[_ZN4YAML6detail8node_ref5beginEv]+0x3d): undefined reference to `YAML::detail::node_data::begin()'
[15.727s] /usr/bin/ld: CMakeFiles/new_target.dir/src/inertial_sense_ros2.cpp.o: in function `YAML::detail::node_ref::end()':
[15.727s] inertial_sense_ros2.cpp:(.text._ZN4YAML6detail8node_ref3endEv[_ZN4YAML6detail8node_ref3endEv]+0x3d): undefined reference to `YAML::detail::node_data::end()'
[15.731s] /usr/bin/ld: CMakeFiles/new_target.dir/src/inertial_sense_ros2.cpp.o: in function `YAML::detail::node_ref::push_back(YAML::detail::node&, std::shared_ptr<YAML::detail::memory_holder>)':
[15.731s] inertial_sense_ros2.cpp:(.text._ZN4YAML6detail8node_ref9push_backERNS0_4nodeESt10shared_ptrINS0_13memory_holderEE[_ZN4YAML6detail8node_ref9push_backERNS0_4nodeESt10shared_ptrINS0_13memory_holderEE]+0x36): undefined reference to `YAML::detail::node_data::push_back(YAML::detail::node&, std::shared_ptr<YAML::detail::memory_holder> const&)'
[15.736s] /usr/bin/ld: CMakeFiles/new_target.dir/src/inertial_sense_ros2.cpp.o: in function `YAML::detail::node::push_back(YAML::detail::node&, std::shared_ptr<YAML::detail::memory_holder>)':
[15.736s] inertial_sense_ros2.cpp:(.text._ZN4YAML6detail4node9push_backERS1_St10shared_ptrINS0_13memory_holderEE[_ZN4YAML6detail4node9push_backERS1_St10shared_ptrINS0_13memory_holderEE]+0x8e): undefined reference to `YAML::detail::node::m_amount'
[15.740s] /usr/bin/ld: CMakeFiles/new_target.dir/src/inertial_sense_ros2.cpp.o: in function `YAML::Node::EnsureNodeExists() const':
[15.740s] inertial_sense_ros2.cpp:(.text._ZNK4YAML4Node16EnsureNodeExistsEv[_ZNK4YAML4Node16EnsureNodeExistsEv]+0x46): undefined reference to `YAML::InvalidNode::~InvalidNode()'
[15.742s] /usr/bin/ld: inertial_sense_ros2.cpp:(.text._ZNK4YAML4Node16EnsureNodeExistsEv[_ZNK4YAML4Node16EnsureNodeExistsEv]+0x50): undefined reference to `typeinfo for YAML::InvalidNode'
[15.746s] /usr/bin/ld: CMakeFiles/new_target.dir/src/inertial_sense_ros2.cpp.o: in function `YAML::Node::Mark() const':
[15.747s] inertial_sense_ros2.cpp:(.text._ZNK4YAML4Node4MarkEv[_ZNK4YAML4Node4MarkEv]+0x44): undefined reference to `YAML::InvalidNode::~InvalidNode()'
[15.749s] /usr/bin/ld: inertial_sense_ros2.cpp:(.text._ZNK4YAML4Node4MarkEv[_ZNK4YAML4Node4MarkEv]+0x4e): undefined reference to `typeinfo for YAML::InvalidNode'
[15.753s] /usr/bin/ld: CMakeFiles/new_target.dir/src/inertial_sense_ros2.cpp.o: in function `YAML::Node::Type() const':
[15.754s] inertial_sense_ros2.cpp:(.text._ZNK4YAML4Node4TypeEv[_ZNK4YAML4Node4TypeEv]+0x44): undefined reference to `YAML::InvalidNode::~InvalidNode()'
[15.756s] /usr/bin/ld: inertial_sense_ros2.cpp:(.text._ZNK4YAML4Node4TypeEv[_ZNK4YAML4Node4TypeEv]+0x4e): undefined reference to `typeinfo for YAML::InvalidNode'
[15.760s] /usr/bin/ld: CMakeFiles/new_target.dir/src/inertial_sense_ros2.cpp.o: in function `YAML::TypedBadConversion<std::__cxx11::basic_string<char, std::char_traits<char>, std::allocator<char> > >::~TypedBadConversion()':
[15.760s] inertial_sense_ros2.cpp:(.text._ZN4YAML18TypedBadConversionINSt7__cxx1112basic_stringIcSt11char_traitsIcESaIcEEEED2Ev[_ZN4YAML18TypedBadConversionINSt7__cxx1112basic_stringIcSt11char_traitsIcESaIcEEEED5Ev]+0x26): undefined reference to `YAML::BadConversion::~BadConversion()'
[15.763s] /usr/bin/ld: CMakeFiles/new_target.dir/src/inertial_sense_ros2.cpp.o: in function `YAML::Node::Scalar[abi:cxx11]() const':
[15.764s] inertial_sense_ros2.cpp:(.text._ZNK4YAML4Node6ScalarB5cxx11Ev[_ZNK4YAML4Node6ScalarB5cxx11Ev]+0x44): undefined reference to `YAML::InvalidNode::~InvalidNode()'
[15.766s] /usr/bin/ld: inertial_sense_ros2.cpp:(.text._ZNK4YAML4Node6ScalarB5cxx11Ev[_ZNK4YAML4Node6ScalarB5cxx11Ev]+0x4e): undefined reference to `typeinfo for YAML::InvalidNode'
[15.769s] /usr/bin/ld: inertial_sense_ros2.cpp:(.text._ZNK4YAML4Node6ScalarB5cxx11Ev[_ZNK4YAML4Node6ScalarB5cxx11Ev]+0x7d): undefined reference to `YAML::detail::node_data::empty_scalar[abi:cxx11]()'
[15.773s] /usr/bin/ld: CMakeFiles/new_target.dir/src/inertial_sense_ros2.cpp.o: in function `YAML::Node::is(YAML::Node const&) const':
[15.774s] inertial_sense_ros2.cpp:(.text._ZNK4YAML4Node2isERKS0_[_ZNK4YAML4Node2isERKS0_]+0x56): undefined reference to `YAML::InvalidNode::~InvalidNode()'
[15.776s] /usr/bin/ld: inertial_sense_ros2.cpp:(.text._ZNK4YAML4Node2isERKS0_[_ZNK4YAML4Node2isERKS0_]+0x60): undefined reference to `typeinfo for YAML::InvalidNode'
[15.779s] /usr/bin/ld: CMakeFiles/new_target.dir/src/inertial_sense_ros2.cpp.o: in function `YAML::Node::AssignData(YAML::Node const&)':
[15.780s] inertial_sense_ros2.cpp:(.text._ZN4YAML4Node10AssignDataERKS0_[_ZN4YAML4Node10AssignDataERKS0_]+0x72): undefined reference to `YAML::detail::memory_holder::merge(YAML::detail::memory_holder&)'
[15.783s] /usr/bin/ld: CMakeFiles/new_target.dir/src/inertial_sense_ros2.cpp.o: in function `YAML::Node::AssignNode(YAML::Node const&)':
[15.784s] inertial_sense_ros2.cpp:(.text._ZN4YAML4Node10AssignNodeERKS0_[_ZN4YAML4Node10AssignNodeERKS0_]+0x48): undefined reference to `YAML::InvalidNode::~InvalidNode()'
[15.786s] /usr/bin/ld: inertial_sense_ros2.cpp:(.text._ZN4YAML4Node10AssignNodeERKS0_[_ZN4YAML4Node10AssignNodeERKS0_]+0x52): undefined reference to `typeinfo for YAML::InvalidNode'
[15.790s] /usr/bin/ld: inertial_sense_ros2.cpp:(.text._ZN4YAML4Node10AssignNodeERKS0_[_ZN4YAML4Node10AssignNodeERKS0_]+0xec): undefined reference to `YAML::detail::memory_holder::merge(YAML::detail::memory_holder&)'
[15.793s] /usr/bin/ld: CMakeFiles/new_target.dir/src/inertial_sense_ros2.cpp.o: in function `YAML::Node::push_back(YAML::Node const&)':
[15.793s] inertial_sense_ros2.cpp:(.text._ZN4YAML4Node9push_backERKS0_[_ZN4YAML4Node9push_backERKS0_]+0xa8): undefined reference to `YAML::detail::memory_holder::merge(YAML::detail::memory_holder&)'
[15.802s] /usr/bin/ld: CMakeFiles/new_target.dir/src/inertial_sense_ros2.cpp.o: in function `TopicHelper::streamingCheck(unsigned int, bool&)':
[15.802s] inertial_sense_ros2.cpp:(.text._ZN11TopicHelper14streamingCheckEjRb[_ZN11TopicHelper14streamingCheckEjRb]+0x212): undefined reference to `cISDataMappings::GetDataSetName(unsigned int)'
[15.805s] /usr/bin/ld: CMakeFiles/new_target.dir/src/inertial_sense_ros2.cpp.o: in function `ParamHelper::ParamHelper(YAML::Node&)':
[15.806s] inertial_sense_ros2.cpp:(.text._ZN11ParamHelperC2ERN4YAML4NodeE[_ZN11ParamHelperC5ERN4YAML4NodeE]+0x52): undefined reference to `ParamHelper::setCurrentNode(YAML::Node)'
[15.810s] /usr/bin/ld: CMakeFiles/new_target.dir/src/inertial_sense_ros2.cpp.o: in function `RtkBaseProvider::RtkBaseProvider(YAML::Node)':
[15.811s] inertial_sense_ros2.cpp:(.text._ZN15RtkBaseProviderC2EN4YAML4NodeE[_ZN15RtkBaseProviderC5EN4YAML4NodeE]+0xb3): undefined reference to `RtkBaseProvider::configure(YAML::Node&)'
[15.814s] /usr/bin/ld: CMakeFiles/new_target.dir/src/inertial_sense_ros2.cpp.o: in function `RtkRoverProvider::RtkRoverProvider(YAML::Node)':
[15.814s] inertial_sense_ros2.cpp:(.text._ZN16RtkRoverProviderC2EN4YAML4NodeE[_ZN16RtkRoverProviderC5EN4YAML4NodeE]+0x5f): undefined reference to `RtkRoverProvider::configure(YAML::Node&)'
[15.824s] /usr/bin/ld: CMakeFiles/new_target.dir/src/inertial_sense_ros2.cpp.o: in function `std::__cxx11::basic_string<char, std::char_traits<char>, std::allocator<char> > YAML::Node::as<std::__cxx11::basic_string<char, std::char_traits<char>, std::allocator<char> > >() const':
[15.825s] inertial_sense_ros2.cpp:(.text._ZNK4YAML4Node2asINSt7__cxx1112basic_stringIcSt11char_traitsIcESaIcEEEEET_v[_ZNK4YAML4Node2asINSt7__cxx1112basic_stringIcSt11char_traitsIcESaIcEEEEET_v]+0x6b): undefined reference to `YAML::InvalidNode::~InvalidNode()'
[15.826s] /usr/bin/ld: inertial_sense_ros2.cpp:(.text._ZNK4YAML4Node2asINSt7__cxx1112basic_stringIcSt11char_traitsIcESaIcEEEEET_v[_ZNK4YAML4Node2asINSt7__cxx1112basic_stringIcSt11char_traitsIcESaIcEEEEET_v]+0x75): undefined reference to `typeinfo for YAML::InvalidNode'
[15.833s] /usr/bin/ld: CMakeFiles/new_target.dir/src/inertial_sense_ros2.cpp.o: in function `double YAML::Node::as<double>() const':
[15.833s] inertial_sense_ros2.cpp:(.text._ZNK4YAML4Node2asIdEET_v[_ZNK4YAML4Node2asIdEET_v]+0x67): undefined reference to `YAML::InvalidNode::~InvalidNode()'
[15.835s] /usr/bin/ld: inertial_sense_ros2.cpp:(.text._ZNK4YAML4Node2asIdEET_v[_ZNK4YAML4Node2asIdEET_v]+0x71): undefined reference to `typeinfo for YAML::InvalidNode'
[15.838s] /usr/bin/ld: CMakeFiles/new_target.dir/src/inertial_sense_ros2.cpp.o: in function `float YAML::Node::as<float>() const':
[15.839s] inertial_sense_ros2.cpp:(.text._ZNK4YAML4Node2asIfEET_v[_ZNK4YAML4Node2asIfEET_v]+0x67): undefined reference to `YAML::InvalidNode::~InvalidNode()'
[15.841s] /usr/bin/ld: inertial_sense_ros2.cpp:(.text._ZNK4YAML4Node2asIfEET_v[_ZNK4YAML4Node2asIfEET_v]+0x71): undefined reference to `typeinfo for YAML::InvalidNode'
[15.844s] /usr/bin/ld: CMakeFiles/new_target.dir/src/inertial_sense_ros2.cpp.o: in function `bool YAML::Node::as<bool>() const':
[15.844s] inertial_sense_ros2.cpp:(.text._ZNK4YAML4Node2asIbEET_v[_ZNK4YAML4Node2asIbEET_v]+0x67): undefined reference to `YAML::InvalidNode::~InvalidNode()'
[15.847s] /usr/bin/ld: inertial_sense_ros2.cpp:(.text._ZNK4YAML4Node2asIbEET_v[_ZNK4YAML4Node2asIbEET_v]+0x71): undefined reference to `typeinfo for YAML::InvalidNode'
[15.850s] /usr/bin/ld: CMakeFiles/new_target.dir/src/inertial_sense_ros2.cpp.o: in function `int YAML::Node::as<int>() const':
[15.851s] inertial_sense_ros2.cpp:(.text._ZNK4YAML4Node2asIiEET_v[_ZNK4YAML4Node2asIiEET_v]+0x67): undefined reference to `YAML::InvalidNode::~InvalidNode()'
[15.853s] /usr/bin/ld: inertial_sense_ros2.cpp:(.text._ZNK4YAML4Node2asIiEET_v[_ZNK4YAML4Node2asIiEET_v]+0x71): undefined reference to `typeinfo for YAML::InvalidNode'
[15.857s] /usr/bin/ld: CMakeFiles/new_target.dir/src/inertial_sense_ros2.cpp.o: in function `unsigned int YAML::Node::as<unsigned int>() const':
[15.857s] inertial_sense_ros2.cpp:(.text._ZNK4YAML4Node2asIjEET_v[_ZNK4YAML4Node2asIjEET_v]+0x67): undefined reference to `YAML::InvalidNode::~InvalidNode()'
[15.860s] /usr/bin/ld: inertial_sense_ros2.cpp:(.text._ZNK4YAML4Node2asIjEET_v[_ZNK4YAML4Node2asIjEET_v]+0x71): undefined reference to `typeinfo for YAML::InvalidNode'
[15.863s] /usr/bin/ld: CMakeFiles/new_target.dir/src/inertial_sense_ros2.cpp.o: in function `std::vector<double, std::allocator<double> > YAML::Node::as<std::vector<double, std::allocator<double> > >() const':
[15.864s] inertial_sense_ros2.cpp:(.text._ZNK4YAML4Node2asISt6vectorIdSaIdEEEET_v[_ZNK4YAML4Node2asISt6vectorIdSaIdEEEET_v]+0x6b): undefined reference to `YAML::InvalidNode::~InvalidNode()'
[15.866s] /usr/bin/ld: inertial_sense_ros2.cpp:(.text._ZNK4YAML4Node2asISt6vectorIdSaIdEEEET_v[_ZNK4YAML4Node2asISt6vectorIdSaIdEEEET_v]+0x75): undefined reference to `typeinfo for YAML::InvalidNode'
[15.870s] /usr/bin/ld: CMakeFiles/new_target.dir/src/inertial_sense_ros2.cpp.o: in function `void YAML::Node::Assign<int>(int const&)':
[15.871s] inertial_sense_ros2.cpp:(.text._ZN4YAML4Node6AssignIiEEvRKT_[_ZN4YAML4Node6AssignIiEEvRKT_]+0x6b): undefined reference to `YAML::InvalidNode::~InvalidNode()'
[15.873s] /usr/bin/ld: inertial_sense_ros2.cpp:(.text._ZN4YAML4Node6AssignIiEEvRKT_[_ZN4YAML4Node6AssignIiEEvRKT_]+0x75): undefined reference to `typeinfo for YAML::InvalidNode'
[15.883s] /usr/bin/ld: CMakeFiles/new_target.dir/src/inertial_sense_ros2.cpp.o: in function `YAML::TypedBadConversion<double>::~TypedBadConversion()':
[15.884s] inertial_sense_ros2.cpp:(.text._ZN4YAML18TypedBadConversionIdED2Ev[_ZN4YAML18TypedBadConversionIdED5Ev]+0x26): undefined reference to `YAML::BadConversion::~BadConversion()'
[15.887s] /usr/bin/ld: CMakeFiles/new_target.dir/src/inertial_sense_ros2.cpp.o: in function `void YAML::Node::Assign<double>(double const&)':
[15.888s] inertial_sense_ros2.cpp:(.text._ZN4YAML4Node6AssignIdEEvRKT_[_ZN4YAML4Node6AssignIdEEvRKT_]+0x6b): undefined reference to `YAML::InvalidNode::~InvalidNode()'
[15.891s] /usr/bin/ld: inertial_sense_ros2.cpp:(.text._ZN4YAML4Node6AssignIdEEvRKT_[_ZN4YAML4Node6AssignIdEEvRKT_]+0x75): undefined reference to `typeinfo for YAML::InvalidNode'
[15.894s] /usr/bin/ld: CMakeFiles/new_target.dir/src/inertial_sense_ros2.cpp.o: in function `YAML::TypedBadConversion<float>::~TypedBadConversion()':
[15.894s] inertial_sense_ros2.cpp:(.text._ZN4YAML18TypedBadConversionIfED2Ev[_ZN4YAML18TypedBadConversionIfED5Ev]+0x26): undefined reference to `YAML::BadConversion::~BadConversion()'
[15.898s] /usr/bin/ld: CMakeFiles/new_target.dir/src/inertial_sense_ros2.cpp.o: in function `void YAML::Node::Assign<float>(float const&)':
[15.898s] inertial_sense_ros2.cpp:(.text._ZN4YAML4Node6AssignIfEEvRKT_[_ZN4YAML4Node6AssignIfEEvRKT_]+0x6b): undefined reference to `YAML::InvalidNode::~InvalidNode()'
[15.900s] /usr/bin/ld: inertial_sense_ros2.cpp:(.text._ZN4YAML4Node6AssignIfEEvRKT_[_ZN4YAML4Node6AssignIfEEvRKT_]+0x75): undefined reference to `typeinfo for YAML::InvalidNode'
[15.904s] /usr/bin/ld: CMakeFiles/new_target.dir/src/inertial_sense_ros2.cpp.o: in function `YAML::TypedBadConversion<bool>::~TypedBadConversion()':
[15.904s] inertial_sense_ros2.cpp:(.text._ZN4YAML18TypedBadConversionIbED2Ev[_ZN4YAML18TypedBadConversionIbED5Ev]+0x26): undefined reference to `YAML::BadConversion::~BadConversion()'
[15.908s] /usr/bin/ld: CMakeFiles/new_target.dir/src/inertial_sense_ros2.cpp.o: in function `YAML::as_if<bool, void>::operator()() const':
[15.908s] inertial_sense_ros2.cpp:(.text._ZNK4YAML5as_ifIbvEclEv[_ZNK4YAML5as_ifIbvEclEv]+0xae): undefined reference to `YAML::convert<bool>::decode(YAML::Node const&, bool&)'
[15.912s] /usr/bin/ld: CMakeFiles/new_target.dir/src/inertial_sense_ros2.cpp.o: in function `void YAML::Node::Assign<bool>(bool const&)':
[15.912s] inertial_sense_ros2.cpp:(.text._ZN4YAML4Node6AssignIbEEvRKT_[_ZN4YAML4Node6AssignIbEEvRKT_]+0x6b): undefined reference to `YAML::InvalidNode::~InvalidNode()'
[15.914s] /usr/bin/ld: inertial_sense_ros2.cpp:(.text._ZN4YAML4Node6AssignIbEEvRKT_[_ZN4YAML4Node6AssignIbEEvRKT_]+0x75): undefined reference to `typeinfo for YAML::InvalidNode'
[15.919s] /usr/bin/ld: CMakeFiles/new_target.dir/src/inertial_sense_ros2.cpp.o: in function `YAML::TypedBadConversion<int>::~TypedBadConversion()':
[15.919s] inertial_sense_ros2.cpp:(.text._ZN4YAML18TypedBadConversionIiED2Ev[_ZN4YAML18TypedBadConversionIiED5Ev]+0x26): undefined reference to `YAML::BadConversion::~BadConversion()'
[15.923s] /usr/bin/ld: CMakeFiles/new_target.dir/src/inertial_sense_ros2.cpp.o: in function `YAML::TypedBadConversion<unsigned int>::~TypedBadConversion()':
[15.923s] inertial_sense_ros2.cpp:(.text._ZN4YAML18TypedBadConversionIjED2Ev[_ZN4YAML18TypedBadConversionIjED5Ev]+0x26): undefined reference to `YAML::BadConversion::~BadConversion()'
[15.926s] /usr/bin/ld: CMakeFiles/new_target.dir/src/inertial_sense_ros2.cpp.o: in function `void YAML::Node::Assign<unsigned int>(unsigned int const&)':
[15.926s] inertial_sense_ros2.cpp:(.text._ZN4YAML4Node6AssignIjEEvRKT_[_ZN4YAML4Node6AssignIjEEvRKT_]+0x6b): undefined reference to `YAML::InvalidNode::~InvalidNode()'
[15.929s] /usr/bin/ld: inertial_sense_ros2.cpp:(.text._ZN4YAML4Node6AssignIjEEvRKT_[_ZN4YAML4Node6AssignIjEEvRKT_]+0x75): undefined reference to `typeinfo for YAML::InvalidNode'
[15.933s] /usr/bin/ld: CMakeFiles/new_target.dir/src/inertial_sense_ros2.cpp.o: in function `YAML::TypedBadConversion<std::vector<double, std::allocator<double> > >::~TypedBadConversion()':
[15.933s] inertial_sense_ros2.cpp:(.text._ZN4YAML18TypedBadConversionISt6vectorIdSaIdEEED2Ev[_ZN4YAML18TypedBadConversionISt6vectorIdSaIdEEED5Ev]+0x26): undefined reference to `YAML::BadConversion::~BadConversion()'
[15.936s] /usr/bin/ld: CMakeFiles/new_target.dir/src/inertial_sense_ros2.cpp.o: in function `void YAML::Node::Assign<std::vector<double, std::allocator<double> > >(std::vector<double, std::allocator<double> > const&)':
[15.936s] inertial_sense_ros2.cpp:(.text._ZN4YAML4Node6AssignISt6vectorIdSaIdEEEEvRKT_[_ZN4YAML4Node6AssignISt6vectorIdSaIdEEEEvRKT_]+0x6b): undefined reference to `YAML::InvalidNode::~InvalidNode()'
[15.939s] /usr/bin/ld: inertial_sense_ros2.cpp:(.text._ZN4YAML4Node6AssignISt6vectorIdSaIdEEEEvRKT_[_ZN4YAML4Node6AssignISt6vectorIdSaIdEEEEvRKT_]+0x75): undefined reference to `typeinfo for YAML::InvalidNode'
[15.952s] /usr/bin/ld: CMakeFiles/new_target.dir/src/inertial_sense_ros2.cpp.o: in function `YAML::detail::node& YAML::detail::node_data::get<std::__cxx11::basic_string<char, std::char_traits<char>, std::allocator<char> > >(std::__cxx11::basic_string<char, std::char_traits<char>, std::allocator<char> > const&, std::shared_ptr<YAML::detail::memory_holder>)':
[15.952s] inertial_sense_ros2.cpp:(.text._ZN4YAML6detail9node_data3getINSt7__cxx1112basic_stringIcSt11char_traitsIcESaIcEEEEERNS0_4nodeERKT_St10shared_ptrINS0_13memory_holderEE[_ZN4YAML6detail9node_data3getINSt7__cxx1112basic_stringIcSt11char_traitsIcESaIcEEEEERNS0_4nodeERKT_St10shared_ptrINS0_13memory_holderEE]+0xd3): undefined reference to `YAML::detail::node_data::convert_to_map(std::shared_ptr<YAML::detail::memory_holder> const&)'
[15.953s] /usr/bin/ld: inertial_sense_ros2.cpp:(.text._ZN4YAML6detail9node_data3getINSt7__cxx1112basic_stringIcSt11char_traitsIcESaIcEEEEERNS0_4nodeERKT_St10shared_ptrINS0_13memory_holderEE[_ZN4YAML6detail9node_data3getINSt7__cxx1112basic_stringIcSt11char_traitsIcESaIcEEEEERNS0_4nodeERKT_St10shared_ptrINS0_13memory_holderEE]+0x117): undefined reference to `YAML::BadSubscript::~BadSubscript()'
[15.956s] /usr/bin/ld: inertial_sense_ros2.cpp:(.text._ZN4YAML6detail9node_data3getINSt7__cxx1112basic_stringIcSt11char_traitsIcESaIcEEEEERNS0_4nodeERKT_St10shared_ptrINS0_13memory_holderEE[_ZN4YAML6detail9node_data3getINSt7__cxx1112basic_stringIcSt11char_traitsIcESaIcEEEEERNS0_4nodeERKT_St10shared_ptrINS0_13memory_holderEE]+0x121): undefined reference to `typeinfo for YAML::BadSubscript'
[15.959s] /usr/bin/ld: inertial_sense_ros2.cpp:(.text._ZN4YAML6detail9node_data3getINSt7__cxx1112basic_stringIcSt11char_traitsIcESaIcEEEEERNS0_4nodeERKT_St10shared_ptrINS0_13memory_holderEE[_ZN4YAML6detail9node_data3getINSt7__cxx1112basic_stringIcSt11char_traitsIcESaIcEEEEERNS0_4nodeERKT_St10shared_ptrINS0_13memory_holderEE]+0x20f): undefined reference to `YAML::detail::node_data::insert_map_pair(YAML::detail::node&, YAML::detail::node&)'
[15.963s] /usr/bin/ld: CMakeFiles/new_target.dir/src/inertial_sense_ros2.cpp.o: in function `YAML::detail::node& YAML::detail::node_data::get<char [5]>(char const (&) [5], std::shared_ptr<YAML::detail::memory_holder>)':
[15.963s] inertial_sense_ros2.cpp:(.text._ZN4YAML6detail9node_data3getIA5_cEERNS0_4nodeERKT_St10shared_ptrINS0_13memory_holderEE[_ZN4YAML6detail9node_data3getIA5_cEERNS0_4nodeERKT_St10shared_ptrINS0_13memory_holderEE]+0xd3): undefined reference to `YAML::detail::node_data::convert_to_map(std::shared_ptr<YAML::detail::memory_holder> const&)'
[15.965s] /usr/bin/ld: inertial_sense_ros2.cpp:(.text._ZN4YAML6detail9node_data3getIA5_cEERNS0_4nodeERKT_St10shared_ptrINS0_13memory_holderEE[_ZN4YAML6detail9node_data3getIA5_cEERNS0_4nodeERKT_St10shared_ptrINS0_13memory_holderEE]+0x117): undefined reference to `YAML::BadSubscript::~BadSubscript()'
[15.968s] /usr/bin/ld: inertial_sense_ros2.cpp:(.text._ZN4YAML6detail9node_data3getIA5_cEERNS0_4nodeERKT_St10shared_ptrINS0_13memory_holderEE[_ZN4YAML6detail9node_data3getIA5_cEERNS0_4nodeERKT_St10shared_ptrINS0_13memory_holderEE]+0x121): undefined reference to `typeinfo for YAML::BadSubscript'
[15.971s] /usr/bin/ld: inertial_sense_ros2.cpp:(.text._ZN4YAML6detail9node_data3getIA5_cEERNS0_4nodeERKT_St10shared_ptrINS0_13memory_holderEE[_ZN4YAML6detail9node_data3getIA5_cEERNS0_4nodeERKT_St10shared_ptrINS0_13memory_holderEE]+0x20f): undefined reference to `YAML::detail::node_data::insert_map_pair(YAML::detail::node&, YAML::detail::node&)'
[15.976s] /usr/bin/ld: CMakeFiles/new_target.dir/src/inertial_sense_ros2.cpp.o: in function `YAML::detail::node& YAML::detail::node_data::get<char [8]>(char const (&) [8], std::shared_ptr<YAML::detail::memory_holder>)':
[15.977s] inertial_sense_ros2.cpp:(.text._ZN4YAML6detail9node_data3getIA8_cEERNS0_4nodeERKT_St10shared_ptrINS0_13memory_holderEE[_ZN4YAML6detail9node_data3getIA8_cEERNS0_4nodeERKT_St10shared_ptrINS0_13memory_holderEE]+0xd3): undefined reference to `YAML::detail::node_data::convert_to_map(std::shared_ptr<YAML::detail::memory_holder> const&)'
[15.979s] /usr/bin/ld: inertial_sense_ros2.cpp:(.text._ZN4YAML6detail9node_data3getIA8_cEERNS0_4nodeERKT_St10shared_ptrINS0_13memory_holderEE[_ZN4YAML6detail9node_data3getIA8_cEERNS0_4nodeERKT_St10shared_ptrINS0_13memory_holderEE]+0x117): undefined reference to `YAML::BadSubscript::~BadSubscript()'
[15.981s] /usr/bin/ld: inertial_sense_ros2.cpp:(.text._ZN4YAML6detail9node_data3getIA8_cEERNS0_4nodeERKT_St10shared_ptrINS0_13memory_holderEE[_ZN4YAML6detail9node_data3getIA8_cEERNS0_4nodeERKT_St10shared_ptrINS0_13memory_holderEE]+0x121): undefined reference to `typeinfo for YAML::BadSubscript'
[15.985s] /usr/bin/ld: inertial_sense_ros2.cpp:(.text._ZN4YAML6detail9node_data3getIA8_cEERNS0_4nodeERKT_St10shared_ptrINS0_13memory_holderEE[_ZN4YAML6detail9node_data3getIA8_cEERNS0_4nodeERKT_St10shared_ptrINS0_13memory_holderEE]+0x20f): undefined reference to `YAML::detail::node_data::insert_map_pair(YAML::detail::node&, YAML::detail::node&)'
[15.988s] /usr/bin/ld: CMakeFiles/new_target.dir/src/inertial_sense_ros2.cpp.o: in function `YAML::detail::node& YAML::detail::node_data::get<char [9]>(char const (&) [9], std::shared_ptr<YAML::detail::memory_holder>)':
[15.989s] inertial_sense_ros2.cpp:(.text._ZN4YAML6detail9node_data3getIA9_cEERNS0_4nodeERKT_St10shared_ptrINS0_13memory_holderEE[_ZN4YAML6detail9node_data3getIA9_cEERNS0_4nodeERKT_St10shared_ptrINS0_13memory_holderEE]+0xd3): undefined reference to `YAML::detail::node_data::convert_to_map(std::shared_ptr<YAML::detail::memory_holder> const&)'
[15.991s] /usr/bin/ld: inertial_sense_ros2.cpp:(.text._ZN4YAML6detail9node_data3getIA9_cEERNS0_4nodeERKT_St10shared_ptrINS0_13memory_holderEE[_ZN4YAML6detail9node_data3getIA9_cEERNS0_4nodeERKT_St10shared_ptrINS0_13memory_holderEE]+0x117): undefined reference to `YAML::BadSubscript::~BadSubscript()'
[15.994s] /usr/bin/ld: inertial_sense_ros2.cpp:(.text._ZN4YAML6detail9node_data3getIA9_cEERNS0_4nodeERKT_St10shared_ptrINS0_13memory_holderEE[_ZN4YAML6detail9node_data3getIA9_cEERNS0_4nodeERKT_St10shared_ptrINS0_13memory_holderEE]+0x121): undefined reference to `typeinfo for YAML::BadSubscript'
[15.999s] /usr/bin/ld: inertial_sense_ros2.cpp:(.text._ZN4YAML6detail9node_data3getIA9_cEERNS0_4nodeERKT_St10shared_ptrINS0_13memory_holderEE[_ZN4YAML6detail9node_data3getIA9_cEERNS0_4nodeERKT_St10shared_ptrINS0_13memory_holderEE]+0x20f): undefined reference to `YAML::detail::node_data::insert_map_pair(YAML::detail::node&, YAML::detail::node&)'
[16.001s] /usr/bin/ld: CMakeFiles/new_target.dir/src/inertial_sense_ros2.cpp.o: in function `YAML::detail::node& YAML::detail::node_data::get<char [4]>(char const (&) [4], std::shared_ptr<YAML::detail::memory_holder>)':
[16.002s] inertial_sense_ros2.cpp:(.text._ZN4YAML6detail9node_data3getIA4_cEERNS0_4nodeERKT_St10shared_ptrINS0_13memory_holderEE[_ZN4YAML6detail9node_data3getIA4_cEERNS0_4nodeERKT_St10shared_ptrINS0_13memory_holderEE]+0xd3): undefined reference to `YAML::detail::node_data::convert_to_map(std::shared_ptr<YAML::detail::memory_holder> const&)'
[16.004s] /usr/bin/ld: inertial_sense_ros2.cpp:(.text._ZN4YAML6detail9node_data3getIA4_cEERNS0_4nodeERKT_St10shared_ptrINS0_13memory_holderEE[_ZN4YAML6detail9node_data3getIA4_cEERNS0_4nodeERKT_St10shared_ptrINS0_13memory_holderEE]+0x117): undefined reference to `YAML::BadSubscript::~BadSubscript()'
[16.007s] /usr/bin/ld: inertial_sense_ros2.cpp:(.text._ZN4YAML6detail9node_data3getIA4_cEERNS0_4nodeERKT_St10shared_ptrINS0_13memory_holderEE[_ZN4YAML6detail9node_data3getIA4_cEERNS0_4nodeERKT_St10shared_ptrINS0_13memory_holderEE]+0x121): undefined reference to `typeinfo for YAML::BadSubscript'
[16.009s] /usr/bin/ld: inertial_sense_ros2.cpp:(.text._ZN4YAML6detail9node_data3getIA4_cEERNS0_4nodeERKT_St10shared_ptrINS0_13memory_holderEE[_ZN4YAML6detail9node_data3getIA4_cEERNS0_4nodeERKT_St10shared_ptrINS0_13memory_holderEE]+0x20f): undefined reference to `YAML::detail::node_data::insert_map_pair(YAML::detail::node&, YAML::detail::node&)'
[16.022s] /usr/bin/ld: CMakeFiles/new_target.dir/src/inertial_sense_ros2.cpp.o: in function `void YAML::Node::push_back<double>(double const&)':
[16.023s] inertial_sense_ros2.cpp:(.text._ZN4YAML4Node9push_backIdEEvRKT_[_ZN4YAML4Node9push_backIdEEvRKT_]+0x6b): undefined reference to `YAML::InvalidNode::~InvalidNode()'
[16.026s] /usr/bin/ld: inertial_sense_ros2.cpp:(.text._ZN4YAML4Node9push_backIdEEvRKT_[_ZN4YAML4Node9push_backIdEEvRKT_]+0x75): undefined reference to `typeinfo for YAML::InvalidNode'
[16.029s] /usr/bin/ld: CMakeFiles/new_target.dir/src/inertial_sense_ros2.cpp.o: in function `YAML::BadSubscript::BadSubscript<std::__cxx11::basic_string<char, std::char_traits<char>, std::allocator<char> > >(YAML::Mark const&, std::__cxx11::basic_string<char, std::char_traits<char>, std::allocator<char> > const&)':
[16.030s] inertial_sense_ros2.cpp:(.text._ZN4YAML12BadSubscriptC2INSt7__cxx1112basic_stringIcSt11char_traitsIcESaIcEEEEERKNS_4MarkERKT_[_ZN4YAML12BadSubscriptC5INSt7__cxx1112basic_stringIcSt11char_traitsIcESaIcEEEEERKNS_4MarkERKT_]+0x61): undefined reference to `vtable for YAML::BadSubscript'
[16.033s] /usr/bin/ld: CMakeFiles/new_target.dir/src/inertial_sense_ros2.cpp.o: in function `YAML::detail::node& YAML::detail::node_data::convert_to_node<std::__cxx11::basic_string<char, std::char_traits<char>, std::allocator<char> > >(std::__cxx11::basic_string<char, std::char_traits<char>, std::allocator<char> > const&, std::shared_ptr<YAML::detail::memory_holder>)':
[16.034s] inertial_sense_ros2.cpp:(.text._ZN4YAML6detail9node_data15convert_to_nodeINSt7__cxx1112basic_stringIcSt11char_traitsIcESaIcEEEEERNS0_4nodeERKT_St10shared_ptrINS0_13memory_holderEE[_ZN4YAML6detail9node_data15convert_to_nodeINSt7__cxx1112basic_stringIcSt11char_traitsIcESaIcEEEEERNS0_4nodeERKT_St10shared_ptrINS0_13memory_holderEE]+0x69): undefined reference to `YAML::detail::memory_holder::merge(YAML::detail::memory_holder&)'
[16.037s] /usr/bin/ld: CMakeFiles/new_target.dir/src/inertial_sense_ros2.cpp.o: in function `YAML::BadSubscript::BadSubscript<char [5]>(YAML::Mark const&, char const (&) [5])':
[16.038s] inertial_sense_ros2.cpp:(.text._ZN4YAML12BadSubscriptC2IA5_cEERKNS_4MarkERKT_[_ZN4YAML12BadSubscriptC5IA5_cEERKNS_4MarkERKT_]+0x61): undefined reference to `vtable for YAML::BadSubscript'
[16.040s] /usr/bin/ld: CMakeFiles/new_target.dir/src/inertial_sense_ros2.cpp.o: in function `YAML::detail::node& YAML::detail::node_data::convert_to_node<char [5]>(char const (&) [5], std::shared_ptr<YAML::detail::memory_holder>)':
[16.041s] inertial_sense_ros2.cpp:(.text._ZN4YAML6detail9node_data15convert_to_nodeIA5_cEERNS0_4nodeERKT_St10shared_ptrINS0_13memory_holderEE[_ZN4YAML6detail9node_data15convert_to_nodeIA5_cEERNS0_4nodeERKT_St10shared_ptrINS0_13memory_holderEE]+0x69): undefined reference to `YAML::detail::memory_holder::merge(YAML::detail::memory_holder&)'
[16.048s] /usr/bin/ld: CMakeFiles/new_target.dir/src/inertial_sense_ros2.cpp.o: in function `YAML::BadSubscript::BadSubscript<char [8]>(YAML::Mark const&, char const (&) [8])':
[16.049s] inertial_sense_ros2.cpp:(.text._ZN4YAML12BadSubscriptC2IA8_cEERKNS_4MarkERKT_[_ZN4YAML12BadSubscriptC5IA8_cEERKNS_4MarkERKT_]+0x61): undefined reference to `vtable for YAML::BadSubscript'
[16.052s] /usr/bin/ld: CMakeFiles/new_target.dir/src/inertial_sense_ros2.cpp.o: in function `YAML::detail::node& YAML::detail::node_data::convert_to_node<char [8]>(char const (&) [8], std::shared_ptr<YAML::detail::memory_holder>)':
[16.052s] inertial_sense_ros2.cpp:(.text._ZN4YAML6detail9node_data15convert_to_nodeIA8_cEERNS0_4nodeERKT_St10shared_ptrINS0_13memory_holderEE[_ZN4YAML6detail9node_data15convert_to_nodeIA8_cEERNS0_4nodeERKT_St10shared_ptrINS0_13memory_holderEE]+0x69): undefined reference to `YAML::detail::memory_holder::merge(YAML::detail::memory_holder&)'
[16.055s] /usr/bin/ld: CMakeFiles/new_target.dir/src/inertial_sense_ros2.cpp.o: in function `YAML::BadSubscript::BadSubscript<char [9]>(YAML::Mark const&, char const (&) [9])':
[16.056s] inertial_sense_ros2.cpp:(.text._ZN4YAML12BadSubscriptC2IA9_cEERKNS_4MarkERKT_[_ZN4YAML12BadSubscriptC5IA9_cEERKNS_4MarkERKT_]+0x61): undefined reference to `vtable for YAML::BadSubscript'
[16.063s] /usr/bin/ld: CMakeFiles/new_target.dir/src/inertial_sense_ros2.cpp.o: in function `YAML::detail::node& YAML::detail::node_data::convert_to_node<char [9]>(char const (&) [9], std::shared_ptr<YAML::detail::memory_holder>)':
[16.064s] inertial_sense_ros2.cpp:(.text._ZN4YAML6detail9node_data15convert_to_nodeIA9_cEERNS0_4nodeERKT_St10shared_ptrINS0_13memory_holderEE[_ZN4YAML6detail9node_data15convert_to_nodeIA9_cEERNS0_4nodeERKT_St10shared_ptrINS0_13memory_holderEE]+0x69): undefined reference to `YAML::detail::memory_holder::merge(YAML::detail::memory_holder&)'
[16.065s] /usr/bin/ld: CMakeFiles/new_target.dir/src/inertial_sense_ros2.cpp.o: in function `YAML::BadSubscript::BadSubscript<char [4]>(YAML::Mark const&, char const (&) [4])':
[16.065s] inertial_sense_ros2.cpp:(.text._ZN4YAML12BadSubscriptC2IA4_cEERKNS_4MarkERKT_[_ZN4YAML12BadSubscriptC5IA4_cEERKNS_4MarkERKT_]+0x61): undefined reference to `vtable for YAML::BadSubscript'
[16.067s] /usr/bin/ld: CMakeFiles/new_target.dir/src/inertial_sense_ros2.cpp.o: in function `YAML::detail::node& YAML::detail::node_data::convert_to_node<char [4]>(char const (&) [4], std::shared_ptr<YAML::detail::memory_holder>)':
[16.069s] inertial_sense_ros2.cpp:(.text._ZN4YAML6detail9node_data15convert_to_nodeIA4_cEERNS0_4nodeERKT_St10shared_ptrINS0_13memory_holderEE[_ZN4YAML6detail9node_data15convert_to_nodeIA4_cEERNS0_4nodeERKT_St10shared_ptrINS0_13memory_holderEE]+0x69): undefined reference to `YAML::detail::memory_holder::merge(YAML::detail::memory_holder&)'
[16.185s] /usr/bin/ld: CMakeFiles/new_target.dir/src/inertial_sense_ros2.cpp.o: in function `rclcpp::Service<inertial_sense_ros2::srv::RefLLAUpdate>::Service(std::shared_ptr<rcl_node_s>, std::__cxx11::basic_string<char, std::char_traits<char>, std::allocator<char> > const&, rclcpp::AnyServiceCallback<inertial_sense_ros2::srv::RefLLAUpdate>, rcl_service_options_s&)':
[16.186s] inertial_sense_ros2.cpp:(.text._ZN6rclcpp7ServiceIN19inertial_sense_ros23srv12RefLLAUpdateEEC2ESt10shared_ptrI10rcl_node_sERKNSt7__cxx1112basic_stringIcSt11char_traitsIcESaIcEEENS_18AnyServiceCallbackIS3_EER21rcl_service_options_s[_ZN6rclcpp7ServiceIN19inertial_sense_ros23srv12RefLLAUpdateEEC5ESt10shared_ptrI10rcl_node_sERKNSt7__cxx1112basic_stringIcSt11char_traitsIcESaIcEEENS_18AnyServiceCallbackIS3_EER21rcl_service_options_s]+0xce): undefined reference to `rosidl_service_type_support_t const* rosidl_typesupport_cpp::get_service_type_support_handle<inertial_sense_ros2::srv::RefLLAUpdate>()'
[16.203s] /usr/bin/ld: CMakeFiles/new_target.dir/src/inertial_sense_ros2.cpp.o: in function `std::enable_if<rosidl_generator_traits::is_message<inertial_sense_ros2::msg::DIDINS1_<std::allocator<void> > >::value, rosidl_message_type_support_t const&>::type rclcpp::get_message_type_support_handle<inertial_sense_ros2::msg::DIDINS1_<std::allocator<void> > >()':
[16.205s] inertial_sense_ros2.cpp:(.text._ZN6rclcpp31get_message_type_support_handleIN19inertial_sense_ros23msg8DIDINS1_ISaIvEEEEENSt9enable_ifIXsrN23rosidl_generator_traits10is_messageIT_EE5valueERK29rosidl_message_type_support_tE4typeEv[_ZN6rclcpp31get_message_type_support_handleIN19inertial_sense_ros23msg8DIDINS1_ISaIvEEEEENSt9enable_ifIXsrN23rosidl_generator_traits10is_messageIT_EE5valueERK29rosidl_message_type_support_tE4typeEv]+0x10): undefined reference to `rosidl_message_type_support_t const* rosidl_typesupport_cpp::get_message_type_support_handle<inertial_sense_ros2::msg::DIDINS1_<std::allocator<void> > >()'
[16.206s] /usr/bin/ld: CMakeFiles/new_target.dir/src/inertial_sense_ros2.cpp.o: in function `std::enable_if<rosidl_generator_traits::is_message<inertial_sense_ros2::msg::DIDINS2_<std::allocator<void> > >::value, rosidl_message_type_support_t const&>::type rclcpp::get_message_type_support_handle<inertial_sense_ros2::msg::DIDINS2_<std::allocator<void> > >()':
[16.207s] inertial_sense_ros2.cpp:(.text._ZN6rclcpp31get_message_type_support_handleIN19inertial_sense_ros23msg8DIDINS2_ISaIvEEEEENSt9enable_ifIXsrN23rosidl_generator_traits10is_messageIT_EE5valueERK29rosidl_message_type_support_tE4typeEv[_ZN6rclcpp31get_message_type_support_handleIN19inertial_sense_ros23msg8DIDINS2_ISaIvEEEEENSt9enable_ifIXsrN23rosidl_generator_traits10is_messageIT_EE5valueERK29rosidl_message_type_support_tE4typeEv]+0x10): undefined reference to `rosidl_message_type_support_t const* rosidl_typesupport_cpp::get_message_type_support_handle<inertial_sense_ros2::msg::DIDINS2_<std::allocator<void> > >()'
[16.211s] /usr/bin/ld: CMakeFiles/new_target.dir/src/inertial_sense_ros2.cpp.o: in function `std::enable_if<rosidl_generator_traits::is_message<inertial_sense_ros2::msg::DIDINS4_<std::allocator<void> > >::value, rosidl_message_type_support_t const&>::type rclcpp::get_message_type_support_handle<inertial_sense_ros2::msg::DIDINS4_<std::allocator<void> > >()':
[16.211s] inertial_sense_ros2.cpp:(.text._ZN6rclcpp31get_message_type_support_handleIN19inertial_sense_ros23msg8DIDINS4_ISaIvEEEEENSt9enable_ifIXsrN23rosidl_generator_traits10is_messageIT_EE5valueERK29rosidl_message_type_support_tE4typeEv[_ZN6rclcpp31get_message_type_support_handleIN19inertial_sense_ros23msg8DIDINS4_ISaIvEEEEENSt9enable_ifIXsrN23rosidl_generator_traits10is_messageIT_EE5valueERK29rosidl_message_type_support_tE4typeEv]+0x10): undefined reference to `rosidl_message_type_support_t const* rosidl_typesupport_cpp::get_message_type_support_handle<inertial_sense_ros2::msg::DIDINS4_<std::allocator<void> > >()'
[16.215s] /usr/bin/ld: CMakeFiles/new_target.dir/src/inertial_sense_ros2.cpp.o: in function `std::enable_if<rosidl_generator_traits::is_message<inertial_sense_ros2::msg::INL2States_<std::allocator<void> > >::value, rosidl_message_type_support_t const&>::type rclcpp::get_message_type_support_handle<inertial_sense_ros2::msg::INL2States_<std::allocator<void> > >()':
[16.216s] inertial_sense_ros2.cpp:(.text._ZN6rclcpp31get_message_type_support_handleIN19inertial_sense_ros23msg11INL2States_ISaIvEEEEENSt9enable_ifIXsrN23rosidl_generator_traits10is_messageIT_EE5valueERK29rosidl_message_type_support_tE4typeEv[_ZN6rclcpp31get_message_type_support_handleIN19inertial_sense_ros23msg11INL2States_ISaIvEEEEENSt9enable_ifIXsrN23rosidl_generator_traits10is_messageIT_EE5valueERK29rosidl_message_type_support_tE4typeEv]+0x10): undefined reference to `rosidl_message_type_support_t const* rosidl_typesupport_cpp::get_message_type_support_handle<inertial_sense_ros2::msg::INL2States_<std::allocator<void> > >()'
[16.219s] /usr/bin/ld: CMakeFiles/new_target.dir/src/inertial_sense_ros2.cpp.o: in function `std::enable_if<rosidl_generator_traits::is_message<inertial_sense_ros2::msg::PIMU_<std::allocator<void> > >::value, rosidl_message_type_support_t const&>::type rclcpp::get_message_type_support_handle<inertial_sense_ros2::msg::PIMU_<std::allocator<void> > >()':
[16.220s] inertial_sense_ros2.cpp:(.text._ZN6rclcpp31get_message_type_support_handleIN19inertial_sense_ros23msg5PIMU_ISaIvEEEEENSt9enable_ifIXsrN23rosidl_generator_traits10is_messageIT_EE5valueERK29rosidl_message_type_support_tE4typeEv[_ZN6rclcpp31get_message_type_support_handleIN19inertial_sense_ros23msg5PIMU_ISaIvEEEEENSt9enable_ifIXsrN23rosidl_generator_traits10is_messageIT_EE5valueERK29rosidl_message_type_support_tE4typeEv]+0x10): undefined reference to `rosidl_message_type_support_t const* rosidl_typesupport_cpp::get_message_type_support_handle<inertial_sense_ros2::msg::PIMU_<std::allocator<void> > >()'
[16.225s] /usr/bin/ld: CMakeFiles/new_target.dir/src/inertial_sense_ros2.cpp.o: in function `std::enable_if<rosidl_generator_traits::is_message<sensor_msgs::msg::Imu_<std::allocator<void> > >::value, rosidl_message_type_support_t const&>::type rclcpp::get_message_type_support_handle<sensor_msgs::msg::Imu_<std::allocator<void> > >()':
[16.226s] inertial_sense_ros2.cpp:(.text._ZN6rclcpp31get_message_type_support_handleIN11sensor_msgs3msg4Imu_ISaIvEEEEENSt9enable_ifIXsrN23rosidl_generator_traits10is_messageIT_EE5valueERK29rosidl_message_type_support_tE4typeEv[_ZN6rclcpp31get_message_type_support_handleIN11sensor_msgs3msg4Imu_ISaIvEEEEENSt9enable_ifIXsrN23rosidl_generator_traits10is_messageIT_EE5valueERK29rosidl_message_type_support_tE4typeEv]+0x10): undefined reference to `rosidl_message_type_support_t const* rosidl_typesupport_cpp::get_message_type_support_handle<sensor_msgs::msg::Imu_<std::allocator<void> > >()'
[16.228s] /usr/bin/ld: CMakeFiles/new_target.dir/src/inertial_sense_ros2.cpp.o: in function `std::enable_if<rosidl_generator_traits::is_message<sensor_msgs::msg::MagneticField_<std::allocator<void> > >::value, rosidl_message_type_support_t const&>::type rclcpp::get_message_type_support_handle<sensor_msgs::msg::MagneticField_<std::allocator<void> > >()':
[16.229s] inertial_sense_ros2.cpp:(.text._ZN6rclcpp31get_message_type_support_handleIN11sensor_msgs3msg14MagneticField_ISaIvEEEEENSt9enable_ifIXsrN23rosidl_generator_traits10is_messageIT_EE5valueERK29rosidl_message_type_support_tE4typeEv[_ZN6rclcpp31get_message_type_support_handleIN11sensor_msgs3msg14MagneticField_ISaIvEEEEENSt9enable_ifIXsrN23rosidl_generator_traits10is_messageIT_EE5valueERK29rosidl_message_type_support_tE4typeEv]+0x10): undefined reference to `rosidl_message_type_support_t const* rosidl_typesupport_cpp::get_message_type_support_handle<sensor_msgs::msg::MagneticField_<std::allocator<void> > >()'
[16.232s] /usr/bin/ld: CMakeFiles/new_target.dir/src/inertial_sense_ros2.cpp.o: in function `std::enable_if<rosidl_generator_traits::is_message<sensor_msgs::msg::FluidPressure_<std::allocator<void> > >::value, rosidl_message_type_support_t const&>::type rclcpp::get_message_type_support_handle<sensor_msgs::msg::FluidPressure_<std::allocator<void> > >()':
[16.233s] inertial_sense_ros2.cpp:(.text._ZN6rclcpp31get_message_type_support_handleIN11sensor_msgs3msg14FluidPressure_ISaIvEEEEENSt9enable_ifIXsrN23rosidl_generator_traits10is_messageIT_EE5valueERK29rosidl_message_type_support_tE4typeEv[_ZN6rclcpp31get_message_type_support_handleIN11sensor_msgs3msg14FluidPressure_ISaIvEEEEENSt9enable_ifIXsrN23rosidl_generator_traits10is_messageIT_EE5valueERK29rosidl_message_type_support_tE4typeEv]+0x10): undefined reference to `rosidl_message_type_support_t const* rosidl_typesupport_cpp::get_message_type_support_handle<sensor_msgs::msg::FluidPressure_<std::allocator<void> > >()'
[16.236s] /usr/bin/ld: CMakeFiles/new_target.dir/src/inertial_sense_ros2.cpp.o: in function `std::enable_if<rosidl_generator_traits::is_message<inertial_sense_ros2::msg::GPS_<std::allocator<void> > >::value, rosidl_message_type_support_t const&>::type rclcpp::get_message_type_support_handle<inertial_sense_ros2::msg::GPS_<std::allocator<void> > >()':
[16.237s] inertial_sense_ros2.cpp:(.text._ZN6rclcpp31get_message_type_support_handleIN19inertial_sense_ros23msg4GPS_ISaIvEEEEENSt9enable_ifIXsrN23rosidl_generator_traits10is_messageIT_EE5valueERK29rosidl_message_type_support_tE4typeEv[_ZN6rclcpp31get_message_type_support_handleIN19inertial_sense_ros23msg4GPS_ISaIvEEEEENSt9enable_ifIXsrN23rosidl_generator_traits10is_messageIT_EE5valueERK29rosidl_message_type_support_tE4typeEv]+0x10): undefined reference to `rosidl_message_type_support_t const* rosidl_typesupport_cpp::get_message_type_support_handle<inertial_sense_ros2::msg::GPS_<std::allocator<void> > >()'
[16.240s] /usr/bin/ld: CMakeFiles/new_target.dir/src/inertial_sense_ros2.cpp.o: in function `std::enable_if<rosidl_generator_traits::is_message<sensor_msgs::msg::NavSatFix_<std::allocator<void> > >::value, rosidl_message_type_support_t const&>::type rclcpp::get_message_type_support_handle<sensor_msgs::msg::NavSatFix_<std::allocator<void> > >()':
[16.241s] inertial_sense_ros2.cpp:(.text._ZN6rclcpp31get_message_type_support_handleIN11sensor_msgs3msg10NavSatFix_ISaIvEEEEENSt9enable_ifIXsrN23rosidl_generator_traits10is_messageIT_EE5valueERK29rosidl_message_type_support_tE4typeEv[_ZN6rclcpp31get_message_type_support_handleIN11sensor_msgs3msg10NavSatFix_ISaIvEEEEENSt9enable_ifIXsrN23rosidl_generator_traits10is_messageIT_EE5valueERK29rosidl_message_type_support_tE4typeEv]+0x10): undefined reference to `rosidl_message_type_support_t const* rosidl_typesupport_cpp::get_message_type_support_handle<sensor_msgs::msg::NavSatFix_<std::allocator<void> > >()'
[16.244s] /usr/bin/ld: CMakeFiles/new_target.dir/src/inertial_sense_ros2.cpp.o: in function `std::enable_if<rosidl_generator_traits::is_message<inertial_sense_ros2::msg::GPSInfo_<std::allocator<void> > >::value, rosidl_message_type_support_t const&>::type rclcpp::get_message_type_support_handle<inertial_sense_ros2::msg::GPSInfo_<std::allocator<void> > >()':
[16.244s] inertial_sense_ros2.cpp:(.text._ZN6rclcpp31get_message_type_support_handleIN19inertial_sense_ros23msg8GPSInfo_ISaIvEEEEENSt9enable_ifIXsrN23rosidl_generator_traits10is_messageIT_EE5valueERK29rosidl_message_type_support_tE4typeEv[_ZN6rclcpp31get_message_type_support_handleIN19inertial_sense_ros23msg8GPSInfo_ISaIvEEEEENSt9enable_ifIXsrN23rosidl_generator_traits10is_messageIT_EE5valueERK29rosidl_message_type_support_tE4typeEv]+0x10): undefined reference to `rosidl_message_type_support_t const* rosidl_typesupport_cpp::get_message_type_support_handle<inertial_sense_ros2::msg::GPSInfo_<std::allocator<void> > >()'
[16.248s] /usr/bin/ld: CMakeFiles/new_target.dir/src/inertial_sense_ros2.cpp.o: in function `std::enable_if<rosidl_generator_traits::is_message<inertial_sense_ros2::msg::RTKInfo_<std::allocator<void> > >::value, rosidl_message_type_support_t const&>::type rclcpp::get_message_type_support_handle<inertial_sense_ros2::msg::RTKInfo_<std::allocator<void> > >()':
[16.248s] inertial_sense_ros2.cpp:(.text._ZN6rclcpp31get_message_type_support_handleIN19inertial_sense_ros23msg8RTKInfo_ISaIvEEEEENSt9enable_ifIXsrN23rosidl_generator_traits10is_messageIT_EE5valueERK29rosidl_message_type_support_tE4typeEv[_ZN6rclcpp31get_message_type_support_handleIN19inertial_sense_ros23msg8RTKInfo_ISaIvEEEEENSt9enable_ifIXsrN23rosidl_generator_traits10is_messageIT_EE5valueERK29rosidl_message_type_support_tE4typeEv]+0x10): undefined reference to `rosidl_message_type_support_t const* rosidl_typesupport_cpp::get_message_type_support_handle<inertial_sense_ros2::msg::RTKInfo_<std::allocator<void> > >()'
[16.254s] /usr/bin/ld: CMakeFiles/new_target.dir/src/inertial_sense_ros2.cpp.o: in function `std::enable_if<rosidl_generator_traits::is_message<inertial_sense_ros2::msg::RTKRel_<std::allocator<void> > >::value, rosidl_message_type_support_t const&>::type rclcpp::get_message_type_support_handle<inertial_sense_ros2::msg::RTKRel_<std::allocator<void> > >()':
[16.254s] inertial_sense_ros2.cpp:(.text._ZN6rclcpp31get_message_type_support_handleIN19inertial_sense_ros23msg7RTKRel_ISaIvEEEEENSt9enable_ifIXsrN23rosidl_generator_traits10is_messageIT_EE5valueERK29rosidl_message_type_support_tE4typeEv[_ZN6rclcpp31get_message_type_support_handleIN19inertial_sense_ros23msg7RTKRel_ISaIvEEEEENSt9enable_ifIXsrN23rosidl_generator_traits10is_messageIT_EE5valueERK29rosidl_message_type_support_tE4typeEv]+0x10): undefined reference to `rosidl_message_type_support_t const* rosidl_typesupport_cpp::get_message_type_support_handle<inertial_sense_ros2::msg::RTKRel_<std::allocator<void> > >()'
[16.257s] /usr/bin/ld: CMakeFiles/new_target.dir/src/inertial_sense_ros2.cpp.o: in function `std::enable_if<rosidl_generator_traits::is_message<inertial_sense_ros2::msg::GNSSObsVec_<std::allocator<void> > >::value, rosidl_message_type_support_t const&>::type rclcpp::get_message_type_support_handle<inertial_sense_ros2::msg::GNSSObsVec_<std::allocator<void> > >()':
[16.257s] inertial_sense_ros2.cpp:(.text._ZN6rclcpp31get_message_type_support_handleIN19inertial_sense_ros23msg11GNSSObsVec_ISaIvEEEEENSt9enable_ifIXsrN23rosidl_generator_traits10is_messageIT_EE5valueERK29rosidl_message_type_support_tE4typeEv[_ZN6rclcpp31get_message_type_support_handleIN19inertial_sense_ros23msg11GNSSObsVec_ISaIvEEEEENSt9enable_ifIXsrN23rosidl_generator_traits10is_messageIT_EE5valueERK29rosidl_message_type_support_tE4typeEv]+0x10): undefined reference to `rosidl_message_type_support_t const* rosidl_typesupport_cpp::get_message_type_support_handle<inertial_sense_ros2::msg::GNSSObsVec_<std::allocator<void> > >()'
[16.260s] /usr/bin/ld: CMakeFiles/new_target.dir/src/inertial_sense_ros2.cpp.o: in function `std::enable_if<rosidl_generator_traits::is_message<inertial_sense_ros2::msg::GNSSEphemeris_<std::allocator<void> > >::value, rosidl_message_type_support_t const&>::type rclcpp::get_message_type_support_handle<inertial_sense_ros2::msg::GNSSEphemeris_<std::allocator<void> > >()':
[16.261s] inertial_sense_ros2.cpp:(.text._ZN6rclcpp31get_message_type_support_handleIN19inertial_sense_ros23msg14GNSSEphemeris_ISaIvEEEEENSt9enable_ifIXsrN23rosidl_generator_traits10is_messageIT_EE5valueERK29rosidl_message_type_support_tE4typeEv[_ZN6rclcpp31get_message_type_support_handleIN19inertial_sense_ros23msg14GNSSEphemeris_ISaIvEEEEENSt9enable_ifIXsrN23rosidl_generator_traits10is_messageIT_EE5valueERK29rosidl_message_type_support_tE4typeEv]+0x10): undefined reference to `rosidl_message_type_support_t const* rosidl_typesupport_cpp::get_message_type_support_handle<inertial_sense_ros2::msg::GNSSEphemeris_<std::allocator<void> > >()'
[16.265s] /usr/bin/ld: CMakeFiles/new_target.dir/src/inertial_sense_ros2.cpp.o: in function `std::enable_if<rosidl_generator_traits::is_message<inertial_sense_ros2::msg::GlonassEphemeris_<std::allocator<void> > >::value, rosidl_message_type_support_t const&>::type rclcpp::get_message_type_support_handle<inertial_sense_ros2::msg::GlonassEphemeris_<std::allocator<void> > >()':
[16.266s] inertial_sense_ros2.cpp:(.text._ZN6rclcpp31get_message_type_support_handleIN19inertial_sense_ros23msg17GlonassEphemeris_ISaIvEEEEENSt9enable_ifIXsrN23rosidl_generator_traits10is_messageIT_EE5valueERK29rosidl_message_type_support_tE4typeEv[_ZN6rclcpp31get_message_type_support_handleIN19inertial_sense_ros23msg17GlonassEphemeris_ISaIvEEEEENSt9enable_ifIXsrN23rosidl_generator_traits10is_messageIT_EE5valueERK29rosidl_message_type_support_tE4typeEv]+0x10): undefined reference to `rosidl_message_type_support_t const* rosidl_typesupport_cpp::get_message_type_support_handle<inertial_sense_ros2::msg::GlonassEphemeris_<std::allocator<void> > >()'
[16.308s] /usr/bin/ld: CMakeFiles/new_target.dir/src/inertial_sense_ros2.cpp.o:(.data.rel.ro._ZTIN4YAML18TypedBadConversionISt6vectorIdSaIdEEEE[_ZTIN4YAML18TypedBadConversionISt6vectorIdSaIdEEEE]+0x10): undefined reference to `typeinfo for YAML::BadConversion'
[16.312s] /usr/bin/ld: CMakeFiles/new_target.dir/src/inertial_sense_ros2.cpp.o:(.data.rel.ro._ZTIN4YAML18TypedBadConversionIjEE[_ZTIN4YAML18TypedBadConversionIjEE]+0x10): undefined reference to `typeinfo for YAML::BadConversion'
[16.315s] /usr/bin/ld: CMakeFiles/new_target.dir/src/inertial_sense_ros2.cpp.o:(.data.rel.ro._ZTIN4YAML18TypedBadConversionIiEE[_ZTIN4YAML18TypedBadConversionIiEE]+0x10): undefined reference to `typeinfo for YAML::BadConversion'
[16.320s] /usr/bin/ld: CMakeFiles/new_target.dir/src/inertial_sense_ros2.cpp.o:(.data.rel.ro._ZTIN4YAML18TypedBadConversionIbEE[_ZTIN4YAML18TypedBadConversionIbEE]+0x10): undefined reference to `typeinfo for YAML::BadConversion'
[16.324s] /usr/bin/ld: CMakeFiles/new_target.dir/src/inertial_sense_ros2.cpp.o:(.data.rel.ro._ZTIN4YAML18TypedBadConversionIfEE[_ZTIN4YAML18TypedBadConversionIfEE]+0x10): undefined reference to `typeinfo for YAML::BadConversion'
[16.328s] /usr/bin/ld: CMakeFiles/new_target.dir/src/inertial_sense_ros2.cpp.o:(.data.rel.ro._ZTIN4YAML18TypedBadConversionIdEE[_ZTIN4YAML18TypedBadConversionIdEE]+0x10): more undefined references to `typeinfo for YAML::BadConversion' follow
[16.968s] /usr/bin/ld: warning: creating DT_TEXTREL in a PIE
[17.170s] collect2: error: ld returned 1 exit status
[17.177s] gmake[2]: *** [CMakeFiles/new_target.dir/build.make:219: new_target] Error 1
[17.177s] gmake[1]: *** [CMakeFiles/Makefile2:623: CMakeFiles/new_target.dir/all] Error 2
[17.178s] gmake: *** [Makefile:146: all] Error 2
[17.185s] Invoked command in '/home/s/Inertial_Sense/imx/SDK/ros2/build/inertial_sense_ros2' returned '2': CMAKE_PREFIX_PATH=${CMAKE_PREFIX_PATH}:/opt/ros/jazzy DEBUGINFOD_URLS=https://debuginfod.ubuntu.com /usr/bin/cmake --build /home/s/Inertial_Sense/imx/SDK/ros2/build/inertial_sense_ros2 -- -j6 -l6
