[0.147s] Invoking command in '/home/s/Inertial_Sense/imx/SDK/ros2/build/inertial_sense_ros2': CMAKE_PREFIX_PATH=${CMAKE_PREFIX_PATH}:/opt/ros/jazzy DEBUGINFOD_URLS=https://debuginfod.ubuntu.com /usr/bin/cmake --build /home/s/Inertial_Sense/imx/SDK/ros2/build/inertial_sense_ros2 -- -j16 -l16
[0.538s] -- Found std_msgs: 5.3.5 (/opt/ros/jazzy/share/std_msgs/cmake)
[0.830s] -- Found Python3: /usr/bin/python3 (found version "3.12.3") found components: Interpreter 
[1.882s] -- Found rosidl_generator_c: 4.6.2 (/opt/ros/jazzy/share/rosidl_generator_c/cmake)
[1.999s] -- Found rosidl_generator_cpp: 4.6.2 (/opt/ros/jazzy/share/rosidl_generator_cpp/cmake)
[2.131s] -- Using all available rosidl_typesupport_c: rosidl_typesupport_fastrtps_c;rosidl_typesupport_introspection_c
[2.284s] -- Using all available rosidl_typesupport_cpp: rosidl_typesupport_fastrtps_cpp;rosidl_typesupport_introspection_cpp
[2.546s] -- Found rosidl_default_generators: 1.6.0 (/opt/ros/jazzy/share/rosidl_default_generators/cmake)
[2.645s] -- Found rosidl_adapter: 4.6.2 (/opt/ros/jazzy/share/rosidl_adapter/cmake)
[2.674s] -- Found rclcpp: 28.1.2 (/opt/ros/jazzy/share/rclcpp/cmake)
[3.129s] -- Found rmw_implementation_cmake: 7.3.1 (/opt/ros/jazzy/share/rmw_implementation_cmake/cmake)
[3.144s] -- Found rmw_fastrtps_cpp: 8.4.0 (/opt/ros/jazzy/share/rmw_fastrtps_cpp/cmake)
[3.844s] -- Using RMW implementation 'rmw_fastrtps_cpp' as default
[4.347s] -- Found rclpy: 7.1.1 (/opt/ros/jazzy/share/rclpy/cmake)
[4.350s] -- Found sensor_msgs: 5.3.5 (/opt/ros/jazzy/share/sensor_msgs/cmake)
[4.631s] -- Found diagnostic_msgs: 5.3.5 (/opt/ros/jazzy/share/diagnostic_msgs/cmake)
[6.268s] [31mCMake Error at /opt/ros/jazzy/share/rosidl_adapter/cmake/rosidl_adapt_interfaces.cmake:57 (message):
[6.269s]   execute_process(/usr/bin/python3 -m rosidl_adapter --package-name
[6.271s]   inertial_sense_ros2 --arguments-file
[6.273s]   /home/s/Inertial_Sense/imx/SDK/ros2/build/inertial_sense_ros2/rosidl_adapter__arguments__inertial_sense_ros2.json
[6.274s]   --output-dir
[6.276s]   /home/s/Inertial_Sense/imx/SDK/ros2/build/inertial_sense_ros2/rosidl_adapter/inertial_sense_ros2
[6.277s]   --output-file
[6.279s]   /home/s/Inertial_Sense/imx/SDK/ros2/build/inertial_sense_ros2/rosidl_adapter/inertial_sense_ros2.idls)
[6.281s]   returned error code 1:
[6.283s] 
[6.284s]   Error processing 'std_msgs/geometry_msgs/msg/Vector3 posEcef' of
[6.286s]   'inertial_sense_ros2/GPS': 'std_msgs/geometry_msgs/msg/Vector3'
[6.288s] 
[6.289s]   Traceback (most recent call last):
[6.291s] 
[6.292s]     File "<frozen runpy>", line 198, in _run_module_as_main
[6.293s]     File "<frozen runpy>", line 88, in _run_code
[6.295s]     File "/opt/ros/jazzy/lib/python3.12/site-packages/rosidl_adapter/__main__.py", line 19, in <module>
[6.296s]       sys.exit(main())
[6.297s]                ^^^^^^
[6.299s]     File "/opt/ros/jazzy/lib/python3.12/site-packages/rosidl_adapter/main.py", line 53, in main
[6.301s]       abs_idl_file = convert_to_idl(
[6.302s]                      ^^^^^^^^^^^^^^^
[6.304s]     File "/opt/ros/jazzy/lib/python3.12/site-packages/rosidl_adapter/__init__.py", line 19, in convert_to_idl
[6.305s]       return convert_msg_to_idl(
[6.306s]              ^^^^^^^^^^^^^^^^^^^
[6.308s]     File "/opt/ros/jazzy/lib/python3.12/site-packages/rosidl_adapter/msg/__init__.py", line 28, in convert_msg_to_idl
[6.309s]       msg = parse_message_string(package_name, input_file.stem, content)
[6.311s]             ^^^^^^^^^^^^^^^^^^^^^^^^^^^^^^^^^^^^^^^^^^^^^^^^^^^^^^^^^^^^
[6.312s]     File "/opt/ros/jazzy/lib/python3.12/site-packages/rosidl_adapter/parser.py", line 521, in parse_message_string
[6.313s]       Type(type_string, context_package_name=pkg_name),
[6.315s]       ^^^^^^^^^^^^^^^^^^^^^^^^^^^^^^^^^^^^^^^^^^^^^^^^
[6.316s]     File "/opt/ros/jazzy/lib/python3.12/site-packages/rosidl_adapter/parser.py", line 278, in __init__
[6.318s]       super(Type, self).__init__(
[6.319s]     File "/opt/ros/jazzy/lib/python3.12/site-packages/rosidl_adapter/parser.py", line 191, in __init__
[6.321s]       raise InvalidResourceName(type_string)
[6.324s] 
[6.325s]   rosidl_adapter.parser.InvalidResourceName:
[6.326s]   std_msgs/geometry_msgs/msg/Vector3
[6.328s] 
[6.329s] Call Stack (most recent call first):
[6.331s]   /opt/ros/jazzy/share/rosidl_cmake/cmake/rosidl_generate_interfaces.cmake:132 (rosidl_adapt_interfaces)
[6.332s]   CMakeLists.txt:16 (rosidl_generate_interfaces)
[6.334s] 
[6.335s] [0m
[6.336s] -- Configuring incomplete, errors occurred!
[6.394s] gmake: *** [Makefile:1355: cmake_check_build_system] Error 1
[6.419s] Invoked command in '/home/s/Inertial_Sense/imx/SDK/ros2/build/inertial_sense_ros2' returned '2': CMAKE_PREFIX_PATH=${CMAKE_PREFIX_PATH}:/opt/ros/jazzy DEBUGINFOD_URLS=https://debuginfod.ubuntu.com /usr/bin/cmake --build /home/s/Inertial_Sense/imx/SDK/ros2/build/inertial_sense_ros2 -- -j16 -l16
