[0.142s] Invoking command in '/home/s/Inertial_Sense/imx/SDK/ros2/build/inertial_sense_ros2': CMAKE_PREFIX_PATH=${CMAKE_PREFIX_PATH}:/opt/ros/jazzy DEBUGINFOD_URLS=https://debuginfod.ubuntu.com /usr/bin/cmake --build /home/s/Inertial_Sense/imx/SDK/ros2/build/inertial_sense_ros2 -- -j16 -l16
[0.572s] -- Found rosidl_default_generators: 1.6.0 (/opt/ros/jazzy/share/rosidl_default_generators/cmake)
[1.628s] -- Using all available rosidl_typesupport_c: rosidl_typesupport_fastrtps_c;rosidl_typesupport_introspection_c
[2.103s] -- Using all available rosidl_typesupport_cpp: rosidl_typesupport_fastrtps_cpp;rosidl_typesupport_introspection_cpp
[2.432s] -- Found rosidl_adapter: 4.6.2 (/opt/ros/jazzy/share/rosidl_adapter/cmake)
[2.463s] -- Found rclcpp: 28.1.2 (/opt/ros/jazzy/share/rclcpp/cmake)
[3.015s] -- Found rmw_implementation_cmake: 7.3.1 (/opt/ros/jazzy/share/rmw_implementation_cmake/cmake)
[3.032s] -- Found rmw_fastrtps_cpp: 8.4.0 (/opt/ros/jazzy/share/rmw_fastrtps_cpp/cmake)
[3.703s] -- Using RMW implementation 'rmw_fastrtps_cpp' as default
[4.201s] -- Found rclpy: 7.1.1 (/opt/ros/jazzy/share/rclpy/cmake)
[4.205s] -- Found std_msgs: 5.3.5 (/opt/ros/jazzy/share/std_msgs/cmake)
[4.307s] -- Found sensor_msgs: 5.3.5 (/opt/ros/jazzy/share/sensor_msgs/cmake)
[4.609s] -- Found diagnostic_msgs: 5.3.5 (/opt/ros/jazzy/share/diagnostic_msgs/cmake)
[6.266s] [31mCMake Error at /opt/ros/jazzy/share/rosidl_adapter/cmake/rosidl_adapt_interfaces.cmake:57 (message):
[6.268s]   execute_process(/usr/bin/python3 -m rosidl_adapter --package-name
[6.269s]   inertial_sense_ros2 --arguments-file
[6.271s]   /home/s/Inertial_Sense/imx/SDK/ros2/build/inertial_sense_ros2/rosidl_adapter__arguments__inertial_sense_ros2.json
[6.273s]   --output-dir
[6.275s]   /home/s/Inertial_Sense/imx/SDK/ros2/build/inertial_sense_ros2/rosidl_adapter/inertial_sense_ros2
[6.277s]   --output-file
[6.280s]   /home/s/Inertial_Sense/imx/SDK/ros2/build/inertial_sense_ros2/rosidl_adapter/inertial_sense_ros2.idls)
[6.281s]   returned error code 1:
[6.283s] 
[6.285s]   Error processing 'header header' of 'inertial_sense_ros2/GPS': ''header' is
[6.286s]   an invalid message name.  It should have the pattern '^[A-Z][A-Za-z0-9]*$''
[6.287s] 
[6.289s]   Traceback (most recent call last):
[6.290s] 
[6.292s]     File "<frozen runpy>", line 198, in _run_module_as_main
[6.293s]     File "<frozen runpy>", line 88, in _run_code
[6.295s]     File "/opt/ros/jazzy/lib/python3.12/site-packages/rosidl_adapter/__main__.py", line 19, in <module>
[6.296s]       sys.exit(main())
[6.298s]                ^^^^^^
[6.300s]     File "/opt/ros/jazzy/lib/python3.12/site-packages/rosidl_adapter/main.py", line 53, in main
[6.301s]       abs_idl_file = convert_to_idl(
[6.303s]                      ^^^^^^^^^^^^^^^
[6.304s]     File "/opt/ros/jazzy/lib/python3.12/site-packages/rosidl_adapter/__init__.py", line 19, in convert_to_idl
[6.307s]       return convert_msg_to_idl(
[6.308s]              ^^^^^^^^^^^^^^^^^^^
[6.310s]     File "/opt/ros/jazzy/lib/python3.12/site-packages/rosidl_adapter/msg/__init__.py", line 28, in convert_msg_to_idl
[6.311s]       msg = parse_message_string(package_name, input_file.stem, content)
[6.313s]             ^^^^^^^^^^^^^^^^^^^^^^^^^^^^^^^^^^^^^^^^^^^^^^^^^^^^^^^^^^^^
[6.314s]     File "/opt/ros/jazzy/lib/python3.12/site-packages/rosidl_adapter/parser.py", line 521, in parse_message_string
[6.315s]       Type(type_string, context_package_name=pkg_name),
[6.317s]       ^^^^^^^^^^^^^^^^^^^^^^^^^^^^^^^^^^^^^^^^^^^^^^^^
[6.318s]     File "/opt/ros/jazzy/lib/python3.12/site-packages/rosidl_adapter/parser.py", line 278, in __init__
[6.319s]       super(Type, self).__init__(
[6.320s]     File "/opt/ros/jazzy/lib/python3.12/site-packages/rosidl_adapter/parser.py", line 206, in __init__
[6.321s]       raise InvalidResourceName(
[6.322s] 
[6.323s]   rosidl_adapter.parser.InvalidResourceName: 'header' is an invalid message
[6.324s]   name.  It should have the pattern '^[A-Z][A-Za-z0-9]*$'
[6.325s] 
[6.326s] Call Stack (most recent call first):
[6.327s]   /opt/ros/jazzy/share/rosidl_cmake/cmake/rosidl_generate_interfaces.cmake:132 (rosidl_adapt_interfaces)
[6.328s]   CMakeLists.txt:16 (rosidl_generate_interfaces)
[6.329s] 
[6.330s] [0m
[6.331s] -- Configuring incomplete, errors occurred!
[6.386s] gmake: *** [Makefile:1355: cmake_check_build_system] Error 1
[6.414s] Invoked command in '/home/s/Inertial_Sense/imx/SDK/ros2/build/inertial_sense_ros2' returned '2': CMAKE_PREFIX_PATH=${CMAKE_PREFIX_PATH}:/opt/ros/jazzy DEBUGINFOD_URLS=https://debuginfod.ubuntu.com /usr/bin/cmake --build /home/s/Inertial_Sense/imx/SDK/ros2/build/inertial_sense_ros2 -- -j16 -l16
