[0.038s] Invoking command in '/home/s/Inertial_Sense/imx/SDK/ros2/build/inertial_sense_ros2': CMAKE_PREFIX_PATH=${CMAKE_PREFIX_PATH}:/opt/ros/jazzy DEBUGINFOD_URLS=https://debuginfod.ubuntu.com /usr/bin/cmake --build /home/s/Inertial_Sense/imx/SDK/ros2/build/inertial_sense_ros2 -- -j4 -l4
[0.281s] [  1%] Built target inertial_sense_ros2__rosidl_generator_type_description
[0.333s] [  1%] Built target ament_cmake_python_copy_inertial_sense_ros2
[0.384s] [  1%] Built target inertial_sense_ros2__cpp
[0.419s] [ 27%] Built target inertial_sense_ros2__rosidl_generator_c
[0.537s] [ 37%] Built target inertial_sense_ros2__rosidl_typesupport_cpp
[0.551s] [ 47%] Built target inertial_sense_ros2__rosidl_typesupport_fastrtps_cpp
[0.566s] [ 56%] Built target inertial_sense_ros2__rosidl_typesupport_fastrtps_c
[0.653s] [ 65%] Built target inertial_sense_ros2__rosidl_typesupport_introspection_c
[0.697s] [ 74%] Built target inertial_sense_ros2__rosidl_typesupport_c
[0.707s] [ 84%] Built target inertial_sense_ros2__rosidl_typesupport_introspection_cpp
[0.800s] [ 84%] Built target inertial_sense_ros2
[0.882s] [ 85%] Built target inertial_sense_ros2__py
[1.010s] [ 94%] Built target inertial_sense_ros2__rosidl_generator_py
[1.035s] [ 94%] [32mBuilding CXX object CMakeFiles/new_target.dir/src/inertial_sense_ros2.cpp.o[0m
[1.038s] [ 95%] [32mBuilding CXX object CMakeFiles/new_target.dir/src/inertial_sense_node.cpp.o[0m
[1.074s] running egg_info
[1.144s] [ 96%] Built target inertial_sense_ros2_s__rosidl_typesupport_fastrtps_c
[1.154s] writing inertial_sense_ros2.egg-info/PKG-INFO
[1.155s] writing dependency_links to inertial_sense_ros2.egg-info/dependency_links.txt
[1.157s] writing top-level names to inertial_sense_ros2.egg-info/top_level.txt
[1.272s] [ 97%] Built target inertial_sense_ros2_s__rosidl_typesupport_introspection_c
[1.366s] [ 98%] Built target inertial_sense_ros2_s__rosidl_typesupport_c
[1.375s] reading manifest file 'inertial_sense_ros2.egg-info/SOURCES.txt'
[1.378s] writing manifest file 'inertial_sense_ros2.egg-info/SOURCES.txt'
[1.464s] [ 98%] Built target ament_cmake_python_build_inertial_sense_ros2_egg
[77.225s] [ 99%] [32m[1mLinking CXX executable new_target[0m
[79.780s] [100%] Built target new_target
[79.825s] Invoked command in '/home/s/Inertial_Sense/imx/SDK/ros2/build/inertial_sense_ros2' returned '0': CMAKE_PREFIX_PATH=${CMAKE_PREFIX_PATH}:/opt/ros/jazzy DEBUGINFOD_URLS=https://debuginfod.ubuntu.com /usr/bin/cmake --build /home/s/Inertial_Sense/imx/SDK/ros2/build/inertial_sense_ros2 -- -j4 -l4
[83.582s] Invoking command in '/home/s/Inertial_Sense/imx/SDK/ros2/build/inertial_sense_ros2': CMAKE_PREFIX_PATH=${CMAKE_PREFIX_PATH}:/opt/ros/jazzy DEBUGINFOD_URLS=https://debuginfod.ubuntu.com /usr/bin/cmake --install /home/s/Inertial_Sense/imx/SDK/ros2/build/inertial_sense_ros2
[83.614s] -- Install configuration: ""
[83.614s] -- Up-to-date: /home/s/Inertial_Sense/imx/SDK/ros2/install/inertial_sense_ros2/share/ament_index/resource_index/rosidl_interfaces/inertial_sense_ros2
[83.615s] -- Up-to-date: /home/s/Inertial_Sense/imx/SDK/ros2/install/inertial_sense_ros2/share/inertial_sense_ros2/msg/GTime.json
[83.616s] -- Up-to-date: /home/s/Inertial_Sense/imx/SDK/ros2/install/inertial_sense_ros2/share/inertial_sense_ros2/msg/SatInfo.json
[83.616s] -- Up-to-date: /home/s/Inertial_Sense/imx/SDK/ros2/install/inertial_sense_ros2/share/inertial_sense_ros2/msg/GPS.json
[83.617s] -- Up-to-date: /home/s/Inertial_Sense/imx/SDK/ros2/install/inertial_sense_ros2/share/inertial_sense_ros2/msg/GPSInfo.json
[83.618s] -- Up-to-date: /home/s/Inertial_Sense/imx/SDK/ros2/install/inertial_sense_ros2/share/inertial_sense_ros2/msg/PIMU.json
[83.619s] -- Up-to-date: /home/s/Inertial_Sense/imx/SDK/ros2/install/inertial_sense_ros2/share/inertial_sense_ros2/msg/RTKInfo.json
[83.620s] -- Up-to-date: /home/s/Inertial_Sense/imx/SDK/ros2/install/inertial_sense_ros2/share/inertial_sense_ros2/msg/RTKRel.json
[83.620s] -- Up-to-date: /home/s/Inertial_Sense/imx/SDK/ros2/install/inertial_sense_ros2/share/inertial_sense_ros2/msg/GlonassEphemeris.json
[83.621s] -- Up-to-date: /home/s/Inertial_Sense/imx/SDK/ros2/install/inertial_sense_ros2/share/inertial_sense_ros2/msg/GNSSEphemeris.json
[83.622s] -- Up-to-date: /home/s/Inertial_Sense/imx/SDK/ros2/install/inertial_sense_ros2/share/inertial_sense_ros2/msg/GNSSObservation.json
[83.623s] -- Up-to-date: /home/s/Inertial_Sense/imx/SDK/ros2/install/inertial_sense_ros2/share/inertial_sense_ros2/msg/GNSSObsVec.json
[83.623s] -- Up-to-date: /home/s/Inertial_Sense/imx/SDK/ros2/install/inertial_sense_ros2/share/inertial_sense_ros2/msg/INL2States.json
[83.624s] -- Up-to-date: /home/s/Inertial_Sense/imx/SDK/ros2/install/inertial_sense_ros2/share/inertial_sense_ros2/msg/DIDINS2.json
[83.625s] -- Up-to-date: /home/s/Inertial_Sense/imx/SDK/ros2/install/inertial_sense_ros2/share/inertial_sense_ros2/msg/DIDINS1.json
[83.625s] -- Up-to-date: /home/s/Inertial_Sense/imx/SDK/ros2/install/inertial_sense_ros2/share/inertial_sense_ros2/msg/DIDINS4.json
[83.625s] -- Up-to-date: /home/s/Inertial_Sense/imx/SDK/ros2/install/inertial_sense_ros2/share/inertial_sense_ros2/srv/FirmwareUpdate.json
[83.626s] -- Up-to-date: /home/s/Inertial_Sense/imx/SDK/ros2/install/inertial_sense_ros2/share/inertial_sense_ros2/srv/RefLLAUpdate.json
[83.627s] -- Up-to-date: /home/s/Inertial_Sense/imx/SDK/ros2/install/inertial_sense_ros2/include/inertial_sense_ros2/inertial_sense_ros2
[83.627s] -- Up-to-date: /home/s/Inertial_Sense/imx/SDK/ros2/install/inertial_sense_ros2/include/inertial_sense_ros2/inertial_sense_ros2/msg
[83.627s] -- Up-to-date: /home/s/Inertial_Sense/imx/SDK/ros2/install/inertial_sense_ros2/include/inertial_sense_ros2/inertial_sense_ros2/msg/sat_info.h
[83.628s] -- Up-to-date: /home/s/Inertial_Sense/imx/SDK/ros2/install/inertial_sense_ros2/include/inertial_sense_ros2/inertial_sense_ros2/msg/gps_info.h
[83.629s] -- Up-to-date: /home/s/Inertial_Sense/imx/SDK/ros2/install/inertial_sense_ros2/include/inertial_sense_ros2/inertial_sense_ros2/msg/didins4.h
[83.629s] -- Up-to-date: /home/s/Inertial_Sense/imx/SDK/ros2/install/inertial_sense_ros2/include/inertial_sense_ros2/inertial_sense_ros2/msg/glonass_ephemeris.h
[83.630s] -- Up-to-date: /home/s/Inertial_Sense/imx/SDK/ros2/install/inertial_sense_ros2/include/inertial_sense_ros2/inertial_sense_ros2/msg/g_time.h
[83.631s] -- Up-to-date: /home/s/Inertial_Sense/imx/SDK/ros2/install/inertial_sense_ros2/include/inertial_sense_ros2/inertial_sense_ros2/msg/didins2.h
[83.631s] -- Up-to-date: /home/s/Inertial_Sense/imx/SDK/ros2/install/inertial_sense_ros2/include/inertial_sense_ros2/inertial_sense_ros2/msg/gps.h
[83.632s] -- Up-to-date: /home/s/Inertial_Sense/imx/SDK/ros2/install/inertial_sense_ros2/include/inertial_sense_ros2/inertial_sense_ros2/msg/pimu.h
[83.632s] -- Up-to-date: /home/s/Inertial_Sense/imx/SDK/ros2/install/inertial_sense_ros2/include/inertial_sense_ros2/inertial_sense_ros2/msg/gnss_obs_vec.h
[83.633s] -- Up-to-date: /home/s/Inertial_Sense/imx/SDK/ros2/install/inertial_sense_ros2/include/inertial_sense_ros2/inertial_sense_ros2/msg/rosidl_generator_c__visibility_control.h
[83.633s] -- Up-to-date: /home/s/Inertial_Sense/imx/SDK/ros2/install/inertial_sense_ros2/include/inertial_sense_ros2/inertial_sense_ros2/msg/gnss_ephemeris.h
[83.633s] -- Up-to-date: /home/s/Inertial_Sense/imx/SDK/ros2/install/inertial_sense_ros2/include/inertial_sense_ros2/inertial_sense_ros2/msg/didins1.h
[83.634s] -- Up-to-date: /home/s/Inertial_Sense/imx/SDK/ros2/install/inertial_sense_ros2/include/inertial_sense_ros2/inertial_sense_ros2/msg/rtk_rel.h
[83.634s] -- Up-to-date: /home/s/Inertial_Sense/imx/SDK/ros2/install/inertial_sense_ros2/include/inertial_sense_ros2/inertial_sense_ros2/msg/gnss_observation.h
[83.634s] -- Up-to-date: /home/s/Inertial_Sense/imx/SDK/ros2/install/inertial_sense_ros2/include/inertial_sense_ros2/inertial_sense_ros2/msg/inl2_states.h
[83.635s] -- Up-to-date: /home/s/Inertial_Sense/imx/SDK/ros2/install/inertial_sense_ros2/include/inertial_sense_ros2/inertial_sense_ros2/msg/detail
[83.639s] -- Up-to-date: /home/s/Inertial_Sense/imx/SDK/ros2/install/inertial_sense_ros2/include/inertial_sense_ros2/inertial_sense_ros2/msg/detail/glonass_ephemeris__functions.h
[83.640s] -- Up-to-date: /home/s/Inertial_Sense/imx/SDK/ros2/install/inertial_sense_ros2/include/inertial_sense_ros2/inertial_sense_ros2/msg/detail/glonass_ephemeris__type_support.h
[83.642s] -- Up-to-date: /home/s/Inertial_Sense/imx/SDK/ros2/install/inertial_sense_ros2/include/inertial_sense_ros2/inertial_sense_ros2/msg/detail/rtk_rel__struct.h
[83.642s] -- Up-to-date: /home/s/Inertial_Sense/imx/SDK/ros2/install/inertial_sense_ros2/include/inertial_sense_ros2/inertial_sense_ros2/msg/detail/didins1__type_support.h
[83.643s] -- Up-to-date: /home/s/Inertial_Sense/imx/SDK/ros2/install/inertial_sense_ros2/include/inertial_sense_ros2/inertial_sense_ros2/msg/detail/rtk_info__struct.h
[83.648s] -- Up-to-date: /home/s/Inertial_Sense/imx/SDK/ros2/install/inertial_sense_ros2/include/inertial_sense_ros2/inertial_sense_ros2/msg/detail/gnss_ephemeris__type_support.h
[83.648s] -- Up-to-date: /home/s/Inertial_Sense/imx/SDK/ros2/install/inertial_sense_ros2/include/inertial_sense_ros2/inertial_sense_ros2/msg/detail/gps__struct.h
[83.649s] -- Up-to-date: /home/s/Inertial_Sense/imx/SDK/ros2/install/inertial_sense_ros2/include/inertial_sense_ros2/inertial_sense_ros2/msg/detail/didins1__description.c
[83.649s] -- Up-to-date: /home/s/Inertial_Sense/imx/SDK/ros2/install/inertial_sense_ros2/include/inertial_sense_ros2/inertial_sense_ros2/msg/detail/rtk_info__type_support.h
[83.649s] -- Up-to-date: /home/s/Inertial_Sense/imx/SDK/ros2/install/inertial_sense_ros2/include/inertial_sense_ros2/inertial_sense_ros2/msg/detail/inl2_states__description.c
[83.655s] -- Up-to-date: /home/s/Inertial_Sense/imx/SDK/ros2/install/inertial_sense_ros2/include/inertial_sense_ros2/inertial_sense_ros2/msg/detail/g_time__struct.h
[83.656s] -- Up-to-date: /home/s/Inertial_Sense/imx/SDK/ros2/install/inertial_sense_ros2/include/inertial_sense_ros2/inertial_sense_ros2/msg/detail/didins1__functions.h
[83.656s] -- Up-to-date: /home/s/Inertial_Sense/imx/SDK/ros2/install/inertial_sense_ros2/include/inertial_sense_ros2/inertial_sense_ros2/msg/detail/gps_info__functions.c
[83.656s] -- Up-to-date: /home/s/Inertial_Sense/imx/SDK/ros2/install/inertial_sense_ros2/include/inertial_sense_ros2/inertial_sense_ros2/msg/detail/inl2_states__struct.h
[83.659s] -- Installing: /home/s/Inertial_Sense/imx/SDK/ros2/install/inertial_sense_ros2/include/inertial_sense_ros2/inertial_sense_ros2/msg/detail/didins2__type_support.c
[83.661s] -- Up-to-date: /home/s/Inertial_Sense/imx/SDK/ros2/install/inertial_sense_ros2/include/inertial_sense_ros2/inertial_sense_ros2/msg/detail/glonass_ephemeris__functions.c
[83.662s] -- Up-to-date: /home/s/Inertial_Sense/imx/SDK/ros2/install/inertial_sense_ros2/include/inertial_sense_ros2/inertial_sense_ros2/msg/detail/rtk_rel__functions.h
[83.662s] -- Up-to-date: /home/s/Inertial_Sense/imx/SDK/ros2/install/inertial_sense_ros2/include/inertial_sense_ros2/inertial_sense_ros2/msg/detail/didins2__struct.h
[83.662s] -- Up-to-date: /home/s/Inertial_Sense/imx/SDK/ros2/install/inertial_sense_ros2/include/inertial_sense_ros2/inertial_sense_ros2/msg/detail/pimu__type_support.h
[83.663s] -- Up-to-date: /home/s/Inertial_Sense/imx/SDK/ros2/install/inertial_sense_ros2/include/inertial_sense_ros2/inertial_sense_ros2/msg/detail/gnss_ephemeris__functions.c
[83.664s] -- Up-to-date: /home/s/Inertial_Sense/imx/SDK/ros2/install/inertial_sense_ros2/include/inertial_sense_ros2/inertial_sense_ros2/msg/detail/gps_info__type_support.h
[83.667s] -- Up-to-date: /home/s/Inertial_Sense/imx/SDK/ros2/install/inertial_sense_ros2/include/inertial_sense_ros2/inertial_sense_ros2/msg/detail/gnss_obs_vec__functions.c
[83.669s] -- Up-to-date: /home/s/Inertial_Sense/imx/SDK/ros2/install/inertial_sense_ros2/include/inertial_sense_ros2/inertial_sense_ros2/msg/detail/didins2__functions.h
[83.670s] -- Up-to-date: /home/s/Inertial_Sense/imx/SDK/ros2/install/inertial_sense_ros2/include/inertial_sense_ros2/inertial_sense_ros2/msg/detail/sat_info__type_support.h
[83.670s] -- Up-to-date: /home/s/Inertial_Sense/imx/SDK/ros2/install/inertial_sense_ros2/include/inertial_sense_ros2/inertial_sense_ros2/msg/detail/didins4__description.c
[83.671s] -- Installing: /home/s/Inertial_Sense/imx/SDK/ros2/install/inertial_sense_ros2/include/inertial_sense_ros2/inertial_sense_ros2/msg/detail/gnss_obs_vec__type_support.c
[83.671s] -- Up-to-date: /home/s/Inertial_Sense/imx/SDK/ros2/install/inertial_sense_ros2/include/inertial_sense_ros2/inertial_sense_ros2/msg/detail/inl2_states__functions.c
[83.671s] -- Up-to-date: /home/s/Inertial_Sense/imx/SDK/ros2/install/inertial_sense_ros2/include/inertial_sense_ros2/inertial_sense_ros2/msg/detail/didins1__functions.c
[83.672s] -- Installing: /home/s/Inertial_Sense/imx/SDK/ros2/install/inertial_sense_ros2/include/inertial_sense_ros2/inertial_sense_ros2/msg/detail/gps__type_support.c
[83.672s] -- Up-to-date: /home/s/Inertial_Sense/imx/SDK/ros2/install/inertial_sense_ros2/include/inertial_sense_ros2/inertial_sense_ros2/msg/detail/didins4__functions.c
[83.672s] -- Installing: /home/s/Inertial_Sense/imx/SDK/ros2/install/inertial_sense_ros2/include/inertial_sense_ros2/inertial_sense_ros2/msg/detail/gnss_ephemeris__type_support.c
[83.673s] -- Up-to-date: /home/s/Inertial_Sense/imx/SDK/ros2/install/inertial_sense_ros2/include/inertial_sense_ros2/inertial_sense_ros2/msg/detail/gnss_observation__type_support.h
[83.673s] -- Up-to-date: /home/s/Inertial_Sense/imx/SDK/ros2/install/inertial_sense_ros2/include/inertial_sense_ros2/inertial_sense_ros2/msg/detail/gnss_ephemeris__functions.h
[83.674s] -- Up-to-date: /home/s/Inertial_Sense/imx/SDK/ros2/install/inertial_sense_ros2/include/inertial_sense_ros2/inertial_sense_ros2/msg/detail/sat_info__functions.c
[83.675s] -- Up-to-date: /home/s/Inertial_Sense/imx/SDK/ros2/install/inertial_sense_ros2/include/inertial_sense_ros2/inertial_sense_ros2/msg/detail/gnss_obs_vec__functions.h
[83.675s] -- Up-to-date: /home/s/Inertial_Sense/imx/SDK/ros2/install/inertial_sense_ros2/include/inertial_sense_ros2/inertial_sense_ros2/msg/detail/pimu__struct.h
[83.676s] -- Up-to-date: /home/s/Inertial_Sense/imx/SDK/ros2/install/inertial_sense_ros2/include/inertial_sense_ros2/inertial_sense_ros2/msg/detail/didins4__type_support.h
[83.677s] -- Up-to-date: /home/s/Inertial_Sense/imx/SDK/ros2/install/inertial_sense_ros2/include/inertial_sense_ros2/inertial_sense_ros2/msg/detail/rtk_info__functions.c
[83.677s] -- Up-to-date: /home/s/Inertial_Sense/imx/SDK/ros2/install/inertial_sense_ros2/include/inertial_sense_ros2/inertial_sense_ros2/msg/detail/gnss_obs_vec__description.c
[83.678s] -- Up-to-date: /home/s/Inertial_Sense/imx/SDK/ros2/install/inertial_sense_ros2/include/inertial_sense_ros2/inertial_sense_ros2/msg/detail/gnss_observation__struct.h
[83.678s] -- Installing: /home/s/Inertial_Sense/imx/SDK/ros2/install/inertial_sense_ros2/include/inertial_sense_ros2/inertial_sense_ros2/msg/detail/g_time__type_support.c
[83.679s] -- Up-to-date: /home/s/Inertial_Sense/imx/SDK/ros2/install/inertial_sense_ros2/include/inertial_sense_ros2/inertial_sense_ros2/msg/detail/didins4__functions.h
[83.679s] -- Up-to-date: /home/s/Inertial_Sense/imx/SDK/ros2/install/inertial_sense_ros2/include/inertial_sense_ros2/inertial_sense_ros2/msg/detail/pimu__description.c
[83.679s] -- Up-to-date: /home/s/Inertial_Sense/imx/SDK/ros2/install/inertial_sense_ros2/include/inertial_sense_ros2/inertial_sense_ros2/msg/detail/gnss_obs_vec__type_support.h
[83.680s] -- Up-to-date: /home/s/Inertial_Sense/imx/SDK/ros2/install/inertial_sense_ros2/include/inertial_sense_ros2/inertial_sense_ros2/msg/detail/g_time__type_support.h
[83.680s] -- Up-to-date: /home/s/Inertial_Sense/imx/SDK/ros2/install/inertial_sense_ros2/include/inertial_sense_ros2/inertial_sense_ros2/msg/detail/gnss_ephemeris__description.c
[83.681s] -- Up-to-date: /home/s/Inertial_Sense/imx/SDK/ros2/install/inertial_sense_ros2/include/inertial_sense_ros2/inertial_sense_ros2/msg/detail/gps_info__struct.h
[83.681s] -- Installing: /home/s/Inertial_Sense/imx/SDK/ros2/install/inertial_sense_ros2/include/inertial_sense_ros2/inertial_sense_ros2/msg/detail/inl2_states__type_support.c
[83.681s] -- Installing: /home/s/Inertial_Sense/imx/SDK/ros2/install/inertial_sense_ros2/include/inertial_sense_ros2/inertial_sense_ros2/msg/detail/gps_info__type_support.c
[83.682s] -- Up-to-date: /home/s/Inertial_Sense/imx/SDK/ros2/install/inertial_sense_ros2/include/inertial_sense_ros2/inertial_sense_ros2/msg/detail/rtk_rel__type_support.h
[83.682s] -- Up-to-date: /home/s/Inertial_Sense/imx/SDK/ros2/install/inertial_sense_ros2/include/inertial_sense_ros2/inertial_sense_ros2/msg/detail/g_time__functions.h
[83.682s] -- Up-to-date: /home/s/Inertial_Sense/imx/SDK/ros2/install/inertial_sense_ros2/include/inertial_sense_ros2/inertial_sense_ros2/msg/detail/rtk_info__functions.h
[83.683s] -- Up-to-date: /home/s/Inertial_Sense/imx/SDK/ros2/install/inertial_sense_ros2/include/inertial_sense_ros2/inertial_sense_ros2/msg/detail/gnss_observation__description.c
[83.683s] -- Up-to-date: /home/s/Inertial_Sense/imx/SDK/ros2/install/inertial_sense_ros2/include/inertial_sense_ros2/inertial_sense_ros2/msg/detail/inl2_states__functions.h
[83.684s] -- Up-to-date: /home/s/Inertial_Sense/imx/SDK/ros2/install/inertial_sense_ros2/include/inertial_sense_ros2/inertial_sense_ros2/msg/detail/gnss_observation__functions.c
[83.685s] -- Up-to-date: /home/s/Inertial_Sense/imx/SDK/ros2/install/inertial_sense_ros2/include/inertial_sense_ros2/inertial_sense_ros2/msg/detail/sat_info__struct.h
[83.685s] -- Installing: /home/s/Inertial_Sense/imx/SDK/ros2/install/inertial_sense_ros2/include/inertial_sense_ros2/inertial_sense_ros2/msg/detail/rtk_info__type_support.c
[83.687s] -- Installing: /home/s/Inertial_Sense/imx/SDK/ros2/install/inertial_sense_ros2/include/inertial_sense_ros2/inertial_sense_ros2/msg/detail/didins4__type_support.c
[83.687s] -- Up-to-date: /home/s/Inertial_Sense/imx/SDK/ros2/install/inertial_sense_ros2/include/inertial_sense_ros2/inertial_sense_ros2/msg/detail/g_time__functions.c
[83.687s] -- Up-to-date: /home/s/Inertial_Sense/imx/SDK/ros2/install/inertial_sense_ros2/include/inertial_sense_ros2/inertial_sense_ros2/msg/detail/rtk_info__description.c
[83.688s] -- Up-to-date: /home/s/Inertial_Sense/imx/SDK/ros2/install/inertial_sense_ros2/include/inertial_sense_ros2/inertial_sense_ros2/msg/detail/didins2__description.c
[83.688s] -- Up-to-date: /home/s/Inertial_Sense/imx/SDK/ros2/install/inertial_sense_ros2/include/inertial_sense_ros2/inertial_sense_ros2/msg/detail/g_time__description.c
[83.688s] -- Installing: /home/s/Inertial_Sense/imx/SDK/ros2/install/inertial_sense_ros2/include/inertial_sense_ros2/inertial_sense_ros2/msg/detail/pimu__type_support.c
[83.689s] -- Up-to-date: /home/s/Inertial_Sense/imx/SDK/ros2/install/inertial_sense_ros2/include/inertial_sense_ros2/inertial_sense_ros2/msg/detail/gps__functions.c
[83.689s] -- Up-to-date: /home/s/Inertial_Sense/imx/SDK/ros2/install/inertial_sense_ros2/include/inertial_sense_ros2/inertial_sense_ros2/msg/detail/didins1__struct.h
[83.689s] -- Up-to-date: /home/s/Inertial_Sense/imx/SDK/ros2/install/inertial_sense_ros2/include/inertial_sense_ros2/inertial_sense_ros2/msg/detail/didins2__type_support.h
[83.690s] -- Installing: /home/s/Inertial_Sense/imx/SDK/ros2/install/inertial_sense_ros2/include/inertial_sense_ros2/inertial_sense_ros2/msg/detail/rtk_rel__type_support.c
[83.690s] -- Up-to-date: /home/s/Inertial_Sense/imx/SDK/ros2/install/inertial_sense_ros2/include/inertial_sense_ros2/inertial_sense_ros2/msg/detail/rtk_rel__description.c
[83.690s] -- Up-to-date: /home/s/Inertial_Sense/imx/SDK/ros2/install/inertial_sense_ros2/include/inertial_sense_ros2/inertial_sense_ros2/msg/detail/sat_info__functions.h
[83.691s] -- Up-to-date: /home/s/Inertial_Sense/imx/SDK/ros2/install/inertial_sense_ros2/include/inertial_sense_ros2/inertial_sense_ros2/msg/detail/didins2__functions.c
[83.691s] -- Installing: /home/s/Inertial_Sense/imx/SDK/ros2/install/inertial_sense_ros2/include/inertial_sense_ros2/inertial_sense_ros2/msg/detail/didins1__type_support.c
[83.691s] -- Up-to-date: /home/s/Inertial_Sense/imx/SDK/ros2/install/inertial_sense_ros2/include/inertial_sense_ros2/inertial_sense_ros2/msg/detail/gps__description.c
[83.692s] -- Up-to-date: /home/s/Inertial_Sense/imx/SDK/ros2/install/inertial_sense_ros2/include/inertial_sense_ros2/inertial_sense_ros2/msg/detail/pimu__functions.c
[83.692s] -- Up-to-date: /home/s/Inertial_Sense/imx/SDK/ros2/install/inertial_sense_ros2/include/inertial_sense_ros2/inertial_sense_ros2/msg/detail/gps_info__description.c
[83.693s] -- Installing: /home/s/Inertial_Sense/imx/SDK/ros2/install/inertial_sense_ros2/include/inertial_sense_ros2/inertial_sense_ros2/msg/detail/gnss_observation__type_support.c
[83.693s] -- Up-to-date: /home/s/Inertial_Sense/imx/SDK/ros2/install/inertial_sense_ros2/include/inertial_sense_ros2/inertial_sense_ros2/msg/detail/gnss_ephemeris__struct.h
[83.693s] -- Up-to-date: /home/s/Inertial_Sense/imx/SDK/ros2/install/inertial_sense_ros2/include/inertial_sense_ros2/inertial_sense_ros2/msg/detail/gnss_observation__functions.h
[83.694s] -- Up-to-date: /home/s/Inertial_Sense/imx/SDK/ros2/install/inertial_sense_ros2/include/inertial_sense_ros2/inertial_sense_ros2/msg/detail/sat_info__description.c
[83.694s] -- Up-to-date: /home/s/Inertial_Sense/imx/SDK/ros2/install/inertial_sense_ros2/include/inertial_sense_ros2/inertial_sense_ros2/msg/detail/rtk_rel__functions.c
[83.694s] -- Up-to-date: /home/s/Inertial_Sense/imx/SDK/ros2/install/inertial_sense_ros2/include/inertial_sense_ros2/inertial_sense_ros2/msg/detail/inl2_states__type_support.h
[83.695s] -- Up-to-date: /home/s/Inertial_Sense/imx/SDK/ros2/install/inertial_sense_ros2/include/inertial_sense_ros2/inertial_sense_ros2/msg/detail/gps_info__functions.h
[83.695s] -- Up-to-date: /home/s/Inertial_Sense/imx/SDK/ros2/install/inertial_sense_ros2/include/inertial_sense_ros2/inertial_sense_ros2/msg/detail/gnss_obs_vec__struct.h
[83.695s] -- Up-to-date: /home/s/Inertial_Sense/imx/SDK/ros2/install/inertial_sense_ros2/include/inertial_sense_ros2/inertial_sense_ros2/msg/detail/glonass_ephemeris__description.c
[83.696s] -- Up-to-date: /home/s/Inertial_Sense/imx/SDK/ros2/install/inertial_sense_ros2/include/inertial_sense_ros2/inertial_sense_ros2/msg/detail/glonass_ephemeris__struct.h
[83.696s] -- Up-to-date: /home/s/Inertial_Sense/imx/SDK/ros2/install/inertial_sense_ros2/include/inertial_sense_ros2/inertial_sense_ros2/msg/detail/gps__type_support.h
[83.696s] -- Up-to-date: /home/s/Inertial_Sense/imx/SDK/ros2/install/inertial_sense_ros2/include/inertial_sense_ros2/inertial_sense_ros2/msg/detail/gps__functions.h
[83.696s] -- Installing: /home/s/Inertial_Sense/imx/SDK/ros2/install/inertial_sense_ros2/include/inertial_sense_ros2/inertial_sense_ros2/msg/detail/glonass_ephemeris__type_support.c
[83.697s] -- Up-to-date: /home/s/Inertial_Sense/imx/SDK/ros2/install/inertial_sense_ros2/include/inertial_sense_ros2/inertial_sense_ros2/msg/detail/didins4__struct.h
[83.700s] -- Up-to-date: /home/s/Inertial_Sense/imx/SDK/ros2/install/inertial_sense_ros2/include/inertial_sense_ros2/inertial_sense_ros2/msg/detail/pimu__functions.h
[83.702s] -- Installing: /home/s/Inertial_Sense/imx/SDK/ros2/install/inertial_sense_ros2/include/inertial_sense_ros2/inertial_sense_ros2/msg/detail/sat_info__type_support.c
[83.702s] -- Up-to-date: /home/s/Inertial_Sense/imx/SDK/ros2/install/inertial_sense_ros2/include/inertial_sense_ros2/inertial_sense_ros2/msg/rtk_info.h
[83.703s] -- Up-to-date: /home/s/Inertial_Sense/imx/SDK/ros2/install/inertial_sense_ros2/include/inertial_sense_ros2/inertial_sense_ros2/srv
[83.704s] -- Up-to-date: /home/s/Inertial_Sense/imx/SDK/ros2/install/inertial_sense_ros2/include/inertial_sense_ros2/inertial_sense_ros2/srv/firmware_update.h
[83.704s] -- Up-to-date: /home/s/Inertial_Sense/imx/SDK/ros2/install/inertial_sense_ros2/include/inertial_sense_ros2/inertial_sense_ros2/srv/detail
[83.705s] -- Up-to-date: /home/s/Inertial_Sense/imx/SDK/ros2/install/inertial_sense_ros2/include/inertial_sense_ros2/inertial_sense_ros2/srv/detail/ref_lla_update__functions.h
[83.705s] -- Up-to-date: /home/s/Inertial_Sense/imx/SDK/ros2/install/inertial_sense_ros2/include/inertial_sense_ros2/inertial_sense_ros2/srv/detail/ref_lla_update__description.c
[83.705s] -- Up-to-date: /home/s/Inertial_Sense/imx/SDK/ros2/install/inertial_sense_ros2/include/inertial_sense_ros2/inertial_sense_ros2/srv/detail/firmware_update__functions.c
[83.706s] -- Up-to-date: /home/s/Inertial_Sense/imx/SDK/ros2/install/inertial_sense_ros2/include/inertial_sense_ros2/inertial_sense_ros2/srv/detail/ref_lla_update__struct.h
[83.706s] -- Up-to-date: /home/s/Inertial_Sense/imx/SDK/ros2/install/inertial_sense_ros2/include/inertial_sense_ros2/inertial_sense_ros2/srv/detail/ref_lla_update__type_support.h
[83.706s] -- Installing: /home/s/Inertial_Sense/imx/SDK/ros2/install/inertial_sense_ros2/include/inertial_sense_ros2/inertial_sense_ros2/srv/detail/ref_lla_update__type_support.c
[83.706s] -- Up-to-date: /home/s/Inertial_Sense/imx/SDK/ros2/install/inertial_sense_ros2/include/inertial_sense_ros2/inertial_sense_ros2/srv/detail/firmware_update__struct.h
[83.707s] -- Installing: /home/s/Inertial_Sense/imx/SDK/ros2/install/inertial_sense_ros2/include/inertial_sense_ros2/inertial_sense_ros2/srv/detail/firmware_update__type_support.c
[83.707s] -- Up-to-date: /home/s/Inertial_Sense/imx/SDK/ros2/install/inertial_sense_ros2/include/inertial_sense_ros2/inertial_sense_ros2/srv/detail/firmware_update__description.c
[83.707s] -- Up-to-date: /home/s/Inertial_Sense/imx/SDK/ros2/install/inertial_sense_ros2/include/inertial_sense_ros2/inertial_sense_ros2/srv/detail/firmware_update__type_support.h
[83.707s] -- Up-to-date: /home/s/Inertial_Sense/imx/SDK/ros2/install/inertial_sense_ros2/include/inertial_sense_ros2/inertial_sense_ros2/srv/detail/firmware_update__functions.h
[83.708s] -- Up-to-date: /home/s/Inertial_Sense/imx/SDK/ros2/install/inertial_sense_ros2/include/inertial_sense_ros2/inertial_sense_ros2/srv/detail/ref_lla_update__functions.c
[83.708s] -- Up-to-date: /home/s/Inertial_Sense/imx/SDK/ros2/install/inertial_sense_ros2/include/inertial_sense_ros2/inertial_sense_ros2/srv/ref_lla_update.h
[83.708s] -- Up-to-date: /home/s/Inertial_Sense/imx/SDK/ros2/install/inertial_sense_ros2/share/inertial_sense_ros2/environment/library_path.sh
[83.709s] -- Up-to-date: /home/s/Inertial_Sense/imx/SDK/ros2/install/inertial_sense_ros2/share/inertial_sense_ros2/environment/library_path.dsv
[83.709s] -- Up-to-date: /home/s/Inertial_Sense/imx/SDK/ros2/install/inertial_sense_ros2/lib/libinertial_sense_ros2__rosidl_generator_c.so
[83.709s] -- Up-to-date: /home/s/Inertial_Sense/imx/SDK/ros2/install/inertial_sense_ros2/include/inertial_sense_ros2/inertial_sense_ros2
[83.709s] -- Up-to-date: /home/s/Inertial_Sense/imx/SDK/ros2/install/inertial_sense_ros2/include/inertial_sense_ros2/inertial_sense_ros2/msg
[83.710s] -- Up-to-date: /home/s/Inertial_Sense/imx/SDK/ros2/install/inertial_sense_ros2/include/inertial_sense_ros2/inertial_sense_ros2/msg/rosidl_typesupport_fastrtps_c__visibility_control.h
[83.711s] -- Up-to-date: /home/s/Inertial_Sense/imx/SDK/ros2/install/inertial_sense_ros2/include/inertial_sense_ros2/inertial_sense_ros2/msg/detail
[83.712s] -- Up-to-date: /home/s/Inertial_Sense/imx/SDK/ros2/install/inertial_sense_ros2/include/inertial_sense_ros2/inertial_sense_ros2/msg/detail/g_time__rosidl_typesupport_fastrtps_c.h
[83.712s] -- Up-to-date: /home/s/Inertial_Sense/imx/SDK/ros2/install/inertial_sense_ros2/include/inertial_sense_ros2/inertial_sense_ros2/msg/detail/didins2__rosidl_typesupport_fastrtps_c.h
[83.713s] -- Up-to-date: /home/s/Inertial_Sense/imx/SDK/ros2/install/inertial_sense_ros2/include/inertial_sense_ros2/inertial_sense_ros2/msg/detail/gps__rosidl_typesupport_fastrtps_c.h
[83.716s] -- Up-to-date: /home/s/Inertial_Sense/imx/SDK/ros2/install/inertial_sense_ros2/include/inertial_sense_ros2/inertial_sense_ros2/msg/detail/gnss_ephemeris__rosidl_typesupport_fastrtps_c.h
[83.716s] -- Up-to-date: /home/s/Inertial_Sense/imx/SDK/ros2/install/inertial_sense_ros2/include/inertial_sense_ros2/inertial_sense_ros2/msg/detail/didins4__rosidl_typesupport_fastrtps_c.h
[83.717s] -- Up-to-date: /home/s/Inertial_Sense/imx/SDK/ros2/install/inertial_sense_ros2/include/inertial_sense_ros2/inertial_sense_ros2/msg/detail/rtk_info__rosidl_typesupport_fastrtps_c.h
[83.717s] -- Up-to-date: /home/s/Inertial_Sense/imx/SDK/ros2/install/inertial_sense_ros2/include/inertial_sense_ros2/inertial_sense_ros2/msg/detail/didins1__rosidl_typesupport_fastrtps_c.h
[83.718s] -- Up-to-date: /home/s/Inertial_Sense/imx/SDK/ros2/install/inertial_sense_ros2/include/inertial_sense_ros2/inertial_sense_ros2/msg/detail/rtk_rel__rosidl_typesupport_fastrtps_c.h
[83.720s] -- Up-to-date: /home/s/Inertial_Sense/imx/SDK/ros2/install/inertial_sense_ros2/include/inertial_sense_ros2/inertial_sense_ros2/msg/detail/gnss_obs_vec__rosidl_typesupport_fastrtps_c.h
[83.720s] -- Up-to-date: /home/s/Inertial_Sense/imx/SDK/ros2/install/inertial_sense_ros2/include/inertial_sense_ros2/inertial_sense_ros2/msg/detail/gps_info__rosidl_typesupport_fastrtps_c.h
[83.720s] -- Up-to-date: /home/s/Inertial_Sense/imx/SDK/ros2/install/inertial_sense_ros2/include/inertial_sense_ros2/inertial_sense_ros2/msg/detail/glonass_ephemeris__rosidl_typesupport_fastrtps_c.h
[83.721s] -- Up-to-date: /home/s/Inertial_Sense/imx/SDK/ros2/install/inertial_sense_ros2/include/inertial_sense_ros2/inertial_sense_ros2/msg/detail/inl2_states__rosidl_typesupport_fastrtps_c.h
[83.721s] -- Up-to-date: /home/s/Inertial_Sense/imx/SDK/ros2/install/inertial_sense_ros2/include/inertial_sense_ros2/inertial_sense_ros2/msg/detail/gnss_observation__rosidl_typesupport_fastrtps_c.h
[83.721s] -- Up-to-date: /home/s/Inertial_Sense/imx/SDK/ros2/install/inertial_sense_ros2/include/inertial_sense_ros2/inertial_sense_ros2/msg/detail/sat_info__rosidl_typesupport_fastrtps_c.h
[83.722s] -- Up-to-date: /home/s/Inertial_Sense/imx/SDK/ros2/install/inertial_sense_ros2/include/inertial_sense_ros2/inertial_sense_ros2/msg/detail/pimu__rosidl_typesupport_fastrtps_c.h
[83.722s] -- Up-to-date: /home/s/Inertial_Sense/imx/SDK/ros2/install/inertial_sense_ros2/include/inertial_sense_ros2/inertial_sense_ros2/srv
[83.722s] -- Up-to-date: /home/s/Inertial_Sense/imx/SDK/ros2/install/inertial_sense_ros2/include/inertial_sense_ros2/inertial_sense_ros2/srv/detail
[83.722s] -- Up-to-date: /home/s/Inertial_Sense/imx/SDK/ros2/install/inertial_sense_ros2/include/inertial_sense_ros2/inertial_sense_ros2/srv/detail/ref_lla_update__rosidl_typesupport_fastrtps_c.h
[83.723s] -- Up-to-date: /home/s/Inertial_Sense/imx/SDK/ros2/install/inertial_sense_ros2/include/inertial_sense_ros2/inertial_sense_ros2/srv/detail/firmware_update__rosidl_typesupport_fastrtps_c.h
[83.723s] -- Up-to-date: /home/s/Inertial_Sense/imx/SDK/ros2/install/inertial_sense_ros2/lib/libinertial_sense_ros2__rosidl_typesupport_fastrtps_c.so
[83.723s] -- Up-to-date: /home/s/Inertial_Sense/imx/SDK/ros2/install/inertial_sense_ros2/include/inertial_sense_ros2/inertial_sense_ros2
[83.723s] -- Up-to-date: /home/s/Inertial_Sense/imx/SDK/ros2/install/inertial_sense_ros2/include/inertial_sense_ros2/inertial_sense_ros2/msg
[83.724s] -- Up-to-date: /home/s/Inertial_Sense/imx/SDK/ros2/install/inertial_sense_ros2/include/inertial_sense_ros2/inertial_sense_ros2/msg/rtk_info.hpp
[83.724s] -- Up-to-date: /home/s/Inertial_Sense/imx/SDK/ros2/install/inertial_sense_ros2/include/inertial_sense_ros2/inertial_sense_ros2/msg/gps.hpp
[83.724s] -- Up-to-date: /home/s/Inertial_Sense/imx/SDK/ros2/install/inertial_sense_ros2/include/inertial_sense_ros2/inertial_sense_ros2/msg/rosidl_generator_cpp__visibility_control.hpp
[83.725s] -- Up-to-date: /home/s/Inertial_Sense/imx/SDK/ros2/install/inertial_sense_ros2/include/inertial_sense_ros2/inertial_sense_ros2/msg/sat_info.hpp
[83.725s] -- Up-to-date: /home/s/Inertial_Sense/imx/SDK/ros2/install/inertial_sense_ros2/include/inertial_sense_ros2/inertial_sense_ros2/msg/didins1.hpp
[83.725s] -- Up-to-date: /home/s/Inertial_Sense/imx/SDK/ros2/install/inertial_sense_ros2/include/inertial_sense_ros2/inertial_sense_ros2/msg/glonass_ephemeris.hpp
[83.725s] -- Up-to-date: /home/s/Inertial_Sense/imx/SDK/ros2/install/inertial_sense_ros2/include/inertial_sense_ros2/inertial_sense_ros2/msg/didins4.hpp
[83.726s] -- Up-to-date: /home/s/Inertial_Sense/imx/SDK/ros2/install/inertial_sense_ros2/include/inertial_sense_ros2/inertial_sense_ros2/msg/didins2.hpp
[83.726s] -- Up-to-date: /home/s/Inertial_Sense/imx/SDK/ros2/install/inertial_sense_ros2/include/inertial_sense_ros2/inertial_sense_ros2/msg/g_time.hpp
[83.726s] -- Up-to-date: /home/s/Inertial_Sense/imx/SDK/ros2/install/inertial_sense_ros2/include/inertial_sense_ros2/inertial_sense_ros2/msg/gnss_observation.hpp
[83.727s] -- Up-to-date: /home/s/Inertial_Sense/imx/SDK/ros2/install/inertial_sense_ros2/include/inertial_sense_ros2/inertial_sense_ros2/msg/pimu.hpp
[83.727s] -- Up-to-date: /home/s/Inertial_Sense/imx/SDK/ros2/install/inertial_sense_ros2/include/inertial_sense_ros2/inertial_sense_ros2/msg/gnss_ephemeris.hpp
[83.727s] -- Up-to-date: /home/s/Inertial_Sense/imx/SDK/ros2/install/inertial_sense_ros2/include/inertial_sense_ros2/inertial_sense_ros2/msg/gnss_obs_vec.hpp
[83.727s] -- Up-to-date: /home/s/Inertial_Sense/imx/SDK/ros2/install/inertial_sense_ros2/include/inertial_sense_ros2/inertial_sense_ros2/msg/inl2_states.hpp
[83.728s] -- Up-to-date: /home/s/Inertial_Sense/imx/SDK/ros2/install/inertial_sense_ros2/include/inertial_sense_ros2/inertial_sense_ros2/msg/gps_info.hpp
[83.728s] -- Up-to-date: /home/s/Inertial_Sense/imx/SDK/ros2/install/inertial_sense_ros2/include/inertial_sense_ros2/inertial_sense_ros2/msg/detail
[83.728s] -- Up-to-date: /home/s/Inertial_Sense/imx/SDK/ros2/install/inertial_sense_ros2/include/inertial_sense_ros2/inertial_sense_ros2/msg/detail/didins4__builder.hpp
[83.729s] -- Up-to-date: /home/s/Inertial_Sense/imx/SDK/ros2/install/inertial_sense_ros2/include/inertial_sense_ros2/inertial_sense_ros2/msg/detail/didins4__struct.hpp
[83.729s] -- Up-to-date: /home/s/Inertial_Sense/imx/SDK/ros2/install/inertial_sense_ros2/include/inertial_sense_ros2/inertial_sense_ros2/msg/detail/didins1__struct.hpp
[83.729s] -- Up-to-date: /home/s/Inertial_Sense/imx/SDK/ros2/install/inertial_sense_ros2/include/inertial_sense_ros2/inertial_sense_ros2/msg/detail/pimu__struct.hpp
[83.729s] -- Up-to-date: /home/s/Inertial_Sense/imx/SDK/ros2/install/inertial_sense_ros2/include/inertial_sense_ros2/inertial_sense_ros2/msg/detail/gnss_obs_vec__builder.hpp
[83.730s] -- Up-to-date: /home/s/Inertial_Sense/imx/SDK/ros2/install/inertial_sense_ros2/include/inertial_sense_ros2/inertial_sense_ros2/msg/detail/rtk_info__builder.hpp
[83.730s] -- Up-to-date: /home/s/Inertial_Sense/imx/SDK/ros2/install/inertial_sense_ros2/include/inertial_sense_ros2/inertial_sense_ros2/msg/detail/didins2__traits.hpp
[83.730s] -- Up-to-date: /home/s/Inertial_Sense/imx/SDK/ros2/install/inertial_sense_ros2/include/inertial_sense_ros2/inertial_sense_ros2/msg/detail/didins1__type_support.hpp
[83.731s] -- Up-to-date: /home/s/Inertial_Sense/imx/SDK/ros2/install/inertial_sense_ros2/include/inertial_sense_ros2/inertial_sense_ros2/msg/detail/rtk_rel__builder.hpp
[83.731s] -- Up-to-date: /home/s/Inertial_Sense/imx/SDK/ros2/install/inertial_sense_ros2/include/inertial_sense_ros2/inertial_sense_ros2/msg/detail/rtk_info__type_support.hpp
[83.731s] -- Up-to-date: /home/s/Inertial_Sense/imx/SDK/ros2/install/inertial_sense_ros2/include/inertial_sense_ros2/inertial_sense_ros2/msg/detail/didins4__type_support.hpp
[83.731s] -- Up-to-date: /home/s/Inertial_Sense/imx/SDK/ros2/install/inertial_sense_ros2/include/inertial_sense_ros2/inertial_sense_ros2/msg/detail/gnss_observation__struct.hpp
[83.732s] -- Up-to-date: /home/s/Inertial_Sense/imx/SDK/ros2/install/inertial_sense_ros2/include/inertial_sense_ros2/inertial_sense_ros2/msg/detail/gps__builder.hpp
[83.732s] -- Up-to-date: /home/s/Inertial_Sense/imx/SDK/ros2/install/inertial_sense_ros2/include/inertial_sense_ros2/inertial_sense_ros2/msg/detail/glonass_ephemeris__struct.hpp
[83.732s] -- Up-to-date: /home/s/Inertial_Sense/imx/SDK/ros2/install/inertial_sense_ros2/include/inertial_sense_ros2/inertial_sense_ros2/msg/detail/glonass_ephemeris__type_support.hpp
[83.732s] -- Up-to-date: /home/s/Inertial_Sense/imx/SDK/ros2/install/inertial_sense_ros2/include/inertial_sense_ros2/inertial_sense_ros2/msg/detail/rtk_info__traits.hpp
[83.733s] -- Up-to-date: /home/s/Inertial_Sense/imx/SDK/ros2/install/inertial_sense_ros2/include/inertial_sense_ros2/inertial_sense_ros2/msg/detail/g_time__struct.hpp
[83.733s] -- Up-to-date: /home/s/Inertial_Sense/imx/SDK/ros2/install/inertial_sense_ros2/include/inertial_sense_ros2/inertial_sense_ros2/msg/detail/gnss_obs_vec__struct.hpp
[83.733s] -- Up-to-date: /home/s/Inertial_Sense/imx/SDK/ros2/install/inertial_sense_ros2/include/inertial_sense_ros2/inertial_sense_ros2/msg/detail/gnss_observation__type_support.hpp
[83.734s] -- Up-to-date: /home/s/Inertial_Sense/imx/SDK/ros2/install/inertial_sense_ros2/include/inertial_sense_ros2/inertial_sense_ros2/msg/detail/didins1__traits.hpp
[83.734s] -- Up-to-date: /home/s/Inertial_Sense/imx/SDK/ros2/install/inertial_sense_ros2/include/inertial_sense_ros2/inertial_sense_ros2/msg/detail/gnss_ephemeris__traits.hpp
[83.734s] -- Up-to-date: /home/s/Inertial_Sense/imx/SDK/ros2/install/inertial_sense_ros2/include/inertial_sense_ros2/inertial_sense_ros2/msg/detail/gps__type_support.hpp
[83.734s] -- Up-to-date: /home/s/Inertial_Sense/imx/SDK/ros2/install/inertial_sense_ros2/include/inertial_sense_ros2/inertial_sense_ros2/msg/detail/sat_info__builder.hpp
[83.735s] -- Up-to-date: /home/s/Inertial_Sense/imx/SDK/ros2/install/inertial_sense_ros2/include/inertial_sense_ros2/inertial_sense_ros2/msg/detail/rtk_info__struct.hpp
[83.735s] -- Up-to-date: /home/s/Inertial_Sense/imx/SDK/ros2/install/inertial_sense_ros2/include/inertial_sense_ros2/inertial_sense_ros2/msg/detail/didins4__traits.hpp
[83.735s] -- Up-to-date: /home/s/Inertial_Sense/imx/SDK/ros2/install/inertial_sense_ros2/include/inertial_sense_ros2/inertial_sense_ros2/msg/detail/inl2_states__builder.hpp
[83.736s] -- Up-to-date: /home/s/Inertial_Sense/imx/SDK/ros2/install/inertial_sense_ros2/include/inertial_sense_ros2/inertial_sense_ros2/msg/detail/gps__traits.hpp
[83.736s] -- Up-to-date: /home/s/Inertial_Sense/imx/SDK/ros2/install/inertial_sense_ros2/include/inertial_sense_ros2/inertial_sense_ros2/msg/detail/glonass_ephemeris__builder.hpp
[83.736s] -- Up-to-date: /home/s/Inertial_Sense/imx/SDK/ros2/install/inertial_sense_ros2/include/inertial_sense_ros2/inertial_sense_ros2/msg/detail/inl2_states__type_support.hpp
[83.737s] -- Up-to-date: /home/s/Inertial_Sense/imx/SDK/ros2/install/inertial_sense_ros2/include/inertial_sense_ros2/inertial_sense_ros2/msg/detail/g_time__builder.hpp
[83.737s] -- Up-to-date: /home/s/Inertial_Sense/imx/SDK/ros2/install/inertial_sense_ros2/include/inertial_sense_ros2/inertial_sense_ros2/msg/detail/g_time__type_support.hpp
[83.737s] -- Up-to-date: /home/s/Inertial_Sense/imx/SDK/ros2/install/inertial_sense_ros2/include/inertial_sense_ros2/inertial_sense_ros2/msg/detail/glonass_ephemeris__traits.hpp
[83.738s] -- Up-to-date: /home/s/Inertial_Sense/imx/SDK/ros2/install/inertial_sense_ros2/include/inertial_sense_ros2/inertial_sense_ros2/msg/detail/didins2__struct.hpp
[83.738s] -- Up-to-date: /home/s/Inertial_Sense/imx/SDK/ros2/install/inertial_sense_ros2/include/inertial_sense_ros2/inertial_sense_ros2/msg/detail/gnss_ephemeris__type_support.hpp
[83.738s] -- Up-to-date: /home/s/Inertial_Sense/imx/SDK/ros2/install/inertial_sense_ros2/include/inertial_sense_ros2/inertial_sense_ros2/msg/detail/gnss_ephemeris__builder.hpp
[83.738s] -- Up-to-date: /home/s/Inertial_Sense/imx/SDK/ros2/install/inertial_sense_ros2/include/inertial_sense_ros2/inertial_sense_ros2/msg/detail/gps_info__builder.hpp
[83.739s] -- Up-to-date: /home/s/Inertial_Sense/imx/SDK/ros2/install/inertial_sense_ros2/include/inertial_sense_ros2/inertial_sense_ros2/msg/detail/didins2__builder.hpp
[83.739s] -- Up-to-date: /home/s/Inertial_Sense/imx/SDK/ros2/install/inertial_sense_ros2/include/inertial_sense_ros2/inertial_sense_ros2/msg/detail/gnss_ephemeris__struct.hpp
[83.739s] -- Up-to-date: /home/s/Inertial_Sense/imx/SDK/ros2/install/inertial_sense_ros2/include/inertial_sense_ros2/inertial_sense_ros2/msg/detail/didins2__type_support.hpp
[83.739s] -- Up-to-date: /home/s/Inertial_Sense/imx/SDK/ros2/install/inertial_sense_ros2/include/inertial_sense_ros2/inertial_sense_ros2/msg/detail/gps_info__struct.hpp
[83.740s] -- Up-to-date: /home/s/Inertial_Sense/imx/SDK/ros2/install/inertial_sense_ros2/include/inertial_sense_ros2/inertial_sense_ros2/msg/detail/inl2_states__traits.hpp
[83.740s] -- Up-to-date: /home/s/Inertial_Sense/imx/SDK/ros2/install/inertial_sense_ros2/include/inertial_sense_ros2/inertial_sense_ros2/msg/detail/didins1__builder.hpp
[83.740s] -- Up-to-date: /home/s/Inertial_Sense/imx/SDK/ros2/install/inertial_sense_ros2/include/inertial_sense_ros2/inertial_sense_ros2/msg/detail/sat_info__type_support.hpp
[83.740s] -- Up-to-date: /home/s/Inertial_Sense/imx/SDK/ros2/install/inertial_sense_ros2/include/inertial_sense_ros2/inertial_sense_ros2/msg/detail/sat_info__traits.hpp
[83.741s] -- Up-to-date: /home/s/Inertial_Sense/imx/SDK/ros2/install/inertial_sense_ros2/include/inertial_sense_ros2/inertial_sense_ros2/msg/detail/pimu__traits.hpp
[83.741s] -- Up-to-date: /home/s/Inertial_Sense/imx/SDK/ros2/install/inertial_sense_ros2/include/inertial_sense_ros2/inertial_sense_ros2/msg/detail/g_time__traits.hpp
[83.741s] -- Up-to-date: /home/s/Inertial_Sense/imx/SDK/ros2/install/inertial_sense_ros2/include/inertial_sense_ros2/inertial_sense_ros2/msg/detail/gps_info__traits.hpp
[83.742s] -- Up-to-date: /home/s/Inertial_Sense/imx/SDK/ros2/install/inertial_sense_ros2/include/inertial_sense_ros2/inertial_sense_ros2/msg/detail/gnss_obs_vec__type_support.hpp
[83.742s] -- Up-to-date: /home/s/Inertial_Sense/imx/SDK/ros2/install/inertial_sense_ros2/include/inertial_sense_ros2/inertial_sense_ros2/msg/detail/inl2_states__struct.hpp
[83.742s] -- Up-to-date: /home/s/Inertial_Sense/imx/SDK/ros2/install/inertial_sense_ros2/include/inertial_sense_ros2/inertial_sense_ros2/msg/detail/rtk_rel__struct.hpp
[83.742s] -- Up-to-date: /home/s/Inertial_Sense/imx/SDK/ros2/install/inertial_sense_ros2/include/inertial_sense_ros2/inertial_sense_ros2/msg/detail/gnss_observation__traits.hpp
[83.743s] -- Up-to-date: /home/s/Inertial_Sense/imx/SDK/ros2/install/inertial_sense_ros2/include/inertial_sense_ros2/inertial_sense_ros2/msg/detail/rtk_rel__type_support.hpp
[83.743s] -- Up-to-date: /home/s/Inertial_Sense/imx/SDK/ros2/install/inertial_sense_ros2/include/inertial_sense_ros2/inertial_sense_ros2/msg/detail/rtk_rel__traits.hpp
[83.743s] -- Up-to-date: /home/s/Inertial_Sense/imx/SDK/ros2/install/inertial_sense_ros2/include/inertial_sense_ros2/inertial_sense_ros2/msg/detail/sat_info__struct.hpp
[83.744s] -- Up-to-date: /home/s/Inertial_Sense/imx/SDK/ros2/install/inertial_sense_ros2/include/inertial_sense_ros2/inertial_sense_ros2/msg/detail/pimu__type_support.hpp
[83.744s] -- Up-to-date: /home/s/Inertial_Sense/imx/SDK/ros2/install/inertial_sense_ros2/include/inertial_sense_ros2/inertial_sense_ros2/msg/detail/pimu__builder.hpp
[83.744s] -- Up-to-date: /home/s/Inertial_Sense/imx/SDK/ros2/install/inertial_sense_ros2/include/inertial_sense_ros2/inertial_sense_ros2/msg/detail/gps_info__type_support.hpp
[83.745s] -- Up-to-date: /home/s/Inertial_Sense/imx/SDK/ros2/install/inertial_sense_ros2/include/inertial_sense_ros2/inertial_sense_ros2/msg/detail/gnss_observation__builder.hpp
[83.745s] -- Up-to-date: /home/s/Inertial_Sense/imx/SDK/ros2/install/inertial_sense_ros2/include/inertial_sense_ros2/inertial_sense_ros2/msg/detail/gnss_obs_vec__traits.hpp
[83.745s] -- Up-to-date: /home/s/Inertial_Sense/imx/SDK/ros2/install/inertial_sense_ros2/include/inertial_sense_ros2/inertial_sense_ros2/msg/detail/gps__struct.hpp
[83.745s] -- Up-to-date: /home/s/Inertial_Sense/imx/SDK/ros2/install/inertial_sense_ros2/include/inertial_sense_ros2/inertial_sense_ros2/msg/rtk_rel.hpp
[83.746s] -- Up-to-date: /home/s/Inertial_Sense/imx/SDK/ros2/install/inertial_sense_ros2/include/inertial_sense_ros2/inertial_sense_ros2/srv
[83.746s] -- Up-to-date: /home/s/Inertial_Sense/imx/SDK/ros2/install/inertial_sense_ros2/include/inertial_sense_ros2/inertial_sense_ros2/srv/ref_lla_update.hpp
[83.746s] -- Up-to-date: /home/s/Inertial_Sense/imx/SDK/ros2/install/inertial_sense_ros2/include/inertial_sense_ros2/inertial_sense_ros2/srv/firmware_update.hpp
[83.746s] -- Up-to-date: /home/s/Inertial_Sense/imx/SDK/ros2/install/inertial_sense_ros2/include/inertial_sense_ros2/inertial_sense_ros2/srv/detail
[83.747s] -- Up-to-date: /home/s/Inertial_Sense/imx/SDK/ros2/install/inertial_sense_ros2/include/inertial_sense_ros2/inertial_sense_ros2/srv/detail/firmware_update__builder.hpp
[83.747s] -- Up-to-date: /home/s/Inertial_Sense/imx/SDK/ros2/install/inertial_sense_ros2/include/inertial_sense_ros2/inertial_sense_ros2/srv/detail/firmware_update__struct.hpp
[83.747s] -- Up-to-date: /home/s/Inertial_Sense/imx/SDK/ros2/install/inertial_sense_ros2/include/inertial_sense_ros2/inertial_sense_ros2/srv/detail/ref_lla_update__builder.hpp
[83.748s] -- Up-to-date: /home/s/Inertial_Sense/imx/SDK/ros2/install/inertial_sense_ros2/include/inertial_sense_ros2/inertial_sense_ros2/srv/detail/ref_lla_update__type_support.hpp
[83.748s] -- Up-to-date: /home/s/Inertial_Sense/imx/SDK/ros2/install/inertial_sense_ros2/include/inertial_sense_ros2/inertial_sense_ros2/srv/detail/ref_lla_update__traits.hpp
[83.748s] -- Up-to-date: /home/s/Inertial_Sense/imx/SDK/ros2/install/inertial_sense_ros2/include/inertial_sense_ros2/inertial_sense_ros2/srv/detail/firmware_update__traits.hpp
[83.748s] -- Up-to-date: /home/s/Inertial_Sense/imx/SDK/ros2/install/inertial_sense_ros2/include/inertial_sense_ros2/inertial_sense_ros2/srv/detail/firmware_update__type_support.hpp
[83.749s] -- Up-to-date: /home/s/Inertial_Sense/imx/SDK/ros2/install/inertial_sense_ros2/include/inertial_sense_ros2/inertial_sense_ros2/srv/detail/ref_lla_update__struct.hpp
[83.749s] -- Up-to-date: /home/s/Inertial_Sense/imx/SDK/ros2/install/inertial_sense_ros2/include/inertial_sense_ros2/inertial_sense_ros2
[83.749s] -- Up-to-date: /home/s/Inertial_Sense/imx/SDK/ros2/install/inertial_sense_ros2/include/inertial_sense_ros2/inertial_sense_ros2/msg
[83.750s] -- Up-to-date: /home/s/Inertial_Sense/imx/SDK/ros2/install/inertial_sense_ros2/include/inertial_sense_ros2/inertial_sense_ros2/msg/rosidl_typesupport_fastrtps_cpp__visibility_control.h
[83.750s] -- Up-to-date: /home/s/Inertial_Sense/imx/SDK/ros2/install/inertial_sense_ros2/include/inertial_sense_ros2/inertial_sense_ros2/msg/detail
[83.750s] -- Up-to-date: /home/s/Inertial_Sense/imx/SDK/ros2/install/inertial_sense_ros2/include/inertial_sense_ros2/inertial_sense_ros2/msg/detail/sat_info__rosidl_typesupport_fastrtps_cpp.hpp
[83.750s] -- Up-to-date: /home/s/Inertial_Sense/imx/SDK/ros2/install/inertial_sense_ros2/include/inertial_sense_ros2/inertial_sense_ros2/msg/detail/didins1__rosidl_typesupport_fastrtps_cpp.hpp
[83.751s] -- Up-to-date: /home/s/Inertial_Sense/imx/SDK/ros2/install/inertial_sense_ros2/include/inertial_sense_ros2/inertial_sense_ros2/msg/detail/dds_fastrtps
[83.751s] -- Up-to-date: /home/s/Inertial_Sense/imx/SDK/ros2/install/inertial_sense_ros2/include/inertial_sense_ros2/inertial_sense_ros2/msg/detail/rtk_rel__rosidl_typesupport_fastrtps_cpp.hpp
[83.751s] -- Up-to-date: /home/s/Inertial_Sense/imx/SDK/ros2/install/inertial_sense_ros2/include/inertial_sense_ros2/inertial_sense_ros2/msg/detail/gnss_ephemeris__rosidl_typesupport_fastrtps_cpp.hpp
[83.751s] -- Up-to-date: /home/s/Inertial_Sense/imx/SDK/ros2/install/inertial_sense_ros2/include/inertial_sense_ros2/inertial_sense_ros2/msg/detail/rtk_info__rosidl_typesupport_fastrtps_cpp.hpp
[83.752s] -- Up-to-date: /home/s/Inertial_Sense/imx/SDK/ros2/install/inertial_sense_ros2/include/inertial_sense_ros2/inertial_sense_ros2/msg/detail/gps_info__rosidl_typesupport_fastrtps_cpp.hpp
[83.752s] -- Up-to-date: /home/s/Inertial_Sense/imx/SDK/ros2/install/inertial_sense_ros2/include/inertial_sense_ros2/inertial_sense_ros2/msg/detail/gps__rosidl_typesupport_fastrtps_cpp.hpp
[83.752s] -- Up-to-date: /home/s/Inertial_Sense/imx/SDK/ros2/install/inertial_sense_ros2/include/inertial_sense_ros2/inertial_sense_ros2/msg/detail/gnss_obs_vec__rosidl_typesupport_fastrtps_cpp.hpp
[83.753s] -- Up-to-date: /home/s/Inertial_Sense/imx/SDK/ros2/install/inertial_sense_ros2/include/inertial_sense_ros2/inertial_sense_ros2/msg/detail/didins4__rosidl_typesupport_fastrtps_cpp.hpp
[83.753s] -- Up-to-date: /home/s/Inertial_Sense/imx/SDK/ros2/install/inertial_sense_ros2/include/inertial_sense_ros2/inertial_sense_ros2/msg/detail/gnss_observation__rosidl_typesupport_fastrtps_cpp.hpp
[83.753s] -- Up-to-date: /home/s/Inertial_Sense/imx/SDK/ros2/install/inertial_sense_ros2/include/inertial_sense_ros2/inertial_sense_ros2/msg/detail/g_time__rosidl_typesupport_fastrtps_cpp.hpp
[83.753s] -- Up-to-date: /home/s/Inertial_Sense/imx/SDK/ros2/install/inertial_sense_ros2/include/inertial_sense_ros2/inertial_sense_ros2/msg/detail/didins2__rosidl_typesupport_fastrtps_cpp.hpp
[83.754s] -- Up-to-date: /home/s/Inertial_Sense/imx/SDK/ros2/install/inertial_sense_ros2/include/inertial_sense_ros2/inertial_sense_ros2/msg/detail/glonass_ephemeris__rosidl_typesupport_fastrtps_cpp.hpp
[83.754s] -- Up-to-date: /home/s/Inertial_Sense/imx/SDK/ros2/install/inertial_sense_ros2/include/inertial_sense_ros2/inertial_sense_ros2/msg/detail/pimu__rosidl_typesupport_fastrtps_cpp.hpp
[83.754s] -- Up-to-date: /home/s/Inertial_Sense/imx/SDK/ros2/install/inertial_sense_ros2/include/inertial_sense_ros2/inertial_sense_ros2/msg/detail/inl2_states__rosidl_typesupport_fastrtps_cpp.hpp
[83.754s] -- Up-to-date: /home/s/Inertial_Sense/imx/SDK/ros2/install/inertial_sense_ros2/include/inertial_sense_ros2/inertial_sense_ros2/srv
[83.755s] -- Up-to-date: /home/s/Inertial_Sense/imx/SDK/ros2/install/inertial_sense_ros2/include/inertial_sense_ros2/inertial_sense_ros2/srv/detail
[83.755s] -- Up-to-date: /home/s/Inertial_Sense/imx/SDK/ros2/install/inertial_sense_ros2/include/inertial_sense_ros2/inertial_sense_ros2/srv/detail/dds_fastrtps
[83.755s] -- Up-to-date: /home/s/Inertial_Sense/imx/SDK/ros2/install/inertial_sense_ros2/include/inertial_sense_ros2/inertial_sense_ros2/srv/detail/firmware_update__rosidl_typesupport_fastrtps_cpp.hpp
[83.755s] -- Up-to-date: /home/s/Inertial_Sense/imx/SDK/ros2/install/inertial_sense_ros2/include/inertial_sense_ros2/inertial_sense_ros2/srv/detail/ref_lla_update__rosidl_typesupport_fastrtps_cpp.hpp
[83.756s] -- Up-to-date: /home/s/Inertial_Sense/imx/SDK/ros2/install/inertial_sense_ros2/lib/libinertial_sense_ros2__rosidl_typesupport_fastrtps_cpp.so
[83.756s] -- Up-to-date: /home/s/Inertial_Sense/imx/SDK/ros2/install/inertial_sense_ros2/include/inertial_sense_ros2/inertial_sense_ros2
[83.756s] -- Up-to-date: /home/s/Inertial_Sense/imx/SDK/ros2/install/inertial_sense_ros2/include/inertial_sense_ros2/inertial_sense_ros2/msg
[83.757s] -- Up-to-date: /home/s/Inertial_Sense/imx/SDK/ros2/install/inertial_sense_ros2/include/inertial_sense_ros2/inertial_sense_ros2/msg/rosidl_typesupport_introspection_c__visibility_control.h
[83.757s] -- Up-to-date: /home/s/Inertial_Sense/imx/SDK/ros2/install/inertial_sense_ros2/include/inertial_sense_ros2/inertial_sense_ros2/msg/detail
[83.757s] -- Up-to-date: /home/s/Inertial_Sense/imx/SDK/ros2/install/inertial_sense_ros2/include/inertial_sense_ros2/inertial_sense_ros2/msg/detail/gps_info__rosidl_typesupport_introspection_c.h
[83.757s] -- Up-to-date: /home/s/Inertial_Sense/imx/SDK/ros2/install/inertial_sense_ros2/include/inertial_sense_ros2/inertial_sense_ros2/msg/detail/didins1__rosidl_typesupport_introspection_c.h
[83.758s] -- Up-to-date: /home/s/Inertial_Sense/imx/SDK/ros2/install/inertial_sense_ros2/include/inertial_sense_ros2/inertial_sense_ros2/msg/detail/glonass_ephemeris__rosidl_typesupport_introspection_c.h
[83.758s] -- Installing: /home/s/Inertial_Sense/imx/SDK/ros2/install/inertial_sense_ros2/include/inertial_sense_ros2/inertial_sense_ros2/msg/detail/didins2__type_support.c
[83.758s] -- Up-to-date: /home/s/Inertial_Sense/imx/SDK/ros2/install/inertial_sense_ros2/include/inertial_sense_ros2/inertial_sense_ros2/msg/detail/rtk_rel__rosidl_typesupport_introspection_c.h
[83.758s] -- Up-to-date: /home/s/Inertial_Sense/imx/SDK/ros2/install/inertial_sense_ros2/include/inertial_sense_ros2/inertial_sense_ros2/msg/detail/pimu__rosidl_typesupport_introspection_c.h
[83.759s] -- Up-to-date: /home/s/Inertial_Sense/imx/SDK/ros2/install/inertial_sense_ros2/include/inertial_sense_ros2/inertial_sense_ros2/msg/detail/gnss_ephemeris__rosidl_typesupport_introspection_c.h
[83.759s] -- Installing: /home/s/Inertial_Sense/imx/SDK/ros2/install/inertial_sense_ros2/include/inertial_sense_ros2/inertial_sense_ros2/msg/detail/gnss_obs_vec__type_support.c
[83.759s] -- Installing: /home/s/Inertial_Sense/imx/SDK/ros2/install/inertial_sense_ros2/include/inertial_sense_ros2/inertial_sense_ros2/msg/detail/gps__type_support.c
[83.760s] -- Up-to-date: /home/s/Inertial_Sense/imx/SDK/ros2/install/inertial_sense_ros2/include/inertial_sense_ros2/inertial_sense_ros2/msg/detail/gnss_obs_vec__rosidl_typesupport_introspection_c.h
[83.760s] -- Installing: /home/s/Inertial_Sense/imx/SDK/ros2/install/inertial_sense_ros2/include/inertial_sense_ros2/inertial_sense_ros2/msg/detail/gnss_ephemeris__type_support.c
[83.760s] -- Up-to-date: /home/s/Inertial_Sense/imx/SDK/ros2/install/inertial_sense_ros2/include/inertial_sense_ros2/inertial_sense_ros2/msg/detail/sat_info__rosidl_typesupport_introspection_c.h
[83.760s] -- Up-to-date: /home/s/Inertial_Sense/imx/SDK/ros2/install/inertial_sense_ros2/include/inertial_sense_ros2/inertial_sense_ros2/msg/detail/didins4__rosidl_typesupport_introspection_c.h
[83.761s] -- Installing: /home/s/Inertial_Sense/imx/SDK/ros2/install/inertial_sense_ros2/include/inertial_sense_ros2/inertial_sense_ros2/msg/detail/g_time__type_support.c
[83.761s] -- Installing: /home/s/Inertial_Sense/imx/SDK/ros2/install/inertial_sense_ros2/include/inertial_sense_ros2/inertial_sense_ros2/msg/detail/inl2_states__type_support.c
[83.761s] -- Up-to-date: /home/s/Inertial_Sense/imx/SDK/ros2/install/inertial_sense_ros2/include/inertial_sense_ros2/inertial_sense_ros2/msg/detail/g_time__rosidl_typesupport_introspection_c.h
[83.762s] -- Installing: /home/s/Inertial_Sense/imx/SDK/ros2/install/inertial_sense_ros2/include/inertial_sense_ros2/inertial_sense_ros2/msg/detail/gps_info__type_support.c
[83.762s] -- Installing: /home/s/Inertial_Sense/imx/SDK/ros2/install/inertial_sense_ros2/include/inertial_sense_ros2/inertial_sense_ros2/msg/detail/rtk_info__type_support.c
[83.762s] -- Up-to-date: /home/s/Inertial_Sense/imx/SDK/ros2/install/inertial_sense_ros2/include/inertial_sense_ros2/inertial_sense_ros2/msg/detail/rtk_info__rosidl_typesupport_introspection_c.h
[83.762s] -- Installing: /home/s/Inertial_Sense/imx/SDK/ros2/install/inertial_sense_ros2/include/inertial_sense_ros2/inertial_sense_ros2/msg/detail/didins4__type_support.c
[83.763s] -- Installing: /home/s/Inertial_Sense/imx/SDK/ros2/install/inertial_sense_ros2/include/inertial_sense_ros2/inertial_sense_ros2/msg/detail/pimu__type_support.c
[83.763s] -- Installing: /home/s/Inertial_Sense/imx/SDK/ros2/install/inertial_sense_ros2/include/inertial_sense_ros2/inertial_sense_ros2/msg/detail/rtk_rel__type_support.c
[83.763s] -- Installing: /home/s/Inertial_Sense/imx/SDK/ros2/install/inertial_sense_ros2/include/inertial_sense_ros2/inertial_sense_ros2/msg/detail/didins1__type_support.c
[83.763s] -- Up-to-date: /home/s/Inertial_Sense/imx/SDK/ros2/install/inertial_sense_ros2/include/inertial_sense_ros2/inertial_sense_ros2/msg/detail/inl2_states__rosidl_typesupport_introspection_c.h
[83.764s] -- Installing: /home/s/Inertial_Sense/imx/SDK/ros2/install/inertial_sense_ros2/include/inertial_sense_ros2/inertial_sense_ros2/msg/detail/gnss_observation__type_support.c
[83.764s] -- Installing: /home/s/Inertial_Sense/imx/SDK/ros2/install/inertial_sense_ros2/include/inertial_sense_ros2/inertial_sense_ros2/msg/detail/glonass_ephemeris__type_support.c
[83.764s] -- Up-to-date: /home/s/Inertial_Sense/imx/SDK/ros2/install/inertial_sense_ros2/include/inertial_sense_ros2/inertial_sense_ros2/msg/detail/didins2__rosidl_typesupport_introspection_c.h
[83.765s] -- Up-to-date: /home/s/Inertial_Sense/imx/SDK/ros2/install/inertial_sense_ros2/include/inertial_sense_ros2/inertial_sense_ros2/msg/detail/gnss_observation__rosidl_typesupport_introspection_c.h
[83.765s] -- Up-to-date: /home/s/Inertial_Sense/imx/SDK/ros2/install/inertial_sense_ros2/include/inertial_sense_ros2/inertial_sense_ros2/msg/detail/gps__rosidl_typesupport_introspection_c.h
[83.766s] -- Installing: /home/s/Inertial_Sense/imx/SDK/ros2/install/inertial_sense_ros2/include/inertial_sense_ros2/inertial_sense_ros2/msg/detail/sat_info__type_support.c
[83.766s] -- Up-to-date: /home/s/Inertial_Sense/imx/SDK/ros2/install/inertial_sense_ros2/include/inertial_sense_ros2/inertial_sense_ros2/srv
[83.766s] -- Up-to-date: /home/s/Inertial_Sense/imx/SDK/ros2/install/inertial_sense_ros2/include/inertial_sense_ros2/inertial_sense_ros2/srv/detail
[83.766s] -- Up-to-date: /home/s/Inertial_Sense/imx/SDK/ros2/install/inertial_sense_ros2/include/inertial_sense_ros2/inertial_sense_ros2/srv/detail/firmware_update__rosidl_typesupport_introspection_c.h
[83.767s] -- Installing: /home/s/Inertial_Sense/imx/SDK/ros2/install/inertial_sense_ros2/include/inertial_sense_ros2/inertial_sense_ros2/srv/detail/ref_lla_update__type_support.c
[83.767s] -- Installing: /home/s/Inertial_Sense/imx/SDK/ros2/install/inertial_sense_ros2/include/inertial_sense_ros2/inertial_sense_ros2/srv/detail/firmware_update__type_support.c
[83.767s] -- Up-to-date: /home/s/Inertial_Sense/imx/SDK/ros2/install/inertial_sense_ros2/include/inertial_sense_ros2/inertial_sense_ros2/srv/detail/ref_lla_update__rosidl_typesupport_introspection_c.h
[83.768s] -- Up-to-date: /home/s/Inertial_Sense/imx/SDK/ros2/install/inertial_sense_ros2/lib/libinertial_sense_ros2__rosidl_typesupport_introspection_c.so
[83.768s] -- Up-to-date: /home/s/Inertial_Sense/imx/SDK/ros2/install/inertial_sense_ros2/lib/libinertial_sense_ros2__rosidl_typesupport_c.so
[83.768s] -- Up-to-date: /home/s/Inertial_Sense/imx/SDK/ros2/install/inertial_sense_ros2/include/inertial_sense_ros2/inertial_sense_ros2
[83.769s] -- Up-to-date: /home/s/Inertial_Sense/imx/SDK/ros2/install/inertial_sense_ros2/include/inertial_sense_ros2/inertial_sense_ros2/msg
[83.769s] -- Up-to-date: /home/s/Inertial_Sense/imx/SDK/ros2/install/inertial_sense_ros2/include/inertial_sense_ros2/inertial_sense_ros2/msg/detail
[83.769s] -- Up-to-date: /home/s/Inertial_Sense/imx/SDK/ros2/install/inertial_sense_ros2/include/inertial_sense_ros2/inertial_sense_ros2/msg/detail/pimu__type_support.cpp
[83.769s] -- Up-to-date: /home/s/Inertial_Sense/imx/SDK/ros2/install/inertial_sense_ros2/include/inertial_sense_ros2/inertial_sense_ros2/msg/detail/didins1__type_support.cpp
[83.770s] -- Up-to-date: /home/s/Inertial_Sense/imx/SDK/ros2/install/inertial_sense_ros2/include/inertial_sense_ros2/inertial_sense_ros2/msg/detail/gnss_observation__type_support.cpp
[83.770s] -- Up-to-date: /home/s/Inertial_Sense/imx/SDK/ros2/install/inertial_sense_ros2/include/inertial_sense_ros2/inertial_sense_ros2/msg/detail/gnss_observation__rosidl_typesupport_introspection_cpp.hpp
[83.770s] -- Up-to-date: /home/s/Inertial_Sense/imx/SDK/ros2/install/inertial_sense_ros2/include/inertial_sense_ros2/inertial_sense_ros2/msg/detail/gps_info__type_support.cpp
[83.770s] -- Up-to-date: /home/s/Inertial_Sense/imx/SDK/ros2/install/inertial_sense_ros2/include/inertial_sense_ros2/inertial_sense_ros2/msg/detail/pimu__rosidl_typesupport_introspection_cpp.hpp
[83.771s] -- Up-to-date: /home/s/Inertial_Sense/imx/SDK/ros2/install/inertial_sense_ros2/include/inertial_sense_ros2/inertial_sense_ros2/msg/detail/glonass_ephemeris__type_support.cpp
[83.771s] -- Up-to-date: /home/s/Inertial_Sense/imx/SDK/ros2/install/inertial_sense_ros2/include/inertial_sense_ros2/inertial_sense_ros2/msg/detail/glonass_ephemeris__rosidl_typesupport_introspection_cpp.hpp
[83.771s] -- Up-to-date: /home/s/Inertial_Sense/imx/SDK/ros2/install/inertial_sense_ros2/include/inertial_sense_ros2/inertial_sense_ros2/msg/detail/didins2__rosidl_typesupport_introspection_cpp.hpp
[83.771s] -- Up-to-date: /home/s/Inertial_Sense/imx/SDK/ros2/install/inertial_sense_ros2/include/inertial_sense_ros2/inertial_sense_ros2/msg/detail/gps__rosidl_typesupport_introspection_cpp.hpp
[83.772s] -- Up-to-date: /home/s/Inertial_Sense/imx/SDK/ros2/install/inertial_sense_ros2/include/inertial_sense_ros2/inertial_sense_ros2/msg/detail/gps_info__rosidl_typesupport_introspection_cpp.hpp
[83.772s] -- Up-to-date: /home/s/Inertial_Sense/imx/SDK/ros2/install/inertial_sense_ros2/include/inertial_sense_ros2/inertial_sense_ros2/msg/detail/sat_info__rosidl_typesupport_introspection_cpp.hpp
[83.772s] -- Up-to-date: /home/s/Inertial_Sense/imx/SDK/ros2/install/inertial_sense_ros2/include/inertial_sense_ros2/inertial_sense_ros2/msg/detail/inl2_states__type_support.cpp
[83.772s] -- Up-to-date: /home/s/Inertial_Sense/imx/SDK/ros2/install/inertial_sense_ros2/include/inertial_sense_ros2/inertial_sense_ros2/msg/detail/gnss_ephemeris__rosidl_typesupport_introspection_cpp.hpp
[83.773s] -- Up-to-date: /home/s/Inertial_Sense/imx/SDK/ros2/install/inertial_sense_ros2/include/inertial_sense_ros2/inertial_sense_ros2/msg/detail/sat_info__type_support.cpp
[83.773s] -- Up-to-date: /home/s/Inertial_Sense/imx/SDK/ros2/install/inertial_sense_ros2/include/inertial_sense_ros2/inertial_sense_ros2/msg/detail/g_time__type_support.cpp
[83.773s] -- Up-to-date: /home/s/Inertial_Sense/imx/SDK/ros2/install/inertial_sense_ros2/include/inertial_sense_ros2/inertial_sense_ros2/msg/detail/rtk_rel__type_support.cpp
[83.774s] -- Up-to-date: /home/s/Inertial_Sense/imx/SDK/ros2/install/inertial_sense_ros2/include/inertial_sense_ros2/inertial_sense_ros2/msg/detail/g_time__rosidl_typesupport_introspection_cpp.hpp
[83.774s] -- Up-to-date: /home/s/Inertial_Sense/imx/SDK/ros2/install/inertial_sense_ros2/include/inertial_sense_ros2/inertial_sense_ros2/msg/detail/inl2_states__rosidl_typesupport_introspection_cpp.hpp
[83.774s] -- Up-to-date: /home/s/Inertial_Sense/imx/SDK/ros2/install/inertial_sense_ros2/include/inertial_sense_ros2/inertial_sense_ros2/msg/detail/gnss_obs_vec__rosidl_typesupport_introspection_cpp.hpp
[83.775s] -- Up-to-date: /home/s/Inertial_Sense/imx/SDK/ros2/install/inertial_sense_ros2/include/inertial_sense_ros2/inertial_sense_ros2/msg/detail/rtk_info__type_support.cpp
[83.775s] -- Up-to-date: /home/s/Inertial_Sense/imx/SDK/ros2/install/inertial_sense_ros2/include/inertial_sense_ros2/inertial_sense_ros2/msg/detail/didins4__rosidl_typesupport_introspection_cpp.hpp
[83.775s] -- Up-to-date: /home/s/Inertial_Sense/imx/SDK/ros2/install/inertial_sense_ros2/include/inertial_sense_ros2/inertial_sense_ros2/msg/detail/rtk_info__rosidl_typesupport_introspection_cpp.hpp
[83.775s] -- Up-to-date: /home/s/Inertial_Sense/imx/SDK/ros2/install/inertial_sense_ros2/include/inertial_sense_ros2/inertial_sense_ros2/msg/detail/gnss_obs_vec__type_support.cpp
[83.776s] -- Up-to-date: /home/s/Inertial_Sense/imx/SDK/ros2/install/inertial_sense_ros2/include/inertial_sense_ros2/inertial_sense_ros2/msg/detail/rtk_rel__rosidl_typesupport_introspection_cpp.hpp
[83.776s] -- Up-to-date: /home/s/Inertial_Sense/imx/SDK/ros2/install/inertial_sense_ros2/include/inertial_sense_ros2/inertial_sense_ros2/msg/detail/didins1__rosidl_typesupport_introspection_cpp.hpp
[83.776s] -- Up-to-date: /home/s/Inertial_Sense/imx/SDK/ros2/install/inertial_sense_ros2/include/inertial_sense_ros2/inertial_sense_ros2/msg/detail/didins4__type_support.cpp
[83.776s] -- Up-to-date: /home/s/Inertial_Sense/imx/SDK/ros2/install/inertial_sense_ros2/include/inertial_sense_ros2/inertial_sense_ros2/msg/detail/gps__type_support.cpp
[83.777s] -- Up-to-date: /home/s/Inertial_Sense/imx/SDK/ros2/install/inertial_sense_ros2/include/inertial_sense_ros2/inertial_sense_ros2/msg/detail/didins2__type_support.cpp
[83.777s] -- Up-to-date: /home/s/Inertial_Sense/imx/SDK/ros2/install/inertial_sense_ros2/include/inertial_sense_ros2/inertial_sense_ros2/msg/detail/gnss_ephemeris__type_support.cpp
[83.777s] -- Up-to-date: /home/s/Inertial_Sense/imx/SDK/ros2/install/inertial_sense_ros2/include/inertial_sense_ros2/inertial_sense_ros2/srv
[83.778s] -- Up-to-date: /home/s/Inertial_Sense/imx/SDK/ros2/install/inertial_sense_ros2/include/inertial_sense_ros2/inertial_sense_ros2/srv/detail
[83.778s] -- Up-to-date: /home/s/Inertial_Sense/imx/SDK/ros2/install/inertial_sense_ros2/include/inertial_sense_ros2/inertial_sense_ros2/srv/detail/ref_lla_update__rosidl_typesupport_introspection_cpp.hpp
[83.778s] -- Up-to-date: /home/s/Inertial_Sense/imx/SDK/ros2/install/inertial_sense_ros2/include/inertial_sense_ros2/inertial_sense_ros2/srv/detail/ref_lla_update__type_support.cpp
[83.779s] -- Up-to-date: /home/s/Inertial_Sense/imx/SDK/ros2/install/inertial_sense_ros2/include/inertial_sense_ros2/inertial_sense_ros2/srv/detail/firmware_update__rosidl_typesupport_introspection_cpp.hpp
[83.779s] -- Up-to-date: /home/s/Inertial_Sense/imx/SDK/ros2/install/inertial_sense_ros2/include/inertial_sense_ros2/inertial_sense_ros2/srv/detail/firmware_update__type_support.cpp
[83.779s] -- Up-to-date: /home/s/Inertial_Sense/imx/SDK/ros2/install/inertial_sense_ros2/lib/libinertial_sense_ros2__rosidl_typesupport_introspection_cpp.so
[83.779s] -- Up-to-date: /home/s/Inertial_Sense/imx/SDK/ros2/install/inertial_sense_ros2/lib/libinertial_sense_ros2__rosidl_typesupport_cpp.so
[83.780s] -- Up-to-date: /home/s/Inertial_Sense/imx/SDK/ros2/install/inertial_sense_ros2/share/inertial_sense_ros2/environment/pythonpath.sh
[83.780s] -- Up-to-date: /home/s/Inertial_Sense/imx/SDK/ros2/install/inertial_sense_ros2/share/inertial_sense_ros2/environment/pythonpath.dsv
[83.780s] -- Up-to-date: /home/s/Inertial_Sense/imx/SDK/ros2/install/inertial_sense_ros2/lib/python3.12/site-packages/inertial_sense_ros2-1.1.1-py3.12.egg-info
[83.780s] -- Installing: /home/s/Inertial_Sense/imx/SDK/ros2/install/inertial_sense_ros2/lib/python3.12/site-packages/inertial_sense_ros2-1.1.1-py3.12.egg-info/SOURCES.txt
[83.781s] -- Installing: /home/s/Inertial_Sense/imx/SDK/ros2/install/inertial_sense_ros2/lib/python3.12/site-packages/inertial_sense_ros2-1.1.1-py3.12.egg-info/PKG-INFO
[83.781s] -- Installing: /home/s/Inertial_Sense/imx/SDK/ros2/install/inertial_sense_ros2/lib/python3.12/site-packages/inertial_sense_ros2-1.1.1-py3.12.egg-info/dependency_links.txt
[83.781s] -- Installing: /home/s/Inertial_Sense/imx/SDK/ros2/install/inertial_sense_ros2/lib/python3.12/site-packages/inertial_sense_ros2-1.1.1-py3.12.egg-info/top_level.txt
[83.781s] -- Up-to-date: /home/s/Inertial_Sense/imx/SDK/ros2/install/inertial_sense_ros2/lib/python3.12/site-packages/inertial_sense_ros2
[83.782s] -- Up-to-date: /home/s/Inertial_Sense/imx/SDK/ros2/install/inertial_sense_ros2/lib/python3.12/site-packages/inertial_sense_ros2/__init__.py
[83.782s] -- Up-to-date: /home/s/Inertial_Sense/imx/SDK/ros2/install/inertial_sense_ros2/lib/python3.12/site-packages/inertial_sense_ros2/inertial_sense_ros2_s__rosidl_typesupport_c.so
[83.782s] -- Up-to-date: /home/s/Inertial_Sense/imx/SDK/ros2/install/inertial_sense_ros2/lib/python3.12/site-packages/inertial_sense_ros2/_inertial_sense_ros2_s.ep.rosidl_typesupport_introspection_c.c
[83.783s] -- Up-to-date: /home/s/Inertial_Sense/imx/SDK/ros2/install/inertial_sense_ros2/lib/python3.12/site-packages/inertial_sense_ros2/msg
[83.783s] -- Up-to-date: /home/s/Inertial_Sense/imx/SDK/ros2/install/inertial_sense_ros2/lib/python3.12/site-packages/inertial_sense_ros2/msg/_didins4_s.c
[83.783s] -- Up-to-date: /home/s/Inertial_Sense/imx/SDK/ros2/install/inertial_sense_ros2/lib/python3.12/site-packages/inertial_sense_ros2/msg/_g_time_s.c
[83.783s] -- Up-to-date: /home/s/Inertial_Sense/imx/SDK/ros2/install/inertial_sense_ros2/lib/python3.12/site-packages/inertial_sense_ros2/msg/__init__.py
[83.784s] -- Up-to-date: /home/s/Inertial_Sense/imx/SDK/ros2/install/inertial_sense_ros2/lib/python3.12/site-packages/inertial_sense_ros2/msg/_inl2_states_s.c
[83.784s] -- Up-to-date: /home/s/Inertial_Sense/imx/SDK/ros2/install/inertial_sense_ros2/lib/python3.12/site-packages/inertial_sense_ros2/msg/_gnss_ephemeris_s.c
[83.784s] -- Up-to-date: /home/s/Inertial_Sense/imx/SDK/ros2/install/inertial_sense_ros2/lib/python3.12/site-packages/inertial_sense_ros2/msg/_didins2_s.c
[83.785s] -- Up-to-date: /home/s/Inertial_Sense/imx/SDK/ros2/install/inertial_sense_ros2/lib/python3.12/site-packages/inertial_sense_ros2/msg/_inl2_states.py
[83.785s] -- Up-to-date: /home/s/Inertial_Sense/imx/SDK/ros2/install/inertial_sense_ros2/lib/python3.12/site-packages/inertial_sense_ros2/msg/_pimu_s.c
[83.785s] -- Up-to-date: /home/s/Inertial_Sense/imx/SDK/ros2/install/inertial_sense_ros2/lib/python3.12/site-packages/inertial_sense_ros2/msg/_gps_info_s.c
[83.785s] -- Up-to-date: /home/s/Inertial_Sense/imx/SDK/ros2/install/inertial_sense_ros2/lib/python3.12/site-packages/inertial_sense_ros2/msg/_gps_info.py
[83.786s] -- Up-to-date: /home/s/Inertial_Sense/imx/SDK/ros2/install/inertial_sense_ros2/lib/python3.12/site-packages/inertial_sense_ros2/msg/_didins1_s.c
[83.786s] -- Up-to-date: /home/s/Inertial_Sense/imx/SDK/ros2/install/inertial_sense_ros2/lib/python3.12/site-packages/inertial_sense_ros2/msg/_gnss_observation_s.c
[83.786s] -- Up-to-date: /home/s/Inertial_Sense/imx/SDK/ros2/install/inertial_sense_ros2/lib/python3.12/site-packages/inertial_sense_ros2/msg/_glonass_ephemeris_s.c
[83.786s] -- Up-to-date: /home/s/Inertial_Sense/imx/SDK/ros2/install/inertial_sense_ros2/lib/python3.12/site-packages/inertial_sense_ros2/msg/_glonass_ephemeris.py
[83.787s] -- Up-to-date: /home/s/Inertial_Sense/imx/SDK/ros2/install/inertial_sense_ros2/lib/python3.12/site-packages/inertial_sense_ros2/msg/_gnss_ephemeris.py
[83.787s] -- Up-to-date: /home/s/Inertial_Sense/imx/SDK/ros2/install/inertial_sense_ros2/lib/python3.12/site-packages/inertial_sense_ros2/msg/_gps_s.c
[83.787s] -- Up-to-date: /home/s/Inertial_Sense/imx/SDK/ros2/install/inertial_sense_ros2/lib/python3.12/site-packages/inertial_sense_ros2/msg/_rtk_info_s.c
[83.788s] -- Up-to-date: /home/s/Inertial_Sense/imx/SDK/ros2/install/inertial_sense_ros2/lib/python3.12/site-packages/inertial_sense_ros2/msg/_didins4.py
[83.788s] -- Up-to-date: /home/s/Inertial_Sense/imx/SDK/ros2/install/inertial_sense_ros2/lib/python3.12/site-packages/inertial_sense_ros2/msg/_sat_info.py
[83.788s] -- Up-to-date: /home/s/Inertial_Sense/imx/SDK/ros2/install/inertial_sense_ros2/lib/python3.12/site-packages/inertial_sense_ros2/msg/_pimu.py
[83.788s] -- Up-to-date: /home/s/Inertial_Sense/imx/SDK/ros2/install/inertial_sense_ros2/lib/python3.12/site-packages/inertial_sense_ros2/msg/_rtk_rel_s.c
[83.789s] -- Up-to-date: /home/s/Inertial_Sense/imx/SDK/ros2/install/inertial_sense_ros2/lib/python3.12/site-packages/inertial_sense_ros2/msg/_g_time.py
[83.789s] -- Up-to-date: /home/s/Inertial_Sense/imx/SDK/ros2/install/inertial_sense_ros2/lib/python3.12/site-packages/inertial_sense_ros2/msg/_gnss_obs_vec_s.c
[83.789s] -- Up-to-date: /home/s/Inertial_Sense/imx/SDK/ros2/install/inertial_sense_ros2/lib/python3.12/site-packages/inertial_sense_ros2/msg/_gnss_obs_vec.py
[83.789s] -- Up-to-date: /home/s/Inertial_Sense/imx/SDK/ros2/install/inertial_sense_ros2/lib/python3.12/site-packages/inertial_sense_ros2/msg/_sat_info_s.c
[83.790s] -- Up-to-date: /home/s/Inertial_Sense/imx/SDK/ros2/install/inertial_sense_ros2/lib/python3.12/site-packages/inertial_sense_ros2/msg/_rtk_rel.py
[83.790s] -- Up-to-date: /home/s/Inertial_Sense/imx/SDK/ros2/install/inertial_sense_ros2/lib/python3.12/site-packages/inertial_sense_ros2/msg/_rtk_info.py
[83.790s] -- Up-to-date: /home/s/Inertial_Sense/imx/SDK/ros2/install/inertial_sense_ros2/lib/python3.12/site-packages/inertial_sense_ros2/msg/_didins1.py
[83.791s] -- Up-to-date: /home/s/Inertial_Sense/imx/SDK/ros2/install/inertial_sense_ros2/lib/python3.12/site-packages/inertial_sense_ros2/msg/_didins2.py
[83.791s] -- Up-to-date: /home/s/Inertial_Sense/imx/SDK/ros2/install/inertial_sense_ros2/lib/python3.12/site-packages/inertial_sense_ros2/msg/_gnss_observation.py
[83.791s] -- Up-to-date: /home/s/Inertial_Sense/imx/SDK/ros2/install/inertial_sense_ros2/lib/python3.12/site-packages/inertial_sense_ros2/msg/_gps.py
[83.791s] -- Up-to-date: /home/s/Inertial_Sense/imx/SDK/ros2/install/inertial_sense_ros2/lib/python3.12/site-packages/inertial_sense_ros2/inertial_sense_ros2_s__rosidl_typesupport_introspection_c.so
[83.792s] -- Up-to-date: /home/s/Inertial_Sense/imx/SDK/ros2/install/inertial_sense_ros2/lib/python3.12/site-packages/inertial_sense_ros2/inertial_sense_ros2_s__rosidl_typesupport_fastrtps_c.so
[83.792s] -- Up-to-date: /home/s/Inertial_Sense/imx/SDK/ros2/install/inertial_sense_ros2/lib/python3.12/site-packages/inertial_sense_ros2/_inertial_sense_ros2_s.ep.rosidl_typesupport_fastrtps_c.c
[83.792s] -- Up-to-date: /home/s/Inertial_Sense/imx/SDK/ros2/install/inertial_sense_ros2/lib/python3.12/site-packages/inertial_sense_ros2/srv
[83.792s] -- Up-to-date: /home/s/Inertial_Sense/imx/SDK/ros2/install/inertial_sense_ros2/lib/python3.12/site-packages/inertial_sense_ros2/srv/__init__.py
[83.793s] -- Up-to-date: /home/s/Inertial_Sense/imx/SDK/ros2/install/inertial_sense_ros2/lib/python3.12/site-packages/inertial_sense_ros2/srv/_ref_lla_update.py
[83.793s] -- Up-to-date: /home/s/Inertial_Sense/imx/SDK/ros2/install/inertial_sense_ros2/lib/python3.12/site-packages/inertial_sense_ros2/srv/_firmware_update_s.c
[83.793s] -- Up-to-date: /home/s/Inertial_Sense/imx/SDK/ros2/install/inertial_sense_ros2/lib/python3.12/site-packages/inertial_sense_ros2/srv/_firmware_update.py
[83.794s] -- Up-to-date: /home/s/Inertial_Sense/imx/SDK/ros2/install/inertial_sense_ros2/lib/python3.12/site-packages/inertial_sense_ros2/srv/_ref_lla_update_s.c
[83.794s] -- Up-to-date: /home/s/Inertial_Sense/imx/SDK/ros2/install/inertial_sense_ros2/lib/python3.12/site-packages/inertial_sense_ros2/_inertial_sense_ros2_s.ep.rosidl_typesupport_c.c
[83.841s] Listing '/home/s/Inertial_Sense/imx/SDK/ros2/install/inertial_sense_ros2/lib/python3.12/site-packages/inertial_sense_ros2'...
[83.841s] Listing '/home/s/Inertial_Sense/imx/SDK/ros2/install/inertial_sense_ros2/lib/python3.12/site-packages/inertial_sense_ros2/msg'...
[83.841s] Listing '/home/s/Inertial_Sense/imx/SDK/ros2/install/inertial_sense_ros2/lib/python3.12/site-packages/inertial_sense_ros2/srv'...
[83.859s] -- Up-to-date: /home/s/Inertial_Sense/imx/SDK/ros2/install/inertial_sense_ros2/lib/python3.12/site-packages/inertial_sense_ros2/inertial_sense_ros2_s__rosidl_typesupport_fastrtps_c.so
[83.861s] -- Up-to-date: /home/s/Inertial_Sense/imx/SDK/ros2/install/inertial_sense_ros2/lib/python3.12/site-packages/inertial_sense_ros2/inertial_sense_ros2_s__rosidl_typesupport_introspection_c.so
[83.864s] -- Up-to-date: /home/s/Inertial_Sense/imx/SDK/ros2/install/inertial_sense_ros2/lib/python3.12/site-packages/inertial_sense_ros2/inertial_sense_ros2_s__rosidl_typesupport_c.so
[83.867s] -- Up-to-date: /home/s/Inertial_Sense/imx/SDK/ros2/install/inertial_sense_ros2/lib/libinertial_sense_ros2__rosidl_generator_py.so
[83.869s] -- Up-to-date: /home/s/Inertial_Sense/imx/SDK/ros2/install/inertial_sense_ros2/share/inertial_sense_ros2/msg/GTime.idl
[83.870s] -- Up-to-date: /home/s/Inertial_Sense/imx/SDK/ros2/install/inertial_sense_ros2/share/inertial_sense_ros2/msg/SatInfo.idl
[83.871s] -- Up-to-date: /home/s/Inertial_Sense/imx/SDK/ros2/install/inertial_sense_ros2/share/inertial_sense_ros2/msg/GPS.idl
[83.872s] -- Up-to-date: /home/s/Inertial_Sense/imx/SDK/ros2/install/inertial_sense_ros2/share/inertial_sense_ros2/msg/GPSInfo.idl
[83.872s] -- Up-to-date: /home/s/Inertial_Sense/imx/SDK/ros2/install/inertial_sense_ros2/share/inertial_sense_ros2/msg/PIMU.idl
[83.873s] -- Up-to-date: /home/s/Inertial_Sense/imx/SDK/ros2/install/inertial_sense_ros2/share/inertial_sense_ros2/msg/RTKInfo.idl
[83.873s] -- Up-to-date: /home/s/Inertial_Sense/imx/SDK/ros2/install/inertial_sense_ros2/share/inertial_sense_ros2/msg/RTKRel.idl
[83.874s] -- Up-to-date: /home/s/Inertial_Sense/imx/SDK/ros2/install/inertial_sense_ros2/share/inertial_sense_ros2/msg/GlonassEphemeris.idl
[83.874s] -- Up-to-date: /home/s/Inertial_Sense/imx/SDK/ros2/install/inertial_sense_ros2/share/inertial_sense_ros2/msg/GNSSEphemeris.idl
[83.876s] -- Up-to-date: /home/s/Inertial_Sense/imx/SDK/ros2/install/inertial_sense_ros2/share/inertial_sense_ros2/msg/GNSSObservation.idl
[83.876s] -- Up-to-date: /home/s/Inertial_Sense/imx/SDK/ros2/install/inertial_sense_ros2/share/inertial_sense_ros2/msg/GNSSObsVec.idl
[83.876s] -- Up-to-date: /home/s/Inertial_Sense/imx/SDK/ros2/install/inertial_sense_ros2/share/inertial_sense_ros2/msg/INL2States.idl
[83.877s] -- Up-to-date: /home/s/Inertial_Sense/imx/SDK/ros2/install/inertial_sense_ros2/share/inertial_sense_ros2/msg/DIDINS2.idl
[83.877s] -- Up-to-date: /home/s/Inertial_Sense/imx/SDK/ros2/install/inertial_sense_ros2/share/inertial_sense_ros2/msg/DIDINS1.idl
[83.877s] -- Up-to-date: /home/s/Inertial_Sense/imx/SDK/ros2/install/inertial_sense_ros2/share/inertial_sense_ros2/msg/DIDINS4.idl
[83.878s] -- Up-to-date: /home/s/Inertial_Sense/imx/SDK/ros2/install/inertial_sense_ros2/share/inertial_sense_ros2/srv/FirmwareUpdate.idl
[83.878s] -- Up-to-date: /home/s/Inertial_Sense/imx/SDK/ros2/install/inertial_sense_ros2/share/inertial_sense_ros2/srv/RefLLAUpdate.idl
[83.879s] -- Up-to-date: /home/s/Inertial_Sense/imx/SDK/ros2/install/inertial_sense_ros2/share/inertial_sense_ros2/msg/GTime.msg
[83.880s] -- Up-to-date: /home/s/Inertial_Sense/imx/SDK/ros2/install/inertial_sense_ros2/share/inertial_sense_ros2/msg/SatInfo.msg
[83.881s] -- Up-to-date: /home/s/Inertial_Sense/imx/SDK/ros2/install/inertial_sense_ros2/share/inertial_sense_ros2/msg/GPS.msg
[83.881s] -- Up-to-date: /home/s/Inertial_Sense/imx/SDK/ros2/install/inertial_sense_ros2/share/inertial_sense_ros2/msg/GPSInfo.msg
[83.882s] -- Up-to-date: /home/s/Inertial_Sense/imx/SDK/ros2/install/inertial_sense_ros2/share/inertial_sense_ros2/msg/PIMU.msg
[83.882s] -- Up-to-date: /home/s/Inertial_Sense/imx/SDK/ros2/install/inertial_sense_ros2/share/inertial_sense_ros2/msg/RTKInfo.msg
[83.883s] -- Up-to-date: /home/s/Inertial_Sense/imx/SDK/ros2/install/inertial_sense_ros2/share/inertial_sense_ros2/msg/RTKRel.msg
[83.884s] -- Up-to-date: /home/s/Inertial_Sense/imx/SDK/ros2/install/inertial_sense_ros2/share/inertial_sense_ros2/msg/GlonassEphemeris.msg
[83.884s] -- Up-to-date: /home/s/Inertial_Sense/imx/SDK/ros2/install/inertial_sense_ros2/share/inertial_sense_ros2/msg/GNSSEphemeris.msg
[83.885s] -- Up-to-date: /home/s/Inertial_Sense/imx/SDK/ros2/install/inertial_sense_ros2/share/inertial_sense_ros2/msg/GNSSObservation.msg
[83.886s] -- Up-to-date: /home/s/Inertial_Sense/imx/SDK/ros2/install/inertial_sense_ros2/share/inertial_sense_ros2/msg/GNSSObsVec.msg
[83.887s] -- Up-to-date: /home/s/Inertial_Sense/imx/SDK/ros2/install/inertial_sense_ros2/share/inertial_sense_ros2/msg/INL2States.msg
[83.887s] -- Up-to-date: /home/s/Inertial_Sense/imx/SDK/ros2/install/inertial_sense_ros2/share/inertial_sense_ros2/msg/DIDINS2.msg
[83.888s] -- Up-to-date: /home/s/Inertial_Sense/imx/SDK/ros2/install/inertial_sense_ros2/share/inertial_sense_ros2/msg/DIDINS1.msg
[83.889s] -- Up-to-date: /home/s/Inertial_Sense/imx/SDK/ros2/install/inertial_sense_ros2/share/inertial_sense_ros2/msg/DIDINS4.msg
[83.889s] -- Up-to-date: /home/s/Inertial_Sense/imx/SDK/ros2/install/inertial_sense_ros2/share/inertial_sense_ros2/srv/FirmwareUpdate.srv
[83.890s] -- Up-to-date: /home/s/Inertial_Sense/imx/SDK/ros2/install/inertial_sense_ros2/share/inertial_sense_ros2/srv/RefLLAUpdate.srv
[83.894s] Invoked command in '/home/s/Inertial_Sense/imx/SDK/ros2/build/inertial_sense_ros2' returned '0': CMAKE_PREFIX_PATH=${CMAKE_PREFIX_PATH}:/opt/ros/jazzy DEBUGINFOD_URLS=https://debuginfod.ubuntu.com /usr/bin/cmake --install /home/s/Inertial_Sense/imx/SDK/ros2/build/inertial_sense_ros2
