[1.139s] DEBUG:colcon:Command line arguments: ['/usr/bin/colcon', 'build']
[1.139s] DEBUG:colcon:Parsed command line arguments: Namespace(log_base=None, log_level=None, verb_name='build', build_base='build', install_base='install', merge_install=False, symlink_install=False, test_result_base=None, continue_on_error=False, executor='parallel', parallel_workers=16, event_handlers=None, ignore_user_meta=False, metas=['./colcon.meta'], base_paths=['.'], packages_ignore=None, packages_ignore_regex=None, paths=None, packages_up_to=None, packages_up_to_regex=None, packages_above=None, packages_above_and_dependencies=None, packages_above_depth=None, packages_select_by_dep=None, packages_skip_by_dep=None, packages_skip_up_to=None, packages_select_build_failed=False, packages_skip_build_finished=False, packages_select_test_failures=False, packages_skip_test_passed=False, packages_select=None, packages_skip=None, packages_select_regex=None, packages_skip_regex=None, packages_start=None, packages_end=None, allow_overriding=[], cmake_args=None, cmake_target=None, cmake_target_skip_unavailable=False, cmake_clean_cache=False, cmake_clean_first=False, cmake_force_configure=False, ament_cmake_args=None, catkin_cmake_args=None, catkin_skip_building_tests=False, mixin_files=None, mixin=None, verb_parser=<colcon_mixin.mixin.mixin_argument.MixinArgumentDecorator object at 0x75cd44385c70>, verb_extension=<colcon_core.verb.build.BuildVerb object at 0x75cd443859d0>, main=<bound method BuildVerb.main of <colcon_core.verb.build.BuildVerb object at 0x75cd443859d0>>, mixin_verb=('build',))
[1.492s] Level 1:colcon.colcon_core.package_discovery:discover_packages(colcon_meta) check parameters
[1.493s] Level 1:colcon.colcon_core.package_discovery:discover_packages(recursive) check parameters
[1.494s] Level 1:colcon.colcon_core.package_discovery:discover_packages(ignore) check parameters
[1.494s] Level 1:colcon.colcon_core.package_discovery:discover_packages(path) check parameters
[1.495s] Level 1:colcon.colcon_core.package_discovery:discover_packages(colcon_meta) discover
[1.496s] Level 1:colcon.colcon_core.package_discovery:discover_packages(recursive) discover
[1.497s] INFO:colcon.colcon_core.package_discovery:Crawling recursively for packages in '/home/s/Inertial_Sense/imx/SDK/ros2'
[1.498s] Level 1:colcon.colcon_core.package_identification:_identify(.) by extensions ['ignore', 'ignore_ament_install']
[1.499s] Level 1:colcon.colcon_core.package_identification:_identify(.) by extension 'ignore'
[1.500s] Level 1:colcon.colcon_core.package_identification:_identify(.) by extension 'ignore_ament_install'
[1.501s] Level 1:colcon.colcon_core.package_identification:_identify(.) by extensions ['colcon_pkg']
[1.501s] Level 1:colcon.colcon_core.package_identification:_identify(.) by extension 'colcon_pkg'
[1.502s] Level 1:colcon.colcon_core.package_identification:_identify(.) by extensions ['colcon_meta']
[1.502s] Level 1:colcon.colcon_core.package_identification:_identify(.) by extension 'colcon_meta'
[1.503s] Level 1:colcon.colcon_core.package_identification:_identify(.) by extensions ['ros']
[1.503s] Level 1:colcon.colcon_core.package_identification:_identify(.) by extension 'ros'
[1.717s] DEBUG:colcon.colcon_core.package_identification:Package '.' with type 'ros.ament_cmake' and name 'inertial_sense_ros2'
[1.717s] Level 1:colcon.colcon_core.package_discovery:discover_packages(recursive) using defaults
[1.718s] Level 1:colcon.colcon_core.package_discovery:discover_packages(ignore) discover
[1.719s] Level 1:colcon.colcon_core.package_discovery:discover_packages(ignore) using defaults
[1.719s] Level 1:colcon.colcon_core.package_discovery:discover_packages(path) discover
[1.720s] Level 1:colcon.colcon_core.package_discovery:discover_packages(path) using defaults
[1.866s] Level 1:colcon.colcon_core.package_discovery:discover_packages(prefix_path) check parameters
[1.867s] Level 1:colcon.colcon_core.package_discovery:discover_packages(prefix_path) discover
[1.911s] DEBUG:colcon.colcon_installed_package_information.package_discovery:Found 308 installed packages in /opt/ros/jazzy
[1.919s] Level 1:colcon.colcon_core.package_discovery:discover_packages(prefix_path) using defaults
[2.369s] Level 5:colcon.colcon_core.verb:set package 'inertial_sense_ros2' build argument 'cmake_args' from command line to 'None'
[2.369s] Level 5:colcon.colcon_core.verb:set package 'inertial_sense_ros2' build argument 'cmake_target' from command line to 'None'
[2.370s] Level 5:colcon.colcon_core.verb:set package 'inertial_sense_ros2' build argument 'cmake_target_skip_unavailable' from command line to 'False'
[2.370s] Level 5:colcon.colcon_core.verb:set package 'inertial_sense_ros2' build argument 'cmake_clean_cache' from command line to 'False'
[2.371s] Level 5:colcon.colcon_core.verb:set package 'inertial_sense_ros2' build argument 'cmake_clean_first' from command line to 'False'
[2.371s] Level 5:colcon.colcon_core.verb:set package 'inertial_sense_ros2' build argument 'cmake_force_configure' from command line to 'False'
[2.372s] Level 5:colcon.colcon_core.verb:set package 'inertial_sense_ros2' build argument 'ament_cmake_args' from command line to 'None'
[2.372s] Level 5:colcon.colcon_core.verb:set package 'inertial_sense_ros2' build argument 'catkin_cmake_args' from command line to 'None'
[2.373s] Level 5:colcon.colcon_core.verb:set package 'inertial_sense_ros2' build argument 'catkin_skip_building_tests' from command line to 'False'
[2.373s] DEBUG:colcon.colcon_core.verb:Building package 'inertial_sense_ros2' with the following arguments: {'ament_cmake_args': None, 'build_base': '/home/s/Inertial_Sense/imx/SDK/ros2/build/inertial_sense_ros2', 'catkin_cmake_args': None, 'catkin_skip_building_tests': False, 'cmake_args': None, 'cmake_clean_cache': False, 'cmake_clean_first': False, 'cmake_force_configure': False, 'cmake_target': None, 'cmake_target_skip_unavailable': False, 'install_base': '/home/s/Inertial_Sense/imx/SDK/ros2/install/inertial_sense_ros2', 'merge_install': False, 'path': '/home/s/Inertial_Sense/imx/SDK/ros2', 'symlink_install': False, 'test_result_base': None}
[2.376s] INFO:colcon.colcon_core.executor:Executing jobs using 'parallel' executor
[2.387s] DEBUG:colcon.colcon_parallel_executor.executor.parallel:run_until_complete
[2.389s] INFO:colcon.colcon_ros.task.ament_cmake.build:Building ROS package in '/home/s/Inertial_Sense/imx/SDK/ros2' with build type 'ament_cmake'
[2.390s] INFO:colcon.colcon_cmake.task.cmake.build:Building CMake package in '/home/s/Inertial_Sense/imx/SDK/ros2'
[2.421s] INFO:colcon.colcon_core.plugin_system:Skipping extension 'colcon_core.shell.bat': Not used on non-Windows systems
[2.423s] INFO:colcon.colcon_core.shell:Skip shell extension 'powershell' for command environment: Not usable outside of PowerShell
[2.423s] DEBUG:colcon.colcon_core.shell:Skip shell extension 'dsv' for command environment
[2.546s] DEBUG:colcon.colcon_core.event_handler.log_command:Invoking command in '/home/s/Inertial_Sense/imx/SDK/ros2/build/inertial_sense_ros2': CMAKE_PREFIX_PATH=${CMAKE_PREFIX_PATH}:/opt/ros/jazzy DEBUGINFOD_URLS=https://debuginfod.ubuntu.com /usr/bin/cmake --build /home/s/Inertial_Sense/imx/SDK/ros2/build/inertial_sense_ros2 -- -j16 -l16
[108.362s] DEBUG:colcon.colcon_core.event_handler.log_command:Invoked command in '/home/s/Inertial_Sense/imx/SDK/ros2/build/inertial_sense_ros2' returned '0': CMAKE_PREFIX_PATH=${CMAKE_PREFIX_PATH}:/opt/ros/jazzy DEBUGINFOD_URLS=https://debuginfod.ubuntu.com /usr/bin/cmake --build /home/s/Inertial_Sense/imx/SDK/ros2/build/inertial_sense_ros2 -- -j16 -l16
[115.474s] DEBUG:colcon.colcon_core.event_handler.log_command:Invoking command in '/home/s/Inertial_Sense/imx/SDK/ros2/build/inertial_sense_ros2': CMAKE_PREFIX_PATH=${CMAKE_PREFIX_PATH}:/opt/ros/jazzy DEBUGINFOD_URLS=https://debuginfod.ubuntu.com /usr/bin/cmake --install /home/s/Inertial_Sense/imx/SDK/ros2/build/inertial_sense_ros2
[117.390s] Level 1:colcon.colcon_core.environment:create_environment_scripts_only(inertial_sense_ros2)
[117.394s] DEBUG:colcon.colcon_core.event_handler.log_command:Invoked command in '/home/s/Inertial_Sense/imx/SDK/ros2/build/inertial_sense_ros2' returned '0': CMAKE_PREFIX_PATH=${CMAKE_PREFIX_PATH}:/opt/ros/jazzy DEBUGINFOD_URLS=https://debuginfod.ubuntu.com /usr/bin/cmake --install /home/s/Inertial_Sense/imx/SDK/ros2/build/inertial_sense_ros2
[117.422s] Level 1:colcon.colcon_core.environment:checking '/home/s/Inertial_Sense/imx/SDK/ros2/install/inertial_sense_ros2' for CMake module files
[117.427s] Level 1:colcon.colcon_core.environment:checking '/home/s/Inertial_Sense/imx/SDK/ros2/install/inertial_sense_ros2' for CMake config files
[117.444s] Level 1:colcon.colcon_core.environment:checking '/home/s/Inertial_Sense/imx/SDK/ros2/install/inertial_sense_ros2/lib'
[117.446s] Level 1:colcon.colcon_core.shell:create_environment_hook('inertial_sense_ros2', 'ld_library_path_lib')
[117.447s] INFO:colcon.colcon_core.shell:Creating environment hook '/home/s/Inertial_Sense/imx/SDK/ros2/install/inertial_sense_ros2/share/inertial_sense_ros2/hook/ld_library_path_lib.ps1'
[117.451s] INFO:colcon.colcon_core.shell:Creating environment descriptor '/home/s/Inertial_Sense/imx/SDK/ros2/install/inertial_sense_ros2/share/inertial_sense_ros2/hook/ld_library_path_lib.dsv'
[117.454s] INFO:colcon.colcon_core.shell:Creating environment hook '/home/s/Inertial_Sense/imx/SDK/ros2/install/inertial_sense_ros2/share/inertial_sense_ros2/hook/ld_library_path_lib.sh'
[117.458s] Level 1:colcon.colcon_core.environment:checking '/home/s/Inertial_Sense/imx/SDK/ros2/install/inertial_sense_ros2/bin'
[117.459s] Level 1:colcon.colcon_core.environment:checking '/home/s/Inertial_Sense/imx/SDK/ros2/install/inertial_sense_ros2/lib/pkgconfig/inertial_sense_ros2.pc'
[117.460s] Level 1:colcon.colcon_core.environment:checking '/home/s/Inertial_Sense/imx/SDK/ros2/install/inertial_sense_ros2/lib/python3.12/site-packages'
[117.461s] Level 1:colcon.colcon_core.shell:create_environment_hook('inertial_sense_ros2', 'pythonpath')
[117.462s] INFO:colcon.colcon_core.shell:Creating environment hook '/home/s/Inertial_Sense/imx/SDK/ros2/install/inertial_sense_ros2/share/inertial_sense_ros2/hook/pythonpath.ps1'
[117.466s] INFO:colcon.colcon_core.shell:Creating environment descriptor '/home/s/Inertial_Sense/imx/SDK/ros2/install/inertial_sense_ros2/share/inertial_sense_ros2/hook/pythonpath.dsv'
[117.470s] INFO:colcon.colcon_core.shell:Creating environment hook '/home/s/Inertial_Sense/imx/SDK/ros2/install/inertial_sense_ros2/share/inertial_sense_ros2/hook/pythonpath.sh'
[117.475s] Level 1:colcon.colcon_core.environment:checking '/home/s/Inertial_Sense/imx/SDK/ros2/install/inertial_sense_ros2/bin'
[117.476s] INFO:colcon.colcon_core.shell:Creating package script '/home/s/Inertial_Sense/imx/SDK/ros2/install/inertial_sense_ros2/share/inertial_sense_ros2/package.ps1'
[117.482s] INFO:colcon.colcon_core.shell:Creating package descriptor '/home/s/Inertial_Sense/imx/SDK/ros2/install/inertial_sense_ros2/share/inertial_sense_ros2/package.dsv'
[117.487s] INFO:colcon.colcon_core.shell:Creating package script '/home/s/Inertial_Sense/imx/SDK/ros2/install/inertial_sense_ros2/share/inertial_sense_ros2/package.sh'
[117.492s] INFO:colcon.colcon_core.shell:Creating package script '/home/s/Inertial_Sense/imx/SDK/ros2/install/inertial_sense_ros2/share/inertial_sense_ros2/package.bash'
[117.497s] INFO:colcon.colcon_core.shell:Creating package script '/home/s/Inertial_Sense/imx/SDK/ros2/install/inertial_sense_ros2/share/inertial_sense_ros2/package.zsh'
[117.501s] Level 1:colcon.colcon_core.environment:create_file_with_runtime_dependencies(/home/s/Inertial_Sense/imx/SDK/ros2/install/inertial_sense_ros2/share/colcon-core/packages/inertial_sense_ros2)
[124.554s] Level 1:colcon.colcon_core.environment:create_environment_scripts_only(inertial_sense_ros2)
[124.555s] Level 1:colcon.colcon_core.environment:checking '/home/s/Inertial_Sense/imx/SDK/ros2/install/inertial_sense_ros2' for CMake module files
[124.560s] Level 1:colcon.colcon_core.environment:checking '/home/s/Inertial_Sense/imx/SDK/ros2/install/inertial_sense_ros2' for CMake config files
[124.576s] Level 1:colcon.colcon_core.environment:checking '/home/s/Inertial_Sense/imx/SDK/ros2/install/inertial_sense_ros2/lib'
[124.578s] Level 1:colcon.colcon_core.shell:create_environment_hook('inertial_sense_ros2', 'ld_library_path_lib')
[124.578s] INFO:colcon.colcon_core.shell:Creating environment hook '/home/s/Inertial_Sense/imx/SDK/ros2/install/inertial_sense_ros2/share/inertial_sense_ros2/hook/ld_library_path_lib.ps1'
[124.583s] INFO:colcon.colcon_core.shell:Creating environment descriptor '/home/s/Inertial_Sense/imx/SDK/ros2/install/inertial_sense_ros2/share/inertial_sense_ros2/hook/ld_library_path_lib.dsv'
[124.587s] INFO:colcon.colcon_core.shell:Creating environment hook '/home/s/Inertial_Sense/imx/SDK/ros2/install/inertial_sense_ros2/share/inertial_sense_ros2/hook/ld_library_path_lib.sh'
[124.591s] Level 1:colcon.colcon_core.environment:checking '/home/s/Inertial_Sense/imx/SDK/ros2/install/inertial_sense_ros2/bin'
[124.592s] Level 1:colcon.colcon_core.environment:checking '/home/s/Inertial_Sense/imx/SDK/ros2/install/inertial_sense_ros2/lib/pkgconfig/inertial_sense_ros2.pc'
[124.593s] Level 1:colcon.colcon_core.environment:checking '/home/s/Inertial_Sense/imx/SDK/ros2/install/inertial_sense_ros2/lib/python3.12/site-packages'
[124.594s] Level 1:colcon.colcon_core.shell:create_environment_hook('inertial_sense_ros2', 'pythonpath')
[124.595s] INFO:colcon.colcon_core.shell:Creating environment hook '/home/s/Inertial_Sense/imx/SDK/ros2/install/inertial_sense_ros2/share/inertial_sense_ros2/hook/pythonpath.ps1'
[124.599s] INFO:colcon.colcon_core.shell:Creating environment descriptor '/home/s/Inertial_Sense/imx/SDK/ros2/install/inertial_sense_ros2/share/inertial_sense_ros2/hook/pythonpath.dsv'
[124.603s] INFO:colcon.colcon_core.shell:Creating environment hook '/home/s/Inertial_Sense/imx/SDK/ros2/install/inertial_sense_ros2/share/inertial_sense_ros2/hook/pythonpath.sh'
[124.608s] Level 1:colcon.colcon_core.environment:checking '/home/s/Inertial_Sense/imx/SDK/ros2/install/inertial_sense_ros2/bin'
[124.609s] INFO:colcon.colcon_core.shell:Creating package script '/home/s/Inertial_Sense/imx/SDK/ros2/install/inertial_sense_ros2/share/inertial_sense_ros2/package.ps1'
[124.613s] INFO:colcon.colcon_core.shell:Creating package descriptor '/home/s/Inertial_Sense/imx/SDK/ros2/install/inertial_sense_ros2/share/inertial_sense_ros2/package.dsv'
[124.618s] INFO:colcon.colcon_core.shell:Creating package script '/home/s/Inertial_Sense/imx/SDK/ros2/install/inertial_sense_ros2/share/inertial_sense_ros2/package.sh'
[124.622s] INFO:colcon.colcon_core.shell:Creating package script '/home/s/Inertial_Sense/imx/SDK/ros2/install/inertial_sense_ros2/share/inertial_sense_ros2/package.bash'
[124.626s] INFO:colcon.colcon_core.shell:Creating package script '/home/s/Inertial_Sense/imx/SDK/ros2/install/inertial_sense_ros2/share/inertial_sense_ros2/package.zsh'
[124.630s] Level 1:colcon.colcon_core.environment:create_file_with_runtime_dependencies(/home/s/Inertial_Sense/imx/SDK/ros2/install/inertial_sense_ros2/share/colcon-core/packages/inertial_sense_ros2)
[124.634s] DEBUG:colcon.colcon_parallel_executor.executor.parallel:closing loop
[124.642s] DEBUG:colcon.colcon_parallel_executor.executor.parallel:loop closed
[124.642s] DEBUG:colcon.colcon_parallel_executor.executor.parallel:run_until_complete finished with '0'
[124.643s] DEBUG:colcon.colcon_core.event_reactor:joining thread
[124.716s] INFO:colcon.colcon_core.plugin_system:Skipping extension 'colcon_notification.desktop_notification.terminal_notifier': Not used on non-Darwin systems
[124.717s] INFO:colcon.colcon_core.plugin_system:Skipping extension 'colcon_notification.desktop_notification.win32': Not used on non-Windows systems
[124.717s] INFO:colcon.colcon_notification.desktop_notification:Sending desktop notification using 'notify2'
[124.848s] DEBUG:colcon.colcon_core.event_reactor:joined thread
[124.850s] INFO:colcon.colcon_core.shell:Creating prefix script '/home/s/Inertial_Sense/imx/SDK/ros2/install/local_setup.ps1'
[124.855s] INFO:colcon.colcon_core.shell:Creating prefix util module '/home/s/Inertial_Sense/imx/SDK/ros2/install/_local_setup_util_ps1.py'
[124.861s] INFO:colcon.colcon_core.shell:Creating prefix chain script '/home/s/Inertial_Sense/imx/SDK/ros2/install/setup.ps1'
[124.870s] INFO:colcon.colcon_core.shell:Creating prefix script '/home/s/Inertial_Sense/imx/SDK/ros2/install/local_setup.sh'
[124.875s] INFO:colcon.colcon_core.shell:Creating prefix util module '/home/s/Inertial_Sense/imx/SDK/ros2/install/_local_setup_util_sh.py'
[124.881s] INFO:colcon.colcon_core.shell:Creating prefix chain script '/home/s/Inertial_Sense/imx/SDK/ros2/install/setup.sh'
[124.892s] INFO:colcon.colcon_core.shell:Creating prefix script '/home/s/Inertial_Sense/imx/SDK/ros2/install/local_setup.bash'
[124.897s] INFO:colcon.colcon_core.shell:Creating prefix chain script '/home/s/Inertial_Sense/imx/SDK/ros2/install/setup.bash'
[124.903s] INFO:colcon.colcon_core.shell:Creating prefix script '/home/s/Inertial_Sense/imx/SDK/ros2/install/local_setup.zsh'
[124.907s] INFO:colcon.colcon_core.shell:Creating prefix chain script '/home/s/Inertial_Sense/imx/SDK/ros2/install/setup.zsh'
