[  1%] Built target inertial_sense_ros2__rosidl_generator_type_description
[  1%] Built target ament_cmake_python_copy_inertial_sense_ros2
[  1%] Built target inertial_sense_ros2__cpp
[ 27%] Built target inertial_sense_ros2__rosidl_generator_c
[ 28%] [32mBuilding CXX object CMakeFiles/new_target.dir/src/inertial_sense_node.cpp.o[0m
[ 28%] [32mBuilding CXX object CMakeFiles/new_target.dir/src/inertial_sense_ros2.cpp.o[0m
[ 29%] [32mBuilding CXX object CMakeFiles/new_target.dir/src/serial.cpp.o[0m
[ 29%] [32mBuilding CXX object CMakeFiles/new_target.dir/src/ParamHelper.cpp.o[0m
[ 29%] [32mBuilding CXX object CMakeFiles/new_target.dir/include/TopicHelper.cpp.o[0m
[ 38%] Built target inertial_sense_ros2__rosidl_typesupport_introspection_c
[ 51%] Built target inertial_sense_ros2__rosidl_typesupport_introspection_cpp
[ 58%] Built target inertial_sense_ros2__rosidl_typesupport_cpp
[ 67%] Built target inertial_sense_ros2__rosidl_typesupport_c
[ 76%] Built target inertial_sense_ros2__rosidl_typesupport_fastrtps_c
[ 86%] Built target inertial_sense_ros2__rosidl_typesupport_fastrtps_cpp
[ 86%] Built target inertial_sense_ros2
[ 87%] Built target inertial_sense_ros2__py
running egg_info
writing inertial_sense_ros2.egg-info/PKG-INFO
writing dependency_links to inertial_sense_ros2.egg-info/dependency_links.txt
writing top-level names to inertial_sense_ros2.egg-info/top_level.txt
[ 96%] Built target inertial_sense_ros2__rosidl_generator_py
[ 97%] Built target inertial_sense_ros2_s__rosidl_typesupport_introspection_c
[ 98%] Built target inertial_sense_ros2_s__rosidl_typesupport_fastrtps_c
reading manifest file 'inertial_sense_ros2.egg-info/SOURCES.txt'
writing manifest file 'inertial_sense_ros2.egg-info/SOURCES.txt'
[ 99%] Built target inertial_sense_ros2_s__rosidl_typesupport_c
[ 99%] Built target ament_cmake_python_build_inertial_sense_ros2_egg
gmake[2]: *** [CMakeFiles/new_target.dir/build.make:104: CMakeFiles/new_target.dir/src/ParamHelper.cpp.o] Interrupt
gmake[2]: *** [CMakeFiles/new_target.dir/build.make:90: CMakeFiles/new_target.dir/src/inertial_sense_node.cpp.o] Interrupt
gmake[2]: *** [CMakeFiles/new_target.dir/build.make:118: CMakeFiles/new_target.dir/src/serial.cpp.o] Interrupt
gmake[2]: *** [CMakeFiles/new_target.dir/build.make:132: CMakeFiles/new_target.dir/include/TopicHelper.cpp.o] Interrupt
gmake[2]: *** wait: No child processes.  Stop.
gmake[2]: *** Waiting for unfinished jobs....
gmake[2]: *** wait: No child processes.  Stop.
gmake[1]: *** [CMakeFiles/Makefile2:623: CMakeFiles/new_target.dir/all] Error 2
gmake: *** [Makefile:146: all] Interrupt
