[0.043s] Invoking command in '/home/s/Inertial_Sense/imx/SDK/ros2/build/inertial_sense_ros2': CMAKE_PREFIX_PATH=${CMAKE_PREFIX_PATH}:/opt/ros/jazzy DEBUGINFOD_URLS=https://debuginfod.ubuntu.com /usr/bin/cmake --build /home/s/Inertial_Sense/imx/SDK/ros2/build/inertial_sense_ros2 -- -j6 -l6
[0.303s] [  1%] Built target inertial_sense_ros2__rosidl_generator_type_description
[0.360s] [  1%] Built target ament_cmake_python_copy_inertial_sense_ros2
[0.406s] [  1%] Built target inertial_sense_ros2__cpp
[0.451s] [ 18%] [32mBuilding CXX object CMakeFiles/new_target.dir/src/inertial_sense_ros2.cpp.o[0m
[0.453s] [ 27%] Built target inertial_sense_ros2__rosidl_generator_c
[0.597s] [ 37%] Built target inertial_sense_ros2__rosidl_typesupport_cpp
[0.605s] [ 46%] Built target inertial_sense_ros2__rosidl_typesupport_fastrtps_c
[0.617s] [ 56%] Built target inertial_sense_ros2__rosidl_typesupport_fastrtps_cpp
[0.718s] [ 65%] Built target inertial_sense_ros2__rosidl_typesupport_introspection_c
[0.745s] [ 74%] Built target inertial_sense_ros2__rosidl_typesupport_c
[0.757s] [ 84%] Built target inertial_sense_ros2__rosidl_typesupport_introspection_cpp
[0.858s] [ 84%] Built target inertial_sense_ros2
[0.956s] [ 85%] Built target inertial_sense_ros2__py
[1.080s] [ 94%] Built target inertial_sense_ros2__rosidl_generator_py
[1.137s] running egg_info
[1.195s] [ 95%] Built target inertial_sense_ros2_s__rosidl_typesupport_fastrtps_c
[1.198s] [ 96%] Built target inertial_sense_ros2_s__rosidl_typesupport_introspection_c
[1.206s] writing inertial_sense_ros2.egg-info/PKG-INFO
[1.207s] writing dependency_links to inertial_sense_ros2.egg-info/dependency_links.txt
[1.208s] writing top-level names to inertial_sense_ros2.egg-info/top_level.txt
[1.218s] [ 97%] Built target inertial_sense_ros2_s__rosidl_typesupport_c
[1.402s] reading manifest file 'inertial_sense_ros2.egg-info/SOURCES.txt'
[1.404s] writing manifest file 'inertial_sense_ros2.egg-info/SOURCES.txt'
[1.489s] [ 97%] Built target ament_cmake_python_build_inertial_sense_ros2_egg
[86.242s] [ 98%] [32m[1mLinking CXX executable new_target[0m
[87.233s] /usr/bin/ld: CMakeFiles/new_target.dir/src/inertial_sense_ros2.cpp.o: warning: relocation against `_ZTVN4YAML13BadConversionE' in read-only section `.text._ZN4YAML13BadConversionC2ERKNS_4MarkE[_ZN4YAML13BadConversionC5ERKNS_4MarkE]'
[87.409s] /usr/bin/ld: CMakeFiles/new_target.dir/src/inertial_sense_ros2.cpp.o: in function `is_comm_parse_byte':
[87.409s] inertial_sense_ros2.cpp:(.text+0x8d): undefined reference to `is_comm_parse_byte_timeout'
[87.412s] /usr/bin/ld: CMakeFiles/new_target.dir/src/inertial_sense_ros2.cpp.o: in function `InertialSenseROS::InertialSenseROS(YAML::Node, bool)':
[87.412s] inertial_sense_ros2.cpp:(.text+0x632): undefined reference to `InertialSense::InertialSense(std::function<void (InertialSense*, p_data_t*, int)>, int (*)(unsigned int, p_data_get_t*), int (*)(unsigned int, unsigned char const*, int), int (*)(unsigned int, unsigned char const*, int), int (*)(unsigned int, unsigned char const*, int), int (*)(unsigned int, unsigned char const*, int))'
[87.414s] /usr/bin/ld: inertial_sense_ros2.cpp:(.text+0x7c5): undefined reference to `InertialSense::~InertialSense()'
[87.417s] /usr/bin/ld: CMakeFiles/new_target.dir/src/inertial_sense_ros2.cpp.o: in function `InertialSenseROS::terminate()':
[87.418s] inertial_sense_ros2.cpp:(.text+0xfde): undefined reference to `InertialSense::Close()'
[87.420s] /usr/bin/ld: inertial_sense_ros2.cpp:(.text+0xff0): undefined reference to `InertialSense::CloseServerConnection()'
[87.422s] /usr/bin/ld: CMakeFiles/new_target.dir/src/inertial_sense_ros2.cpp.o: in function `InertialSenseROS::initializeIS(bool)':
[87.423s] inertial_sense_ros2.cpp:(.text+0x12db): undefined reference to `InertialSense::StopBroadcasts(bool)'
[87.424s] /usr/bin/ld: inertial_sense_ros2.cpp:(.text+0x12fa): undefined reference to `InertialSense::SetSysCmd(unsigned int, int)'
[87.427s] /usr/bin/ld: inertial_sense_ros2.cpp:(.text+0x1319): undefined reference to `InertialSense::SetSysCmd(unsigned int, int)'
[87.429s] /usr/bin/ld: inertial_sense_ros2.cpp:(.text+0x136d): undefined reference to `InertialSense::StopBroadcasts(bool)'
[87.431s] /usr/bin/ld: inertial_sense_ros2.cpp:(.text+0x13a5): undefined reference to `InertialSense::SavePersistent()'
[87.435s] /usr/bin/ld: CMakeFiles/new_target.dir/src/inertial_sense_ros2.cpp.o: in function `InertialSenseROS::initializeROS()':
[87.435s] inertial_sense_ros2.cpp:(.text+0x19e3): undefined reference to `InertialSense::BroadcastBinaryData(unsigned int, int, std::function<void (InertialSense*, p_data_t*, int)>)'
[87.438s] /usr/bin/ld: CMakeFiles/new_target.dir/src/inertial_sense_ros2.cpp.o: in function `InertialSenseROS::configure_data_streams(bool)':
[87.438s] inertial_sense_ros2.cpp:(.text+0x8e2c): undefined reference to `InertialSense::BroadcastBinaryData(unsigned int, int, std::function<void (InertialSense*, p_data_t*, int)>)'
[87.441s] /usr/bin/ld: inertial_sense_ros2.cpp:(.text+0x9102): undefined reference to `InertialSense::BroadcastBinaryData(unsigned int, int, std::function<void (InertialSense*, p_data_t*, int)>)'
[87.443s] /usr/bin/ld: inertial_sense_ros2.cpp:(.text+0x9423): undefined reference to `InertialSense::BroadcastBinaryData(unsigned int, int, std::function<void (InertialSense*, p_data_t*, int)>)'
[87.445s] /usr/bin/ld: inertial_sense_ros2.cpp:(.text+0x948d): undefined reference to `InertialSense::BroadcastBinaryData(unsigned int, int, std::function<void (InertialSense*, p_data_t*, int)>)'
[87.449s] /usr/bin/ld: CMakeFiles/new_target.dir/src/inertial_sense_ros2.cpp.o:inertial_sense_ros2.cpp:(.text+0x97d1): more undefined references to `InertialSense::BroadcastBinaryData(unsigned int, int, std::function<void (InertialSense*, p_data_t*, int)>)' follow
[87.451s] /usr/bin/ld: CMakeFiles/new_target.dir/src/inertial_sense_ros2.cpp.o: in function `InertialSenseROS::configure_data_streams(bool)':
[87.451s] inertial_sense_ros2.cpp:(.text+0x9e18): undefined reference to `cISDataMappings::GetDataSetName(unsigned int)'
[87.453s] /usr/bin/ld: inertial_sense_ros2.cpp:(.text+0x9f1b): undefined reference to `InertialSense::BroadcastBinaryData(unsigned int, int, std::function<void (InertialSense*, p_data_t*, int)>)'
[87.456s] /usr/bin/ld: inertial_sense_ros2.cpp:(.text+0xa118): undefined reference to `cISDataMappings::GetDataSetName(unsigned int)'
[87.458s] /usr/bin/ld: inertial_sense_ros2.cpp:(.text+0xa22b): undefined reference to `InertialSense::BroadcastBinaryData(unsigned int, int, std::function<void (InertialSense*, p_data_t*, int)>)'
[87.460s] /usr/bin/ld: inertial_sense_ros2.cpp:(.text+0xa43a): undefined reference to `cISDataMappings::GetDataSetName(unsigned int)'
[87.463s] /usr/bin/ld: inertial_sense_ros2.cpp:(.text+0xa54d): undefined reference to `InertialSense::BroadcastBinaryData(unsigned int, int, std::function<void (InertialSense*, p_data_t*, int)>)'
[87.465s] /usr/bin/ld: inertial_sense_ros2.cpp:(.text+0xa75c): undefined reference to `cISDataMappings::GetDataSetName(unsigned int)'
[87.467s] /usr/bin/ld: inertial_sense_ros2.cpp:(.text+0xa86f): undefined reference to `InertialSense::BroadcastBinaryData(unsigned int, int, std::function<void (InertialSense*, p_data_t*, int)>)'
[87.470s] /usr/bin/ld: inertial_sense_ros2.cpp:(.text+0xaa7e): undefined reference to `cISDataMappings::GetDataSetName(unsigned int)'
[87.472s] /usr/bin/ld: inertial_sense_ros2.cpp:(.text+0xab91): undefined reference to `InertialSense::BroadcastBinaryData(unsigned int, int, std::function<void (InertialSense*, p_data_t*, int)>)'
[87.475s] /usr/bin/ld: inertial_sense_ros2.cpp:(.text+0xabd7): undefined reference to `InertialSense::FlashConfig(nvm_flash_cfg_t&, int)'
[87.477s] /usr/bin/ld: inertial_sense_ros2.cpp:(.text+0xb49e): undefined reference to `cISDataMappings::GetDataSetName(unsigned int)'
[87.480s] /usr/bin/ld: inertial_sense_ros2.cpp:(.text+0xb5b1): undefined reference to `InertialSense::BroadcastBinaryData(unsigned int, int, std::function<void (InertialSense*, p_data_t*, int)>)'
[87.482s] /usr/bin/ld: inertial_sense_ros2.cpp:(.text+0xb7c0): undefined reference to `cISDataMappings::GetDataSetName(unsigned int)'
[87.484s] /usr/bin/ld: inertial_sense_ros2.cpp:(.text+0xb8d3): undefined reference to `InertialSense::BroadcastBinaryData(unsigned int, int, std::function<void (InertialSense*, p_data_t*, int)>)'
[87.487s] /usr/bin/ld: inertial_sense_ros2.cpp:(.text+0xbae2): undefined reference to `cISDataMappings::GetDataSetName(unsigned int)'
[87.489s] /usr/bin/ld: inertial_sense_ros2.cpp:(.text+0xbbf5): undefined reference to `InertialSense::BroadcastBinaryData(unsigned int, int, std::function<void (InertialSense*, p_data_t*, int)>)'
[87.492s] /usr/bin/ld: inertial_sense_ros2.cpp:(.text+0xbe04): undefined reference to `cISDataMappings::GetDataSetName(unsigned int)'
[87.494s] /usr/bin/ld: inertial_sense_ros2.cpp:(.text+0xbf17): undefined reference to `InertialSense::BroadcastBinaryData(unsigned int, int, std::function<void (InertialSense*, p_data_t*, int)>)'
[87.496s] /usr/bin/ld: inertial_sense_ros2.cpp:(.text+0xc13c): undefined reference to `cISDataMappings::GetDataSetName(unsigned int)'
[87.498s] /usr/bin/ld: inertial_sense_ros2.cpp:(.text+0xc24f): undefined reference to `InertialSense::BroadcastBinaryData(unsigned int, int, std::function<void (InertialSense*, p_data_t*, int)>)'
[87.501s] /usr/bin/ld: inertial_sense_ros2.cpp:(.text+0xc45e): undefined reference to `cISDataMappings::GetDataSetName(unsigned int)'
[87.504s] /usr/bin/ld: inertial_sense_ros2.cpp:(.text+0xc571): undefined reference to `InertialSense::BroadcastBinaryData(unsigned int, int, std::function<void (InertialSense*, p_data_t*, int)>)'
[87.506s] /usr/bin/ld: inertial_sense_ros2.cpp:(.text+0xc780): undefined reference to `cISDataMappings::GetDataSetName(unsigned int)'
[87.509s] /usr/bin/ld: inertial_sense_ros2.cpp:(.text+0xc893): undefined reference to `InertialSense::BroadcastBinaryData(unsigned int, int, std::function<void (InertialSense*, p_data_t*, int)>)'
[87.511s] /usr/bin/ld: inertial_sense_ros2.cpp:(.text+0xcaa2): undefined reference to `cISDataMappings::GetDataSetName(unsigned int)'
[87.514s] /usr/bin/ld: inertial_sense_ros2.cpp:(.text+0xcbb5): undefined reference to `InertialSense::BroadcastBinaryData(unsigned int, int, std::function<void (InertialSense*, p_data_t*, int)>)'
[87.516s] /usr/bin/ld: inertial_sense_ros2.cpp:(.text+0xcdc4): undefined reference to `cISDataMappings::GetDataSetName(unsigned int)'
[87.519s] /usr/bin/ld: inertial_sense_ros2.cpp:(.text+0xced7): undefined reference to `InertialSense::BroadcastBinaryData(unsigned int, int, std::function<void (InertialSense*, p_data_t*, int)>)'
[87.521s] /usr/bin/ld: inertial_sense_ros2.cpp:(.text+0xd0e6): undefined reference to `cISDataMappings::GetDataSetName(unsigned int)'
[87.523s] /usr/bin/ld: inertial_sense_ros2.cpp:(.text+0xd1f9): undefined reference to `InertialSense::BroadcastBinaryData(unsigned int, int, std::function<void (InertialSense*, p_data_t*, int)>)'
[87.526s] /usr/bin/ld: inertial_sense_ros2.cpp:(.text+0xd408): undefined reference to `cISDataMappings::GetDataSetName(unsigned int)'
[87.528s] /usr/bin/ld: inertial_sense_ros2.cpp:(.text+0xd51b): undefined reference to `InertialSense::BroadcastBinaryData(unsigned int, int, std::function<void (InertialSense*, p_data_t*, int)>)'
[87.531s] /usr/bin/ld: inertial_sense_ros2.cpp:(.text+0xd72a): undefined reference to `cISDataMappings::GetDataSetName(unsigned int)'
[87.534s] /usr/bin/ld: inertial_sense_ros2.cpp:(.text+0xd83d): undefined reference to `InertialSense::BroadcastBinaryData(unsigned int, int, std::function<void (InertialSense*, p_data_t*, int)>)'
[87.539s] /usr/bin/ld: CMakeFiles/new_target.dir/src/inertial_sense_ros2.cpp.o: in function `InertialSenseROS::start_log()':
[87.539s] inertial_sense_ros2.cpp:(.text+0xf3fe): undefined reference to `cISLogger::CreateCurrentTimestamp[abi:cxx11]()'
[87.542s] /usr/bin/ld: inertial_sense_ros2.cpp:(.text+0xf774): undefined reference to `cISLogger::g_emptyString[abi:cxx11]'
[87.544s] /usr/bin/ld: inertial_sense_ros2.cpp:(.text+0xf7a6): undefined reference to `InertialSense::SetLoggerEnabled(bool, std::__cxx11::basic_string<char, std::char_traits<char>, std::allocator<char> > const&, cISLogger::eLogType, unsigned long, unsigned int, float, unsigned int, std::__cxx11::basic_string<char, std::char_traits<char>, std::allocator<char> > const&)'
[87.548s] /usr/bin/ld: CMakeFiles/new_target.dir/src/inertial_sense_ros2.cpp.o: in function `InertialSenseROS::connect(float)':
[87.548s] inertial_sense_ros2.cpp:(.text+0xfcd6): undefined reference to `InertialSense::Open(char const*, int, bool)'
[87.550s] /usr/bin/ld: inertial_sense_ros2.cpp:(.text+0x1017f): undefined reference to `InertialSense::DeviceInfo(int)'
[87.553s] /usr/bin/ld: CMakeFiles/new_target.dir/src/inertial_sense_ros2.cpp.o: in function `InertialSenseROS::firmware_compatiblity_check()':
[87.554s] inertial_sense_ros2.cpp:(.text+0x106a5): undefined reference to `InertialSense::DeviceInfo(int)'
[87.556s] /usr/bin/ld: inertial_sense_ros2.cpp:(.text+0x10728): undefined reference to `InertialSense::DeviceInfo(int)'
[87.559s] /usr/bin/ld: CMakeFiles/new_target.dir/src/inertial_sense_ros2.cpp.o: in function `InertialSenseROS::configure_flash_parameters()':
[87.559s] inertial_sense_ros2.cpp:(.text+0x10972): undefined reference to `InertialSense::FlashConfig(nvm_flash_cfg_t&, int)'
[87.561s] /usr/bin/ld: inertial_sense_ros2.cpp:(.text+0x1129b): undefined reference to `InertialSense::SendData(unsigned int, unsigned char*, unsigned int, unsigned int)'
[87.565s] /usr/bin/ld: CMakeFiles/new_target.dir/src/inertial_sense_ros2.cpp.o: in function `InertialSenseROS::connect_rtk_client(RtkRoverCorrectionProvider_Ntrip&)':
[87.565s] inertial_sense_ros2.cpp:(.text+0x114d2): undefined reference to `RtkRoverCorrectionProvider_Ntrip::get_connection_string[abi:cxx11]()'
[87.567s] /usr/bin/ld: inertial_sense_ros2.cpp:(.text+0x11501): undefined reference to `InertialSense::OpenConnectionToServer(std::__cxx11::basic_string<char, std::char_traits<char>, std::allocator<char> > const&)'
[87.570s] /usr/bin/ld: CMakeFiles/new_target.dir/src/inertial_sense_ros2.cpp.o: in function `InertialSenseROS::start_rtk_server(RtkBaseCorrectionProvider_Ntrip&)':
[87.570s] inertial_sense_ros2.cpp:(.text+0x12f98): undefined reference to `RtkBaseCorrectionProvider_Ntrip::get_connection_string[abi:cxx11]()'
[87.572s] /usr/bin/ld: inertial_sense_ros2.cpp:(.text+0x12fb8): undefined reference to `InertialSense::CreateHost(std::__cxx11::basic_string<char, std::char_traits<char>, std::allocator<char> > const&)'
[87.575s] /usr/bin/ld: CMakeFiles/new_target.dir/src/inertial_sense_ros2.cpp.o: in function `InertialSenseROS::configure_rtk()':
[87.576s] inertial_sense_ros2.cpp:(.text+0x13de3): undefined reference to `InertialSense::BroadcastBinaryData(unsigned int, int, std::function<void (InertialSense*, p_data_t*, int)>)'
[87.578s] /usr/bin/ld: inertial_sense_ros2.cpp:(.text+0x13e4d): undefined reference to `InertialSense::BroadcastBinaryData(unsigned int, int, std::function<void (InertialSense*, p_data_t*, int)>)'
[87.581s] /usr/bin/ld: inertial_sense_ros2.cpp:(.text+0x141d0): undefined reference to `InertialSense::BroadcastBinaryData(unsigned int, int, std::function<void (InertialSense*, p_data_t*, int)>)'
[87.583s] /usr/bin/ld: inertial_sense_ros2.cpp:(.text+0x1423a): undefined reference to `InertialSense::BroadcastBinaryData(unsigned int, int, std::function<void (InertialSense*, p_data_t*, int)>)'
[87.585s] /usr/bin/ld: inertial_sense_ros2.cpp:(.text+0x14548): undefined reference to `InertialSense::BroadcastBinaryData(unsigned int, int, std::function<void (InertialSense*, p_data_t*, int)>)'
[87.588s] /usr/bin/ld: CMakeFiles/new_target.dir/src/inertial_sense_ros2.cpp.o:inertial_sense_ros2.cpp:(.text+0x145b2): more undefined references to `InertialSense::BroadcastBinaryData(unsigned int, int, std::function<void (InertialSense*, p_data_t*, int)>)' follow
[87.590s] /usr/bin/ld: CMakeFiles/new_target.dir/src/inertial_sense_ros2.cpp.o: in function `InertialSenseROS::configure_rtk()':
[87.591s] inertial_sense_ros2.cpp:(.text+0x1490b): undefined reference to `RtkBaseProvider::getProvidersByType(std::__cxx11::basic_string<char, std::char_traits<char>, std::allocator<char> >)'
[87.593s] /usr/bin/ld: inertial_sense_ros2.cpp:(.text+0x14987): undefined reference to `InertialSense::SendData(unsigned int, unsigned char*, unsigned int, unsigned int)'
[87.595s] /usr/bin/ld: inertial_sense_ros2.cpp:(.text+0x14c8f): undefined reference to `InertialSense::BroadcastBinaryData(unsigned int, int, std::function<void (InertialSense*, p_data_t*, int)>)'
[87.598s] /usr/bin/ld: inertial_sense_ros2.cpp:(.text+0x14cf9): undefined reference to `InertialSense::BroadcastBinaryData(unsigned int, int, std::function<void (InertialSense*, p_data_t*, int)>)'
[87.601s] /usr/bin/ld: inertial_sense_ros2.cpp:(.text+0x150b4): undefined reference to `InertialSense::BroadcastBinaryData(unsigned int, int, std::function<void (InertialSense*, p_data_t*, int)>)'
[87.604s] /usr/bin/ld: inertial_sense_ros2.cpp:(.text+0x1511e): undefined reference to `InertialSense::BroadcastBinaryData(unsigned int, int, std::function<void (InertialSense*, p_data_t*, int)>)'
[87.606s] /usr/bin/ld: inertial_sense_ros2.cpp:(.text+0x15502): undefined reference to `InertialSense::BroadcastBinaryData(unsigned int, int, std::function<void (InertialSense*, p_data_t*, int)>)'
[87.609s] /usr/bin/ld: CMakeFiles/new_target.dir/src/inertial_sense_ros2.cpp.o:inertial_sense_ros2.cpp:(.text+0x1556c): more undefined references to `InertialSense::BroadcastBinaryData(unsigned int, int, std::function<void (InertialSense*, p_data_t*, int)>)' follow
[87.611s] /usr/bin/ld: CMakeFiles/new_target.dir/src/inertial_sense_ros2.cpp.o: in function `InertialSenseROS::configure_rtk()':
[87.612s] inertial_sense_ros2.cpp:(.text+0x158d8): undefined reference to `RtkBaseProvider::getProvidersByType(std::__cxx11::basic_string<char, std::char_traits<char>, std::allocator<char> >)'
[87.614s] /usr/bin/ld: inertial_sense_ros2.cpp:(.text+0x15954): undefined reference to `InertialSense::SendData(unsigned int, unsigned char*, unsigned int, unsigned int)'
[87.617s] /usr/bin/ld: CMakeFiles/new_target.dir/src/inertial_sense_ros2.cpp.o: in function `InertialSenseROS::INS4_callback(unsigned int, ins_4_t const*)':
[87.618s] inertial_sense_ros2.cpp:(.text+0x174ba): undefined reference to `eye_MatN'
[87.620s] /usr/bin/ld: inertial_sense_ros2.cpp:(.text+0x1757f): undefined reference to `ecef2lla'
[87.622s] /usr/bin/ld: inertial_sense_ros2.cpp:(.text+0x175b5): undefined reference to `quat_ecef2ned'
[87.625s] /usr/bin/ld: inertial_sense_ros2.cpp:(.text+0x178e9): undefined reference to `quat2euler'
[87.628s] /usr/bin/ld: inertial_sense_ros2.cpp:(.text+0x1795a): undefined reference to `vectorBodyToReference'
[87.630s] /usr/bin/ld: inertial_sense_ros2.cpp:(.text+0x17c8f): undefined reference to `mul_Quat_ConjQuat'
[87.633s] /usr/bin/ld: inertial_sense_ros2.cpp:(.text+0x17ce8): undefined reference to `transpose_Mat3'
[87.636s] /usr/bin/ld: inertial_sense_ros2.cpp:(.text+0x17ed0): undefined reference to `ecef2lla'
[87.639s] /usr/bin/ld: inertial_sense_ros2.cpp:(.text+0x17ef0): undefined reference to `lla_Deg2Rad_d'
[87.642s] /usr/bin/ld: inertial_sense_ros2.cpp:(.text+0x17f10): undefined reference to `lla2ned_d'
[87.644s] /usr/bin/ld: inertial_sense_ros2.cpp:(.text+0x17ff1): undefined reference to `quatConjRot'
[87.647s] /usr/bin/ld: inertial_sense_ros2.cpp:(.text+0x180b3): undefined reference to `quatRot'
[87.649s] /usr/bin/ld: inertial_sense_ros2.cpp:(.text+0x1840e): undefined reference to `euler2quat'
[87.652s] /usr/bin/ld: inertial_sense_ros2.cpp:(.text+0x1842e): undefined reference to `mul_Quat_ConjQuat'
[87.654s] /usr/bin/ld: inertial_sense_ros2.cpp:(.text+0x1844e): undefined reference to `mul_Quat_ConjQuat'
[87.657s] /usr/bin/ld: inertial_sense_ros2.cpp:(.text+0x1846e): undefined reference to `mul_Quat_Quat'
[87.659s] /usr/bin/ld: inertial_sense_ros2.cpp:(.text+0x184c7): undefined reference to `transpose_Mat3'
[87.662s] /usr/bin/ld: inertial_sense_ros2.cpp:(.text+0x186af): undefined reference to `ecef2lla'
[87.664s] /usr/bin/ld: inertial_sense_ros2.cpp:(.text+0x186cf): undefined reference to `lla_Deg2Rad_d'
[87.667s] /usr/bin/ld: inertial_sense_ros2.cpp:(.text+0x186ef): undefined reference to `lla2ned_d'
[87.669s] /usr/bin/ld: inertial_sense_ros2.cpp:(.text+0x187db): undefined reference to `quatConjRot'
[87.672s] /usr/bin/ld: inertial_sense_ros2.cpp:(.text+0x188a8): undefined reference to `quatRot'
[87.675s] /usr/bin/ld: CMakeFiles/new_target.dir/src/inertial_sense_ros2.cpp.o: in function `InertialSenseROS::update()':
[87.675s] inertial_sense_ros2.cpp:(.text+0x1a0ca): undefined reference to `InertialSense::IsOpen()'
[87.677s] /usr/bin/ld: inertial_sense_ros2.cpp:(.text+0x1a0e3): undefined reference to `InertialSense::Close()'
[87.680s] /usr/bin/ld: inertial_sense_ros2.cpp:(.text+0x1a118): undefined reference to `InertialSense::Update()'
[87.683s] /usr/bin/ld: CMakeFiles/new_target.dir/src/inertial_sense_ros2.cpp.o: in function `InertialSenseROS::set_current_position_as_refLLA(std_srvs::srv::Trigger_Request_<std::allocator<void> >&, std_srvs::srv::Trigger_Response_<std::allocator<void> >&)':
[87.683s] inertial_sense_ros2.cpp:(.text+0x1db1a): undefined reference to `InertialSense::SendData(unsigned int, unsigned char*, unsigned int, unsigned int)'
[87.685s] /usr/bin/ld: inertial_sense_ros2.cpp:(.text+0x1db39): undefined reference to `comManagerGetData'
[87.688s] /usr/bin/ld: inertial_sense_ros2.cpp:(.text+0x1db68): undefined reference to `InertialSense::FlashConfig(nvm_flash_cfg_t&, int)'
[87.690s] /usr/bin/ld: inertial_sense_ros2.cpp:(.text+0x1db6f): undefined reference to `comManagerStep'
[87.693s] /usr/bin/ld: inertial_sense_ros2.cpp:(.text+0x1dc61): undefined reference to `comManagerGetData'
[87.695s] /usr/bin/ld: inertial_sense_ros2.cpp:(.text+0x1de12): undefined reference to `comManagerGetData'
[87.698s] /usr/bin/ld: CMakeFiles/new_target.dir/src/inertial_sense_ros2.cpp.o: in function `InertialSenseROS::set_refLLA_to_value(std::shared_ptr<inertial_sense_ros2::srv::RefLLAUpdate_Request_<std::allocator<void> > >, std::shared_ptr<inertial_sense_ros2::srv::RefLLAUpdate_Response_<std::allocator<void> > >)':
[87.698s] inertial_sense_ros2.cpp:(.text+0x1df92): undefined reference to `InertialSense::SendData(unsigned int, unsigned char*, unsigned int, unsigned int)'
[87.701s] /usr/bin/ld: inertial_sense_ros2.cpp:(.text+0x1dfb1): undefined reference to `comManagerGetData'
[87.703s] /usr/bin/ld: inertial_sense_ros2.cpp:(.text+0x1dfe0): undefined reference to `InertialSense::FlashConfig(nvm_flash_cfg_t&, int)'
[87.705s] /usr/bin/ld: inertial_sense_ros2.cpp:(.text+0x1dfe7): undefined reference to `comManagerStep'
[87.708s] /usr/bin/ld: inertial_sense_ros2.cpp:(.text+0x1e11d): undefined reference to `comManagerGetData'
[87.710s] /usr/bin/ld: inertial_sense_ros2.cpp:(.text+0x1e326): undefined reference to `comManagerGetData'
[87.713s] /usr/bin/ld: CMakeFiles/new_target.dir/src/inertial_sense_ros2.cpp.o: in function `InertialSenseROS::perform_mag_cal_srv_callback(std::shared_ptr<std_srvs::srv::Trigger_Request_<std::allocator<void> > >, std::shared_ptr<std_srvs::srv::Trigger_Response_<std::allocator<void> > >)':
[87.714s] inertial_sense_ros2.cpp:(.text+0x1e4b4): undefined reference to `InertialSense::SendData(unsigned int, unsigned char*, unsigned int, unsigned int)'
[87.716s] /usr/bin/ld: inertial_sense_ros2.cpp:(.text+0x1e4d2): undefined reference to `is_comm_init'
[87.718s] /usr/bin/ld: inertial_sense_ros2.cpp:(.text+0x1e5bd): undefined reference to `serialPortReadCharTimeout'
[87.721s] /usr/bin/ld: CMakeFiles/new_target.dir/src/inertial_sense_ros2.cpp.o: in function `InertialSenseROS::perform_multi_mag_cal_srv_callback(std::shared_ptr<std_srvs::srv::Trigger_Request_<std::allocator<void> > >, std::shared_ptr<std_srvs::srv::Trigger_Response_<std::allocator<void> > >)':
[87.722s] inertial_sense_ros2.cpp:(.text+0x1e65a): undefined reference to `InertialSense::SendData(unsigned int, unsigned char*, unsigned int, unsigned int)'
[87.724s] /usr/bin/ld: inertial_sense_ros2.cpp:(.text+0x1e678): undefined reference to `is_comm_init'
[87.726s] /usr/bin/ld: inertial_sense_ros2.cpp:(.text+0x1e763): undefined reference to `serialPortReadCharTimeout'
[87.730s] /usr/bin/ld: CMakeFiles/new_target.dir/src/inertial_sense_ros2.cpp.o: in function `InertialSenseROS::reset_device()':
[87.731s] inertial_sense_ros2.cpp:(.text+0x1e803): undefined reference to `InertialSense::SendData(unsigned int, unsigned char*, unsigned int, unsigned int)'
[87.734s] /usr/bin/ld: inertial_sense_ros2.cpp:(.text+0x1ea83): undefined reference to `InertialSense::Close()'
[87.739s] /usr/bin/ld: CMakeFiles/new_target.dir/src/inertial_sense_ros2.cpp.o: in function `InertialSenseROS::transform_6x6_covariance(float*, float*, float*, float*)':
[87.740s] inertial_sense_ros2.cpp:(.text+0x1f998): undefined reference to `mul_Mat3x3_Mat3x3'
[87.743s] /usr/bin/ld: inertial_sense_ros2.cpp:(.text+0x1f9b5): undefined reference to `mul_Mat3x3_Mat3x3_Trans'
[87.746s] /usr/bin/ld: inertial_sense_ros2.cpp:(.text+0x1f9d2): undefined reference to `mul_Mat3x3_Mat3x3'
[87.749s] /usr/bin/ld: inertial_sense_ros2.cpp:(.text+0x1f9ef): undefined reference to `mul_Mat3x3_Mat3x3_Trans'
[87.751s] /usr/bin/ld: inertial_sense_ros2.cpp:(.text+0x1fa0c): undefined reference to `mul_Mat3x3_Mat3x3'
[87.753s] /usr/bin/ld: inertial_sense_ros2.cpp:(.text+0x1fa26): undefined reference to `mul_Mat3x3_Mat3x3_Trans'
[87.758s] /usr/bin/ld: CMakeFiles/new_target.dir/src/inertial_sense_ros2.cpp.o: in function `YAML::Exception::Exception(YAML::Mark const&, std::__cxx11::basic_string<char, std::char_traits<char>, std::allocator<char> > const&)':
[87.759s] inertial_sense_ros2.cpp:(.text._ZN4YAML9ExceptionC2ERKNS_4MarkERKNSt7__cxx1112basic_stringIcSt11char_traitsIcESaIcEEE[_ZN4YAML9ExceptionC5ERKNS_4MarkERKNSt7__cxx1112basic_stringIcSt11char_traitsIcESaIcEEE]+0x61): undefined reference to `vtable for YAML::Exception'
[87.762s] /usr/bin/ld: CMakeFiles/new_target.dir/src/inertial_sense_ros2.cpp.o: in function `YAML::RepresentationException::RepresentationException(YAML::Mark const&, std::__cxx11::basic_string<char, std::char_traits<char>, std::allocator<char> > const&)':
[87.762s] inertial_sense_ros2.cpp:(.text._ZN4YAML23RepresentationExceptionC2ERKNS_4MarkERKNSt7__cxx1112basic_stringIcSt11char_traitsIcESaIcEEE[_ZN4YAML23RepresentationExceptionC5ERKNS_4MarkERKNSt7__cxx1112basic_stringIcSt11char_traitsIcESaIcEEE]+0x32): undefined reference to `vtable for YAML::RepresentationException'
[87.765s] /usr/bin/ld: CMakeFiles/new_target.dir/src/inertial_sense_ros2.cpp.o: in function `YAML::InvalidNode::InvalidNode(std::__cxx11::basic_string<char, std::char_traits<char>, std::allocator<char> > const&)':
[87.766s] inertial_sense_ros2.cpp:(.text._ZN4YAML11InvalidNodeC2ERKNSt7__cxx1112basic_stringIcSt11char_traitsIcESaIcEEE[_ZN4YAML11InvalidNodeC5ERKNSt7__cxx1112basic_stringIcSt11char_traitsIcESaIcEEE]+0x71): undefined reference to `vtable for YAML::InvalidNode'
[87.768s] /usr/bin/ld: CMakeFiles/new_target.dir/src/inertial_sense_ros2.cpp.o: in function `YAML::BadConversion::BadConversion(YAML::Mark const&)':
[87.769s] inertial_sense_ros2.cpp:(.text._ZN4YAML13BadConversionC2ERKNS_4MarkE[_ZN4YAML13BadConversionC5ERKNS_4MarkE]+0x7b): undefined reference to `vtable for YAML::BadConversion'
[87.772s] /usr/bin/ld: CMakeFiles/new_target.dir/src/inertial_sense_ros2.cpp.o: in function `YAML::detail::memory_holder::create_node()':
[87.772s] inertial_sense_ros2.cpp:(.text._ZN4YAML6detail13memory_holder11create_nodeEv[_ZN4YAML6detail13memory_holder11create_nodeEv]+0x20): undefined reference to `YAML::detail::memory::create_node()'
[87.776s] /usr/bin/ld: CMakeFiles/new_target.dir/src/inertial_sense_ros2.cpp.o: in function `YAML::detail::node_ref::mark_defined()':
[87.776s] inertial_sense_ros2.cpp:(.text._ZN4YAML6detail8node_ref12mark_definedEv[_ZN4YAML6detail8node_ref12mark_definedEv]+0x20): undefined reference to `YAML::detail::node_data::mark_defined()'
[87.779s] /usr/bin/ld: CMakeFiles/new_target.dir/src/inertial_sense_ros2.cpp.o: in function `YAML::detail::node_ref::set_type(YAML::NodeType::value)':
[87.780s] inertial_sense_ros2.cpp:(.text._ZN4YAML6detail8node_ref8set_typeENS_8NodeType5valueE[_ZN4YAML6detail8node_ref8set_typeENS_8NodeType5valueE]+0x2b): undefined reference to `YAML::detail::node_data::set_type(YAML::NodeType::value)'
[87.783s] /usr/bin/ld: CMakeFiles/new_target.dir/src/inertial_sense_ros2.cpp.o: in function `YAML::detail::node_ref::set_null()':
[87.783s] inertial_sense_ros2.cpp:(.text._ZN4YAML6detail8node_ref8set_nullEv[_ZN4YAML6detail8node_ref8set_nullEv]+0x20): undefined reference to `YAML::detail::node_data::set_null()'
[87.786s] /usr/bin/ld: CMakeFiles/new_target.dir/src/inertial_sense_ros2.cpp.o: in function `YAML::detail::node_ref::set_scalar(std::__cxx11::basic_string<char, std::char_traits<char>, std::allocator<char> > const&)':
[87.787s] inertial_sense_ros2.cpp:(.text._ZN4YAML6detail8node_ref10set_scalarERKNSt7__cxx1112basic_stringIcSt11char_traitsIcESaIcEEE[_ZN4YAML6detail8node_ref10set_scalarERKNSt7__cxx1112basic_stringIcSt11char_traitsIcESaIcEEE]+0x2e): undefined reference to `YAML::detail::node_data::set_scalar(std::__cxx11::basic_string<char, std::char_traits<char>, std::allocator<char> > const&)'
[87.790s] /usr/bin/ld: CMakeFiles/new_target.dir/src/inertial_sense_ros2.cpp.o: in function `YAML::detail::node_ref::begin()':
[87.790s] inertial_sense_ros2.cpp:(.text._ZN4YAML6detail8node_ref5beginEv[_ZN4YAML6detail8node_ref5beginEv]+0x3d): undefined reference to `YAML::detail::node_data::begin()'
[87.793s] /usr/bin/ld: CMakeFiles/new_target.dir/src/inertial_sense_ros2.cpp.o: in function `YAML::detail::node_ref::end()':
[87.794s] inertial_sense_ros2.cpp:(.text._ZN4YAML6detail8node_ref3endEv[_ZN4YAML6detail8node_ref3endEv]+0x3d): undefined reference to `YAML::detail::node_data::end()'
[87.797s] /usr/bin/ld: CMakeFiles/new_target.dir/src/inertial_sense_ros2.cpp.o: in function `YAML::detail::node_ref::push_back(YAML::detail::node&, std::shared_ptr<YAML::detail::memory_holder>)':
[87.798s] inertial_sense_ros2.cpp:(.text._ZN4YAML6detail8node_ref9push_backERNS0_4nodeESt10shared_ptrINS0_13memory_holderEE[_ZN4YAML6detail8node_ref9push_backERNS0_4nodeESt10shared_ptrINS0_13memory_holderEE]+0x36): undefined reference to `YAML::detail::node_data::push_back(YAML::detail::node&, std::shared_ptr<YAML::detail::memory_holder> const&)'
[87.801s] /usr/bin/ld: CMakeFiles/new_target.dir/src/inertial_sense_ros2.cpp.o: in function `YAML::detail::node::push_back(YAML::detail::node&, std::shared_ptr<YAML::detail::memory_holder>)':
[87.802s] inertial_sense_ros2.cpp:(.text._ZN4YAML6detail4node9push_backERS1_St10shared_ptrINS0_13memory_holderEE[_ZN4YAML6detail4node9push_backERS1_St10shared_ptrINS0_13memory_holderEE]+0x8e): undefined reference to `YAML::detail::node::m_amount'
[87.805s] /usr/bin/ld: CMakeFiles/new_target.dir/src/inertial_sense_ros2.cpp.o: in function `YAML::Node::EnsureNodeExists() const':
[87.805s] inertial_sense_ros2.cpp:(.text._ZNK4YAML4Node16EnsureNodeExistsEv[_ZNK4YAML4Node16EnsureNodeExistsEv]+0x46): undefined reference to `YAML::InvalidNode::~InvalidNode()'
[87.807s] /usr/bin/ld: inertial_sense_ros2.cpp:(.text._ZNK4YAML4Node16EnsureNodeExistsEv[_ZNK4YAML4Node16EnsureNodeExistsEv]+0x50): undefined reference to `typeinfo for YAML::InvalidNode'
[87.810s] /usr/bin/ld: CMakeFiles/new_target.dir/src/inertial_sense_ros2.cpp.o: in function `YAML::Node::Mark() const':
[87.811s] inertial_sense_ros2.cpp:(.text._ZNK4YAML4Node4MarkEv[_ZNK4YAML4Node4MarkEv]+0x44): undefined reference to `YAML::InvalidNode::~InvalidNode()'
[87.813s] /usr/bin/ld: inertial_sense_ros2.cpp:(.text._ZNK4YAML4Node4MarkEv[_ZNK4YAML4Node4MarkEv]+0x4e): undefined reference to `typeinfo for YAML::InvalidNode'
[87.816s] /usr/bin/ld: CMakeFiles/new_target.dir/src/inertial_sense_ros2.cpp.o: in function `YAML::Node::Type() const':
[87.816s] inertial_sense_ros2.cpp:(.text._ZNK4YAML4Node4TypeEv[_ZNK4YAML4Node4TypeEv]+0x44): undefined reference to `YAML::InvalidNode::~InvalidNode()'
[87.818s] /usr/bin/ld: inertial_sense_ros2.cpp:(.text._ZNK4YAML4Node4TypeEv[_ZNK4YAML4Node4TypeEv]+0x4e): undefined reference to `typeinfo for YAML::InvalidNode'
[87.822s] /usr/bin/ld: CMakeFiles/new_target.dir/src/inertial_sense_ros2.cpp.o: in function `YAML::TypedBadConversion<std::__cxx11::basic_string<char, std::char_traits<char>, std::allocator<char> > >::~TypedBadConversion()':
[87.822s] inertial_sense_ros2.cpp:(.text._ZN4YAML18TypedBadConversionINSt7__cxx1112basic_stringIcSt11char_traitsIcESaIcEEEED2Ev[_ZN4YAML18TypedBadConversionINSt7__cxx1112basic_stringIcSt11char_traitsIcESaIcEEEED5Ev]+0x26): undefined reference to `YAML::BadConversion::~BadConversion()'
[87.825s] /usr/bin/ld: CMakeFiles/new_target.dir/src/inertial_sense_ros2.cpp.o: in function `YAML::Node::Scalar[abi:cxx11]() const':
[87.826s] inertial_sense_ros2.cpp:(.text._ZNK4YAML4Node6ScalarB5cxx11Ev[_ZNK4YAML4Node6ScalarB5cxx11Ev]+0x44): undefined reference to `YAML::InvalidNode::~InvalidNode()'
[87.828s] /usr/bin/ld: inertial_sense_ros2.cpp:(.text._ZNK4YAML4Node6ScalarB5cxx11Ev[_ZNK4YAML4Node6ScalarB5cxx11Ev]+0x4e): undefined reference to `typeinfo for YAML::InvalidNode'
[87.830s] /usr/bin/ld: inertial_sense_ros2.cpp:(.text._ZNK4YAML4Node6ScalarB5cxx11Ev[_ZNK4YAML4Node6ScalarB5cxx11Ev]+0x7d): undefined reference to `YAML::detail::node_data::empty_scalar[abi:cxx11]()'
[87.834s] /usr/bin/ld: CMakeFiles/new_target.dir/src/inertial_sense_ros2.cpp.o: in function `YAML::Node::is(YAML::Node const&) const':
[87.835s] inertial_sense_ros2.cpp:(.text._ZNK4YAML4Node2isERKS0_[_ZNK4YAML4Node2isERKS0_]+0x56): undefined reference to `YAML::InvalidNode::~InvalidNode()'
[87.837s] /usr/bin/ld: inertial_sense_ros2.cpp:(.text._ZNK4YAML4Node2isERKS0_[_ZNK4YAML4Node2isERKS0_]+0x60): undefined reference to `typeinfo for YAML::InvalidNode'
[87.842s] /usr/bin/ld: CMakeFiles/new_target.dir/src/inertial_sense_ros2.cpp.o: in function `YAML::Node::AssignData(YAML::Node const&)':
[87.843s] inertial_sense_ros2.cpp:(.text._ZN4YAML4Node10AssignDataERKS0_[_ZN4YAML4Node10AssignDataERKS0_]+0x72): undefined reference to `YAML::detail::memory_holder::merge(YAML::detail::memory_holder&)'
[87.846s] /usr/bin/ld: CMakeFiles/new_target.dir/src/inertial_sense_ros2.cpp.o: in function `YAML::Node::AssignNode(YAML::Node const&)':
[87.846s] inertial_sense_ros2.cpp:(.text._ZN4YAML4Node10AssignNodeERKS0_[_ZN4YAML4Node10AssignNodeERKS0_]+0x48): undefined reference to `YAML::InvalidNode::~InvalidNode()'
[87.848s] /usr/bin/ld: inertial_sense_ros2.cpp:(.text._ZN4YAML4Node10AssignNodeERKS0_[_ZN4YAML4Node10AssignNodeERKS0_]+0x52): undefined reference to `typeinfo for YAML::InvalidNode'
[87.851s] /usr/bin/ld: inertial_sense_ros2.cpp:(.text._ZN4YAML4Node10AssignNodeERKS0_[_ZN4YAML4Node10AssignNodeERKS0_]+0xec): undefined reference to `YAML::detail::memory_holder::merge(YAML::detail::memory_holder&)'
[87.855s] /usr/bin/ld: CMakeFiles/new_target.dir/src/inertial_sense_ros2.cpp.o: in function `YAML::Node::push_back(YAML::Node const&)':
[87.855s] inertial_sense_ros2.cpp:(.text._ZN4YAML4Node9push_backERKS0_[_ZN4YAML4Node9push_backERKS0_]+0xa8): undefined reference to `YAML::detail::memory_holder::merge(YAML::detail::memory_holder&)'
[87.862s] /usr/bin/ld: CMakeFiles/new_target.dir/src/inertial_sense_ros2.cpp.o: in function `TopicHelper::streamingCheck(unsigned int, bool&)':
[87.862s] inertial_sense_ros2.cpp:(.text._ZN11TopicHelper14streamingCheckEjRb[_ZN11TopicHelper14streamingCheckEjRb]+0x212): undefined reference to `cISDataMappings::GetDataSetName(unsigned int)'
[87.866s] /usr/bin/ld: CMakeFiles/new_target.dir/src/inertial_sense_ros2.cpp.o: in function `RtkBaseProvider::RtkBaseProvider(YAML::Node)':
[87.867s] inertial_sense_ros2.cpp:(.text._ZN15RtkBaseProviderC2EN4YAML4NodeE[_ZN15RtkBaseProviderC5EN4YAML4NodeE]+0xb3): undefined reference to `RtkBaseProvider::configure(YAML::Node&)'
[87.869s] /usr/bin/ld: CMakeFiles/new_target.dir/src/inertial_sense_ros2.cpp.o: in function `RtkRoverProvider::RtkRoverProvider(YAML::Node)':
[87.870s] inertial_sense_ros2.cpp:(.text._ZN16RtkRoverProviderC2EN4YAML4NodeE[_ZN16RtkRoverProviderC5EN4YAML4NodeE]+0x5f): undefined reference to `RtkRoverProvider::configure(YAML::Node&)'
[87.878s] /usr/bin/ld: CMakeFiles/new_target.dir/src/inertial_sense_ros2.cpp.o: in function `std::__cxx11::basic_string<char, std::char_traits<char>, std::allocator<char> > YAML::Node::as<std::__cxx11::basic_string<char, std::char_traits<char>, std::allocator<char> > >() const':
[87.878s] inertial_sense_ros2.cpp:(.text._ZNK4YAML4Node2asINSt7__cxx1112basic_stringIcSt11char_traitsIcESaIcEEEEET_v[_ZNK4YAML4Node2asINSt7__cxx1112basic_stringIcSt11char_traitsIcESaIcEEEEET_v]+0x6b): undefined reference to `YAML::InvalidNode::~InvalidNode()'
[87.880s] /usr/bin/ld: inertial_sense_ros2.cpp:(.text._ZNK4YAML4Node2asINSt7__cxx1112basic_stringIcSt11char_traitsIcESaIcEEEEET_v[_ZNK4YAML4Node2asINSt7__cxx1112basic_stringIcSt11char_traitsIcESaIcEEEEET_v]+0x75): undefined reference to `typeinfo for YAML::InvalidNode'
[87.888s] /usr/bin/ld: CMakeFiles/new_target.dir/src/inertial_sense_ros2.cpp.o: in function `double YAML::Node::as<double>() const':
[87.888s] inertial_sense_ros2.cpp:(.text._ZNK4YAML4Node2asIdEET_v[_ZNK4YAML4Node2asIdEET_v]+0x67): undefined reference to `YAML::InvalidNode::~InvalidNode()'
[87.891s] /usr/bin/ld: inertial_sense_ros2.cpp:(.text._ZNK4YAML4Node2asIdEET_v[_ZNK4YAML4Node2asIdEET_v]+0x71): undefined reference to `typeinfo for YAML::InvalidNode'
[87.894s] /usr/bin/ld: CMakeFiles/new_target.dir/src/inertial_sense_ros2.cpp.o: in function `float YAML::Node::as<float>() const':
[87.894s] inertial_sense_ros2.cpp:(.text._ZNK4YAML4Node2asIfEET_v[_ZNK4YAML4Node2asIfEET_v]+0x67): undefined reference to `YAML::InvalidNode::~InvalidNode()'
[87.896s] /usr/bin/ld: inertial_sense_ros2.cpp:(.text._ZNK4YAML4Node2asIfEET_v[_ZNK4YAML4Node2asIfEET_v]+0x71): undefined reference to `typeinfo for YAML::InvalidNode'
[87.899s] /usr/bin/ld: CMakeFiles/new_target.dir/src/inertial_sense_ros2.cpp.o: in function `bool YAML::Node::as<bool>() const':
[87.900s] inertial_sense_ros2.cpp:(.text._ZNK4YAML4Node2asIbEET_v[_ZNK4YAML4Node2asIbEET_v]+0x67): undefined reference to `YAML::InvalidNode::~InvalidNode()'
[87.902s] /usr/bin/ld: inertial_sense_ros2.cpp:(.text._ZNK4YAML4Node2asIbEET_v[_ZNK4YAML4Node2asIbEET_v]+0x71): undefined reference to `typeinfo for YAML::InvalidNode'
[87.905s] /usr/bin/ld: CMakeFiles/new_target.dir/src/inertial_sense_ros2.cpp.o: in function `int YAML::Node::as<int>() const':
[87.905s] inertial_sense_ros2.cpp:(.text._ZNK4YAML4Node2asIiEET_v[_ZNK4YAML4Node2asIiEET_v]+0x67): undefined reference to `YAML::InvalidNode::~InvalidNode()'
[87.907s] /usr/bin/ld: inertial_sense_ros2.cpp:(.text._ZNK4YAML4Node2asIiEET_v[_ZNK4YAML4Node2asIiEET_v]+0x71): undefined reference to `typeinfo for YAML::InvalidNode'
[87.911s] /usr/bin/ld: CMakeFiles/new_target.dir/src/inertial_sense_ros2.cpp.o: in function `unsigned int YAML::Node::as<unsigned int>() const':
[87.911s] inertial_sense_ros2.cpp:(.text._ZNK4YAML4Node2asIjEET_v[_ZNK4YAML4Node2asIjEET_v]+0x67): undefined reference to `YAML::InvalidNode::~InvalidNode()'
[87.913s] /usr/bin/ld: inertial_sense_ros2.cpp:(.text._ZNK4YAML4Node2asIjEET_v[_ZNK4YAML4Node2asIjEET_v]+0x71): undefined reference to `typeinfo for YAML::InvalidNode'
[87.916s] /usr/bin/ld: CMakeFiles/new_target.dir/src/inertial_sense_ros2.cpp.o: in function `std::vector<double, std::allocator<double> > YAML::Node::as<std::vector<double, std::allocator<double> > >() const':
[87.917s] inertial_sense_ros2.cpp:(.text._ZNK4YAML4Node2asISt6vectorIdSaIdEEEET_v[_ZNK4YAML4Node2asISt6vectorIdSaIdEEEET_v]+0x6b): undefined reference to `YAML::InvalidNode::~InvalidNode()'
[87.919s] /usr/bin/ld: inertial_sense_ros2.cpp:(.text._ZNK4YAML4Node2asISt6vectorIdSaIdEEEET_v[_ZNK4YAML4Node2asISt6vectorIdSaIdEEEET_v]+0x75): undefined reference to `typeinfo for YAML::InvalidNode'
[87.922s] /usr/bin/ld: CMakeFiles/new_target.dir/src/inertial_sense_ros2.cpp.o: in function `void YAML::Node::Assign<int>(int const&)':
[87.922s] inertial_sense_ros2.cpp:(.text._ZN4YAML4Node6AssignIiEEvRKT_[_ZN4YAML4Node6AssignIiEEvRKT_]+0x6b): undefined reference to `YAML::InvalidNode::~InvalidNode()'
[87.925s] /usr/bin/ld: inertial_sense_ros2.cpp:(.text._ZN4YAML4Node6AssignIiEEvRKT_[_ZN4YAML4Node6AssignIiEEvRKT_]+0x75): undefined reference to `typeinfo for YAML::InvalidNode'
[87.934s] /usr/bin/ld: CMakeFiles/new_target.dir/src/inertial_sense_ros2.cpp.o: in function `YAML::TypedBadConversion<double>::~TypedBadConversion()':
[87.934s] inertial_sense_ros2.cpp:(.text._ZN4YAML18TypedBadConversionIdED2Ev[_ZN4YAML18TypedBadConversionIdED5Ev]+0x26): undefined reference to `YAML::BadConversion::~BadConversion()'
[87.937s] /usr/bin/ld: CMakeFiles/new_target.dir/src/inertial_sense_ros2.cpp.o: in function `void YAML::Node::Assign<double>(double const&)':
[87.938s] inertial_sense_ros2.cpp:(.text._ZN4YAML4Node6AssignIdEEvRKT_[_ZN4YAML4Node6AssignIdEEvRKT_]+0x6b): undefined reference to `YAML::InvalidNode::~InvalidNode()'
[87.941s] /usr/bin/ld: inertial_sense_ros2.cpp:(.text._ZN4YAML4Node6AssignIdEEvRKT_[_ZN4YAML4Node6AssignIdEEvRKT_]+0x75): undefined reference to `typeinfo for YAML::InvalidNode'
[87.945s] /usr/bin/ld: CMakeFiles/new_target.dir/src/inertial_sense_ros2.cpp.o: in function `YAML::TypedBadConversion<float>::~TypedBadConversion()':
[87.945s] inertial_sense_ros2.cpp:(.text._ZN4YAML18TypedBadConversionIfED2Ev[_ZN4YAML18TypedBadConversionIfED5Ev]+0x26): undefined reference to `YAML::BadConversion::~BadConversion()'
[87.948s] /usr/bin/ld: CMakeFiles/new_target.dir/src/inertial_sense_ros2.cpp.o: in function `void YAML::Node::Assign<float>(float const&)':
[87.948s] inertial_sense_ros2.cpp:(.text._ZN4YAML4Node6AssignIfEEvRKT_[_ZN4YAML4Node6AssignIfEEvRKT_]+0x6b): undefined reference to `YAML::InvalidNode::~InvalidNode()'
[87.951s] /usr/bin/ld: inertial_sense_ros2.cpp:(.text._ZN4YAML4Node6AssignIfEEvRKT_[_ZN4YAML4Node6AssignIfEEvRKT_]+0x75): undefined reference to `typeinfo for YAML::InvalidNode'
[87.955s] /usr/bin/ld: CMakeFiles/new_target.dir/src/inertial_sense_ros2.cpp.o: in function `YAML::TypedBadConversion<bool>::~TypedBadConversion()':
[87.955s] inertial_sense_ros2.cpp:(.text._ZN4YAML18TypedBadConversionIbED2Ev[_ZN4YAML18TypedBadConversionIbED5Ev]+0x26): undefined reference to `YAML::BadConversion::~BadConversion()'
[87.958s] /usr/bin/ld: CMakeFiles/new_target.dir/src/inertial_sense_ros2.cpp.o: in function `YAML::as_if<bool, void>::operator()() const':
[87.958s] inertial_sense_ros2.cpp:(.text._ZNK4YAML5as_ifIbvEclEv[_ZNK4YAML5as_ifIbvEclEv]+0xae): undefined reference to `YAML::convert<bool>::decode(YAML::Node const&, bool&)'
[87.961s] /usr/bin/ld: CMakeFiles/new_target.dir/src/inertial_sense_ros2.cpp.o: in function `void YAML::Node::Assign<bool>(bool const&)':
[87.961s] inertial_sense_ros2.cpp:(.text._ZN4YAML4Node6AssignIbEEvRKT_[_ZN4YAML4Node6AssignIbEEvRKT_]+0x6b): undefined reference to `YAML::InvalidNode::~InvalidNode()'
[87.963s] /usr/bin/ld: inertial_sense_ros2.cpp:(.text._ZN4YAML4Node6AssignIbEEvRKT_[_ZN4YAML4Node6AssignIbEEvRKT_]+0x75): undefined reference to `typeinfo for YAML::InvalidNode'
[87.967s] /usr/bin/ld: CMakeFiles/new_target.dir/src/inertial_sense_ros2.cpp.o: in function `YAML::TypedBadConversion<int>::~TypedBadConversion()':
[87.967s] inertial_sense_ros2.cpp:(.text._ZN4YAML18TypedBadConversionIiED2Ev[_ZN4YAML18TypedBadConversionIiED5Ev]+0x26): undefined reference to `YAML::BadConversion::~BadConversion()'
[87.970s] /usr/bin/ld: CMakeFiles/new_target.dir/src/inertial_sense_ros2.cpp.o: in function `YAML::TypedBadConversion<unsigned int>::~TypedBadConversion()':
[87.971s] inertial_sense_ros2.cpp:(.text._ZN4YAML18TypedBadConversionIjED2Ev[_ZN4YAML18TypedBadConversionIjED5Ev]+0x26): undefined reference to `YAML::BadConversion::~BadConversion()'
[87.973s] /usr/bin/ld: CMakeFiles/new_target.dir/src/inertial_sense_ros2.cpp.o: in function `void YAML::Node::Assign<unsigned int>(unsigned int const&)':
[87.974s] inertial_sense_ros2.cpp:(.text._ZN4YAML4Node6AssignIjEEvRKT_[_ZN4YAML4Node6AssignIjEEvRKT_]+0x6b): undefined reference to `YAML::InvalidNode::~InvalidNode()'
[87.976s] /usr/bin/ld: inertial_sense_ros2.cpp:(.text._ZN4YAML4Node6AssignIjEEvRKT_[_ZN4YAML4Node6AssignIjEEvRKT_]+0x75): undefined reference to `typeinfo for YAML::InvalidNode'
[87.979s] /usr/bin/ld: CMakeFiles/new_target.dir/src/inertial_sense_ros2.cpp.o: in function `YAML::TypedBadConversion<std::vector<double, std::allocator<double> > >::~TypedBadConversion()':
[87.980s] inertial_sense_ros2.cpp:(.text._ZN4YAML18TypedBadConversionISt6vectorIdSaIdEEED2Ev[_ZN4YAML18TypedBadConversionISt6vectorIdSaIdEEED5Ev]+0x26): undefined reference to `YAML::BadConversion::~BadConversion()'
[87.983s] /usr/bin/ld: CMakeFiles/new_target.dir/src/inertial_sense_ros2.cpp.o: in function `void YAML::Node::Assign<std::vector<double, std::allocator<double> > >(std::vector<double, std::allocator<double> > const&)':
[87.983s] inertial_sense_ros2.cpp:(.text._ZN4YAML4Node6AssignISt6vectorIdSaIdEEEEvRKT_[_ZN4YAML4Node6AssignISt6vectorIdSaIdEEEEvRKT_]+0x6b): undefined reference to `YAML::InvalidNode::~InvalidNode()'
[87.986s] /usr/bin/ld: inertial_sense_ros2.cpp:(.text._ZN4YAML4Node6AssignISt6vectorIdSaIdEEEEvRKT_[_ZN4YAML4Node6AssignISt6vectorIdSaIdEEEEvRKT_]+0x75): undefined reference to `typeinfo for YAML::InvalidNode'
[87.995s] /usr/bin/ld: CMakeFiles/new_target.dir/src/inertial_sense_ros2.cpp.o: in function `YAML::detail::node& YAML::detail::node_data::get<std::__cxx11::basic_string<char, std::char_traits<char>, std::allocator<char> > >(std::__cxx11::basic_string<char, std::char_traits<char>, std::allocator<char> > const&, std::shared_ptr<YAML::detail::memory_holder>)':
[87.995s] inertial_sense_ros2.cpp:(.text._ZN4YAML6detail9node_data3getINSt7__cxx1112basic_stringIcSt11char_traitsIcESaIcEEEEERNS0_4nodeERKT_St10shared_ptrINS0_13memory_holderEE[_ZN4YAML6detail9node_data3getINSt7__cxx1112basic_stringIcSt11char_traitsIcESaIcEEEEERNS0_4nodeERKT_St10shared_ptrINS0_13memory_holderEE]+0xd3): undefined reference to `YAML::detail::node_data::convert_to_map(std::shared_ptr<YAML::detail::memory_holder> const&)'
[87.997s] /usr/bin/ld: inertial_sense_ros2.cpp:(.text._ZN4YAML6detail9node_data3getINSt7__cxx1112basic_stringIcSt11char_traitsIcESaIcEEEEERNS0_4nodeERKT_St10shared_ptrINS0_13memory_holderEE[_ZN4YAML6detail9node_data3getINSt7__cxx1112basic_stringIcSt11char_traitsIcESaIcEEEEERNS0_4nodeERKT_St10shared_ptrINS0_13memory_holderEE]+0x117): undefined reference to `YAML::BadSubscript::~BadSubscript()'
[87.999s] /usr/bin/ld: inertial_sense_ros2.cpp:(.text._ZN4YAML6detail9node_data3getINSt7__cxx1112basic_stringIcSt11char_traitsIcESaIcEEEEERNS0_4nodeERKT_St10shared_ptrINS0_13memory_holderEE[_ZN4YAML6detail9node_data3getINSt7__cxx1112basic_stringIcSt11char_traitsIcESaIcEEEEERNS0_4nodeERKT_St10shared_ptrINS0_13memory_holderEE]+0x121): undefined reference to `typeinfo for YAML::BadSubscript'
[88.002s] /usr/bin/ld: inertial_sense_ros2.cpp:(.text._ZN4YAML6detail9node_data3getINSt7__cxx1112basic_stringIcSt11char_traitsIcESaIcEEEEERNS0_4nodeERKT_St10shared_ptrINS0_13memory_holderEE[_ZN4YAML6detail9node_data3getINSt7__cxx1112basic_stringIcSt11char_traitsIcESaIcEEEEERNS0_4nodeERKT_St10shared_ptrINS0_13memory_holderEE]+0x20f): undefined reference to `YAML::detail::node_data::insert_map_pair(YAML::detail::node&, YAML::detail::node&)'
[88.005s] /usr/bin/ld: CMakeFiles/new_target.dir/src/inertial_sense_ros2.cpp.o: in function `YAML::detail::node& YAML::detail::node_data::get<char [5]>(char const (&) [5], std::shared_ptr<YAML::detail::memory_holder>)':
[88.006s] inertial_sense_ros2.cpp:(.text._ZN4YAML6detail9node_data3getIA5_cEERNS0_4nodeERKT_St10shared_ptrINS0_13memory_holderEE[_ZN4YAML6detail9node_data3getIA5_cEERNS0_4nodeERKT_St10shared_ptrINS0_13memory_holderEE]+0xd3): undefined reference to `YAML::detail::node_data::convert_to_map(std::shared_ptr<YAML::detail::memory_holder> const&)'
[88.008s] /usr/bin/ld: inertial_sense_ros2.cpp:(.text._ZN4YAML6detail9node_data3getIA5_cEERNS0_4nodeERKT_St10shared_ptrINS0_13memory_holderEE[_ZN4YAML6detail9node_data3getIA5_cEERNS0_4nodeERKT_St10shared_ptrINS0_13memory_holderEE]+0x117): undefined reference to `YAML::BadSubscript::~BadSubscript()'
[88.011s] /usr/bin/ld: inertial_sense_ros2.cpp:(.text._ZN4YAML6detail9node_data3getIA5_cEERNS0_4nodeERKT_St10shared_ptrINS0_13memory_holderEE[_ZN4YAML6detail9node_data3getIA5_cEERNS0_4nodeERKT_St10shared_ptrINS0_13memory_holderEE]+0x121): undefined reference to `typeinfo for YAML::BadSubscript'
[88.013s] /usr/bin/ld: inertial_sense_ros2.cpp:(.text._ZN4YAML6detail9node_data3getIA5_cEERNS0_4nodeERKT_St10shared_ptrINS0_13memory_holderEE[_ZN4YAML6detail9node_data3getIA5_cEERNS0_4nodeERKT_St10shared_ptrINS0_13memory_holderEE]+0x20f): undefined reference to `YAML::detail::node_data::insert_map_pair(YAML::detail::node&, YAML::detail::node&)'
[88.017s] /usr/bin/ld: CMakeFiles/new_target.dir/src/inertial_sense_ros2.cpp.o: in function `YAML::detail::node& YAML::detail::node_data::get<char [8]>(char const (&) [8], std::shared_ptr<YAML::detail::memory_holder>)':
[88.017s] inertial_sense_ros2.cpp:(.text._ZN4YAML6detail9node_data3getIA8_cEERNS0_4nodeERKT_St10shared_ptrINS0_13memory_holderEE[_ZN4YAML6detail9node_data3getIA8_cEERNS0_4nodeERKT_St10shared_ptrINS0_13memory_holderEE]+0xd3): undefined reference to `YAML::detail::node_data::convert_to_map(std::shared_ptr<YAML::detail::memory_holder> const&)'
[88.019s] /usr/bin/ld: inertial_sense_ros2.cpp:(.text._ZN4YAML6detail9node_data3getIA8_cEERNS0_4nodeERKT_St10shared_ptrINS0_13memory_holderEE[_ZN4YAML6detail9node_data3getIA8_cEERNS0_4nodeERKT_St10shared_ptrINS0_13memory_holderEE]+0x117): undefined reference to `YAML::BadSubscript::~BadSubscript()'
[88.021s] /usr/bin/ld: inertial_sense_ros2.cpp:(.text._ZN4YAML6detail9node_data3getIA8_cEERNS0_4nodeERKT_St10shared_ptrINS0_13memory_holderEE[_ZN4YAML6detail9node_data3getIA8_cEERNS0_4nodeERKT_St10shared_ptrINS0_13memory_holderEE]+0x121): undefined reference to `typeinfo for YAML::BadSubscript'
[88.024s] /usr/bin/ld: inertial_sense_ros2.cpp:(.text._ZN4YAML6detail9node_data3getIA8_cEERNS0_4nodeERKT_St10shared_ptrINS0_13memory_holderEE[_ZN4YAML6detail9node_data3getIA8_cEERNS0_4nodeERKT_St10shared_ptrINS0_13memory_holderEE]+0x20f): undefined reference to `YAML::detail::node_data::insert_map_pair(YAML::detail::node&, YAML::detail::node&)'
[88.027s] /usr/bin/ld: CMakeFiles/new_target.dir/src/inertial_sense_ros2.cpp.o: in function `YAML::detail::node& YAML::detail::node_data::get<char [9]>(char const (&) [9], std::shared_ptr<YAML::detail::memory_holder>)':
[88.027s] inertial_sense_ros2.cpp:(.text._ZN4YAML6detail9node_data3getIA9_cEERNS0_4nodeERKT_St10shared_ptrINS0_13memory_holderEE[_ZN4YAML6detail9node_data3getIA9_cEERNS0_4nodeERKT_St10shared_ptrINS0_13memory_holderEE]+0xd3): undefined reference to `YAML::detail::node_data::convert_to_map(std::shared_ptr<YAML::detail::memory_holder> const&)'
[88.030s] /usr/bin/ld: inertial_sense_ros2.cpp:(.text._ZN4YAML6detail9node_data3getIA9_cEERNS0_4nodeERKT_St10shared_ptrINS0_13memory_holderEE[_ZN4YAML6detail9node_data3getIA9_cEERNS0_4nodeERKT_St10shared_ptrINS0_13memory_holderEE]+0x117): undefined reference to `YAML::BadSubscript::~BadSubscript()'
[88.032s] /usr/bin/ld: inertial_sense_ros2.cpp:(.text._ZN4YAML6detail9node_data3getIA9_cEERNS0_4nodeERKT_St10shared_ptrINS0_13memory_holderEE[_ZN4YAML6detail9node_data3getIA9_cEERNS0_4nodeERKT_St10shared_ptrINS0_13memory_holderEE]+0x121): undefined reference to `typeinfo for YAML::BadSubscript'
[88.035s] /usr/bin/ld: inertial_sense_ros2.cpp:(.text._ZN4YAML6detail9node_data3getIA9_cEERNS0_4nodeERKT_St10shared_ptrINS0_13memory_holderEE[_ZN4YAML6detail9node_data3getIA9_cEERNS0_4nodeERKT_St10shared_ptrINS0_13memory_holderEE]+0x20f): undefined reference to `YAML::detail::node_data::insert_map_pair(YAML::detail::node&, YAML::detail::node&)'
[88.040s] /usr/bin/ld: CMakeFiles/new_target.dir/src/inertial_sense_ros2.cpp.o: in function `YAML::detail::node& YAML::detail::node_data::get<char [4]>(char const (&) [4], std::shared_ptr<YAML::detail::memory_holder>)':
[88.041s] inertial_sense_ros2.cpp:(.text._ZN4YAML6detail9node_data3getIA4_cEERNS0_4nodeERKT_St10shared_ptrINS0_13memory_holderEE[_ZN4YAML6detail9node_data3getIA4_cEERNS0_4nodeERKT_St10shared_ptrINS0_13memory_holderEE]+0xd3): undefined reference to `YAML::detail::node_data::convert_to_map(std::shared_ptr<YAML::detail::memory_holder> const&)'
[88.042s] /usr/bin/ld: inertial_sense_ros2.cpp:(.text._ZN4YAML6detail9node_data3getIA4_cEERNS0_4nodeERKT_St10shared_ptrINS0_13memory_holderEE[_ZN4YAML6detail9node_data3getIA4_cEERNS0_4nodeERKT_St10shared_ptrINS0_13memory_holderEE]+0x117): undefined reference to `YAML::BadSubscript::~BadSubscript()'
[88.045s] /usr/bin/ld: inertial_sense_ros2.cpp:(.text._ZN4YAML6detail9node_data3getIA4_cEERNS0_4nodeERKT_St10shared_ptrINS0_13memory_holderEE[_ZN4YAML6detail9node_data3getIA4_cEERNS0_4nodeERKT_St10shared_ptrINS0_13memory_holderEE]+0x121): undefined reference to `typeinfo for YAML::BadSubscript'
[88.048s] /usr/bin/ld: inertial_sense_ros2.cpp:(.text._ZN4YAML6detail9node_data3getIA4_cEERNS0_4nodeERKT_St10shared_ptrINS0_13memory_holderEE[_ZN4YAML6detail9node_data3getIA4_cEERNS0_4nodeERKT_St10shared_ptrINS0_13memory_holderEE]+0x20f): undefined reference to `YAML::detail::node_data::insert_map_pair(YAML::detail::node&, YAML::detail::node&)'
[88.058s] /usr/bin/ld: CMakeFiles/new_target.dir/src/inertial_sense_ros2.cpp.o: in function `void YAML::Node::push_back<double>(double const&)':
[88.058s] inertial_sense_ros2.cpp:(.text._ZN4YAML4Node9push_backIdEEvRKT_[_ZN4YAML4Node9push_backIdEEvRKT_]+0x6b): undefined reference to `YAML::InvalidNode::~InvalidNode()'
[88.060s] /usr/bin/ld: inertial_sense_ros2.cpp:(.text._ZN4YAML4Node9push_backIdEEvRKT_[_ZN4YAML4Node9push_backIdEEvRKT_]+0x75): undefined reference to `typeinfo for YAML::InvalidNode'
[88.064s] /usr/bin/ld: CMakeFiles/new_target.dir/src/inertial_sense_ros2.cpp.o: in function `YAML::BadSubscript::BadSubscript<std::__cxx11::basic_string<char, std::char_traits<char>, std::allocator<char> > >(YAML::Mark const&, std::__cxx11::basic_string<char, std::char_traits<char>, std::allocator<char> > const&)':
[88.064s] inertial_sense_ros2.cpp:(.text._ZN4YAML12BadSubscriptC2INSt7__cxx1112basic_stringIcSt11char_traitsIcESaIcEEEEERKNS_4MarkERKT_[_ZN4YAML12BadSubscriptC5INSt7__cxx1112basic_stringIcSt11char_traitsIcESaIcEEEEERKNS_4MarkERKT_]+0x61): undefined reference to `vtable for YAML::BadSubscript'
[88.067s] /usr/bin/ld: CMakeFiles/new_target.dir/src/inertial_sense_ros2.cpp.o: in function `YAML::detail::node& YAML::detail::node_data::convert_to_node<std::__cxx11::basic_string<char, std::char_traits<char>, std::allocator<char> > >(std::__cxx11::basic_string<char, std::char_traits<char>, std::allocator<char> > const&, std::shared_ptr<YAML::detail::memory_holder>)':
[88.068s] inertial_sense_ros2.cpp:(.text._ZN4YAML6detail9node_data15convert_to_nodeINSt7__cxx1112basic_stringIcSt11char_traitsIcESaIcEEEEERNS0_4nodeERKT_St10shared_ptrINS0_13memory_holderEE[_ZN4YAML6detail9node_data15convert_to_nodeINSt7__cxx1112basic_stringIcSt11char_traitsIcESaIcEEEEERNS0_4nodeERKT_St10shared_ptrINS0_13memory_holderEE]+0x69): undefined reference to `YAML::detail::memory_holder::merge(YAML::detail::memory_holder&)'
[88.071s] /usr/bin/ld: CMakeFiles/new_target.dir/src/inertial_sense_ros2.cpp.o: in function `YAML::BadSubscript::BadSubscript<char [5]>(YAML::Mark const&, char const (&) [5])':
[88.071s] inertial_sense_ros2.cpp:(.text._ZN4YAML12BadSubscriptC2IA5_cEERKNS_4MarkERKT_[_ZN4YAML12BadSubscriptC5IA5_cEERKNS_4MarkERKT_]+0x61): undefined reference to `vtable for YAML::BadSubscript'
[88.074s] /usr/bin/ld: CMakeFiles/new_target.dir/src/inertial_sense_ros2.cpp.o: in function `YAML::detail::node& YAML::detail::node_data::convert_to_node<char [5]>(char const (&) [5], std::shared_ptr<YAML::detail::memory_holder>)':
[88.074s] inertial_sense_ros2.cpp:(.text._ZN4YAML6detail9node_data15convert_to_nodeIA5_cEERNS0_4nodeERKT_St10shared_ptrINS0_13memory_holderEE[_ZN4YAML6detail9node_data15convert_to_nodeIA5_cEERNS0_4nodeERKT_St10shared_ptrINS0_13memory_holderEE]+0x69): undefined reference to `YAML::detail::memory_holder::merge(YAML::detail::memory_holder&)'
[88.081s] /usr/bin/ld: CMakeFiles/new_target.dir/src/inertial_sense_ros2.cpp.o: in function `YAML::BadSubscript::BadSubscript<char [8]>(YAML::Mark const&, char const (&) [8])':
[88.082s] inertial_sense_ros2.cpp:(.text._ZN4YAML12BadSubscriptC2IA8_cEERKNS_4MarkERKT_[_ZN4YAML12BadSubscriptC5IA8_cEERKNS_4MarkERKT_]+0x61): undefined reference to `vtable for YAML::BadSubscript'
[88.085s] /usr/bin/ld: CMakeFiles/new_target.dir/src/inertial_sense_ros2.cpp.o: in function `YAML::detail::node& YAML::detail::node_data::convert_to_node<char [8]>(char const (&) [8], std::shared_ptr<YAML::detail::memory_holder>)':
[88.085s] inertial_sense_ros2.cpp:(.text._ZN4YAML6detail9node_data15convert_to_nodeIA8_cEERNS0_4nodeERKT_St10shared_ptrINS0_13memory_holderEE[_ZN4YAML6detail9node_data15convert_to_nodeIA8_cEERNS0_4nodeERKT_St10shared_ptrINS0_13memory_holderEE]+0x69): undefined reference to `YAML::detail::memory_holder::merge(YAML::detail::memory_holder&)'
[88.088s] /usr/bin/ld: CMakeFiles/new_target.dir/src/inertial_sense_ros2.cpp.o: in function `YAML::BadSubscript::BadSubscript<char [9]>(YAML::Mark const&, char const (&) [9])':
[88.088s] inertial_sense_ros2.cpp:(.text._ZN4YAML12BadSubscriptC2IA9_cEERKNS_4MarkERKT_[_ZN4YAML12BadSubscriptC5IA9_cEERKNS_4MarkERKT_]+0x61): undefined reference to `vtable for YAML::BadSubscript'
[88.091s] /usr/bin/ld: CMakeFiles/new_target.dir/src/inertial_sense_ros2.cpp.o: in function `YAML::detail::node& YAML::detail::node_data::convert_to_node<char [9]>(char const (&) [9], std::shared_ptr<YAML::detail::memory_holder>)':
[88.092s] inertial_sense_ros2.cpp:(.text._ZN4YAML6detail9node_data15convert_to_nodeIA9_cEERNS0_4nodeERKT_St10shared_ptrINS0_13memory_holderEE[_ZN4YAML6detail9node_data15convert_to_nodeIA9_cEERNS0_4nodeERKT_St10shared_ptrINS0_13memory_holderEE]+0x69): undefined reference to `YAML::detail::memory_holder::merge(YAML::detail::memory_holder&)'
[88.096s] /usr/bin/ld: CMakeFiles/new_target.dir/src/inertial_sense_ros2.cpp.o: in function `YAML::BadSubscript::BadSubscript<char [4]>(YAML::Mark const&, char const (&) [4])':
[88.096s] inertial_sense_ros2.cpp:(.text._ZN4YAML12BadSubscriptC2IA4_cEERKNS_4MarkERKT_[_ZN4YAML12BadSubscriptC5IA4_cEERKNS_4MarkERKT_]+0x61): undefined reference to `vtable for YAML::BadSubscript'
[88.099s] /usr/bin/ld: CMakeFiles/new_target.dir/src/inertial_sense_ros2.cpp.o: in function `YAML::detail::node& YAML::detail::node_data::convert_to_node<char [4]>(char const (&) [4], std::shared_ptr<YAML::detail::memory_holder>)':
[88.100s] inertial_sense_ros2.cpp:(.text._ZN4YAML6detail9node_data15convert_to_nodeIA4_cEERNS0_4nodeERKT_St10shared_ptrINS0_13memory_holderEE[_ZN4YAML6detail9node_data15convert_to_nodeIA4_cEERNS0_4nodeERKT_St10shared_ptrINS0_13memory_holderEE]+0x69): undefined reference to `YAML::detail::memory_holder::merge(YAML::detail::memory_holder&)'
[88.184s] /usr/bin/ld: CMakeFiles/new_target.dir/src/inertial_sense_ros2.cpp.o: in function `rclcpp::Service<inertial_sense_ros2::srv::RefLLAUpdate>::Service(std::shared_ptr<rcl_node_s>, std::__cxx11::basic_string<char, std::char_traits<char>, std::allocator<char> > const&, rclcpp::AnyServiceCallback<inertial_sense_ros2::srv::RefLLAUpdate>, rcl_service_options_s&)':
[88.184s] inertial_sense_ros2.cpp:(.text._ZN6rclcpp7ServiceIN19inertial_sense_ros23srv12RefLLAUpdateEEC2ESt10shared_ptrI10rcl_node_sERKNSt7__cxx1112basic_stringIcSt11char_traitsIcESaIcEEENS_18AnyServiceCallbackIS3_EER21rcl_service_options_s[_ZN6rclcpp7ServiceIN19inertial_sense_ros23srv12RefLLAUpdateEEC5ESt10shared_ptrI10rcl_node_sERKNSt7__cxx1112basic_stringIcSt11char_traitsIcESaIcEEENS_18AnyServiceCallbackIS3_EER21rcl_service_options_s]+0xce): undefined reference to `rosidl_service_type_support_t const* rosidl_typesupport_cpp::get_service_type_support_handle<inertial_sense_ros2::srv::RefLLAUpdate>()'
[88.198s] /usr/bin/ld: CMakeFiles/new_target.dir/src/inertial_sense_ros2.cpp.o: in function `std::enable_if<rosidl_generator_traits::is_message<inertial_sense_ros2::msg::DIDINS1_<std::allocator<void> > >::value, rosidl_message_type_support_t const&>::type rclcpp::get_message_type_support_handle<inertial_sense_ros2::msg::DIDINS1_<std::allocator<void> > >()':
[88.198s] inertial_sense_ros2.cpp:(.text._ZN6rclcpp31get_message_type_support_handleIN19inertial_sense_ros23msg8DIDINS1_ISaIvEEEEENSt9enable_ifIXsrN23rosidl_generator_traits10is_messageIT_EE5valueERK29rosidl_message_type_support_tE4typeEv[_ZN6rclcpp31get_message_type_support_handleIN19inertial_sense_ros23msg8DIDINS1_ISaIvEEEEENSt9enable_ifIXsrN23rosidl_generator_traits10is_messageIT_EE5valueERK29rosidl_message_type_support_tE4typeEv]+0x10): undefined reference to `rosidl_message_type_support_t const* rosidl_typesupport_cpp::get_message_type_support_handle<inertial_sense_ros2::msg::DIDINS1_<std::allocator<void> > >()'
[88.201s] /usr/bin/ld: CMakeFiles/new_target.dir/src/inertial_sense_ros2.cpp.o: in function `std::enable_if<rosidl_generator_traits::is_message<inertial_sense_ros2::msg::DIDINS2_<std::allocator<void> > >::value, rosidl_message_type_support_t const&>::type rclcpp::get_message_type_support_handle<inertial_sense_ros2::msg::DIDINS2_<std::allocator<void> > >()':
[88.202s] inertial_sense_ros2.cpp:(.text._ZN6rclcpp31get_message_type_support_handleIN19inertial_sense_ros23msg8DIDINS2_ISaIvEEEEENSt9enable_ifIXsrN23rosidl_generator_traits10is_messageIT_EE5valueERK29rosidl_message_type_support_tE4typeEv[_ZN6rclcpp31get_message_type_support_handleIN19inertial_sense_ros23msg8DIDINS2_ISaIvEEEEENSt9enable_ifIXsrN23rosidl_generator_traits10is_messageIT_EE5valueERK29rosidl_message_type_support_tE4typeEv]+0x10): undefined reference to `rosidl_message_type_support_t const* rosidl_typesupport_cpp::get_message_type_support_handle<inertial_sense_ros2::msg::DIDINS2_<std::allocator<void> > >()'
[88.205s] /usr/bin/ld: CMakeFiles/new_target.dir/src/inertial_sense_ros2.cpp.o: in function `std::enable_if<rosidl_generator_traits::is_message<inertial_sense_ros2::msg::DIDINS4_<std::allocator<void> > >::value, rosidl_message_type_support_t const&>::type rclcpp::get_message_type_support_handle<inertial_sense_ros2::msg::DIDINS4_<std::allocator<void> > >()':
[88.206s] inertial_sense_ros2.cpp:(.text._ZN6rclcpp31get_message_type_support_handleIN19inertial_sense_ros23msg8DIDINS4_ISaIvEEEEENSt9enable_ifIXsrN23rosidl_generator_traits10is_messageIT_EE5valueERK29rosidl_message_type_support_tE4typeEv[_ZN6rclcpp31get_message_type_support_handleIN19inertial_sense_ros23msg8DIDINS4_ISaIvEEEEENSt9enable_ifIXsrN23rosidl_generator_traits10is_messageIT_EE5valueERK29rosidl_message_type_support_tE4typeEv]+0x10): undefined reference to `rosidl_message_type_support_t const* rosidl_typesupport_cpp::get_message_type_support_handle<inertial_sense_ros2::msg::DIDINS4_<std::allocator<void> > >()'
[88.209s] /usr/bin/ld: CMakeFiles/new_target.dir/src/inertial_sense_ros2.cpp.o: in function `std::enable_if<rosidl_generator_traits::is_message<inertial_sense_ros2::msg::INL2States_<std::allocator<void> > >::value, rosidl_message_type_support_t const&>::type rclcpp::get_message_type_support_handle<inertial_sense_ros2::msg::INL2States_<std::allocator<void> > >()':
[88.210s] inertial_sense_ros2.cpp:(.text._ZN6rclcpp31get_message_type_support_handleIN19inertial_sense_ros23msg11INL2States_ISaIvEEEEENSt9enable_ifIXsrN23rosidl_generator_traits10is_messageIT_EE5valueERK29rosidl_message_type_support_tE4typeEv[_ZN6rclcpp31get_message_type_support_handleIN19inertial_sense_ros23msg11INL2States_ISaIvEEEEENSt9enable_ifIXsrN23rosidl_generator_traits10is_messageIT_EE5valueERK29rosidl_message_type_support_tE4typeEv]+0x10): undefined reference to `rosidl_message_type_support_t const* rosidl_typesupport_cpp::get_message_type_support_handle<inertial_sense_ros2::msg::INL2States_<std::allocator<void> > >()'
[88.214s] /usr/bin/ld: CMakeFiles/new_target.dir/src/inertial_sense_ros2.cpp.o: in function `std::enable_if<rosidl_generator_traits::is_message<inertial_sense_ros2::msg::PIMU_<std::allocator<void> > >::value, rosidl_message_type_support_t const&>::type rclcpp::get_message_type_support_handle<inertial_sense_ros2::msg::PIMU_<std::allocator<void> > >()':
[88.214s] inertial_sense_ros2.cpp:(.text._ZN6rclcpp31get_message_type_support_handleIN19inertial_sense_ros23msg5PIMU_ISaIvEEEEENSt9enable_ifIXsrN23rosidl_generator_traits10is_messageIT_EE5valueERK29rosidl_message_type_support_tE4typeEv[_ZN6rclcpp31get_message_type_support_handleIN19inertial_sense_ros23msg5PIMU_ISaIvEEEEENSt9enable_ifIXsrN23rosidl_generator_traits10is_messageIT_EE5valueERK29rosidl_message_type_support_tE4typeEv]+0x10): undefined reference to `rosidl_message_type_support_t const* rosidl_typesupport_cpp::get_message_type_support_handle<inertial_sense_ros2::msg::PIMU_<std::allocator<void> > >()'
[88.217s] /usr/bin/ld: CMakeFiles/new_target.dir/src/inertial_sense_ros2.cpp.o: in function `std::enable_if<rosidl_generator_traits::is_message<sensor_msgs::msg::Imu_<std::allocator<void> > >::value, rosidl_message_type_support_t const&>::type rclcpp::get_message_type_support_handle<sensor_msgs::msg::Imu_<std::allocator<void> > >()':
[88.218s] inertial_sense_ros2.cpp:(.text._ZN6rclcpp31get_message_type_support_handleIN11sensor_msgs3msg4Imu_ISaIvEEEEENSt9enable_ifIXsrN23rosidl_generator_traits10is_messageIT_EE5valueERK29rosidl_message_type_support_tE4typeEv[_ZN6rclcpp31get_message_type_support_handleIN11sensor_msgs3msg4Imu_ISaIvEEEEENSt9enable_ifIXsrN23rosidl_generator_traits10is_messageIT_EE5valueERK29rosidl_message_type_support_tE4typeEv]+0x10): undefined reference to `rosidl_message_type_support_t const* rosidl_typesupport_cpp::get_message_type_support_handle<sensor_msgs::msg::Imu_<std::allocator<void> > >()'
[88.221s] /usr/bin/ld: CMakeFiles/new_target.dir/src/inertial_sense_ros2.cpp.o: in function `std::enable_if<rosidl_generator_traits::is_message<sensor_msgs::msg::MagneticField_<std::allocator<void> > >::value, rosidl_message_type_support_t const&>::type rclcpp::get_message_type_support_handle<sensor_msgs::msg::MagneticField_<std::allocator<void> > >()':
[88.221s] inertial_sense_ros2.cpp:(.text._ZN6rclcpp31get_message_type_support_handleIN11sensor_msgs3msg14MagneticField_ISaIvEEEEENSt9enable_ifIXsrN23rosidl_generator_traits10is_messageIT_EE5valueERK29rosidl_message_type_support_tE4typeEv[_ZN6rclcpp31get_message_type_support_handleIN11sensor_msgs3msg14MagneticField_ISaIvEEEEENSt9enable_ifIXsrN23rosidl_generator_traits10is_messageIT_EE5valueERK29rosidl_message_type_support_tE4typeEv]+0x10): undefined reference to `rosidl_message_type_support_t const* rosidl_typesupport_cpp::get_message_type_support_handle<sensor_msgs::msg::MagneticField_<std::allocator<void> > >()'
[88.225s] /usr/bin/ld: CMakeFiles/new_target.dir/src/inertial_sense_ros2.cpp.o: in function `std::enable_if<rosidl_generator_traits::is_message<sensor_msgs::msg::FluidPressure_<std::allocator<void> > >::value, rosidl_message_type_support_t const&>::type rclcpp::get_message_type_support_handle<sensor_msgs::msg::FluidPressure_<std::allocator<void> > >()':
[88.226s] inertial_sense_ros2.cpp:(.text._ZN6rclcpp31get_message_type_support_handleIN11sensor_msgs3msg14FluidPressure_ISaIvEEEEENSt9enable_ifIXsrN23rosidl_generator_traits10is_messageIT_EE5valueERK29rosidl_message_type_support_tE4typeEv[_ZN6rclcpp31get_message_type_support_handleIN11sensor_msgs3msg14FluidPressure_ISaIvEEEEENSt9enable_ifIXsrN23rosidl_generator_traits10is_messageIT_EE5valueERK29rosidl_message_type_support_tE4typeEv]+0x10): undefined reference to `rosidl_message_type_support_t const* rosidl_typesupport_cpp::get_message_type_support_handle<sensor_msgs::msg::FluidPressure_<std::allocator<void> > >()'
[88.228s] /usr/bin/ld: CMakeFiles/new_target.dir/src/inertial_sense_ros2.cpp.o: in function `std::enable_if<rosidl_generator_traits::is_message<inertial_sense_ros2::msg::GPS_<std::allocator<void> > >::value, rosidl_message_type_support_t const&>::type rclcpp::get_message_type_support_handle<inertial_sense_ros2::msg::GPS_<std::allocator<void> > >()':
[88.229s] inertial_sense_ros2.cpp:(.text._ZN6rclcpp31get_message_type_support_handleIN19inertial_sense_ros23msg4GPS_ISaIvEEEEENSt9enable_ifIXsrN23rosidl_generator_traits10is_messageIT_EE5valueERK29rosidl_message_type_support_tE4typeEv[_ZN6rclcpp31get_message_type_support_handleIN19inertial_sense_ros23msg4GPS_ISaIvEEEEENSt9enable_ifIXsrN23rosidl_generator_traits10is_messageIT_EE5valueERK29rosidl_message_type_support_tE4typeEv]+0x10): undefined reference to `rosidl_message_type_support_t const* rosidl_typesupport_cpp::get_message_type_support_handle<inertial_sense_ros2::msg::GPS_<std::allocator<void> > >()'
[88.232s] /usr/bin/ld: CMakeFiles/new_target.dir/src/inertial_sense_ros2.cpp.o: in function `std::enable_if<rosidl_generator_traits::is_message<sensor_msgs::msg::NavSatFix_<std::allocator<void> > >::value, rosidl_message_type_support_t const&>::type rclcpp::get_message_type_support_handle<sensor_msgs::msg::NavSatFix_<std::allocator<void> > >()':
[88.232s] inertial_sense_ros2.cpp:(.text._ZN6rclcpp31get_message_type_support_handleIN11sensor_msgs3msg10NavSatFix_ISaIvEEEEENSt9enable_ifIXsrN23rosidl_generator_traits10is_messageIT_EE5valueERK29rosidl_message_type_support_tE4typeEv[_ZN6rclcpp31get_message_type_support_handleIN11sensor_msgs3msg10NavSatFix_ISaIvEEEEENSt9enable_ifIXsrN23rosidl_generator_traits10is_messageIT_EE5valueERK29rosidl_message_type_support_tE4typeEv]+0x10): undefined reference to `rosidl_message_type_support_t const* rosidl_typesupport_cpp::get_message_type_support_handle<sensor_msgs::msg::NavSatFix_<std::allocator<void> > >()'
[88.238s] /usr/bin/ld: CMakeFiles/new_target.dir/src/inertial_sense_ros2.cpp.o: in function `std::enable_if<rosidl_generator_traits::is_message<inertial_sense_ros2::msg::GPSInfo_<std::allocator<void> > >::value, rosidl_message_type_support_t const&>::type rclcpp::get_message_type_support_handle<inertial_sense_ros2::msg::GPSInfo_<std::allocator<void> > >()':
[88.238s] inertial_sense_ros2.cpp:(.text._ZN6rclcpp31get_message_type_support_handleIN19inertial_sense_ros23msg8GPSInfo_ISaIvEEEEENSt9enable_ifIXsrN23rosidl_generator_traits10is_messageIT_EE5valueERK29rosidl_message_type_support_tE4typeEv[_ZN6rclcpp31get_message_type_support_handleIN19inertial_sense_ros23msg8GPSInfo_ISaIvEEEEENSt9enable_ifIXsrN23rosidl_generator_traits10is_messageIT_EE5valueERK29rosidl_message_type_support_tE4typeEv]+0x10): undefined reference to `rosidl_message_type_support_t const* rosidl_typesupport_cpp::get_message_type_support_handle<inertial_sense_ros2::msg::GPSInfo_<std::allocator<void> > >()'
[88.244s] /usr/bin/ld: CMakeFiles/new_target.dir/src/inertial_sense_ros2.cpp.o: in function `std::enable_if<rosidl_generator_traits::is_message<inertial_sense_ros2::msg::RTKInfo_<std::allocator<void> > >::value, rosidl_message_type_support_t const&>::type rclcpp::get_message_type_support_handle<inertial_sense_ros2::msg::RTKInfo_<std::allocator<void> > >()':
[88.245s] inertial_sense_ros2.cpp:(.text._ZN6rclcpp31get_message_type_support_handleIN19inertial_sense_ros23msg8RTKInfo_ISaIvEEEEENSt9enable_ifIXsrN23rosidl_generator_traits10is_messageIT_EE5valueERK29rosidl_message_type_support_tE4typeEv[_ZN6rclcpp31get_message_type_support_handleIN19inertial_sense_ros23msg8RTKInfo_ISaIvEEEEENSt9enable_ifIXsrN23rosidl_generator_traits10is_messageIT_EE5valueERK29rosidl_message_type_support_tE4typeEv]+0x10): undefined reference to `rosidl_message_type_support_t const* rosidl_typesupport_cpp::get_message_type_support_handle<inertial_sense_ros2::msg::RTKInfo_<std::allocator<void> > >()'
[88.249s] /usr/bin/ld: CMakeFiles/new_target.dir/src/inertial_sense_ros2.cpp.o: in function `std::enable_if<rosidl_generator_traits::is_message<inertial_sense_ros2::msg::RTKRel_<std::allocator<void> > >::value, rosidl_message_type_support_t const&>::type rclcpp::get_message_type_support_handle<inertial_sense_ros2::msg::RTKRel_<std::allocator<void> > >()':
[88.250s] inertial_sense_ros2.cpp:(.text._ZN6rclcpp31get_message_type_support_handleIN19inertial_sense_ros23msg7RTKRel_ISaIvEEEEENSt9enable_ifIXsrN23rosidl_generator_traits10is_messageIT_EE5valueERK29rosidl_message_type_support_tE4typeEv[_ZN6rclcpp31get_message_type_support_handleIN19inertial_sense_ros23msg7RTKRel_ISaIvEEEEENSt9enable_ifIXsrN23rosidl_generator_traits10is_messageIT_EE5valueERK29rosidl_message_type_support_tE4typeEv]+0x10): undefined reference to `rosidl_message_type_support_t const* rosidl_typesupport_cpp::get_message_type_support_handle<inertial_sense_ros2::msg::RTKRel_<std::allocator<void> > >()'
[88.253s] /usr/bin/ld: CMakeFiles/new_target.dir/src/inertial_sense_ros2.cpp.o: in function `std::enable_if<rosidl_generator_traits::is_message<inertial_sense_ros2::msg::GNSSObsVec_<std::allocator<void> > >::value, rosidl_message_type_support_t const&>::type rclcpp::get_message_type_support_handle<inertial_sense_ros2::msg::GNSSObsVec_<std::allocator<void> > >()':
[88.254s] inertial_sense_ros2.cpp:(.text._ZN6rclcpp31get_message_type_support_handleIN19inertial_sense_ros23msg11GNSSObsVec_ISaIvEEEEENSt9enable_ifIXsrN23rosidl_generator_traits10is_messageIT_EE5valueERK29rosidl_message_type_support_tE4typeEv[_ZN6rclcpp31get_message_type_support_handleIN19inertial_sense_ros23msg11GNSSObsVec_ISaIvEEEEENSt9enable_ifIXsrN23rosidl_generator_traits10is_messageIT_EE5valueERK29rosidl_message_type_support_tE4typeEv]+0x10): undefined reference to `rosidl_message_type_support_t const* rosidl_typesupport_cpp::get_message_type_support_handle<inertial_sense_ros2::msg::GNSSObsVec_<std::allocator<void> > >()'
[88.257s] /usr/bin/ld: CMakeFiles/new_target.dir/src/inertial_sense_ros2.cpp.o: in function `std::enable_if<rosidl_generator_traits::is_message<inertial_sense_ros2::msg::GNSSEphemeris_<std::allocator<void> > >::value, rosidl_message_type_support_t const&>::type rclcpp::get_message_type_support_handle<inertial_sense_ros2::msg::GNSSEphemeris_<std::allocator<void> > >()':
[88.258s] inertial_sense_ros2.cpp:(.text._ZN6rclcpp31get_message_type_support_handleIN19inertial_sense_ros23msg14GNSSEphemeris_ISaIvEEEEENSt9enable_ifIXsrN23rosidl_generator_traits10is_messageIT_EE5valueERK29rosidl_message_type_support_tE4typeEv[_ZN6rclcpp31get_message_type_support_handleIN19inertial_sense_ros23msg14GNSSEphemeris_ISaIvEEEEENSt9enable_ifIXsrN23rosidl_generator_traits10is_messageIT_EE5valueERK29rosidl_message_type_support_tE4typeEv]+0x10): undefined reference to `rosidl_message_type_support_t const* rosidl_typesupport_cpp::get_message_type_support_handle<inertial_sense_ros2::msg::GNSSEphemeris_<std::allocator<void> > >()'
[88.261s] /usr/bin/ld: CMakeFiles/new_target.dir/src/inertial_sense_ros2.cpp.o: in function `std::enable_if<rosidl_generator_traits::is_message<inertial_sense_ros2::msg::GlonassEphemeris_<std::allocator<void> > >::value, rosidl_message_type_support_t const&>::type rclcpp::get_message_type_support_handle<inertial_sense_ros2::msg::GlonassEphemeris_<std::allocator<void> > >()':
[88.261s] inertial_sense_ros2.cpp:(.text._ZN6rclcpp31get_message_type_support_handleIN19inertial_sense_ros23msg17GlonassEphemeris_ISaIvEEEEENSt9enable_ifIXsrN23rosidl_generator_traits10is_messageIT_EE5valueERK29rosidl_message_type_support_tE4typeEv[_ZN6rclcpp31get_message_type_support_handleIN19inertial_sense_ros23msg17GlonassEphemeris_ISaIvEEEEENSt9enable_ifIXsrN23rosidl_generator_traits10is_messageIT_EE5valueERK29rosidl_message_type_support_tE4typeEv]+0x10): undefined reference to `rosidl_message_type_support_t const* rosidl_typesupport_cpp::get_message_type_support_handle<inertial_sense_ros2::msg::GlonassEphemeris_<std::allocator<void> > >()'
[88.291s] /usr/bin/ld: CMakeFiles/new_target.dir/src/inertial_sense_ros2.cpp.o:(.data.rel.ro._ZTIN4YAML18TypedBadConversionISt6vectorIdSaIdEEEE[_ZTIN4YAML18TypedBadConversionISt6vectorIdSaIdEEEE]+0x10): undefined reference to `typeinfo for YAML::BadConversion'
[88.295s] /usr/bin/ld: CMakeFiles/new_target.dir/src/inertial_sense_ros2.cpp.o:(.data.rel.ro._ZTIN4YAML18TypedBadConversionIjEE[_ZTIN4YAML18TypedBadConversionIjEE]+0x10): undefined reference to `typeinfo for YAML::BadConversion'
[88.298s] /usr/bin/ld: CMakeFiles/new_target.dir/src/inertial_sense_ros2.cpp.o:(.data.rel.ro._ZTIN4YAML18TypedBadConversionIiEE[_ZTIN4YAML18TypedBadConversionIiEE]+0x10): undefined reference to `typeinfo for YAML::BadConversion'
[88.302s] /usr/bin/ld: CMakeFiles/new_target.dir/src/inertial_sense_ros2.cpp.o:(.data.rel.ro._ZTIN4YAML18TypedBadConversionIbEE[_ZTIN4YAML18TypedBadConversionIbEE]+0x10): undefined reference to `typeinfo for YAML::BadConversion'
[88.305s] /usr/bin/ld: CMakeFiles/new_target.dir/src/inertial_sense_ros2.cpp.o:(.data.rel.ro._ZTIN4YAML18TypedBadConversionIfEE[_ZTIN4YAML18TypedBadConversionIfEE]+0x10): undefined reference to `typeinfo for YAML::BadConversion'
[88.308s] /usr/bin/ld: CMakeFiles/new_target.dir/src/inertial_sense_ros2.cpp.o:(.data.rel.ro._ZTIN4YAML18TypedBadConversionIdEE[_ZTIN4YAML18TypedBadConversionIdEE]+0x10): more undefined references to `typeinfo for YAML::BadConversion' follow
[88.486s] /usr/bin/ld: CMakeFiles/new_target.dir/src/inertial_sense_node.cpp.o: in function `main':
[88.486s] inertial_sense_node.cpp:(.text+0x171): undefined reference to `YAML::LoadFile(std::__cxx11::basic_string<char, std::char_traits<char>, std::allocator<char> > const&)'
[88.486s] /usr/bin/ld: CMakeFiles/new_target.dir/src/inertial_sense_node.cpp.o:(.data.rel.local.DW.ref._ZTIN4YAML7BadFileE[DW.ref._ZTIN4YAML7BadFileE]+0x0): undefined reference to `typeinfo for YAML::BadFile'
[88.487s] /usr/bin/ld: CMakeFiles/new_target.dir/src/ParamHelper.cpp.o: in function `xmlRpcToYamlNode(xmlrpc_c::value&)':
[88.487s] ParamHelper.cpp:(.text+0x70e): undefined reference to `xmlrpc_c::value::type() const'
[88.488s] /usr/bin/ld: CMakeFiles/new_target.dir/src/ParamHelper.cpp.o: in function `YAML::Node::reset(YAML::Node const&)':
[88.489s] ParamHelper.cpp:(.text._ZN4YAML4Node5resetERKS0_[_ZN4YAML4Node5resetERKS0_]+0x56): undefined reference to `YAML::InvalidNode::~InvalidNode()'
[88.489s] /usr/bin/ld: ParamHelper.cpp:(.text._ZN4YAML4Node5resetERKS0_[_ZN4YAML4Node5resetERKS0_]+0x60): undefined reference to `typeinfo for YAML::InvalidNode'
[88.620s] /usr/bin/ld: warning: creating DT_TEXTREL in a PIE
[88.665s] collect2: error: ld returned 1 exit status
[88.670s] gmake[2]: *** [CMakeFiles/new_target.dir/build.make:251: new_target] Error 1
[88.671s] gmake[1]: *** [CMakeFiles/Makefile2:623: CMakeFiles/new_target.dir/all] Error 2
[88.671s] gmake: *** [Makefile:146: all] Error 2
[88.677s] Invoked command in '/home/s/Inertial_Sense/imx/SDK/ros2/build/inertial_sense_ros2' returned '2': CMAKE_PREFIX_PATH=${CMAKE_PREFIX_PATH}:/opt/ros/jazzy DEBUGINFOD_URLS=https://debuginfod.ubuntu.com /usr/bin/cmake --build /home/s/Inertial_Sense/imx/SDK/ros2/build/inertial_sense_ros2 -- -j6 -l6
