[0.156s] Invoking command in '/home/s/Inertial_Sense/imx/SDK/ros2/build/inertial_sense_ros2': CMAKE_PREFIX_PATH=${CMAKE_PREFIX_PATH}:/opt/ros/jazzy DEBUGINFOD_URLS=https://debuginfod.ubuntu.com /usr/bin/cmake --build /home/s/Inertial_Sense/imx/SDK/ros2/build/inertial_sense_ros2 -- -j16 -l16
[0.573s] -- Found std_msgs: 5.3.5 (/opt/ros/jazzy/share/std_msgs/cmake)
[1.905s] -- Found rosidl_generator_c: 4.6.2 (/opt/ros/jazzy/share/rosidl_generator_c/cmake)
[2.016s] -- Found rosidl_generator_cpp: 4.6.2 (/opt/ros/jazzy/share/rosidl_generator_cpp/cmake)
[2.145s] -- Using all available rosidl_typesupport_c: rosidl_typesupport_fastrtps_c;rosidl_typesupport_introspection_c
[2.298s] -- Using all available rosidl_typesupport_cpp: rosidl_typesupport_fastrtps_cpp;rosidl_typesupport_introspection_cpp
[2.550s] -- Found rosidl_default_generators: 1.6.0 (/opt/ros/jazzy/share/rosidl_default_generators/cmake)
[2.651s] -- Found rosidl_adapter: 4.6.2 (/opt/ros/jazzy/share/rosidl_adapter/cmake)
[2.680s] -- Found rclcpp: 28.1.2 (/opt/ros/jazzy/share/rclcpp/cmake)
[3.122s] -- Found rmw_implementation_cmake: 7.3.1 (/opt/ros/jazzy/share/rmw_implementation_cmake/cmake)
[3.137s] -- Found rmw_fastrtps_cpp: 8.4.0 (/opt/ros/jazzy/share/rmw_fastrtps_cpp/cmake)
[3.823s] -- Using RMW implementation 'rmw_fastrtps_cpp' as default
[4.279s] -- Found rclpy: 7.1.1 (/opt/ros/jazzy/share/rclpy/cmake)
[4.285s] -- Found sensor_msgs: 5.3.5 (/opt/ros/jazzy/share/sensor_msgs/cmake)
[4.570s] -- Found diagnostic_msgs: 5.3.5 (/opt/ros/jazzy/share/diagnostic_msgs/cmake)
[7.482s] -- Found ament_cmake_ros: 0.12.0 (/opt/ros/jazzy/share/ament_cmake_ros/cmake)
[10.253s] -- Using all available rosidl_typesupport_c: rosidl_typesupport_fastrtps_c;rosidl_typesupport_introspection_c
[11.318s] -- Using all available rosidl_typesupport_cpp: rosidl_typesupport_fastrtps_cpp;rosidl_typesupport_introspection_cpp
[11.337s] -- Found python_cmake_module: 0.11.1 (/opt/ros/jazzy/share/python_cmake_module/cmake)
[14.057s] -- Found Python3: /usr/bin/python3 (found version "3.12.3") found components: Interpreter Development NumPy Development.Module Development.Embed 
[14.411s] -- Configuring done (13.9s)
[15.094s] -- Generating done (0.6s)
[15.151s] -- Build files have been written to: /home/s/Inertial_Sense/imx/SDK/ros2/build/inertial_sense_ros2
[15.706s] [  1%] [34m[1mGenerating type hashes for ROS interfaces[0m
[15.858s] [  1%] Built target ament_cmake_python_copy_inertial_sense_ros2
[18.203s] running egg_info
[18.426s] writing inertial_sense_ros2.egg-info/PKG-INFO
[18.429s] writing dependency_links to inertial_sense_ros2.egg-info/dependency_links.txt
[18.432s] writing top-level names to inertial_sense_ros2.egg-info/top_level.txt
[19.090s] reading manifest file 'inertial_sense_ros2.egg-info/SOURCES.txt'
[19.096s] writing manifest file 'inertial_sense_ros2.egg-info/SOURCES.txt'
[19.315s] [  1%] Built target ament_cmake_python_build_inertial_sense_ros2_egg
[30.057s] Traceback (most recent call last):
[30.059s]   File "/opt/ros/jazzy/lib/rosidl_generator_type_description/rosidl_generator_type_description", line 50, in <module>
[30.063s]     sys.exit(main())
[30.065s]              ^^^^^^
[30.066s]   File "/opt/ros/jazzy/lib/rosidl_generator_type_description/rosidl_generator_type_description", line 46, in main
[30.068s]     generate_type_hash(args.generator_arguments_file)
[30.069s]   File "/opt/ros/jazzy/lib/python3.12/site-packages/rosidl_generator_type_description/__init__.py", line 160, in generate_type_hash
[30.071s]     pkg_dir = include_map[pkg]
[30.072s]               ~~~~~~~~~~~^^^^^
[30.074s] KeyError: 'geometry_msgs'
[30.373s] gmake[2]: *** [CMakeFiles/inertial_sense_ros2__rosidl_generator_type_description.dir/build.make:83: rosidl_generator_type_description/inertial_sense_ros2/msg/GTime.json] Error 1
[30.378s] gmake[1]: *** [CMakeFiles/Makefile2:215: CMakeFiles/inertial_sense_ros2__rosidl_generator_type_description.dir/all] Error 2
[30.381s] gmake: *** [Makefile:146: all] Error 2
[30.409s] Invoked command in '/home/s/Inertial_Sense/imx/SDK/ros2/build/inertial_sense_ros2' returned '2': CMAKE_PREFIX_PATH=${CMAKE_PREFIX_PATH}:/opt/ros/jazzy DEBUGINFOD_URLS=https://debuginfod.ubuntu.com /usr/bin/cmake --build /home/s/Inertial_Sense/imx/SDK/ros2/build/inertial_sense_ros2 -- -j16 -l16
