[0.142s] Invoking command in '/home/s/Inertial_Sense/imx/SDK/ros2/build/inertial_sense_ros2': CMAKE_PREFIX_PATH=${CMAKE_PREFIX_PATH}:/opt/ros/jazzy DEBUGINFOD_URLS=https://debuginfod.ubuntu.com /usr/bin/cmake --build /home/s/Inertial_Sense/imx/SDK/ros2/build/inertial_sense_ros2 -- -j16 -l16
[0.542s] -- Found std_msgs: 5.3.5 (/opt/ros/jazzy/share/std_msgs/cmake)
[0.820s] -- Found Python3: /usr/bin/python3 (found version "3.12.3") found components: Interpreter 
[1.889s] -- Found rosidl_generator_c: 4.6.2 (/opt/ros/jazzy/share/rosidl_generator_c/cmake)
[2.000s] -- Found rosidl_generator_cpp: 4.6.2 (/opt/ros/jazzy/share/rosidl_generator_cpp/cmake)
[2.128s] -- Using all available rosidl_typesupport_c: rosidl_typesupport_fastrtps_c;rosidl_typesupport_introspection_c
[2.275s] -- Using all available rosidl_typesupport_cpp: rosidl_typesupport_fastrtps_cpp;rosidl_typesupport_introspection_cpp
[2.532s] -- Found geometry_msgs: 5.3.5 (/opt/ros/jazzy/share/geometry_msgs/cmake)
[2.654s] -- Found rclcpp: 28.1.2 (/opt/ros/jazzy/share/rclcpp/cmake)
[3.107s] -- Found rmw_implementation_cmake: 7.3.1 (/opt/ros/jazzy/share/rmw_implementation_cmake/cmake)
[3.122s] -- Found rmw_fastrtps_cpp: 8.4.0 (/opt/ros/jazzy/share/rmw_fastrtps_cpp/cmake)
[3.795s] -- Using RMW implementation 'rmw_fastrtps_cpp' as default
[4.280s] -- Found rclpy: 7.1.1 (/opt/ros/jazzy/share/rclpy/cmake)
[4.285s] -- Found sensor_msgs: 5.3.5 (/opt/ros/jazzy/share/sensor_msgs/cmake)
[4.458s] -- Found diagnostic_msgs: 5.3.5 (/opt/ros/jazzy/share/diagnostic_msgs/cmake)
[4.590s] -- Found rosidl_default_generators: 1.6.0 (/opt/ros/jazzy/share/rosidl_default_generators/cmake)
[4.692s] -- Found rosidl_adapter: 4.6.2 (/opt/ros/jazzy/share/rosidl_adapter/cmake)
[7.935s] -- Found ament_cmake_ros: 0.12.0 (/opt/ros/jazzy/share/ament_cmake_ros/cmake)
[11.691s] -- Using all available rosidl_typesupport_c: rosidl_typesupport_fastrtps_c;rosidl_typesupport_introspection_c
[13.257s] -- Using all available rosidl_typesupport_cpp: rosidl_typesupport_fastrtps_cpp;rosidl_typesupport_introspection_cpp
[13.277s] -- Found python_cmake_module: 0.11.1 (/opt/ros/jazzy/share/python_cmake_module/cmake)
[16.080s] -- Found Python3: /usr/bin/python3 (found version "3.12.3") found components: Interpreter Development NumPy Development.Module Development.Embed 
[16.624s] -- Configuring done (16.1s)
[17.281s] -- Generating done (0.5s)
[17.333s] -- Build files have been written to: /home/s/Inertial_Sense/imx/SDK/ros2/build/inertial_sense_ros2
[17.905s] [  1%] [34m[1mGenerating type hashes for ROS interfaces[0m
[18.072s] [  1%] Built target ament_cmake_python_copy_inertial_sense_ros2
[20.051s] [  1%] Built target inertial_sense_ros2__rosidl_generator_type_description
[20.234s] [  3%] [34m[1mGenerating C code for ROS interfaces[0m
[20.395s] running egg_info
[20.396s] [  4%] [34m[1mGenerating C++ code for ROS interfaces[0m
[20.608s] writing inertial_sense_ros2.egg-info/PKG-INFO
[20.612s] writing dependency_links to inertial_sense_ros2.egg-info/dependency_links.txt
[20.616s] writing top-level names to inertial_sense_ros2.egg-info/top_level.txt
[21.302s] reading manifest file 'inertial_sense_ros2.egg-info/SOURCES.txt'
[21.309s] writing manifest file 'inertial_sense_ros2.egg-info/SOURCES.txt'
[21.533s] [  4%] Built target ament_cmake_python_build_inertial_sense_ros2_egg
[23.725s] [  4%] Built target inertial_sense_ros2__cpp
[24.270s] [  6%] [32mBuilding C object CMakeFiles/inertial_sense_ros2__rosidl_generator_c.dir/rosidl_generator_c/inertial_sense_ros2/msg/detail/g_time__description.c.o[0m
[24.272s] [  9%] [32mBuilding C object CMakeFiles/inertial_sense_ros2__rosidl_generator_c.dir/rosidl_generator_c/inertial_sense_ros2/msg/detail/g_time__functions.c.o[0m
[24.274s] [  9%] [32mBuilding C object CMakeFiles/inertial_sense_ros2__rosidl_generator_c.dir/rosidl_generator_c/inertial_sense_ros2/msg/detail/sat_info__description.c.o[0m
[24.334s] [ 10%] [32mBuilding C object CMakeFiles/inertial_sense_ros2__rosidl_generator_c.dir/rosidl_generator_c/inertial_sense_ros2/msg/detail/sat_info__functions.c.o[0m
[24.340s] [ 12%] [32mBuilding C object CMakeFiles/inertial_sense_ros2__rosidl_generator_c.dir/rosidl_generator_c/inertial_sense_ros2/msg/detail/g_time__type_support.c.o[0m
[24.392s] [ 14%] [32mBuilding C object CMakeFiles/inertial_sense_ros2__rosidl_generator_c.dir/rosidl_generator_c/inertial_sense_ros2/msg/detail/gps__description.c.o[0m
[24.393s] [ 15%] [32mBuilding C object CMakeFiles/inertial_sense_ros2__rosidl_generator_c.dir/rosidl_generator_c/inertial_sense_ros2/msg/detail/sat_info__type_support.c.o[0m
[24.395s] [ 18%] [32mBuilding C object CMakeFiles/inertial_sense_ros2__rosidl_generator_c.dir/rosidl_generator_c/inertial_sense_ros2/msg/detail/gps__functions.c.o[0m
[24.452s] [ 18%] [32mBuilding C object CMakeFiles/inertial_sense_ros2__rosidl_generator_c.dir/rosidl_generator_c/inertial_sense_ros2/msg/detail/gps__type_support.c.o[0m
[24.455s] [ 20%] [32mBuilding C object CMakeFiles/inertial_sense_ros2__rosidl_generator_c.dir/rosidl_generator_c/inertial_sense_ros2/msg/detail/gps_info__description.c.o[0m
[24.457s] [ 21%] [32mBuilding C object CMakeFiles/inertial_sense_ros2__rosidl_generator_c.dir/rosidl_generator_c/inertial_sense_ros2/msg/detail/gps_info__functions.c.o[0m
[24.537s] [ 23%] [32mBuilding C object CMakeFiles/inertial_sense_ros2__rosidl_generator_c.dir/rosidl_generator_c/inertial_sense_ros2/msg/detail/gps_info__type_support.c.o[0m
[25.800s] [ 25%] [32m[1mLinking C shared library libinertial_sense_ros2__rosidl_generator_c.so[0m
[26.494s] [ 25%] Built target inertial_sense_ros2__rosidl_generator_c
[26.686s] [ 26%] [34m[1mGenerating C++ type support dispatch for ROS interfaces[0m
[26.688s] [ 28%] [34m[1mGenerating C type support for eProsima Fast-RTPS[0m
[26.701s] [ 29%] [34m[1mGenerating C introspection for ROS interfaces[0m
[26.703s] [ 31%] [34m[1mGenerating C++ type support for eProsima Fast-RTPS[0m
[26.705s] [ 34%] [34m[1mGenerating C type support dispatch for ROS interfaces[0m
[26.706s] [ 34%] [34m[1mGenerating C++ introspection for ROS interfaces[0m
[29.941s] [ 35%] [32mBuilding CXX object CMakeFiles/inertial_sense_ros2__rosidl_typesupport_c.dir/rosidl_typesupport_c/inertial_sense_ros2/msg/g_time__type_support.cpp.o[0m
[29.942s] [ 37%] [32mBuilding CXX object CMakeFiles/inertial_sense_ros2__rosidl_typesupport_c.dir/rosidl_typesupport_c/inertial_sense_ros2/msg/gps__type_support.cpp.o[0m
[29.989s] [ 39%] [32mBuilding CXX object CMakeFiles/inertial_sense_ros2__rosidl_typesupport_cpp.dir/rosidl_typesupport_cpp/inertial_sense_ros2/msg/sat_info__type_support.cpp.o[0m
[30.040s] [ 40%] [32mBuilding CXX object CMakeFiles/inertial_sense_ros2__rosidl_typesupport_cpp.dir/rosidl_typesupport_cpp/inertial_sense_ros2/msg/g_time__type_support.cpp.o[0m
[30.049s] [ 42%] [32mBuilding CXX object CMakeFiles/inertial_sense_ros2__rosidl_typesupport_c.dir/rosidl_typesupport_c/inertial_sense_ros2/msg/sat_info__type_support.cpp.o[0m
[30.055s] [ 43%] [32mBuilding CXX object CMakeFiles/inertial_sense_ros2__rosidl_typesupport_c.dir/rosidl_typesupport_c/inertial_sense_ros2/msg/gps_info__type_support.cpp.o[0m
[30.118s] [ 45%] [32mBuilding CXX object CMakeFiles/inertial_sense_ros2__rosidl_typesupport_cpp.dir/rosidl_typesupport_cpp/inertial_sense_ros2/msg/gps__type_support.cpp.o[0m
[30.157s] [ 46%] [32mBuilding CXX object CMakeFiles/inertial_sense_ros2__rosidl_typesupport_cpp.dir/rosidl_typesupport_cpp/inertial_sense_ros2/msg/gps_info__type_support.cpp.o[0m
[30.274s] [ 48%] [32mBuilding C object CMakeFiles/inertial_sense_ros2__rosidl_typesupport_introspection_c.dir/rosidl_typesupport_introspection_c/inertial_sense_ros2/msg/detail/g_time__type_support.c.o[0m
[30.361s] [ 50%] [32mBuilding C object CMakeFiles/inertial_sense_ros2__rosidl_typesupport_introspection_c.dir/rosidl_typesupport_introspection_c/inertial_sense_ros2/msg/detail/sat_info__type_support.c.o[0m
[30.460s] [ 51%] [32mBuilding C object CMakeFiles/inertial_sense_ros2__rosidl_typesupport_introspection_c.dir/rosidl_typesupport_introspection_c/inertial_sense_ros2/msg/detail/gps__type_support.c.o[0m
[30.462s] [ 53%] [32mBuilding C object CMakeFiles/inertial_sense_ros2__rosidl_typesupport_introspection_c.dir/rosidl_typesupport_introspection_c/inertial_sense_ros2/msg/detail/gps_info__type_support.c.o[0m
[30.567s] [ 54%] [32mBuilding CXX object CMakeFiles/inertial_sense_ros2__rosidl_typesupport_introspection_cpp.dir/rosidl_typesupport_introspection_cpp/inertial_sense_ros2/msg/detail/sat_info__type_support.cpp.o[0m
[30.644s] [ 56%] [32mBuilding CXX object CMakeFiles/inertial_sense_ros2__rosidl_typesupport_introspection_cpp.dir/rosidl_typesupport_introspection_cpp/inertial_sense_ros2/msg/detail/g_time__type_support.cpp.o[0m
[31.106s] [ 57%] [32mBuilding CXX object CMakeFiles/inertial_sense_ros2__rosidl_typesupport_fastrtps_cpp.dir/rosidl_typesupport_fastrtps_cpp/inertial_sense_ros2/msg/detail/dds_fastrtps/g_time__type_support.cpp.o[0m
[31.408s] [ 59%] [32mBuilding CXX object CMakeFiles/inertial_sense_ros2__rosidl_typesupport_fastrtps_c.dir/rosidl_typesupport_fastrtps_c/inertial_sense_ros2/msg/detail/g_time__type_support_c.cpp.o[0m
[31.860s] [ 60%] [32mBuilding CXX object CMakeFiles/inertial_sense_ros2__rosidl_typesupport_fastrtps_c.dir/rosidl_typesupport_fastrtps_c/inertial_sense_ros2/msg/detail/sat_info__type_support_c.cpp.o[0m
[31.910s] [ 62%] [32mBuilding CXX object CMakeFiles/inertial_sense_ros2__rosidl_typesupport_introspection_cpp.dir/rosidl_typesupport_introspection_cpp/inertial_sense_ros2/msg/detail/gps__type_support.cpp.o[0m
[31.931s] [ 64%] [32mBuilding CXX object CMakeFiles/inertial_sense_ros2__rosidl_typesupport_fastrtps_cpp.dir/rosidl_typesupport_fastrtps_cpp/inertial_sense_ros2/msg/detail/dds_fastrtps/sat_info__type_support.cpp.o[0m
[32.012s] [ 65%] [32mBuilding CXX object CMakeFiles/inertial_sense_ros2__rosidl_typesupport_fastrtps_c.dir/rosidl_typesupport_fastrtps_c/inertial_sense_ros2/msg/detail/gps__type_support_c.cpp.o[0m
[32.092s] [ 67%] [32m[1mLinking CXX shared library libinertial_sense_ros2__rosidl_typesupport_c.so[0m
[32.185s] [ 68%] [32mBuilding CXX object CMakeFiles/inertial_sense_ros2__rosidl_typesupport_introspection_cpp.dir/rosidl_typesupport_introspection_cpp/inertial_sense_ros2/msg/detail/gps_info__type_support.cpp.o[0m
[32.201s] [ 70%] [32mBuilding CXX object CMakeFiles/inertial_sense_ros2__rosidl_typesupport_fastrtps_c.dir/rosidl_typesupport_fastrtps_c/inertial_sense_ros2/msg/detail/gps_info__type_support_c.cpp.o[0m
[32.467s] [ 71%] [32m[1mLinking C shared library libinertial_sense_ros2__rosidl_typesupport_introspection_c.so[0m
[34.142s] [ 71%] Built target inertial_sense_ros2__rosidl_typesupport_introspection_c
[34.517s] [ 73%] [32mBuilding CXX object CMakeFiles/inertial_sense_ros2__rosidl_typesupport_fastrtps_cpp.dir/rosidl_typesupport_fastrtps_cpp/inertial_sense_ros2/msg/detail/dds_fastrtps/gps__type_support.cpp.o[0m
[34.927s] [ 73%] Built target inertial_sense_ros2__rosidl_typesupport_c
[35.272s] [ 75%] [32mBuilding CXX object CMakeFiles/inertial_sense_ros2__rosidl_typesupport_fastrtps_cpp.dir/rosidl_typesupport_fastrtps_cpp/inertial_sense_ros2/msg/detail/dds_fastrtps/gps_info__type_support.cpp.o[0m
[39.765s] [ 76%] [32m[1mLinking CXX shared library libinertial_sense_ros2__rosidl_typesupport_cpp.so[0m
[41.030s] [ 78%] [32m[1mLinking CXX shared library libinertial_sense_ros2__rosidl_typesupport_introspection_cpp.so[0m
[41.643s] [ 78%] Built target inertial_sense_ros2__rosidl_typesupport_cpp
[42.750s] [ 78%] Built target inertial_sense_ros2__rosidl_typesupport_introspection_cpp
[43.446s] [ 79%] [32m[1mLinking CXX shared library libinertial_sense_ros2__rosidl_typesupport_fastrtps_c.so[0m
[44.108s] [ 81%] [32m[1mLinking CXX shared library libinertial_sense_ros2__rosidl_typesupport_fastrtps_cpp.so[0m
[44.271s] [ 81%] Built target inertial_sense_ros2__rosidl_typesupport_fastrtps_c
[45.264s] [ 81%] Built target inertial_sense_ros2__rosidl_typesupport_fastrtps_cpp
[45.611s] [ 81%] Built target inertial_sense_ros2
[45.973s] [ 82%] [34m[1mGenerating Python code for ROS interfaces[0m
[49.779s] [ 82%] Built target inertial_sense_ros2__py
[50.290s] [ 85%] [32mBuilding C object CMakeFiles/inertial_sense_ros2__rosidl_generator_py.dir/rosidl_generator_py/inertial_sense_ros2/msg/_sat_info_s.c.o[0m
[50.291s] [ 85%] [32mBuilding C object CMakeFiles/inertial_sense_ros2__rosidl_generator_py.dir/rosidl_generator_py/inertial_sense_ros2/msg/_g_time_s.c.o[0m
[50.294s] [ 87%] [32mBuilding C object CMakeFiles/inertial_sense_ros2__rosidl_generator_py.dir/rosidl_generator_py/inertial_sense_ros2/msg/_gps_s.c.o[0m
[50.296s] [ 89%] [32mBuilding C object CMakeFiles/inertial_sense_ros2__rosidl_generator_py.dir/rosidl_generator_py/inertial_sense_ros2/msg/_gps_info_s.c.o[0m
[52.704s] [ 90%] [32m[1mLinking C shared library libinertial_sense_ros2__rosidl_generator_py.so[0m
[53.588s] [ 90%] Built target inertial_sense_ros2__rosidl_generator_py
[54.005s] [ 92%] [32mBuilding C object CMakeFiles/inertial_sense_ros2_s__rosidl_typesupport_fastrtps_c.dir/rosidl_generator_py/inertial_sense_ros2/_inertial_sense_ros2_s.ep.rosidl_typesupport_fastrtps_c.c.o[0m
[54.015s] [ 93%] [32mBuilding C object CMakeFiles/inertial_sense_ros2_s__rosidl_typesupport_introspection_c.dir/rosidl_generator_py/inertial_sense_ros2/_inertial_sense_ros2_s.ep.rosidl_typesupport_introspection_c.c.o[0m
[54.025s] [ 95%] [32mBuilding C object CMakeFiles/inertial_sense_ros2_s__rosidl_typesupport_c.dir/rosidl_generator_py/inertial_sense_ros2/_inertial_sense_ros2_s.ep.rosidl_typesupport_c.c.o[0m
[55.849s] [ 96%] [32m[1mLinking C shared module rosidl_generator_py/inertial_sense_ros2/inertial_sense_ros2_s__rosidl_typesupport_c.so[0m
[55.914s] [ 98%] [32m[1mLinking C shared module rosidl_generator_py/inertial_sense_ros2/inertial_sense_ros2_s__rosidl_typesupport_introspection_c.so[0m
[56.084s] [100%] [32m[1mLinking C shared module rosidl_generator_py/inertial_sense_ros2/inertial_sense_ros2_s__rosidl_typesupport_fastrtps_c.so[0m
[56.533s] [100%] Built target inertial_sense_ros2_s__rosidl_typesupport_c
[56.606s] [100%] Built target inertial_sense_ros2_s__rosidl_typesupport_introspection_c
[56.808s] [100%] Built target inertial_sense_ros2_s__rosidl_typesupport_fastrtps_c
[56.977s] Invoked command in '/home/s/Inertial_Sense/imx/SDK/ros2/build/inertial_sense_ros2' returned '0': CMAKE_PREFIX_PATH=${CMAKE_PREFIX_PATH}:/opt/ros/jazzy DEBUGINFOD_URLS=https://debuginfod.ubuntu.com /usr/bin/cmake --build /home/s/Inertial_Sense/imx/SDK/ros2/build/inertial_sense_ros2 -- -j16 -l16
[60.283s] Invoking command in '/home/s/Inertial_Sense/imx/SDK/ros2/build/inertial_sense_ros2': CMAKE_PREFIX_PATH=${CMAKE_PREFIX_PATH}:/opt/ros/jazzy DEBUGINFOD_URLS=https://debuginfod.ubuntu.com /usr/bin/cmake --install /home/s/Inertial_Sense/imx/SDK/ros2/build/inertial_sense_ros2
[60.421s] -- Install configuration: ""
[60.423s] -- Installing: /home/s/Inertial_Sense/imx/SDK/ros2/install/inertial_sense_ros2/share/ament_index/resource_index/rosidl_interfaces/inertial_sense_ros2
[60.425s] -- Installing: /home/s/Inertial_Sense/imx/SDK/ros2/install/inertial_sense_ros2/share/inertial_sense_ros2/msg/GTime.json
[60.429s] -- Installing: /home/s/Inertial_Sense/imx/SDK/ros2/install/inertial_sense_ros2/share/inertial_sense_ros2/msg/SatInfo.json
[60.432s] -- Installing: /home/s/Inertial_Sense/imx/SDK/ros2/install/inertial_sense_ros2/share/inertial_sense_ros2/msg/GPS.json
[60.438s] -- Installing: /home/s/Inertial_Sense/imx/SDK/ros2/install/inertial_sense_ros2/share/inertial_sense_ros2/msg/GPSInfo.json
[60.440s] -- Up-to-date: /home/s/Inertial_Sense/imx/SDK/ros2/install/inertial_sense_ros2/include/inertial_sense_ros2/inertial_sense_ros2
[60.442s] -- Up-to-date: /home/s/Inertial_Sense/imx/SDK/ros2/install/inertial_sense_ros2/include/inertial_sense_ros2/inertial_sense_ros2/msg
[60.443s] -- Installing: /home/s/Inertial_Sense/imx/SDK/ros2/install/inertial_sense_ros2/include/inertial_sense_ros2/inertial_sense_ros2/msg/sat_info.h
[60.445s] -- Installing: /home/s/Inertial_Sense/imx/SDK/ros2/install/inertial_sense_ros2/include/inertial_sense_ros2/inertial_sense_ros2/msg/gps_info.h
[60.448s] -- Installing: /home/s/Inertial_Sense/imx/SDK/ros2/install/inertial_sense_ros2/include/inertial_sense_ros2/inertial_sense_ros2/msg/g_time.h
[60.450s] -- Installing: /home/s/Inertial_Sense/imx/SDK/ros2/install/inertial_sense_ros2/include/inertial_sense_ros2/inertial_sense_ros2/msg/gps.h
[60.453s] -- Up-to-date: /home/s/Inertial_Sense/imx/SDK/ros2/install/inertial_sense_ros2/include/inertial_sense_ros2/inertial_sense_ros2/msg/rosidl_generator_c__visibility_control.h
[60.457s] -- Up-to-date: /home/s/Inertial_Sense/imx/SDK/ros2/install/inertial_sense_ros2/include/inertial_sense_ros2/inertial_sense_ros2/msg/detail
[60.459s] -- Installing: /home/s/Inertial_Sense/imx/SDK/ros2/install/inertial_sense_ros2/include/inertial_sense_ros2/inertial_sense_ros2/msg/detail/gps__struct.h
[60.461s] -- Installing: /home/s/Inertial_Sense/imx/SDK/ros2/install/inertial_sense_ros2/include/inertial_sense_ros2/inertial_sense_ros2/msg/detail/g_time__struct.h
[60.462s] -- Installing: /home/s/Inertial_Sense/imx/SDK/ros2/install/inertial_sense_ros2/include/inertial_sense_ros2/inertial_sense_ros2/msg/detail/gps_info__functions.c
[60.465s] -- Installing: /home/s/Inertial_Sense/imx/SDK/ros2/install/inertial_sense_ros2/include/inertial_sense_ros2/inertial_sense_ros2/msg/detail/gps_info__type_support.h
[60.467s] -- Installing: /home/s/Inertial_Sense/imx/SDK/ros2/install/inertial_sense_ros2/include/inertial_sense_ros2/inertial_sense_ros2/msg/detail/sat_info__type_support.h
[60.471s] -- Installing: /home/s/Inertial_Sense/imx/SDK/ros2/install/inertial_sense_ros2/include/inertial_sense_ros2/inertial_sense_ros2/msg/detail/gps__type_support.c
[60.473s] -- Installing: /home/s/Inertial_Sense/imx/SDK/ros2/install/inertial_sense_ros2/include/inertial_sense_ros2/inertial_sense_ros2/msg/detail/sat_info__functions.c
[60.475s] -- Installing: /home/s/Inertial_Sense/imx/SDK/ros2/install/inertial_sense_ros2/include/inertial_sense_ros2/inertial_sense_ros2/msg/detail/g_time__type_support.c
[60.477s] -- Installing: /home/s/Inertial_Sense/imx/SDK/ros2/install/inertial_sense_ros2/include/inertial_sense_ros2/inertial_sense_ros2/msg/detail/g_time__type_support.h
[60.481s] -- Installing: /home/s/Inertial_Sense/imx/SDK/ros2/install/inertial_sense_ros2/include/inertial_sense_ros2/inertial_sense_ros2/msg/detail/gps_info__struct.h
[60.482s] -- Installing: /home/s/Inertial_Sense/imx/SDK/ros2/install/inertial_sense_ros2/include/inertial_sense_ros2/inertial_sense_ros2/msg/detail/gps_info__type_support.c
[60.484s] -- Installing: /home/s/Inertial_Sense/imx/SDK/ros2/install/inertial_sense_ros2/include/inertial_sense_ros2/inertial_sense_ros2/msg/detail/g_time__functions.h
[60.488s] -- Installing: /home/s/Inertial_Sense/imx/SDK/ros2/install/inertial_sense_ros2/include/inertial_sense_ros2/inertial_sense_ros2/msg/detail/sat_info__struct.h
[60.490s] -- Installing: /home/s/Inertial_Sense/imx/SDK/ros2/install/inertial_sense_ros2/include/inertial_sense_ros2/inertial_sense_ros2/msg/detail/g_time__functions.c
[60.493s] -- Installing: /home/s/Inertial_Sense/imx/SDK/ros2/install/inertial_sense_ros2/include/inertial_sense_ros2/inertial_sense_ros2/msg/detail/g_time__description.c
[60.495s] -- Installing: /home/s/Inertial_Sense/imx/SDK/ros2/install/inertial_sense_ros2/include/inertial_sense_ros2/inertial_sense_ros2/msg/detail/gps__functions.c
[60.499s] -- Installing: /home/s/Inertial_Sense/imx/SDK/ros2/install/inertial_sense_ros2/include/inertial_sense_ros2/inertial_sense_ros2/msg/detail/sat_info__functions.h
[60.500s] -- Installing: /home/s/Inertial_Sense/imx/SDK/ros2/install/inertial_sense_ros2/include/inertial_sense_ros2/inertial_sense_ros2/msg/detail/gps__description.c
[60.504s] -- Installing: /home/s/Inertial_Sense/imx/SDK/ros2/install/inertial_sense_ros2/include/inertial_sense_ros2/inertial_sense_ros2/msg/detail/gps_info__description.c
[60.506s] -- Installing: /home/s/Inertial_Sense/imx/SDK/ros2/install/inertial_sense_ros2/include/inertial_sense_ros2/inertial_sense_ros2/msg/detail/sat_info__description.c
[60.510s] -- Installing: /home/s/Inertial_Sense/imx/SDK/ros2/install/inertial_sense_ros2/include/inertial_sense_ros2/inertial_sense_ros2/msg/detail/gps_info__functions.h
[60.514s] -- Installing: /home/s/Inertial_Sense/imx/SDK/ros2/install/inertial_sense_ros2/include/inertial_sense_ros2/inertial_sense_ros2/msg/detail/gps__type_support.h
[60.518s] -- Installing: /home/s/Inertial_Sense/imx/SDK/ros2/install/inertial_sense_ros2/include/inertial_sense_ros2/inertial_sense_ros2/msg/detail/gps__functions.h
[60.519s] -- Installing: /home/s/Inertial_Sense/imx/SDK/ros2/install/inertial_sense_ros2/include/inertial_sense_ros2/inertial_sense_ros2/msg/detail/sat_info__type_support.c
[60.523s] -- Up-to-date: /home/s/Inertial_Sense/imx/SDK/ros2/install/inertial_sense_ros2/share/inertial_sense_ros2/environment/library_path.sh
[60.525s] -- Up-to-date: /home/s/Inertial_Sense/imx/SDK/ros2/install/inertial_sense_ros2/share/inertial_sense_ros2/environment/library_path.dsv
[60.532s] -- Installing: /home/s/Inertial_Sense/imx/SDK/ros2/install/inertial_sense_ros2/lib/libinertial_sense_ros2__rosidl_generator_c.so
[60.551s] -- Set non-toolchain portion of runtime path of "/home/s/Inertial_Sense/imx/SDK/ros2/install/inertial_sense_ros2/lib/libinertial_sense_ros2__rosidl_generator_c.so" to ""
[60.553s] -- Up-to-date: /home/s/Inertial_Sense/imx/SDK/ros2/install/inertial_sense_ros2/include/inertial_sense_ros2/inertial_sense_ros2
[60.556s] -- Up-to-date: /home/s/Inertial_Sense/imx/SDK/ros2/install/inertial_sense_ros2/include/inertial_sense_ros2/inertial_sense_ros2/msg
[60.558s] -- Up-to-date: /home/s/Inertial_Sense/imx/SDK/ros2/install/inertial_sense_ros2/include/inertial_sense_ros2/inertial_sense_ros2/msg/rosidl_typesupport_fastrtps_c__visibility_control.h
[60.560s] -- Up-to-date: /home/s/Inertial_Sense/imx/SDK/ros2/install/inertial_sense_ros2/include/inertial_sense_ros2/inertial_sense_ros2/msg/detail
[60.562s] -- Installing: /home/s/Inertial_Sense/imx/SDK/ros2/install/inertial_sense_ros2/include/inertial_sense_ros2/inertial_sense_ros2/msg/detail/g_time__rosidl_typesupport_fastrtps_c.h
[60.567s] -- Installing: /home/s/Inertial_Sense/imx/SDK/ros2/install/inertial_sense_ros2/include/inertial_sense_ros2/inertial_sense_ros2/msg/detail/gps__rosidl_typesupport_fastrtps_c.h
[60.568s] -- Installing: /home/s/Inertial_Sense/imx/SDK/ros2/install/inertial_sense_ros2/include/inertial_sense_ros2/inertial_sense_ros2/msg/detail/gps_info__rosidl_typesupport_fastrtps_c.h
[60.570s] -- Installing: /home/s/Inertial_Sense/imx/SDK/ros2/install/inertial_sense_ros2/include/inertial_sense_ros2/inertial_sense_ros2/msg/detail/sat_info__rosidl_typesupport_fastrtps_c.h
[60.577s] -- Installing: /home/s/Inertial_Sense/imx/SDK/ros2/install/inertial_sense_ros2/lib/libinertial_sense_ros2__rosidl_typesupport_fastrtps_c.so
[60.599s] -- Set non-toolchain portion of runtime path of "/home/s/Inertial_Sense/imx/SDK/ros2/install/inertial_sense_ros2/lib/libinertial_sense_ros2__rosidl_typesupport_fastrtps_c.so" to ""
[60.602s] -- Up-to-date: /home/s/Inertial_Sense/imx/SDK/ros2/install/inertial_sense_ros2/include/inertial_sense_ros2/inertial_sense_ros2
[60.609s] -- Up-to-date: /home/s/Inertial_Sense/imx/SDK/ros2/install/inertial_sense_ros2/include/inertial_sense_ros2/inertial_sense_ros2/msg
[60.612s] -- Installing: /home/s/Inertial_Sense/imx/SDK/ros2/install/inertial_sense_ros2/include/inertial_sense_ros2/inertial_sense_ros2/msg/gps.hpp
[60.613s] -- Installing: /home/s/Inertial_Sense/imx/SDK/ros2/install/inertial_sense_ros2/include/inertial_sense_ros2/inertial_sense_ros2/msg/rosidl_generator_cpp__visibility_control.hpp
[60.615s] -- Installing: /home/s/Inertial_Sense/imx/SDK/ros2/install/inertial_sense_ros2/include/inertial_sense_ros2/inertial_sense_ros2/msg/sat_info.hpp
[60.618s] -- Installing: /home/s/Inertial_Sense/imx/SDK/ros2/install/inertial_sense_ros2/include/inertial_sense_ros2/inertial_sense_ros2/msg/g_time.hpp
[60.619s] -- Installing: /home/s/Inertial_Sense/imx/SDK/ros2/install/inertial_sense_ros2/include/inertial_sense_ros2/inertial_sense_ros2/msg/gps_info.hpp
[60.624s] -- Up-to-date: /home/s/Inertial_Sense/imx/SDK/ros2/install/inertial_sense_ros2/include/inertial_sense_ros2/inertial_sense_ros2/msg/detail
[60.627s] -- Installing: /home/s/Inertial_Sense/imx/SDK/ros2/install/inertial_sense_ros2/include/inertial_sense_ros2/inertial_sense_ros2/msg/detail/gps__builder.hpp
[60.628s] -- Installing: /home/s/Inertial_Sense/imx/SDK/ros2/install/inertial_sense_ros2/include/inertial_sense_ros2/inertial_sense_ros2/msg/detail/g_time__struct.hpp
[60.631s] -- Installing: /home/s/Inertial_Sense/imx/SDK/ros2/install/inertial_sense_ros2/include/inertial_sense_ros2/inertial_sense_ros2/msg/detail/gps__type_support.hpp
[60.635s] -- Installing: /home/s/Inertial_Sense/imx/SDK/ros2/install/inertial_sense_ros2/include/inertial_sense_ros2/inertial_sense_ros2/msg/detail/sat_info__builder.hpp
[60.637s] -- Installing: /home/s/Inertial_Sense/imx/SDK/ros2/install/inertial_sense_ros2/include/inertial_sense_ros2/inertial_sense_ros2/msg/detail/gps__traits.hpp
[60.640s] -- Installing: /home/s/Inertial_Sense/imx/SDK/ros2/install/inertial_sense_ros2/include/inertial_sense_ros2/inertial_sense_ros2/msg/detail/g_time__builder.hpp
[60.644s] -- Installing: /home/s/Inertial_Sense/imx/SDK/ros2/install/inertial_sense_ros2/include/inertial_sense_ros2/inertial_sense_ros2/msg/detail/g_time__type_support.hpp
[60.646s] -- Installing: /home/s/Inertial_Sense/imx/SDK/ros2/install/inertial_sense_ros2/include/inertial_sense_ros2/inertial_sense_ros2/msg/detail/gps_info__builder.hpp
[60.648s] -- Installing: /home/s/Inertial_Sense/imx/SDK/ros2/install/inertial_sense_ros2/include/inertial_sense_ros2/inertial_sense_ros2/msg/detail/gps_info__struct.hpp
[60.650s] -- Installing: /home/s/Inertial_Sense/imx/SDK/ros2/install/inertial_sense_ros2/include/inertial_sense_ros2/inertial_sense_ros2/msg/detail/sat_info__type_support.hpp
[60.652s] -- Installing: /home/s/Inertial_Sense/imx/SDK/ros2/install/inertial_sense_ros2/include/inertial_sense_ros2/inertial_sense_ros2/msg/detail/sat_info__traits.hpp
[60.654s] -- Installing: /home/s/Inertial_Sense/imx/SDK/ros2/install/inertial_sense_ros2/include/inertial_sense_ros2/inertial_sense_ros2/msg/detail/g_time__traits.hpp
[60.656s] -- Installing: /home/s/Inertial_Sense/imx/SDK/ros2/install/inertial_sense_ros2/include/inertial_sense_ros2/inertial_sense_ros2/msg/detail/gps_info__traits.hpp
[60.660s] -- Installing: /home/s/Inertial_Sense/imx/SDK/ros2/install/inertial_sense_ros2/include/inertial_sense_ros2/inertial_sense_ros2/msg/detail/sat_info__struct.hpp
[60.662s] -- Installing: /home/s/Inertial_Sense/imx/SDK/ros2/install/inertial_sense_ros2/include/inertial_sense_ros2/inertial_sense_ros2/msg/detail/gps_info__type_support.hpp
[60.666s] -- Installing: /home/s/Inertial_Sense/imx/SDK/ros2/install/inertial_sense_ros2/include/inertial_sense_ros2/inertial_sense_ros2/msg/detail/gps__struct.hpp
[60.669s] -- Up-to-date: /home/s/Inertial_Sense/imx/SDK/ros2/install/inertial_sense_ros2/include/inertial_sense_ros2/inertial_sense_ros2
[60.674s] -- Up-to-date: /home/s/Inertial_Sense/imx/SDK/ros2/install/inertial_sense_ros2/include/inertial_sense_ros2/inertial_sense_ros2/msg
[60.677s] -- Up-to-date: /home/s/Inertial_Sense/imx/SDK/ros2/install/inertial_sense_ros2/include/inertial_sense_ros2/inertial_sense_ros2/msg/rosidl_typesupport_fastrtps_cpp__visibility_control.h
[60.680s] -- Up-to-date: /home/s/Inertial_Sense/imx/SDK/ros2/install/inertial_sense_ros2/include/inertial_sense_ros2/inertial_sense_ros2/msg/detail
[60.683s] -- Installing: /home/s/Inertial_Sense/imx/SDK/ros2/install/inertial_sense_ros2/include/inertial_sense_ros2/inertial_sense_ros2/msg/detail/sat_info__rosidl_typesupport_fastrtps_cpp.hpp
[60.685s] -- Up-to-date: /home/s/Inertial_Sense/imx/SDK/ros2/install/inertial_sense_ros2/include/inertial_sense_ros2/inertial_sense_ros2/msg/detail/dds_fastrtps
[60.687s] -- Installing: /home/s/Inertial_Sense/imx/SDK/ros2/install/inertial_sense_ros2/include/inertial_sense_ros2/inertial_sense_ros2/msg/detail/gps_info__rosidl_typesupport_fastrtps_cpp.hpp
[60.688s] -- Installing: /home/s/Inertial_Sense/imx/SDK/ros2/install/inertial_sense_ros2/include/inertial_sense_ros2/inertial_sense_ros2/msg/detail/gps__rosidl_typesupport_fastrtps_cpp.hpp
[60.690s] -- Installing: /home/s/Inertial_Sense/imx/SDK/ros2/install/inertial_sense_ros2/include/inertial_sense_ros2/inertial_sense_ros2/msg/detail/g_time__rosidl_typesupport_fastrtps_cpp.hpp
[60.693s] -- Installing: /home/s/Inertial_Sense/imx/SDK/ros2/install/inertial_sense_ros2/lib/libinertial_sense_ros2__rosidl_typesupport_fastrtps_cpp.so
[60.716s] -- Set non-toolchain portion of runtime path of "/home/s/Inertial_Sense/imx/SDK/ros2/install/inertial_sense_ros2/lib/libinertial_sense_ros2__rosidl_typesupport_fastrtps_cpp.so" to ""
[60.717s] -- Up-to-date: /home/s/Inertial_Sense/imx/SDK/ros2/install/inertial_sense_ros2/include/inertial_sense_ros2/inertial_sense_ros2
[60.722s] -- Up-to-date: /home/s/Inertial_Sense/imx/SDK/ros2/install/inertial_sense_ros2/include/inertial_sense_ros2/inertial_sense_ros2/msg
[60.725s] -- Up-to-date: /home/s/Inertial_Sense/imx/SDK/ros2/install/inertial_sense_ros2/include/inertial_sense_ros2/inertial_sense_ros2/msg/rosidl_typesupport_introspection_c__visibility_control.h
[60.727s] -- Up-to-date: /home/s/Inertial_Sense/imx/SDK/ros2/install/inertial_sense_ros2/include/inertial_sense_ros2/inertial_sense_ros2/msg/detail
[60.729s] -- Installing: /home/s/Inertial_Sense/imx/SDK/ros2/install/inertial_sense_ros2/include/inertial_sense_ros2/inertial_sense_ros2/msg/detail/gps_info__rosidl_typesupport_introspection_c.h
[60.732s] -- Installing: /home/s/Inertial_Sense/imx/SDK/ros2/install/inertial_sense_ros2/include/inertial_sense_ros2/inertial_sense_ros2/msg/detail/gps__type_support.c
[60.734s] -- Installing: /home/s/Inertial_Sense/imx/SDK/ros2/install/inertial_sense_ros2/include/inertial_sense_ros2/inertial_sense_ros2/msg/detail/sat_info__rosidl_typesupport_introspection_c.h
[60.736s] -- Installing: /home/s/Inertial_Sense/imx/SDK/ros2/install/inertial_sense_ros2/include/inertial_sense_ros2/inertial_sense_ros2/msg/detail/g_time__type_support.c
[60.739s] -- Installing: /home/s/Inertial_Sense/imx/SDK/ros2/install/inertial_sense_ros2/include/inertial_sense_ros2/inertial_sense_ros2/msg/detail/g_time__rosidl_typesupport_introspection_c.h
[60.741s] -- Installing: /home/s/Inertial_Sense/imx/SDK/ros2/install/inertial_sense_ros2/include/inertial_sense_ros2/inertial_sense_ros2/msg/detail/gps_info__type_support.c
[60.742s] -- Installing: /home/s/Inertial_Sense/imx/SDK/ros2/install/inertial_sense_ros2/include/inertial_sense_ros2/inertial_sense_ros2/msg/detail/gps__rosidl_typesupport_introspection_c.h
[60.744s] -- Installing: /home/s/Inertial_Sense/imx/SDK/ros2/install/inertial_sense_ros2/include/inertial_sense_ros2/inertial_sense_ros2/msg/detail/sat_info__type_support.c
[60.753s] -- Installing: /home/s/Inertial_Sense/imx/SDK/ros2/install/inertial_sense_ros2/lib/libinertial_sense_ros2__rosidl_typesupport_introspection_c.so
[60.772s] -- Set non-toolchain portion of runtime path of "/home/s/Inertial_Sense/imx/SDK/ros2/install/inertial_sense_ros2/lib/libinertial_sense_ros2__rosidl_typesupport_introspection_c.so" to ""
[60.781s] -- Installing: /home/s/Inertial_Sense/imx/SDK/ros2/install/inertial_sense_ros2/lib/libinertial_sense_ros2__rosidl_typesupport_c.so
[60.801s] -- Set non-toolchain portion of runtime path of "/home/s/Inertial_Sense/imx/SDK/ros2/install/inertial_sense_ros2/lib/libinertial_sense_ros2__rosidl_typesupport_c.so" to ""
[60.803s] -- Up-to-date: /home/s/Inertial_Sense/imx/SDK/ros2/install/inertial_sense_ros2/include/inertial_sense_ros2/inertial_sense_ros2
[60.805s] -- Up-to-date: /home/s/Inertial_Sense/imx/SDK/ros2/install/inertial_sense_ros2/include/inertial_sense_ros2/inertial_sense_ros2/msg
[60.807s] -- Up-to-date: /home/s/Inertial_Sense/imx/SDK/ros2/install/inertial_sense_ros2/include/inertial_sense_ros2/inertial_sense_ros2/msg/detail
[60.810s] -- Installing: /home/s/Inertial_Sense/imx/SDK/ros2/install/inertial_sense_ros2/include/inertial_sense_ros2/inertial_sense_ros2/msg/detail/gps_info__type_support.cpp
[60.812s] -- Installing: /home/s/Inertial_Sense/imx/SDK/ros2/install/inertial_sense_ros2/include/inertial_sense_ros2/inertial_sense_ros2/msg/detail/gps__rosidl_typesupport_introspection_cpp.hpp
[60.814s] -- Installing: /home/s/Inertial_Sense/imx/SDK/ros2/install/inertial_sense_ros2/include/inertial_sense_ros2/inertial_sense_ros2/msg/detail/gps_info__rosidl_typesupport_introspection_cpp.hpp
[60.818s] -- Installing: /home/s/Inertial_Sense/imx/SDK/ros2/install/inertial_sense_ros2/include/inertial_sense_ros2/inertial_sense_ros2/msg/detail/sat_info__rosidl_typesupport_introspection_cpp.hpp
[60.820s] -- Installing: /home/s/Inertial_Sense/imx/SDK/ros2/install/inertial_sense_ros2/include/inertial_sense_ros2/inertial_sense_ros2/msg/detail/sat_info__type_support.cpp
[60.822s] -- Installing: /home/s/Inertial_Sense/imx/SDK/ros2/install/inertial_sense_ros2/include/inertial_sense_ros2/inertial_sense_ros2/msg/detail/g_time__type_support.cpp
[60.824s] -- Installing: /home/s/Inertial_Sense/imx/SDK/ros2/install/inertial_sense_ros2/include/inertial_sense_ros2/inertial_sense_ros2/msg/detail/g_time__rosidl_typesupport_introspection_cpp.hpp
[60.825s] -- Installing: /home/s/Inertial_Sense/imx/SDK/ros2/install/inertial_sense_ros2/include/inertial_sense_ros2/inertial_sense_ros2/msg/detail/gps__type_support.cpp
[60.836s] -- Installing: /home/s/Inertial_Sense/imx/SDK/ros2/install/inertial_sense_ros2/lib/libinertial_sense_ros2__rosidl_typesupport_introspection_cpp.so
[60.856s] -- Set non-toolchain portion of runtime path of "/home/s/Inertial_Sense/imx/SDK/ros2/install/inertial_sense_ros2/lib/libinertial_sense_ros2__rosidl_typesupport_introspection_cpp.so" to ""
[60.865s] -- Installing: /home/s/Inertial_Sense/imx/SDK/ros2/install/inertial_sense_ros2/lib/libinertial_sense_ros2__rosidl_typesupport_cpp.so
[60.886s] -- Set non-toolchain portion of runtime path of "/home/s/Inertial_Sense/imx/SDK/ros2/install/inertial_sense_ros2/lib/libinertial_sense_ros2__rosidl_typesupport_cpp.so" to ""
[60.890s] -- Up-to-date: /home/s/Inertial_Sense/imx/SDK/ros2/install/inertial_sense_ros2/share/inertial_sense_ros2/environment/pythonpath.sh
[60.892s] -- Up-to-date: /home/s/Inertial_Sense/imx/SDK/ros2/install/inertial_sense_ros2/share/inertial_sense_ros2/environment/pythonpath.dsv
[60.894s] -- Up-to-date: /home/s/Inertial_Sense/imx/SDK/ros2/install/inertial_sense_ros2/lib/python3.12/site-packages/inertial_sense_ros2-1.1.1-py3.12.egg-info
[60.897s] -- Installing: /home/s/Inertial_Sense/imx/SDK/ros2/install/inertial_sense_ros2/lib/python3.12/site-packages/inertial_sense_ros2-1.1.1-py3.12.egg-info/SOURCES.txt
[60.899s] -- Installing: /home/s/Inertial_Sense/imx/SDK/ros2/install/inertial_sense_ros2/lib/python3.12/site-packages/inertial_sense_ros2-1.1.1-py3.12.egg-info/PKG-INFO
[60.902s] -- Installing: /home/s/Inertial_Sense/imx/SDK/ros2/install/inertial_sense_ros2/lib/python3.12/site-packages/inertial_sense_ros2-1.1.1-py3.12.egg-info/dependency_links.txt
[60.904s] -- Installing: /home/s/Inertial_Sense/imx/SDK/ros2/install/inertial_sense_ros2/lib/python3.12/site-packages/inertial_sense_ros2-1.1.1-py3.12.egg-info/top_level.txt
[60.907s] -- Up-to-date: /home/s/Inertial_Sense/imx/SDK/ros2/install/inertial_sense_ros2/lib/python3.12/site-packages/inertial_sense_ros2
[60.910s] -- Installing: /home/s/Inertial_Sense/imx/SDK/ros2/install/inertial_sense_ros2/lib/python3.12/site-packages/inertial_sense_ros2/__init__.py
[60.913s] -- Installing: /home/s/Inertial_Sense/imx/SDK/ros2/install/inertial_sense_ros2/lib/python3.12/site-packages/inertial_sense_ros2/inertial_sense_ros2_s__rosidl_typesupport_c.so
[60.917s] -- Installing: /home/s/Inertial_Sense/imx/SDK/ros2/install/inertial_sense_ros2/lib/python3.12/site-packages/inertial_sense_ros2/_inertial_sense_ros2_s.ep.rosidl_typesupport_introspection_c.c
[60.918s] -- Up-to-date: /home/s/Inertial_Sense/imx/SDK/ros2/install/inertial_sense_ros2/lib/python3.12/site-packages/inertial_sense_ros2/msg
[60.920s] -- Installing: /home/s/Inertial_Sense/imx/SDK/ros2/install/inertial_sense_ros2/lib/python3.12/site-packages/inertial_sense_ros2/msg/_g_time_s.c
[60.923s] -- Installing: /home/s/Inertial_Sense/imx/SDK/ros2/install/inertial_sense_ros2/lib/python3.12/site-packages/inertial_sense_ros2/msg/__init__.py
[60.925s] -- Installing: /home/s/Inertial_Sense/imx/SDK/ros2/install/inertial_sense_ros2/lib/python3.12/site-packages/inertial_sense_ros2/msg/_gps_info_s.c
[60.927s] -- Installing: /home/s/Inertial_Sense/imx/SDK/ros2/install/inertial_sense_ros2/lib/python3.12/site-packages/inertial_sense_ros2/msg/_gps_info.py
[60.931s] -- Installing: /home/s/Inertial_Sense/imx/SDK/ros2/install/inertial_sense_ros2/lib/python3.12/site-packages/inertial_sense_ros2/msg/_gps_s.c
[60.932s] -- Installing: /home/s/Inertial_Sense/imx/SDK/ros2/install/inertial_sense_ros2/lib/python3.12/site-packages/inertial_sense_ros2/msg/_sat_info.py
[60.934s] -- Installing: /home/s/Inertial_Sense/imx/SDK/ros2/install/inertial_sense_ros2/lib/python3.12/site-packages/inertial_sense_ros2/msg/_g_time.py
[60.938s] -- Installing: /home/s/Inertial_Sense/imx/SDK/ros2/install/inertial_sense_ros2/lib/python3.12/site-packages/inertial_sense_ros2/msg/_sat_info_s.c
[60.939s] -- Installing: /home/s/Inertial_Sense/imx/SDK/ros2/install/inertial_sense_ros2/lib/python3.12/site-packages/inertial_sense_ros2/msg/_gps.py
[60.944s] -- Installing: /home/s/Inertial_Sense/imx/SDK/ros2/install/inertial_sense_ros2/lib/python3.12/site-packages/inertial_sense_ros2/inertial_sense_ros2_s__rosidl_typesupport_introspection_c.so
[60.945s] -- Installing: /home/s/Inertial_Sense/imx/SDK/ros2/install/inertial_sense_ros2/lib/python3.12/site-packages/inertial_sense_ros2/inertial_sense_ros2_s__rosidl_typesupport_fastrtps_c.so
[60.953s] -- Installing: /home/s/Inertial_Sense/imx/SDK/ros2/install/inertial_sense_ros2/lib/python3.12/site-packages/inertial_sense_ros2/_inertial_sense_ros2_s.ep.rosidl_typesupport_fastrtps_c.c
[60.954s] -- Installing: /home/s/Inertial_Sense/imx/SDK/ros2/install/inertial_sense_ros2/lib/python3.12/site-packages/inertial_sense_ros2/_inertial_sense_ros2_s.ep.rosidl_typesupport_c.c
[61.407s] Listing '/home/s/Inertial_Sense/imx/SDK/ros2/install/inertial_sense_ros2/lib/python3.12/site-packages/inertial_sense_ros2'...
[61.409s] Compiling '/home/s/Inertial_Sense/imx/SDK/ros2/install/inertial_sense_ros2/lib/python3.12/site-packages/inertial_sense_ros2/__init__.py'...
[61.411s] Listing '/home/s/Inertial_Sense/imx/SDK/ros2/install/inertial_sense_ros2/lib/python3.12/site-packages/inertial_sense_ros2/msg'...
[61.413s] Compiling '/home/s/Inertial_Sense/imx/SDK/ros2/install/inertial_sense_ros2/lib/python3.12/site-packages/inertial_sense_ros2/msg/__init__.py'...
[61.415s] Compiling '/home/s/Inertial_Sense/imx/SDK/ros2/install/inertial_sense_ros2/lib/python3.12/site-packages/inertial_sense_ros2/msg/_g_time.py'...
[61.416s] Compiling '/home/s/Inertial_Sense/imx/SDK/ros2/install/inertial_sense_ros2/lib/python3.12/site-packages/inertial_sense_ros2/msg/_gps.py'...
[61.418s] Compiling '/home/s/Inertial_Sense/imx/SDK/ros2/install/inertial_sense_ros2/lib/python3.12/site-packages/inertial_sense_ros2/msg/_gps_info.py'...
[61.420s] Compiling '/home/s/Inertial_Sense/imx/SDK/ros2/install/inertial_sense_ros2/lib/python3.12/site-packages/inertial_sense_ros2/msg/_sat_info.py'...
[61.445s] -- Installing: /home/s/Inertial_Sense/imx/SDK/ros2/install/inertial_sense_ros2/lib/python3.12/site-packages/inertial_sense_ros2/inertial_sense_ros2_s__rosidl_typesupport_fastrtps_c.so
[61.473s] -- Set non-toolchain portion of runtime path of "/home/s/Inertial_Sense/imx/SDK/ros2/install/inertial_sense_ros2/lib/python3.12/site-packages/inertial_sense_ros2/inertial_sense_ros2_s__rosidl_typesupport_fastrtps_c.so" to ""
[61.485s] -- Installing: /home/s/Inertial_Sense/imx/SDK/ros2/install/inertial_sense_ros2/lib/python3.12/site-packages/inertial_sense_ros2/inertial_sense_ros2_s__rosidl_typesupport_introspection_c.so
[61.506s] -- Set non-toolchain portion of runtime path of "/home/s/Inertial_Sense/imx/SDK/ros2/install/inertial_sense_ros2/lib/python3.12/site-packages/inertial_sense_ros2/inertial_sense_ros2_s__rosidl_typesupport_introspection_c.so" to ""
[61.517s] -- Installing: /home/s/Inertial_Sense/imx/SDK/ros2/install/inertial_sense_ros2/lib/python3.12/site-packages/inertial_sense_ros2/inertial_sense_ros2_s__rosidl_typesupport_c.so
[61.537s] -- Set non-toolchain portion of runtime path of "/home/s/Inertial_Sense/imx/SDK/ros2/install/inertial_sense_ros2/lib/python3.12/site-packages/inertial_sense_ros2/inertial_sense_ros2_s__rosidl_typesupport_c.so" to ""
[61.549s] -- Installing: /home/s/Inertial_Sense/imx/SDK/ros2/install/inertial_sense_ros2/lib/libinertial_sense_ros2__rosidl_generator_py.so
[61.575s] -- Set non-toolchain portion of runtime path of "/home/s/Inertial_Sense/imx/SDK/ros2/install/inertial_sense_ros2/lib/libinertial_sense_ros2__rosidl_generator_py.so" to ""
[61.577s] -- Up-to-date: /home/s/Inertial_Sense/imx/SDK/ros2/install/inertial_sense_ros2/share/inertial_sense_ros2/msg/GTime.idl
[61.581s] -- Up-to-date: /home/s/Inertial_Sense/imx/SDK/ros2/install/inertial_sense_ros2/share/inertial_sense_ros2/msg/SatInfo.idl
[61.583s] -- Installing: /home/s/Inertial_Sense/imx/SDK/ros2/install/inertial_sense_ros2/share/inertial_sense_ros2/msg/GPS.idl
[61.584s] -- Up-to-date: /home/s/Inertial_Sense/imx/SDK/ros2/install/inertial_sense_ros2/share/inertial_sense_ros2/msg/GPSInfo.idl
[61.586s] -- Up-to-date: /home/s/Inertial_Sense/imx/SDK/ros2/install/inertial_sense_ros2/share/inertial_sense_ros2/msg/GTime.msg
[61.588s] -- Up-to-date: /home/s/Inertial_Sense/imx/SDK/ros2/install/inertial_sense_ros2/share/inertial_sense_ros2/msg/SatInfo.msg
[61.591s] -- Installing: /home/s/Inertial_Sense/imx/SDK/ros2/install/inertial_sense_ros2/share/inertial_sense_ros2/msg/GPS.msg
[61.592s] -- Up-to-date: /home/s/Inertial_Sense/imx/SDK/ros2/install/inertial_sense_ros2/share/inertial_sense_ros2/msg/GPSInfo.msg
[61.613s] Invoked command in '/home/s/Inertial_Sense/imx/SDK/ros2/build/inertial_sense_ros2' returned '0': CMAKE_PREFIX_PATH=${CMAKE_PREFIX_PATH}:/opt/ros/jazzy DEBUGINFOD_URLS=https://debuginfod.ubuntu.com /usr/bin/cmake --install /home/s/Inertial_Sense/imx/SDK/ros2/build/inertial_sense_ros2
