[0.052s] Invoking command in '/home/s/Inertial_Sense/imx/SDK/ros2/build/inertial_sense_ros2': CMAKE_PREFIX_PATH=${CMAKE_PREFIX_PATH}:/opt/ros/jazzy DEBUGINFOD_URLS=https://debuginfod.ubuntu.com /usr/bin/cmake --build /home/s/Inertial_Sense/imx/SDK/ros2/build/inertial_sense_ros2 -- -j6 -l6
[0.209s] -- Found std_msgs: 5.3.5 (/opt/ros/jazzy/share/std_msgs/cmake)
[0.304s] -- Found Python3: /usr/bin/python3 (found version "3.12.3") found components: Interpreter 
[0.735s] -- Found rosidl_generator_c: 4.6.3 (/opt/ros/jazzy/share/rosidl_generator_c/cmake)
[0.779s] -- Found rosidl_generator_cpp: 4.6.3 (/opt/ros/jazzy/share/rosidl_generator_cpp/cmake)
[0.825s] -- Using all available rosidl_typesupport_c: rosidl_typesupport_fastrtps_c;rosidl_typesupport_introspection_c
[0.880s] -- Using all available rosidl_typesupport_cpp: rosidl_typesupport_fastrtps_cpp;rosidl_typesupport_introspection_cpp
[0.991s] -- Found std_srvs: 5.3.5 (/opt/ros/jazzy/share/std_srvs/cmake)
[1.124s] -- Found geometry_msgs: 5.3.5 (/opt/ros/jazzy/share/geometry_msgs/cmake)
[1.181s] -- Found rclcpp: 28.1.3 (/opt/ros/jazzy/share/rclcpp/cmake)
[1.367s] -- Found rmw_implementation_cmake: 7.3.1 (/opt/ros/jazzy/share/rmw_implementation_cmake/cmake)
[1.372s] -- Found rmw_fastrtps_cpp: 8.4.1 (/opt/ros/jazzy/share/rmw_fastrtps_cpp/cmake)
[1.639s] -- Using RMW implementation 'rmw_fastrtps_cpp' as default
[1.882s] -- Found rclpy: 7.1.1 (/opt/ros/jazzy/share/rclpy/cmake)
[1.883s] -- Found sensor_msgs: 5.3.5 (/opt/ros/jazzy/share/sensor_msgs/cmake)
[1.977s] -- Found nav_msgs: 5.3.5 (/opt/ros/jazzy/share/nav_msgs/cmake)
[2.078s] -- Found diagnostic_msgs: 5.3.5 (/opt/ros/jazzy/share/diagnostic_msgs/cmake)
[2.173s] -- Found rosidl_default_generators: 1.6.0 (/opt/ros/jazzy/share/rosidl_default_generators/cmake)
[2.204s] -- Found rosidl_adapter: 4.6.3 (/opt/ros/jazzy/share/rosidl_adapter/cmake)
[2.209s] -- Found tf2: 0.36.4 (/opt/ros/jazzy/share/tf2/cmake)
[3.683s] -- Found ament_cmake_ros: 0.12.0 (/opt/ros/jazzy/share/ament_cmake_ros/cmake)
[4.950s] -- Using all available rosidl_typesupport_c: rosidl_typesupport_fastrtps_c;rosidl_typesupport_introspection_c
[5.401s] -- Using all available rosidl_typesupport_cpp: rosidl_typesupport_fastrtps_cpp;rosidl_typesupport_introspection_cpp
[5.406s] -- Found python_cmake_module: 0.11.1 (/opt/ros/jazzy/share/python_cmake_module/cmake)
[6.280s] -- Found Python3: /usr/bin/python3 (found version "3.12.3") found components: Interpreter Development NumPy Development.Module Development.Embed 
[6.459s] -- Configuring done (6.3s)
[6.779s] -- Generating done (0.3s)
[6.802s] -- Build files have been written to: /home/s/Inertial_Sense/imx/SDK/ros2/build/inertial_sense_ros2
[6.967s] [  1%] Built target inertial_sense_ros2__rosidl_generator_type_description
[7.013s] [  1%] Built target ament_cmake_python_copy_inertial_sense_ros2
[7.062s] [  1%] Built target inertial_sense_ros2__cpp
[7.097s] [  2%] [32m[1mLinking CXX executable new_target[0m
[7.161s] [ 28%] Built target inertial_sense_ros2__rosidl_generator_c
[7.341s] [ 37%] Built target inertial_sense_ros2__rosidl_typesupport_introspection_c
[7.376s] [ 47%] Built target inertial_sense_ros2__rosidl_typesupport_cpp
[7.425s] [ 56%] Built target inertial_sense_ros2__rosidl_typesupport_fastrtps_c
[7.433s] [ 66%] Built target inertial_sense_ros2__rosidl_typesupport_fastrtps_cpp
[7.518s] [ 75%] Built target inertial_sense_ros2__rosidl_typesupport_c
[7.578s] [ 85%] Built target inertial_sense_ros2__rosidl_typesupport_introspection_cpp
[7.673s] [ 85%] Built target inertial_sense_ros2
[7.768s] [ 86%] Built target inertial_sense_ros2__py
[7.805s] running egg_info
[7.882s] writing inertial_sense_ros2.egg-info/PKG-INFO
[7.884s] writing dependency_links to inertial_sense_ros2.egg-info/dependency_links.txt
[7.885s] writing top-level names to inertial_sense_ros2.egg-info/top_level.txt
[7.952s] [ 95%] Built target inertial_sense_ros2__rosidl_generator_py
[8.071s] [ 96%] Built target inertial_sense_ros2_s__rosidl_typesupport_c
[8.072s] [ 97%] Built target inertial_sense_ros2_s__rosidl_typesupport_introspection_c
[8.073s] [ 98%] Built target inertial_sense_ros2_s__rosidl_typesupport_fastrtps_c
[8.100s] reading manifest file 'inertial_sense_ros2.egg-info/SOURCES.txt'
[8.103s] writing manifest file 'inertial_sense_ros2.egg-info/SOURCES.txt'
[8.198s] [ 98%] Built target ament_cmake_python_build_inertial_sense_ros2_egg
[9.026s] /usr/bin/ld: CMakeFiles/new_target.dir/src/inertial_sense_ros2.cpp.o: in function `InertialSenseROS::connect_rtk_client(RtkRoverCorrectionProvider_Ntrip&)':
[9.027s] inertial_sense_ros2.cpp:(.text+0x114d2): undefined reference to `RtkRoverCorrectionProvider_Ntrip::get_connection_string[abi:cxx11]()'
[9.031s] /usr/bin/ld: CMakeFiles/new_target.dir/src/inertial_sense_ros2.cpp.o: in function `InertialSenseROS::start_rtk_server(RtkBaseCorrectionProvider_Ntrip&)':
[9.032s] inertial_sense_ros2.cpp:(.text+0x12f98): undefined reference to `RtkBaseCorrectionProvider_Ntrip::get_connection_string[abi:cxx11]()'
[9.034s] /usr/bin/ld: CMakeFiles/new_target.dir/src/inertial_sense_ros2.cpp.o: in function `InertialSenseROS::configure_rtk()':
[9.035s] inertial_sense_ros2.cpp:(.text+0x1490b): undefined reference to `RtkBaseProvider::getProvidersByType(std::__cxx11::basic_string<char, std::char_traits<char>, std::allocator<char> >)'
[9.038s] /usr/bin/ld: inertial_sense_ros2.cpp:(.text+0x158d8): undefined reference to `RtkBaseProvider::getProvidersByType(std::__cxx11::basic_string<char, std::char_traits<char>, std::allocator<char> >)'
[9.051s] /usr/bin/ld: CMakeFiles/new_target.dir/src/inertial_sense_ros2.cpp.o: in function `RtkBaseProvider::RtkBaseProvider(YAML::Node)':
[9.051s] inertial_sense_ros2.cpp:(.text._ZN15RtkBaseProviderC2EN4YAML4NodeE[_ZN15RtkBaseProviderC5EN4YAML4NodeE]+0xb3): undefined reference to `RtkBaseProvider::configure(YAML::Node&)'
[9.055s] /usr/bin/ld: CMakeFiles/new_target.dir/src/inertial_sense_ros2.cpp.o: in function `RtkRoverProvider::RtkRoverProvider(YAML::Node)':
[9.055s] inertial_sense_ros2.cpp:(.text._ZN16RtkRoverProviderC2EN4YAML4NodeE[_ZN16RtkRoverProviderC5EN4YAML4NodeE]+0x5f): undefined reference to `RtkRoverProvider::configure(YAML::Node&)'
[9.174s] /usr/bin/ld: CMakeFiles/new_target.dir/src/inertial_sense_ros2.cpp.o: in function `rclcpp::Service<inertial_sense_ros2::srv::RefLLAUpdate>::Service(std::shared_ptr<rcl_node_s>, std::__cxx11::basic_string<char, std::char_traits<char>, std::allocator<char> > const&, rclcpp::AnyServiceCallback<inertial_sense_ros2::srv::RefLLAUpdate>, rcl_service_options_s&)':
[9.174s] inertial_sense_ros2.cpp:(.text._ZN6rclcpp7ServiceIN19inertial_sense_ros23srv12RefLLAUpdateEEC2ESt10shared_ptrI10rcl_node_sERKNSt7__cxx1112basic_stringIcSt11char_traitsIcESaIcEEENS_18AnyServiceCallbackIS3_EER21rcl_service_options_s[_ZN6rclcpp7ServiceIN19inertial_sense_ros23srv12RefLLAUpdateEEC5ESt10shared_ptrI10rcl_node_sERKNSt7__cxx1112basic_stringIcSt11char_traitsIcESaIcEEENS_18AnyServiceCallbackIS3_EER21rcl_service_options_s]+0xce): undefined reference to `rosidl_service_type_support_t const* rosidl_typesupport_cpp::get_service_type_support_handle<inertial_sense_ros2::srv::RefLLAUpdate>()'
[9.190s] /usr/bin/ld: CMakeFiles/new_target.dir/src/inertial_sense_ros2.cpp.o: in function `std::enable_if<rosidl_generator_traits::is_message<inertial_sense_ros2::msg::DIDINS1_<std::allocator<void> > >::value, rosidl_message_type_support_t const&>::type rclcpp::get_message_type_support_handle<inertial_sense_ros2::msg::DIDINS1_<std::allocator<void> > >()':
[9.190s] inertial_sense_ros2.cpp:(.text._ZN6rclcpp31get_message_type_support_handleIN19inertial_sense_ros23msg8DIDINS1_ISaIvEEEEENSt9enable_ifIXsrN23rosidl_generator_traits10is_messageIT_EE5valueERK29rosidl_message_type_support_tE4typeEv[_ZN6rclcpp31get_message_type_support_handleIN19inertial_sense_ros23msg8DIDINS1_ISaIvEEEEENSt9enable_ifIXsrN23rosidl_generator_traits10is_messageIT_EE5valueERK29rosidl_message_type_support_tE4typeEv]+0x10): undefined reference to `rosidl_message_type_support_t const* rosidl_typesupport_cpp::get_message_type_support_handle<inertial_sense_ros2::msg::DIDINS1_<std::allocator<void> > >()'
[9.194s] /usr/bin/ld: CMakeFiles/new_target.dir/src/inertial_sense_ros2.cpp.o: in function `std::enable_if<rosidl_generator_traits::is_message<inertial_sense_ros2::msg::DIDINS2_<std::allocator<void> > >::value, rosidl_message_type_support_t const&>::type rclcpp::get_message_type_support_handle<inertial_sense_ros2::msg::DIDINS2_<std::allocator<void> > >()':
[9.195s] inertial_sense_ros2.cpp:(.text._ZN6rclcpp31get_message_type_support_handleIN19inertial_sense_ros23msg8DIDINS2_ISaIvEEEEENSt9enable_ifIXsrN23rosidl_generator_traits10is_messageIT_EE5valueERK29rosidl_message_type_support_tE4typeEv[_ZN6rclcpp31get_message_type_support_handleIN19inertial_sense_ros23msg8DIDINS2_ISaIvEEEEENSt9enable_ifIXsrN23rosidl_generator_traits10is_messageIT_EE5valueERK29rosidl_message_type_support_tE4typeEv]+0x10): undefined reference to `rosidl_message_type_support_t const* rosidl_typesupport_cpp::get_message_type_support_handle<inertial_sense_ros2::msg::DIDINS2_<std::allocator<void> > >()'
[9.199s] /usr/bin/ld: CMakeFiles/new_target.dir/src/inertial_sense_ros2.cpp.o: in function `std::enable_if<rosidl_generator_traits::is_message<inertial_sense_ros2::msg::DIDINS4_<std::allocator<void> > >::value, rosidl_message_type_support_t const&>::type rclcpp::get_message_type_support_handle<inertial_sense_ros2::msg::DIDINS4_<std::allocator<void> > >()':
[9.200s] inertial_sense_ros2.cpp:(.text._ZN6rclcpp31get_message_type_support_handleIN19inertial_sense_ros23msg8DIDINS4_ISaIvEEEEENSt9enable_ifIXsrN23rosidl_generator_traits10is_messageIT_EE5valueERK29rosidl_message_type_support_tE4typeEv[_ZN6rclcpp31get_message_type_support_handleIN19inertial_sense_ros23msg8DIDINS4_ISaIvEEEEENSt9enable_ifIXsrN23rosidl_generator_traits10is_messageIT_EE5valueERK29rosidl_message_type_support_tE4typeEv]+0x10): undefined reference to `rosidl_message_type_support_t const* rosidl_typesupport_cpp::get_message_type_support_handle<inertial_sense_ros2::msg::DIDINS4_<std::allocator<void> > >()'
[9.204s] /usr/bin/ld: CMakeFiles/new_target.dir/src/inertial_sense_ros2.cpp.o: in function `std::enable_if<rosidl_generator_traits::is_message<inertial_sense_ros2::msg::INL2States_<std::allocator<void> > >::value, rosidl_message_type_support_t const&>::type rclcpp::get_message_type_support_handle<inertial_sense_ros2::msg::INL2States_<std::allocator<void> > >()':
[9.205s] inertial_sense_ros2.cpp:(.text._ZN6rclcpp31get_message_type_support_handleIN19inertial_sense_ros23msg11INL2States_ISaIvEEEEENSt9enable_ifIXsrN23rosidl_generator_traits10is_messageIT_EE5valueERK29rosidl_message_type_support_tE4typeEv[_ZN6rclcpp31get_message_type_support_handleIN19inertial_sense_ros23msg11INL2States_ISaIvEEEEENSt9enable_ifIXsrN23rosidl_generator_traits10is_messageIT_EE5valueERK29rosidl_message_type_support_tE4typeEv]+0x10): undefined reference to `rosidl_message_type_support_t const* rosidl_typesupport_cpp::get_message_type_support_handle<inertial_sense_ros2::msg::INL2States_<std::allocator<void> > >()'
[9.209s] /usr/bin/ld: CMakeFiles/new_target.dir/src/inertial_sense_ros2.cpp.o: in function `std::enable_if<rosidl_generator_traits::is_message<inertial_sense_ros2::msg::PIMU_<std::allocator<void> > >::value, rosidl_message_type_support_t const&>::type rclcpp::get_message_type_support_handle<inertial_sense_ros2::msg::PIMU_<std::allocator<void> > >()':
[9.209s] inertial_sense_ros2.cpp:(.text._ZN6rclcpp31get_message_type_support_handleIN19inertial_sense_ros23msg5PIMU_ISaIvEEEEENSt9enable_ifIXsrN23rosidl_generator_traits10is_messageIT_EE5valueERK29rosidl_message_type_support_tE4typeEv[_ZN6rclcpp31get_message_type_support_handleIN19inertial_sense_ros23msg5PIMU_ISaIvEEEEENSt9enable_ifIXsrN23rosidl_generator_traits10is_messageIT_EE5valueERK29rosidl_message_type_support_tE4typeEv]+0x10): undefined reference to `rosidl_message_type_support_t const* rosidl_typesupport_cpp::get_message_type_support_handle<inertial_sense_ros2::msg::PIMU_<std::allocator<void> > >()'
[9.213s] /usr/bin/ld: CMakeFiles/new_target.dir/src/inertial_sense_ros2.cpp.o: in function `std::enable_if<rosidl_generator_traits::is_message<sensor_msgs::msg::Imu_<std::allocator<void> > >::value, rosidl_message_type_support_t const&>::type rclcpp::get_message_type_support_handle<sensor_msgs::msg::Imu_<std::allocator<void> > >()':
[9.214s] inertial_sense_ros2.cpp:(.text._ZN6rclcpp31get_message_type_support_handleIN11sensor_msgs3msg4Imu_ISaIvEEEEENSt9enable_ifIXsrN23rosidl_generator_traits10is_messageIT_EE5valueERK29rosidl_message_type_support_tE4typeEv[_ZN6rclcpp31get_message_type_support_handleIN11sensor_msgs3msg4Imu_ISaIvEEEEENSt9enable_ifIXsrN23rosidl_generator_traits10is_messageIT_EE5valueERK29rosidl_message_type_support_tE4typeEv]+0x10): undefined reference to `rosidl_message_type_support_t const* rosidl_typesupport_cpp::get_message_type_support_handle<sensor_msgs::msg::Imu_<std::allocator<void> > >()'
[9.218s] /usr/bin/ld: CMakeFiles/new_target.dir/src/inertial_sense_ros2.cpp.o: in function `std::enable_if<rosidl_generator_traits::is_message<sensor_msgs::msg::MagneticField_<std::allocator<void> > >::value, rosidl_message_type_support_t const&>::type rclcpp::get_message_type_support_handle<sensor_msgs::msg::MagneticField_<std::allocator<void> > >()':
[9.218s] inertial_sense_ros2.cpp:(.text._ZN6rclcpp31get_message_type_support_handleIN11sensor_msgs3msg14MagneticField_ISaIvEEEEENSt9enable_ifIXsrN23rosidl_generator_traits10is_messageIT_EE5valueERK29rosidl_message_type_support_tE4typeEv[_ZN6rclcpp31get_message_type_support_handleIN11sensor_msgs3msg14MagneticField_ISaIvEEEEENSt9enable_ifIXsrN23rosidl_generator_traits10is_messageIT_EE5valueERK29rosidl_message_type_support_tE4typeEv]+0x10): undefined reference to `rosidl_message_type_support_t const* rosidl_typesupport_cpp::get_message_type_support_handle<sensor_msgs::msg::MagneticField_<std::allocator<void> > >()'
[9.222s] /usr/bin/ld: CMakeFiles/new_target.dir/src/inertial_sense_ros2.cpp.o: in function `std::enable_if<rosidl_generator_traits::is_message<sensor_msgs::msg::FluidPressure_<std::allocator<void> > >::value, rosidl_message_type_support_t const&>::type rclcpp::get_message_type_support_handle<sensor_msgs::msg::FluidPressure_<std::allocator<void> > >()':
[9.223s] inertial_sense_ros2.cpp:(.text._ZN6rclcpp31get_message_type_support_handleIN11sensor_msgs3msg14FluidPressure_ISaIvEEEEENSt9enable_ifIXsrN23rosidl_generator_traits10is_messageIT_EE5valueERK29rosidl_message_type_support_tE4typeEv[_ZN6rclcpp31get_message_type_support_handleIN11sensor_msgs3msg14FluidPressure_ISaIvEEEEENSt9enable_ifIXsrN23rosidl_generator_traits10is_messageIT_EE5valueERK29rosidl_message_type_support_tE4typeEv]+0x10): undefined reference to `rosidl_message_type_support_t const* rosidl_typesupport_cpp::get_message_type_support_handle<sensor_msgs::msg::FluidPressure_<std::allocator<void> > >()'
[9.226s] /usr/bin/ld: CMakeFiles/new_target.dir/src/inertial_sense_ros2.cpp.o: in function `std::enable_if<rosidl_generator_traits::is_message<inertial_sense_ros2::msg::GPS_<std::allocator<void> > >::value, rosidl_message_type_support_t const&>::type rclcpp::get_message_type_support_handle<inertial_sense_ros2::msg::GPS_<std::allocator<void> > >()':
[9.227s] inertial_sense_ros2.cpp:(.text._ZN6rclcpp31get_message_type_support_handleIN19inertial_sense_ros23msg4GPS_ISaIvEEEEENSt9enable_ifIXsrN23rosidl_generator_traits10is_messageIT_EE5valueERK29rosidl_message_type_support_tE4typeEv[_ZN6rclcpp31get_message_type_support_handleIN19inertial_sense_ros23msg4GPS_ISaIvEEEEENSt9enable_ifIXsrN23rosidl_generator_traits10is_messageIT_EE5valueERK29rosidl_message_type_support_tE4typeEv]+0x10): undefined reference to `rosidl_message_type_support_t const* rosidl_typesupport_cpp::get_message_type_support_handle<inertial_sense_ros2::msg::GPS_<std::allocator<void> > >()'
[9.231s] /usr/bin/ld: CMakeFiles/new_target.dir/src/inertial_sense_ros2.cpp.o: in function `std::enable_if<rosidl_generator_traits::is_message<sensor_msgs::msg::NavSatFix_<std::allocator<void> > >::value, rosidl_message_type_support_t const&>::type rclcpp::get_message_type_support_handle<sensor_msgs::msg::NavSatFix_<std::allocator<void> > >()':
[9.232s] inertial_sense_ros2.cpp:(.text._ZN6rclcpp31get_message_type_support_handleIN11sensor_msgs3msg10NavSatFix_ISaIvEEEEENSt9enable_ifIXsrN23rosidl_generator_traits10is_messageIT_EE5valueERK29rosidl_message_type_support_tE4typeEv[_ZN6rclcpp31get_message_type_support_handleIN11sensor_msgs3msg10NavSatFix_ISaIvEEEEENSt9enable_ifIXsrN23rosidl_generator_traits10is_messageIT_EE5valueERK29rosidl_message_type_support_tE4typeEv]+0x10): undefined reference to `rosidl_message_type_support_t const* rosidl_typesupport_cpp::get_message_type_support_handle<sensor_msgs::msg::NavSatFix_<std::allocator<void> > >()'
[9.235s] /usr/bin/ld: CMakeFiles/new_target.dir/src/inertial_sense_ros2.cpp.o: in function `std::enable_if<rosidl_generator_traits::is_message<inertial_sense_ros2::msg::GPSInfo_<std::allocator<void> > >::value, rosidl_message_type_support_t const&>::type rclcpp::get_message_type_support_handle<inertial_sense_ros2::msg::GPSInfo_<std::allocator<void> > >()':
[9.236s] inertial_sense_ros2.cpp:(.text._ZN6rclcpp31get_message_type_support_handleIN19inertial_sense_ros23msg8GPSInfo_ISaIvEEEEENSt9enable_ifIXsrN23rosidl_generator_traits10is_messageIT_EE5valueERK29rosidl_message_type_support_tE4typeEv[_ZN6rclcpp31get_message_type_support_handleIN19inertial_sense_ros23msg8GPSInfo_ISaIvEEEEENSt9enable_ifIXsrN23rosidl_generator_traits10is_messageIT_EE5valueERK29rosidl_message_type_support_tE4typeEv]+0x10): undefined reference to `rosidl_message_type_support_t const* rosidl_typesupport_cpp::get_message_type_support_handle<inertial_sense_ros2::msg::GPSInfo_<std::allocator<void> > >()'
[9.240s] /usr/bin/ld: CMakeFiles/new_target.dir/src/inertial_sense_ros2.cpp.o: in function `std::enable_if<rosidl_generator_traits::is_message<inertial_sense_ros2::msg::RTKInfo_<std::allocator<void> > >::value, rosidl_message_type_support_t const&>::type rclcpp::get_message_type_support_handle<inertial_sense_ros2::msg::RTKInfo_<std::allocator<void> > >()':
[9.241s] inertial_sense_ros2.cpp:(.text._ZN6rclcpp31get_message_type_support_handleIN19inertial_sense_ros23msg8RTKInfo_ISaIvEEEEENSt9enable_ifIXsrN23rosidl_generator_traits10is_messageIT_EE5valueERK29rosidl_message_type_support_tE4typeEv[_ZN6rclcpp31get_message_type_support_handleIN19inertial_sense_ros23msg8RTKInfo_ISaIvEEEEENSt9enable_ifIXsrN23rosidl_generator_traits10is_messageIT_EE5valueERK29rosidl_message_type_support_tE4typeEv]+0x10): undefined reference to `rosidl_message_type_support_t const* rosidl_typesupport_cpp::get_message_type_support_handle<inertial_sense_ros2::msg::RTKInfo_<std::allocator<void> > >()'
[9.245s] /usr/bin/ld: CMakeFiles/new_target.dir/src/inertial_sense_ros2.cpp.o: in function `std::enable_if<rosidl_generator_traits::is_message<inertial_sense_ros2::msg::RTKRel_<std::allocator<void> > >::value, rosidl_message_type_support_t const&>::type rclcpp::get_message_type_support_handle<inertial_sense_ros2::msg::RTKRel_<std::allocator<void> > >()':
[9.246s] inertial_sense_ros2.cpp:(.text._ZN6rclcpp31get_message_type_support_handleIN19inertial_sense_ros23msg7RTKRel_ISaIvEEEEENSt9enable_ifIXsrN23rosidl_generator_traits10is_messageIT_EE5valueERK29rosidl_message_type_support_tE4typeEv[_ZN6rclcpp31get_message_type_support_handleIN19inertial_sense_ros23msg7RTKRel_ISaIvEEEEENSt9enable_ifIXsrN23rosidl_generator_traits10is_messageIT_EE5valueERK29rosidl_message_type_support_tE4typeEv]+0x10): undefined reference to `rosidl_message_type_support_t const* rosidl_typesupport_cpp::get_message_type_support_handle<inertial_sense_ros2::msg::RTKRel_<std::allocator<void> > >()'
[9.250s] /usr/bin/ld: CMakeFiles/new_target.dir/src/inertial_sense_ros2.cpp.o: in function `std::enable_if<rosidl_generator_traits::is_message<inertial_sense_ros2::msg::GNSSObsVec_<std::allocator<void> > >::value, rosidl_message_type_support_t const&>::type rclcpp::get_message_type_support_handle<inertial_sense_ros2::msg::GNSSObsVec_<std::allocator<void> > >()':
[9.250s] inertial_sense_ros2.cpp:(.text._ZN6rclcpp31get_message_type_support_handleIN19inertial_sense_ros23msg11GNSSObsVec_ISaIvEEEEENSt9enable_ifIXsrN23rosidl_generator_traits10is_messageIT_EE5valueERK29rosidl_message_type_support_tE4typeEv[_ZN6rclcpp31get_message_type_support_handleIN19inertial_sense_ros23msg11GNSSObsVec_ISaIvEEEEENSt9enable_ifIXsrN23rosidl_generator_traits10is_messageIT_EE5valueERK29rosidl_message_type_support_tE4typeEv]+0x10): undefined reference to `rosidl_message_type_support_t const* rosidl_typesupport_cpp::get_message_type_support_handle<inertial_sense_ros2::msg::GNSSObsVec_<std::allocator<void> > >()'
[9.254s] /usr/bin/ld: CMakeFiles/new_target.dir/src/inertial_sense_ros2.cpp.o: in function `std::enable_if<rosidl_generator_traits::is_message<inertial_sense_ros2::msg::GNSSEphemeris_<std::allocator<void> > >::value, rosidl_message_type_support_t const&>::type rclcpp::get_message_type_support_handle<inertial_sense_ros2::msg::GNSSEphemeris_<std::allocator<void> > >()':
[9.255s] inertial_sense_ros2.cpp:(.text._ZN6rclcpp31get_message_type_support_handleIN19inertial_sense_ros23msg14GNSSEphemeris_ISaIvEEEEENSt9enable_ifIXsrN23rosidl_generator_traits10is_messageIT_EE5valueERK29rosidl_message_type_support_tE4typeEv[_ZN6rclcpp31get_message_type_support_handleIN19inertial_sense_ros23msg14GNSSEphemeris_ISaIvEEEEENSt9enable_ifIXsrN23rosidl_generator_traits10is_messageIT_EE5valueERK29rosidl_message_type_support_tE4typeEv]+0x10): undefined reference to `rosidl_message_type_support_t const* rosidl_typesupport_cpp::get_message_type_support_handle<inertial_sense_ros2::msg::GNSSEphemeris_<std::allocator<void> > >()'
[9.258s] /usr/bin/ld: CMakeFiles/new_target.dir/src/inertial_sense_ros2.cpp.o: in function `std::enable_if<rosidl_generator_traits::is_message<inertial_sense_ros2::msg::GlonassEphemeris_<std::allocator<void> > >::value, rosidl_message_type_support_t const&>::type rclcpp::get_message_type_support_handle<inertial_sense_ros2::msg::GlonassEphemeris_<std::allocator<void> > >()':
[9.259s] inertial_sense_ros2.cpp:(.text._ZN6rclcpp31get_message_type_support_handleIN19inertial_sense_ros23msg17GlonassEphemeris_ISaIvEEEEENSt9enable_ifIXsrN23rosidl_generator_traits10is_messageIT_EE5valueERK29rosidl_message_type_support_tE4typeEv[_ZN6rclcpp31get_message_type_support_handleIN19inertial_sense_ros23msg17GlonassEphemeris_ISaIvEEEEENSt9enable_ifIXsrN23rosidl_generator_traits10is_messageIT_EE5valueERK29rosidl_message_type_support_tE4typeEv]+0x10): undefined reference to `rosidl_message_type_support_t const* rosidl_typesupport_cpp::get_message_type_support_handle<inertial_sense_ros2::msg::GlonassEphemeris_<std::allocator<void> > >()'
[9.477s] /usr/bin/ld: CMakeFiles/new_target.dir/src/ParamHelper.cpp.o: in function `xmlRpcToYamlNode(xmlrpc_c::value&)':
[9.477s] ParamHelper.cpp:(.text+0x70e): undefined reference to `xmlrpc_c::value::type() const'
[9.738s] collect2: error: ld returned 1 exit status
[9.744s] gmake[2]: *** [CMakeFiles/new_target.dir/build.make:252: new_target] Error 1
[9.744s] gmake[1]: *** [CMakeFiles/Makefile2:623: CMakeFiles/new_target.dir/all] Error 2
[9.745s] gmake: *** [Makefile:146: all] Error 2
[9.751s] Invoked command in '/home/s/Inertial_Sense/imx/SDK/ros2/build/inertial_sense_ros2' returned '2': CMAKE_PREFIX_PATH=${CMAKE_PREFIX_PATH}:/opt/ros/jazzy DEBUGINFOD_URLS=https://debuginfod.ubuntu.com /usr/bin/cmake --build /home/s/Inertial_Sense/imx/SDK/ros2/build/inertial_sense_ros2 -- -j6 -l6
