[0.151s] Invoking command in '/home/s/Inertial_Sense/imx/SDK/ros2/build/inertial_sense_ros2': CMAKE_PREFIX_PATH=${CMAKE_PREFIX_PATH}:/opt/ros/jazzy DEBUGINFOD_URLS=https://debuginfod.ubuntu.com /usr/bin/cmake --build /home/s/Inertial_Sense/imx/SDK/ros2/build/inertial_sense_ros2 -- -j16 -l16
[0.548s] -- Found std_msgs: 5.3.5 (/opt/ros/jazzy/share/std_msgs/cmake)
[0.837s] -- Found Python3: /usr/bin/python3 (found version "3.12.3") found components: Interpreter 
[1.822s] -- Found rosidl_generator_c: 4.6.2 (/opt/ros/jazzy/share/rosidl_generator_c/cmake)
[1.952s] -- Found rosidl_generator_cpp: 4.6.2 (/opt/ros/jazzy/share/rosidl_generator_cpp/cmake)
[2.082s] -- Using all available rosidl_typesupport_c: rosidl_typesupport_fastrtps_c;rosidl_typesupport_introspection_c
[2.230s] -- Using all available rosidl_typesupport_cpp: rosidl_typesupport_fastrtps_cpp;rosidl_typesupport_introspection_cpp
[2.488s] -- Found geometry_msgs: 5.3.5 (/opt/ros/jazzy/share/geometry_msgs/cmake)
[2.627s] -- Found rclcpp: 28.1.2 (/opt/ros/jazzy/share/rclcpp/cmake)
[3.132s] -- Found rmw_implementation_cmake: 7.3.1 (/opt/ros/jazzy/share/rmw_implementation_cmake/cmake)
[3.148s] -- Found rmw_fastrtps_cpp: 8.4.0 (/opt/ros/jazzy/share/rmw_fastrtps_cpp/cmake)
[3.867s] -- Using RMW implementation 'rmw_fastrtps_cpp' as default
[4.363s] -- Found rclpy: 7.1.1 (/opt/ros/jazzy/share/rclpy/cmake)
[4.366s] -- Found sensor_msgs: 5.3.5 (/opt/ros/jazzy/share/sensor_msgs/cmake)
[4.555s] -- Found diagnostic_msgs: 5.3.5 (/opt/ros/jazzy/share/diagnostic_msgs/cmake)
[4.655s] -- Found rosidl_default_generators: 1.6.0 (/opt/ros/jazzy/share/rosidl_default_generators/cmake)
[4.760s] -- Found rosidl_adapter: 4.6.2 (/opt/ros/jazzy/share/rosidl_adapter/cmake)
[6.302s] [31mCMake Error at /opt/ros/jazzy/share/rosidl_adapter/cmake/rosidl_adapt_interfaces.cmake:57 (message):
[6.304s]   execute_process(/usr/bin/python3 -m rosidl_adapter --package-name
[6.305s]   inertial_sense_ros2 --arguments-file
[6.308s]   /home/s/Inertial_Sense/imx/SDK/ros2/build/inertial_sense_ros2/rosidl_adapter__arguments__inertial_sense_ros2.json
[6.309s]   --output-dir
[6.311s]   /home/s/Inertial_Sense/imx/SDK/ros2/build/inertial_sense_ros2/rosidl_adapter/inertial_sense_ros2
[6.312s]   --output-file
[6.314s]   /home/s/Inertial_Sense/imx/SDK/ros2/build/inertial_sense_ros2/rosidl_adapter/inertial_sense_ros2.idls)
[6.315s]   returned error code 1:
[6.317s] 
[6.319s]   Error processing 'geometry_msgs/msg/Vector3 pos_ecef' of
[6.321s]   'inertial_sense_ros2/GPS': 'geometry_msgs/msg/Vector3'
[6.322s] 
[6.325s]   Traceback (most recent call last):
[6.327s] 
[6.328s]     File "<frozen runpy>", line 198, in _run_module_as_main
[6.330s]     File "<frozen runpy>", line 88, in _run_code
[6.331s]     File "/opt/ros/jazzy/lib/python3.12/site-packages/rosidl_adapter/__main__.py", line 19, in <module>
[6.333s]       sys.exit(main())
[6.335s]                ^^^^^^
[6.336s]     File "/opt/ros/jazzy/lib/python3.12/site-packages/rosidl_adapter/main.py", line 53, in main
[6.337s]       abs_idl_file = convert_to_idl(
[6.339s]                      ^^^^^^^^^^^^^^^
[6.341s]     File "/opt/ros/jazzy/lib/python3.12/site-packages/rosidl_adapter/__init__.py", line 19, in convert_to_idl
[6.342s]       return convert_msg_to_idl(
[6.344s]              ^^^^^^^^^^^^^^^^^^^
[6.346s]     File "/opt/ros/jazzy/lib/python3.12/site-packages/rosidl_adapter/msg/__init__.py", line 28, in convert_msg_to_idl
[6.347s]       msg = parse_message_string(package_name, input_file.stem, content)
[6.349s]             ^^^^^^^^^^^^^^^^^^^^^^^^^^^^^^^^^^^^^^^^^^^^^^^^^^^^^^^^^^^^
[6.351s]     File "/opt/ros/jazzy/lib/python3.12/site-packages/rosidl_adapter/parser.py", line 521, in parse_message_string
[6.352s]       Type(type_string, context_package_name=pkg_name),
[6.354s]       ^^^^^^^^^^^^^^^^^^^^^^^^^^^^^^^^^^^^^^^^^^^^^^^^
[6.355s]     File "/opt/ros/jazzy/lib/python3.12/site-packages/rosidl_adapter/parser.py", line 278, in __init__
[6.357s]       super(Type, self).__init__(
[6.358s]     File "/opt/ros/jazzy/lib/python3.12/site-packages/rosidl_adapter/parser.py", line 191, in __init__
[6.360s]       raise InvalidResourceName(type_string)
[6.361s] 
[6.363s]   rosidl_adapter.parser.InvalidResourceName: geometry_msgs/msg/Vector3
[6.364s] 
[6.366s] Call Stack (most recent call first):
[6.367s]   /opt/ros/jazzy/share/rosidl_cmake/cmake/rosidl_generate_interfaces.cmake:132 (rosidl_adapt_interfaces)
[6.368s]   CMakeLists.txt:16 (rosidl_generate_interfaces)
[6.370s] 
[6.371s] [0m
[6.373s] -- Configuring incomplete, errors occurred!
[6.429s] gmake: *** [Makefile:1625: cmake_check_build_system] Error 1
[6.457s] Invoked command in '/home/s/Inertial_Sense/imx/SDK/ros2/build/inertial_sense_ros2' returned '2': CMAKE_PREFIX_PATH=${CMAKE_PREFIX_PATH}:/opt/ros/jazzy DEBUGINFOD_URLS=https://debuginfod.ubuntu.com /usr/bin/cmake --build /home/s/Inertial_Sense/imx/SDK/ros2/build/inertial_sense_ros2 -- -j16 -l16
