[0.040s] Invoking command in '/home/s/Inertial_Sense/imx/SDK/ros2/build/inertial_sense_ros2': CMAKE_PREFIX_PATH=${CMAKE_PREFIX_PATH}:/opt/ros/jazzy DEBUGINFOD_URLS=https://debuginfod.ubuntu.com /usr/bin/cmake --build /home/s/Inertial_Sense/imx/SDK/ros2/build/inertial_sense_ros2 -- -j6 -l6
[0.157s] -- Found std_msgs: 5.3.5 (/opt/ros/jazzy/share/std_msgs/cmake)
[0.240s] -- Found Python3: /usr/bin/python3 (found version "3.12.3") found components: Interpreter 
[0.572s] -- Found rosidl_generator_c: 4.6.3 (/opt/ros/jazzy/share/rosidl_generator_c/cmake)
[0.604s] -- Found rosidl_generator_cpp: 4.6.3 (/opt/ros/jazzy/share/rosidl_generator_cpp/cmake)
[0.642s] -- Using all available rosidl_typesupport_c: rosidl_typesupport_fastrtps_c;rosidl_typesupport_introspection_c
[0.686s] -- Using all available rosidl_typesupport_cpp: rosidl_typesupport_fastrtps_cpp;rosidl_typesupport_introspection_cpp
[0.775s] -- Found std_srvs: 5.3.5 (/opt/ros/jazzy/share/std_srvs/cmake)
[0.888s] -- Found geometry_msgs: 5.3.5 (/opt/ros/jazzy/share/geometry_msgs/cmake)
[0.940s] -- Found rclcpp: 28.1.3 (/opt/ros/jazzy/share/rclcpp/cmake)
[1.066s] -- Found rmw_implementation_cmake: 7.3.1 (/opt/ros/jazzy/share/rmw_implementation_cmake/cmake)
[1.070s] -- Found rmw_fastrtps_cpp: 8.4.1 (/opt/ros/jazzy/share/rmw_fastrtps_cpp/cmake)
[1.279s] -- Using RMW implementation 'rmw_fastrtps_cpp' as default
[1.495s] -- Found rclpy: 7.1.1 (/opt/ros/jazzy/share/rclpy/cmake)
[1.496s] -- Found sensor_msgs: 5.3.5 (/opt/ros/jazzy/share/sensor_msgs/cmake)
[1.587s] -- Found nav_msgs: 5.3.5 (/opt/ros/jazzy/share/nav_msgs/cmake)
[1.675s] -- Found diagnostic_msgs: 5.3.5 (/opt/ros/jazzy/share/diagnostic_msgs/cmake)
[1.759s] -- Found rosidl_default_generators: 1.6.0 (/opt/ros/jazzy/share/rosidl_default_generators/cmake)
[1.788s] -- Found rosidl_adapter: 4.6.3 (/opt/ros/jazzy/share/rosidl_adapter/cmake)
[1.794s] -- Found tf2: 0.36.4 (/opt/ros/jazzy/share/tf2/cmake)
[3.024s] -- Found ament_cmake_ros: 0.12.0 (/opt/ros/jazzy/share/ament_cmake_ros/cmake)
[4.132s] -- Using all available rosidl_typesupport_c: rosidl_typesupport_fastrtps_c;rosidl_typesupport_introspection_c
[4.568s] -- Using all available rosidl_typesupport_cpp: rosidl_typesupport_fastrtps_cpp;rosidl_typesupport_introspection_cpp
[4.573s] -- Found python_cmake_module: 0.11.1 (/opt/ros/jazzy/share/python_cmake_module/cmake)
[5.408s] -- Found Python3: /usr/bin/python3 (found version "3.12.3") found components: Interpreter Development NumPy Development.Module Development.Embed 
[5.566s] CMake Deprecation Warning at /opt/ros/jazzy/share/rosidl_cmake/cmake/rosidl_target_interfaces.cmake:32 (message):
[5.567s]   Use rosidl_get_typesupport_target() and target_link_libraries() instead of
[5.567s]   rosidl_target_interfaces().  i.e:
[5.567s] 
[5.568s]     rosidl_get_typesupport_target(cpp_typesupport_target "${PROJECT_NAME}" "rosidl_typesupport_cpp")
[5.568s]     target_link_libraries(${PROJECT_NAME}_node "${cpp_typesupport_target}")
[5.568s] 
[5.568s] Call Stack (most recent call first):
[5.569s]   CMakeLists.txt:107 (rosidl_target_interfaces)
[5.569s] 
[5.569s] 
[5.574s] -- Configuring done (5.4s)
[5.879s] -- Generating done (0.2s)
[5.905s] -- Build files have been written to: /home/s/Inertial_Sense/imx/SDK/ros2/build/inertial_sense_ros2
[6.065s] [  1%] Built target inertial_sense_ros2__rosidl_generator_type_description
[6.114s] [  1%] Built target ament_cmake_python_copy_inertial_sense_ros2
[6.160s] [  1%] Built target inertial_sense_ros2__cpp
[6.260s] [ 27%] Built target inertial_sense_ros2__rosidl_generator_c
[6.408s] [ 36%] Built target inertial_sense_ros2__rosidl_typesupport_introspection_c
[6.426s] [ 45%] Built target inertial_sense_ros2__rosidl_typesupport_c
[6.436s] [ 55%] Built target inertial_sense_ros2__rosidl_typesupport_cpp
[6.458s] [ 64%] Built target inertial_sense_ros2__rosidl_typesupport_fastrtps_c
[6.483s] [ 74%] Built target inertial_sense_ros2__rosidl_typesupport_fastrtps_cpp
[6.586s] [ 84%] Built target inertial_sense_ros2__rosidl_typesupport_introspection_cpp
[6.674s] [ 84%] Built target inertial_sense_ros2
[6.765s] [ 85%] Built target inertial_sense_ros2__py
[6.858s] running egg_info
[6.889s] [ 86%] Building CXX object CMakeFiles/new_target.dir/src/inertial_sense_node.cpp.o
[6.897s] [ 86%] Building CXX object CMakeFiles/new_target.dir/src/inertial_sense_ros2.cpp.o
[6.901s] [ 87%] Building CXX object CMakeFiles/new_target.dir/include/TopicHelper.cpp.o
[6.904s] [ 87%] Building CXX object CMakeFiles/new_target.dir/src/ParamHelper.cpp.o
[6.935s] writing inertial_sense_ros2.egg-info/PKG-INFO
[6.938s] writing dependency_links to inertial_sense_ros2.egg-info/dependency_links.txt
[6.940s] writing top-level names to inertial_sense_ros2.egg-info/top_level.txt
[6.955s] [ 96%] Built target inertial_sense_ros2__rosidl_generator_py
[7.080s] [ 97%] Built target inertial_sense_ros2_s__rosidl_typesupport_fastrtps_c
[7.169s] reading manifest file 'inertial_sense_ros2.egg-info/SOURCES.txt'
[7.173s] writing manifest file 'inertial_sense_ros2.egg-info/SOURCES.txt'
[7.211s] [ 98%] Built target inertial_sense_ros2_s__rosidl_typesupport_introspection_c
[7.271s] [ 98%] Built target ament_cmake_python_build_inertial_sense_ros2_egg
[7.336s] [ 99%] Built target inertial_sense_ros2_s__rosidl_typesupport_c
[86.633s] [100%] Linking CXX executable new_target
[88.425s] /usr/bin/ld: CMakeFiles/new_target.dir/src/inertial_sense_ros2.cpp.o: in function `InertialSenseROS::connect_rtk_client(RtkRoverCorrectionProvider_Ntrip&)':
[88.425s] inertial_sense_ros2.cpp:(.text+0x114d2): undefined reference to `RtkRoverCorrectionProvider_Ntrip::get_connection_string[abi:cxx11]()'
[88.428s] /usr/bin/ld: CMakeFiles/new_target.dir/src/inertial_sense_ros2.cpp.o: in function `InertialSenseROS::start_rtk_server(RtkBaseCorrectionProvider_Ntrip&)':
[88.429s] inertial_sense_ros2.cpp:(.text+0x12f98): undefined reference to `RtkBaseCorrectionProvider_Ntrip::get_connection_string[abi:cxx11]()'
[88.432s] /usr/bin/ld: CMakeFiles/new_target.dir/src/inertial_sense_ros2.cpp.o: in function `InertialSenseROS::configure_rtk()':
[88.432s] inertial_sense_ros2.cpp:(.text+0x1490b): undefined reference to `RtkBaseProvider::getProvidersByType(std::__cxx11::basic_string<char, std::char_traits<char>, std::allocator<char> >)'
[88.434s] /usr/bin/ld: inertial_sense_ros2.cpp:(.text+0x158d8): undefined reference to `RtkBaseProvider::getProvidersByType(std::__cxx11::basic_string<char, std::char_traits<char>, std::allocator<char> >)'
[88.446s] /usr/bin/ld: CMakeFiles/new_target.dir/src/inertial_sense_ros2.cpp.o: in function `RtkBaseProvider::RtkBaseProvider(YAML::Node)':
[88.447s] inertial_sense_ros2.cpp:(.text._ZN15RtkBaseProviderC2EN4YAML4NodeE[_ZN15RtkBaseProviderC5EN4YAML4NodeE]+0xb3): undefined reference to `RtkBaseProvider::configure(YAML::Node&)'
[88.450s] /usr/bin/ld: CMakeFiles/new_target.dir/src/inertial_sense_ros2.cpp.o: in function `RtkRoverProvider::RtkRoverProvider(YAML::Node)':
[88.451s] inertial_sense_ros2.cpp:(.text._ZN16RtkRoverProviderC2EN4YAML4NodeE[_ZN16RtkRoverProviderC5EN4YAML4NodeE]+0x5f): undefined reference to `RtkRoverProvider::configure(YAML::Node&)'
[88.579s] /usr/bin/ld: CMakeFiles/new_target.dir/src/inertial_sense_ros2.cpp.o: in function `std::enable_if<rosidl_generator_traits::is_message<sensor_msgs::msg::Imu_<std::allocator<void> > >::value, rosidl_message_type_support_t const&>::type rclcpp::get_message_type_support_handle<sensor_msgs::msg::Imu_<std::allocator<void> > >()':
[88.580s] inertial_sense_ros2.cpp:(.text._ZN6rclcpp31get_message_type_support_handleIN11sensor_msgs3msg4Imu_ISaIvEEEEENSt9enable_ifIXsrN23rosidl_generator_traits10is_messageIT_EE5valueERK29rosidl_message_type_support_tE4typeEv[_ZN6rclcpp31get_message_type_support_handleIN11sensor_msgs3msg4Imu_ISaIvEEEEENSt9enable_ifIXsrN23rosidl_generator_traits10is_messageIT_EE5valueERK29rosidl_message_type_support_tE4typeEv]+0x10): undefined reference to `rosidl_message_type_support_t const* rosidl_typesupport_cpp::get_message_type_support_handle<sensor_msgs::msg::Imu_<std::allocator<void> > >()'
[88.583s] /usr/bin/ld: CMakeFiles/new_target.dir/src/inertial_sense_ros2.cpp.o: in function `std::enable_if<rosidl_generator_traits::is_message<sensor_msgs::msg::MagneticField_<std::allocator<void> > >::value, rosidl_message_type_support_t const&>::type rclcpp::get_message_type_support_handle<sensor_msgs::msg::MagneticField_<std::allocator<void> > >()':
[88.583s] inertial_sense_ros2.cpp:(.text._ZN6rclcpp31get_message_type_support_handleIN11sensor_msgs3msg14MagneticField_ISaIvEEEEENSt9enable_ifIXsrN23rosidl_generator_traits10is_messageIT_EE5valueERK29rosidl_message_type_support_tE4typeEv[_ZN6rclcpp31get_message_type_support_handleIN11sensor_msgs3msg14MagneticField_ISaIvEEEEENSt9enable_ifIXsrN23rosidl_generator_traits10is_messageIT_EE5valueERK29rosidl_message_type_support_tE4typeEv]+0x10): undefined reference to `rosidl_message_type_support_t const* rosidl_typesupport_cpp::get_message_type_support_handle<sensor_msgs::msg::MagneticField_<std::allocator<void> > >()'
[88.587s] /usr/bin/ld: CMakeFiles/new_target.dir/src/inertial_sense_ros2.cpp.o: in function `std::enable_if<rosidl_generator_traits::is_message<sensor_msgs::msg::FluidPressure_<std::allocator<void> > >::value, rosidl_message_type_support_t const&>::type rclcpp::get_message_type_support_handle<sensor_msgs::msg::FluidPressure_<std::allocator<void> > >()':
[88.587s] inertial_sense_ros2.cpp:(.text._ZN6rclcpp31get_message_type_support_handleIN11sensor_msgs3msg14FluidPressure_ISaIvEEEEENSt9enable_ifIXsrN23rosidl_generator_traits10is_messageIT_EE5valueERK29rosidl_message_type_support_tE4typeEv[_ZN6rclcpp31get_message_type_support_handleIN11sensor_msgs3msg14FluidPressure_ISaIvEEEEENSt9enable_ifIXsrN23rosidl_generator_traits10is_messageIT_EE5valueERK29rosidl_message_type_support_tE4typeEv]+0x10): undefined reference to `rosidl_message_type_support_t const* rosidl_typesupport_cpp::get_message_type_support_handle<sensor_msgs::msg::FluidPressure_<std::allocator<void> > >()'
[88.591s] /usr/bin/ld: CMakeFiles/new_target.dir/src/inertial_sense_ros2.cpp.o: in function `std::enable_if<rosidl_generator_traits::is_message<sensor_msgs::msg::NavSatFix_<std::allocator<void> > >::value, rosidl_message_type_support_t const&>::type rclcpp::get_message_type_support_handle<sensor_msgs::msg::NavSatFix_<std::allocator<void> > >()':
[88.591s] inertial_sense_ros2.cpp:(.text._ZN6rclcpp31get_message_type_support_handleIN11sensor_msgs3msg10NavSatFix_ISaIvEEEEENSt9enable_ifIXsrN23rosidl_generator_traits10is_messageIT_EE5valueERK29rosidl_message_type_support_tE4typeEv[_ZN6rclcpp31get_message_type_support_handleIN11sensor_msgs3msg10NavSatFix_ISaIvEEEEENSt9enable_ifIXsrN23rosidl_generator_traits10is_messageIT_EE5valueERK29rosidl_message_type_support_tE4typeEv]+0x10): undefined reference to `rosidl_message_type_support_t const* rosidl_typesupport_cpp::get_message_type_support_handle<sensor_msgs::msg::NavSatFix_<std::allocator<void> > >()'
[88.801s] /usr/bin/ld: CMakeFiles/new_target.dir/src/ParamHelper.cpp.o: in function `xmlRpcToYamlNode(xmlrpc_c::value&)':
[88.801s] ParamHelper.cpp:(.text+0x70e): undefined reference to `xmlrpc_c::value::type() const'
[89.031s] collect2: error: ld returned 1 exit status
[89.036s] gmake[2]: *** [CMakeFiles/new_target.dir/build.make:254: new_target] Error 1
[89.037s] gmake[1]: *** [CMakeFiles/Makefile2:626: CMakeFiles/new_target.dir/all] Error 2
[89.038s] gmake: *** [Makefile:146: all] Error 2
[89.044s] Invoked command in '/home/s/Inertial_Sense/imx/SDK/ros2/build/inertial_sense_ros2' returned '2': CMAKE_PREFIX_PATH=${CMAKE_PREFIX_PATH}:/opt/ros/jazzy DEBUGINFOD_URLS=https://debuginfod.ubuntu.com /usr/bin/cmake --build /home/s/Inertial_Sense/imx/SDK/ros2/build/inertial_sense_ros2 -- -j6 -l6
