[1.130s] DEBUG:colcon:Command line arguments: ['/usr/bin/colcon', 'build']
[1.131s] DEBUG:colcon:Parsed command line arguments: Namespace(log_base=None, log_level=None, verb_name='build', build_base='build', install_base='install', merge_install=False, symlink_install=False, test_result_base=None, continue_on_error=False, executor='parallel', parallel_workers=16, event_handlers=None, ignore_user_meta=False, metas=['./colcon.meta'], base_paths=['.'], packages_ignore=None, packages_ignore_regex=None, paths=None, packages_up_to=None, packages_up_to_regex=None, packages_above=None, packages_above_and_dependencies=None, packages_above_depth=None, packages_select_by_dep=None, packages_skip_by_dep=None, packages_skip_up_to=None, packages_select_build_failed=False, packages_skip_build_finished=False, packages_select_test_failures=False, packages_skip_test_passed=False, packages_select=None, packages_skip=None, packages_select_regex=None, packages_skip_regex=None, packages_start=None, packages_end=None, allow_overriding=[], cmake_args=None, cmake_target=None, cmake_target_skip_unavailable=False, cmake_clean_cache=False, cmake_clean_first=False, cmake_force_configure=False, ament_cmake_args=None, catkin_cmake_args=None, catkin_skip_building_tests=False, mixin_files=None, mixin=None, verb_parser=<colcon_mixin.mixin.mixin_argument.MixinArgumentDecorator object at 0x7236af06dfd0>, verb_extension=<colcon_core.verb.build.BuildVerb object at 0x7236af06ddc0>, main=<bound method BuildVerb.main of <colcon_core.verb.build.BuildVerb object at 0x7236af06ddc0>>, mixin_verb=('build',))
[1.483s] Level 1:colcon.colcon_core.package_discovery:discover_packages(colcon_meta) check parameters
[1.485s] Level 1:colcon.colcon_core.package_discovery:discover_packages(recursive) check parameters
[1.485s] Level 1:colcon.colcon_core.package_discovery:discover_packages(ignore) check parameters
[1.486s] Level 1:colcon.colcon_core.package_discovery:discover_packages(path) check parameters
[1.486s] Level 1:colcon.colcon_core.package_discovery:discover_packages(colcon_meta) discover
[1.487s] Level 1:colcon.colcon_core.package_discovery:discover_packages(recursive) discover
[1.487s] INFO:colcon.colcon_core.package_discovery:Crawling recursively for packages in '/home/s/Inertial_Sense/imx/SDK/ros2'
[1.489s] Level 1:colcon.colcon_core.package_identification:_identify(.) by extensions ['ignore', 'ignore_ament_install']
[1.489s] Level 1:colcon.colcon_core.package_identification:_identify(.) by extension 'ignore'
[1.490s] Level 1:colcon.colcon_core.package_identification:_identify(.) by extension 'ignore_ament_install'
[1.491s] Level 1:colcon.colcon_core.package_identification:_identify(.) by extensions ['colcon_pkg']
[1.491s] Level 1:colcon.colcon_core.package_identification:_identify(.) by extension 'colcon_pkg'
[1.492s] Level 1:colcon.colcon_core.package_identification:_identify(.) by extensions ['colcon_meta']
[1.493s] Level 1:colcon.colcon_core.package_identification:_identify(.) by extension 'colcon_meta'
[1.493s] Level 1:colcon.colcon_core.package_identification:_identify(.) by extensions ['ros']
[1.494s] Level 1:colcon.colcon_core.package_identification:_identify(.) by extension 'ros'
[1.709s] DEBUG:colcon.colcon_core.package_identification:Package '.' with type 'ros.ament_cmake' and name 'inertial_sense_ros2'
[1.710s] Level 1:colcon.colcon_core.package_discovery:discover_packages(recursive) using defaults
[1.710s] Level 1:colcon.colcon_core.package_discovery:discover_packages(ignore) discover
[1.711s] Level 1:colcon.colcon_core.package_discovery:discover_packages(ignore) using defaults
[1.711s] Level 1:colcon.colcon_core.package_discovery:discover_packages(path) discover
[1.717s] Level 1:colcon.colcon_core.package_discovery:discover_packages(path) using defaults
[1.866s] Level 1:colcon.colcon_core.package_discovery:discover_packages(prefix_path) check parameters
[1.866s] Level 1:colcon.colcon_core.package_discovery:discover_packages(prefix_path) discover
[1.910s] DEBUG:colcon.colcon_installed_package_information.package_discovery:Found 308 installed packages in /opt/ros/jazzy
[1.918s] Level 1:colcon.colcon_core.package_discovery:discover_packages(prefix_path) using defaults
[2.399s] Level 5:colcon.colcon_core.verb:set package 'inertial_sense_ros2' build argument 'cmake_args' from command line to 'None'
[2.399s] Level 5:colcon.colcon_core.verb:set package 'inertial_sense_ros2' build argument 'cmake_target' from command line to 'None'
[2.400s] Level 5:colcon.colcon_core.verb:set package 'inertial_sense_ros2' build argument 'cmake_target_skip_unavailable' from command line to 'False'
[2.401s] Level 5:colcon.colcon_core.verb:set package 'inertial_sense_ros2' build argument 'cmake_clean_cache' from command line to 'False'
[2.401s] Level 5:colcon.colcon_core.verb:set package 'inertial_sense_ros2' build argument 'cmake_clean_first' from command line to 'False'
[2.402s] Level 5:colcon.colcon_core.verb:set package 'inertial_sense_ros2' build argument 'cmake_force_configure' from command line to 'False'
[2.402s] Level 5:colcon.colcon_core.verb:set package 'inertial_sense_ros2' build argument 'ament_cmake_args' from command line to 'None'
[2.403s] Level 5:colcon.colcon_core.verb:set package 'inertial_sense_ros2' build argument 'catkin_cmake_args' from command line to 'None'
[2.403s] Level 5:colcon.colcon_core.verb:set package 'inertial_sense_ros2' build argument 'catkin_skip_building_tests' from command line to 'False'
[2.404s] DEBUG:colcon.colcon_core.verb:Building package 'inertial_sense_ros2' with the following arguments: {'ament_cmake_args': None, 'build_base': '/home/s/Inertial_Sense/imx/SDK/ros2/build/inertial_sense_ros2', 'catkin_cmake_args': None, 'catkin_skip_building_tests': False, 'cmake_args': None, 'cmake_clean_cache': False, 'cmake_clean_first': False, 'cmake_force_configure': False, 'cmake_target': None, 'cmake_target_skip_unavailable': False, 'install_base': '/home/s/Inertial_Sense/imx/SDK/ros2/install/inertial_sense_ros2', 'merge_install': False, 'path': '/home/s/Inertial_Sense/imx/SDK/ros2', 'symlink_install': False, 'test_result_base': None}
[2.405s] INFO:colcon.colcon_core.executor:Executing jobs using 'parallel' executor
[2.412s] DEBUG:colcon.colcon_parallel_executor.executor.parallel:run_until_complete
[2.414s] INFO:colcon.colcon_ros.task.ament_cmake.build:Building ROS package in '/home/s/Inertial_Sense/imx/SDK/ros2' with build type 'ament_cmake'
[2.415s] INFO:colcon.colcon_cmake.task.cmake.build:Building CMake package in '/home/s/Inertial_Sense/imx/SDK/ros2'
[2.449s] INFO:colcon.colcon_core.plugin_system:Skipping extension 'colcon_core.shell.bat': Not used on non-Windows systems
[2.450s] INFO:colcon.colcon_core.shell:Skip shell extension 'powershell' for command environment: Not usable outside of PowerShell
[2.451s] DEBUG:colcon.colcon_core.shell:Skip shell extension 'dsv' for command environment
[2.582s] DEBUG:colcon.colcon_core.event_handler.log_command:Invoking command in '/home/s/Inertial_Sense/imx/SDK/ros2/build/inertial_sense_ros2': CMAKE_PREFIX_PATH=${CMAKE_PREFIX_PATH}:/opt/ros/jazzy DEBUGINFOD_URLS=https://debuginfod.ubuntu.com /usr/bin/cmake --build /home/s/Inertial_Sense/imx/SDK/ros2/build/inertial_sense_ros2 -- -j16 -l16
[120.837s] DEBUG:colcon.colcon_core.event_handler.log_command:Invoked command in '/home/s/Inertial_Sense/imx/SDK/ros2/build/inertial_sense_ros2' returned '0': CMAKE_PREFIX_PATH=${CMAKE_PREFIX_PATH}:/opt/ros/jazzy DEBUGINFOD_URLS=https://debuginfod.ubuntu.com /usr/bin/cmake --build /home/s/Inertial_Sense/imx/SDK/ros2/build/inertial_sense_ros2 -- -j16 -l16
[129.213s] DEBUG:colcon.colcon_core.event_handler.log_command:Invoking command in '/home/s/Inertial_Sense/imx/SDK/ros2/build/inertial_sense_ros2': CMAKE_PREFIX_PATH=${CMAKE_PREFIX_PATH}:/opt/ros/jazzy DEBUGINFOD_URLS=https://debuginfod.ubuntu.com /usr/bin/cmake --install /home/s/Inertial_Sense/imx/SDK/ros2/build/inertial_sense_ros2
[131.292s] Level 1:colcon.colcon_core.environment:create_environment_scripts_only(inertial_sense_ros2)
[131.296s] DEBUG:colcon.colcon_core.event_handler.log_command:Invoked command in '/home/s/Inertial_Sense/imx/SDK/ros2/build/inertial_sense_ros2' returned '0': CMAKE_PREFIX_PATH=${CMAKE_PREFIX_PATH}:/opt/ros/jazzy DEBUGINFOD_URLS=https://debuginfod.ubuntu.com /usr/bin/cmake --install /home/s/Inertial_Sense/imx/SDK/ros2/build/inertial_sense_ros2
[131.324s] Level 1:colcon.colcon_core.environment:checking '/home/s/Inertial_Sense/imx/SDK/ros2/install/inertial_sense_ros2' for CMake module files
[131.333s] Level 1:colcon.colcon_core.environment:checking '/home/s/Inertial_Sense/imx/SDK/ros2/install/inertial_sense_ros2' for CMake config files
[131.348s] Level 1:colcon.colcon_core.environment:checking '/home/s/Inertial_Sense/imx/SDK/ros2/install/inertial_sense_ros2/lib'
[131.349s] Level 1:colcon.colcon_core.shell:create_environment_hook('inertial_sense_ros2', 'ld_library_path_lib')
[131.351s] INFO:colcon.colcon_core.shell:Creating environment hook '/home/s/Inertial_Sense/imx/SDK/ros2/install/inertial_sense_ros2/share/inertial_sense_ros2/hook/ld_library_path_lib.ps1'
[131.356s] INFO:colcon.colcon_core.shell:Creating environment descriptor '/home/s/Inertial_Sense/imx/SDK/ros2/install/inertial_sense_ros2/share/inertial_sense_ros2/hook/ld_library_path_lib.dsv'
[131.361s] INFO:colcon.colcon_core.shell:Creating environment hook '/home/s/Inertial_Sense/imx/SDK/ros2/install/inertial_sense_ros2/share/inertial_sense_ros2/hook/ld_library_path_lib.sh'
[131.366s] Level 1:colcon.colcon_core.environment:checking '/home/s/Inertial_Sense/imx/SDK/ros2/install/inertial_sense_ros2/bin'
[131.368s] Level 1:colcon.colcon_core.environment:checking '/home/s/Inertial_Sense/imx/SDK/ros2/install/inertial_sense_ros2/lib/pkgconfig/inertial_sense_ros2.pc'
[131.369s] Level 1:colcon.colcon_core.environment:checking '/home/s/Inertial_Sense/imx/SDK/ros2/install/inertial_sense_ros2/lib/python3.12/site-packages'
[131.370s] Level 1:colcon.colcon_core.shell:create_environment_hook('inertial_sense_ros2', 'pythonpath')
[131.371s] INFO:colcon.colcon_core.shell:Creating environment hook '/home/s/Inertial_Sense/imx/SDK/ros2/install/inertial_sense_ros2/share/inertial_sense_ros2/hook/pythonpath.ps1'
[131.376s] INFO:colcon.colcon_core.shell:Creating environment descriptor '/home/s/Inertial_Sense/imx/SDK/ros2/install/inertial_sense_ros2/share/inertial_sense_ros2/hook/pythonpath.dsv'
[131.380s] INFO:colcon.colcon_core.shell:Creating environment hook '/home/s/Inertial_Sense/imx/SDK/ros2/install/inertial_sense_ros2/share/inertial_sense_ros2/hook/pythonpath.sh'
[131.386s] Level 1:colcon.colcon_core.environment:checking '/home/s/Inertial_Sense/imx/SDK/ros2/install/inertial_sense_ros2/bin'
[131.387s] INFO:colcon.colcon_core.shell:Creating package script '/home/s/Inertial_Sense/imx/SDK/ros2/install/inertial_sense_ros2/share/inertial_sense_ros2/package.ps1'
[131.393s] INFO:colcon.colcon_core.shell:Creating package descriptor '/home/s/Inertial_Sense/imx/SDK/ros2/install/inertial_sense_ros2/share/inertial_sense_ros2/package.dsv'
[131.398s] INFO:colcon.colcon_core.shell:Creating package script '/home/s/Inertial_Sense/imx/SDK/ros2/install/inertial_sense_ros2/share/inertial_sense_ros2/package.sh'
[131.404s] INFO:colcon.colcon_core.shell:Creating package script '/home/s/Inertial_Sense/imx/SDK/ros2/install/inertial_sense_ros2/share/inertial_sense_ros2/package.bash'
[131.410s] INFO:colcon.colcon_core.shell:Creating package script '/home/s/Inertial_Sense/imx/SDK/ros2/install/inertial_sense_ros2/share/inertial_sense_ros2/package.zsh'
[131.414s] Level 1:colcon.colcon_core.environment:create_file_with_runtime_dependencies(/home/s/Inertial_Sense/imx/SDK/ros2/install/inertial_sense_ros2/share/colcon-core/packages/inertial_sense_ros2)
[139.742s] Level 1:colcon.colcon_core.environment:create_environment_scripts_only(inertial_sense_ros2)
[139.743s] Level 1:colcon.colcon_core.environment:checking '/home/s/Inertial_Sense/imx/SDK/ros2/install/inertial_sense_ros2' for CMake module files
[139.749s] Level 1:colcon.colcon_core.environment:checking '/home/s/Inertial_Sense/imx/SDK/ros2/install/inertial_sense_ros2' for CMake config files
[139.763s] Level 1:colcon.colcon_core.environment:checking '/home/s/Inertial_Sense/imx/SDK/ros2/install/inertial_sense_ros2/lib'
[139.764s] Level 1:colcon.colcon_core.shell:create_environment_hook('inertial_sense_ros2', 'ld_library_path_lib')
[139.765s] INFO:colcon.colcon_core.shell:Creating environment hook '/home/s/Inertial_Sense/imx/SDK/ros2/install/inertial_sense_ros2/share/inertial_sense_ros2/hook/ld_library_path_lib.ps1'
[139.773s] INFO:colcon.colcon_core.shell:Creating environment descriptor '/home/s/Inertial_Sense/imx/SDK/ros2/install/inertial_sense_ros2/share/inertial_sense_ros2/hook/ld_library_path_lib.dsv'
[139.778s] INFO:colcon.colcon_core.shell:Creating environment hook '/home/s/Inertial_Sense/imx/SDK/ros2/install/inertial_sense_ros2/share/inertial_sense_ros2/hook/ld_library_path_lib.sh'
[139.782s] Level 1:colcon.colcon_core.environment:checking '/home/s/Inertial_Sense/imx/SDK/ros2/install/inertial_sense_ros2/bin'
[139.783s] Level 1:colcon.colcon_core.environment:checking '/home/s/Inertial_Sense/imx/SDK/ros2/install/inertial_sense_ros2/lib/pkgconfig/inertial_sense_ros2.pc'
[139.784s] Level 1:colcon.colcon_core.environment:checking '/home/s/Inertial_Sense/imx/SDK/ros2/install/inertial_sense_ros2/lib/python3.12/site-packages'
[139.785s] Level 1:colcon.colcon_core.shell:create_environment_hook('inertial_sense_ros2', 'pythonpath')
[139.786s] INFO:colcon.colcon_core.shell:Creating environment hook '/home/s/Inertial_Sense/imx/SDK/ros2/install/inertial_sense_ros2/share/inertial_sense_ros2/hook/pythonpath.ps1'
[139.790s] INFO:colcon.colcon_core.shell:Creating environment descriptor '/home/s/Inertial_Sense/imx/SDK/ros2/install/inertial_sense_ros2/share/inertial_sense_ros2/hook/pythonpath.dsv'
[139.794s] INFO:colcon.colcon_core.shell:Creating environment hook '/home/s/Inertial_Sense/imx/SDK/ros2/install/inertial_sense_ros2/share/inertial_sense_ros2/hook/pythonpath.sh'
[139.799s] Level 1:colcon.colcon_core.environment:checking '/home/s/Inertial_Sense/imx/SDK/ros2/install/inertial_sense_ros2/bin'
[139.801s] INFO:colcon.colcon_core.shell:Creating package script '/home/s/Inertial_Sense/imx/SDK/ros2/install/inertial_sense_ros2/share/inertial_sense_ros2/package.ps1'
[139.806s] INFO:colcon.colcon_core.shell:Creating package descriptor '/home/s/Inertial_Sense/imx/SDK/ros2/install/inertial_sense_ros2/share/inertial_sense_ros2/package.dsv'
[139.810s] INFO:colcon.colcon_core.shell:Creating package script '/home/s/Inertial_Sense/imx/SDK/ros2/install/inertial_sense_ros2/share/inertial_sense_ros2/package.sh'
[139.815s] INFO:colcon.colcon_core.shell:Creating package script '/home/s/Inertial_Sense/imx/SDK/ros2/install/inertial_sense_ros2/share/inertial_sense_ros2/package.bash'
[139.819s] INFO:colcon.colcon_core.shell:Creating package script '/home/s/Inertial_Sense/imx/SDK/ros2/install/inertial_sense_ros2/share/inertial_sense_ros2/package.zsh'
[139.823s] Level 1:colcon.colcon_core.environment:create_file_with_runtime_dependencies(/home/s/Inertial_Sense/imx/SDK/ros2/install/inertial_sense_ros2/share/colcon-core/packages/inertial_sense_ros2)
[139.832s] DEBUG:colcon.colcon_parallel_executor.executor.parallel:closing loop
[139.839s] DEBUG:colcon.colcon_parallel_executor.executor.parallel:loop closed
[139.840s] DEBUG:colcon.colcon_parallel_executor.executor.parallel:run_until_complete finished with '0'
[139.841s] DEBUG:colcon.colcon_core.event_reactor:joining thread
[139.903s] INFO:colcon.colcon_core.plugin_system:Skipping extension 'colcon_notification.desktop_notification.terminal_notifier': Not used on non-Darwin systems
[139.904s] INFO:colcon.colcon_core.plugin_system:Skipping extension 'colcon_notification.desktop_notification.win32': Not used on non-Windows systems
[139.904s] INFO:colcon.colcon_notification.desktop_notification:Sending desktop notification using 'notify2'
[140.095s] DEBUG:colcon.colcon_core.event_reactor:joined thread
[140.096s] INFO:colcon.colcon_core.shell:Creating prefix script '/home/s/Inertial_Sense/imx/SDK/ros2/install/local_setup.ps1'
[140.102s] INFO:colcon.colcon_core.shell:Creating prefix util module '/home/s/Inertial_Sense/imx/SDK/ros2/install/_local_setup_util_ps1.py'
[140.109s] INFO:colcon.colcon_core.shell:Creating prefix chain script '/home/s/Inertial_Sense/imx/SDK/ros2/install/setup.ps1'
[140.117s] INFO:colcon.colcon_core.shell:Creating prefix script '/home/s/Inertial_Sense/imx/SDK/ros2/install/local_setup.sh'
[140.122s] INFO:colcon.colcon_core.shell:Creating prefix util module '/home/s/Inertial_Sense/imx/SDK/ros2/install/_local_setup_util_sh.py'
[140.129s] INFO:colcon.colcon_core.shell:Creating prefix chain script '/home/s/Inertial_Sense/imx/SDK/ros2/install/setup.sh'
[140.139s] INFO:colcon.colcon_core.shell:Creating prefix script '/home/s/Inertial_Sense/imx/SDK/ros2/install/local_setup.bash'
[140.145s] INFO:colcon.colcon_core.shell:Creating prefix chain script '/home/s/Inertial_Sense/imx/SDK/ros2/install/setup.bash'
[140.154s] INFO:colcon.colcon_core.shell:Creating prefix script '/home/s/Inertial_Sense/imx/SDK/ros2/install/local_setup.zsh'
[140.159s] INFO:colcon.colcon_core.shell:Creating prefix chain script '/home/s/Inertial_Sense/imx/SDK/ros2/install/setup.zsh'
