[0.164s] Invoking command in '/home/s/Inertial_Sense/imx/SDK/ros2/build/inertial_sense_ros2': CMAKE_PREFIX_PATH=${CMAKE_PREFIX_PATH}:/opt/ros/jazzy DEBUGINFOD_URLS=https://debuginfod.ubuntu.com /usr/bin/cmake --build /home/s/Inertial_Sense/imx/SDK/ros2/build/inertial_sense_ros2 -- -j16 -l16
[0.592s] -- Found rosidl_default_generators: 1.6.0 (/opt/ros/jazzy/share/rosidl_default_generators/cmake)
[1.616s] -- Using all available rosidl_typesupport_c: rosidl_typesupport_fastrtps_c;rosidl_typesupport_introspection_c
[2.099s] -- Using all available rosidl_typesupport_cpp: rosidl_typesupport_fastrtps_cpp;rosidl_typesupport_introspection_cpp
[2.458s] -- Found rosidl_adapter: 4.6.2 (/opt/ros/jazzy/share/rosidl_adapter/cmake)
[2.489s] -- Found rclcpp: 28.1.2 (/opt/ros/jazzy/share/rclcpp/cmake)
[3.071s] -- Found rmw_implementation_cmake: 7.3.1 (/opt/ros/jazzy/share/rmw_implementation_cmake/cmake)
[3.087s] -- Found rmw_fastrtps_cpp: 8.4.0 (/opt/ros/jazzy/share/rmw_fastrtps_cpp/cmake)
[3.745s] -- Using RMW implementation 'rmw_fastrtps_cpp' as default
[4.256s] -- Found rclpy: 7.1.1 (/opt/ros/jazzy/share/rclpy/cmake)
[4.260s] -- Found std_msgs: 5.3.5 (/opt/ros/jazzy/share/std_msgs/cmake)
[4.367s] -- Found sensor_msgs: 5.3.5 (/opt/ros/jazzy/share/sensor_msgs/cmake)
[4.661s] -- Found diagnostic_msgs: 5.3.5 (/opt/ros/jazzy/share/diagnostic_msgs/cmake)
[6.311s] [31mCMake Error at /opt/ros/jazzy/share/rosidl_adapter/cmake/rosidl_adapt_interfaces.cmake:57 (message):
[6.313s]   execute_process(/usr/bin/python3 -m rosidl_adapter --package-name
[6.314s]   inertial_sense_ros2 --arguments-file
[6.316s]   /home/s/Inertial_Sense/imx/SDK/ros2/build/inertial_sense_ros2/rosidl_adapter__arguments__inertial_sense_ros2.json
[6.318s]   --output-dir
[6.321s]   /home/s/Inertial_Sense/imx/SDK/ros2/build/inertial_sense_ros2/rosidl_adapter/inertial_sense_ros2
[6.323s]   --output-file
[6.325s]   /home/s/Inertial_Sense/imx/SDK/ros2/build/inertial_sense_ros2/rosidl_adapter/inertial_sense_ros2.idls)
[6.328s]   returned error code 1:
[6.330s] 
[6.332s]   Error processing 'geometry_msgs/msg/Vector3 posEcef' of
[6.334s]   'inertial_sense_ros2/GPS': 'geometry_msgs/msg/Vector3'
[6.336s] 
[6.340s]   Traceback (most recent call last):
[6.343s] 
[6.345s]     File "<frozen runpy>", line 198, in _run_module_as_main
[6.348s]     File "<frozen runpy>", line 88, in _run_code
[6.350s]     File "/opt/ros/jazzy/lib/python3.12/site-packages/rosidl_adapter/__main__.py", line 19, in <module>
[6.352s]       sys.exit(main())
[6.353s]                ^^^^^^
[6.355s]     File "/opt/ros/jazzy/lib/python3.12/site-packages/rosidl_adapter/main.py", line 53, in main
[6.356s]       abs_idl_file = convert_to_idl(
[6.357s]                      ^^^^^^^^^^^^^^^
[6.359s]     File "/opt/ros/jazzy/lib/python3.12/site-packages/rosidl_adapter/__init__.py", line 19, in convert_to_idl
[6.361s]       return convert_msg_to_idl(
[6.362s]              ^^^^^^^^^^^^^^^^^^^
[6.364s]     File "/opt/ros/jazzy/lib/python3.12/site-packages/rosidl_adapter/msg/__init__.py", line 28, in convert_msg_to_idl
[6.365s]       msg = parse_message_string(package_name, input_file.stem, content)
[6.367s]             ^^^^^^^^^^^^^^^^^^^^^^^^^^^^^^^^^^^^^^^^^^^^^^^^^^^^^^^^^^^^
[6.368s]     File "/opt/ros/jazzy/lib/python3.12/site-packages/rosidl_adapter/parser.py", line 521, in parse_message_string
[6.370s]       Type(type_string, context_package_name=pkg_name),
[6.372s]       ^^^^^^^^^^^^^^^^^^^^^^^^^^^^^^^^^^^^^^^^^^^^^^^^
[6.373s]     File "/opt/ros/jazzy/lib/python3.12/site-packages/rosidl_adapter/parser.py", line 278, in __init__
[6.375s]       super(Type, self).__init__(
[6.377s]     File "/opt/ros/jazzy/lib/python3.12/site-packages/rosidl_adapter/parser.py", line 191, in __init__
[6.378s]       raise InvalidResourceName(type_string)
[6.380s] 
[6.382s]   rosidl_adapter.parser.InvalidResourceName: geometry_msgs/msg/Vector3
[6.384s] 
[6.385s] Call Stack (most recent call first):
[6.387s]   /opt/ros/jazzy/share/rosidl_cmake/cmake/rosidl_generate_interfaces.cmake:132 (rosidl_adapt_interfaces)
[6.388s]   CMakeLists.txt:16 (rosidl_generate_interfaces)
[6.390s] 
[6.391s] [0m
[6.393s] -- Configuring incomplete, errors occurred!
[6.441s] gmake: *** [Makefile:1085: cmake_check_build_system] Error 1
[6.469s] Invoked command in '/home/s/Inertial_Sense/imx/SDK/ros2/build/inertial_sense_ros2' returned '2': CMAKE_PREFIX_PATH=${CMAKE_PREFIX_PATH}:/opt/ros/jazzy DEBUGINFOD_URLS=https://debuginfod.ubuntu.com /usr/bin/cmake --build /home/s/Inertial_Sense/imx/SDK/ros2/build/inertial_sense_ros2 -- -j16 -l16
