CMake Deprecation Warning at /opt/ros/jazzy/share/rosidl_cmake/cmake/rosidl_target_interfaces.cmake:32 (message):
  Use rosidl_get_typesupport_target() and target_link_libraries() instead of
  rosidl_target_interfaces().  i.e:

    rosidl_get_typesupport_target(cpp_typesupport_target "${PROJECT_NAME}" "rosidl_typesupport_cpp")
    target_link_libraries(${PROJECT_NAME}_node "${cpp_typesupport_target}")

Call Stack (most recent call first):
  CMakeLists.txt:107 (rosidl_target_interfaces)


/usr/bin/ld: CMakeFiles/new_target.dir/src/inertial_sense_ros2.cpp.o: in function `InertialSenseROS::connect_rtk_client(RtkRoverCorrectionProvider_Ntrip&)':
inertial_sense_ros2.cpp:(.text+0x114d2): undefined reference to `RtkRoverCorrectionProvider_Ntrip::get_connection_string[abi:cxx11]()'
/usr/bin/ld: CMakeFiles/new_target.dir/src/inertial_sense_ros2.cpp.o: in function `InertialSenseROS::start_rtk_server(RtkBaseCorrectionProvider_Ntrip&)':
inertial_sense_ros2.cpp:(.text+0x12f98): undefined reference to `RtkBaseCorrectionProvider_Ntrip::get_connection_string[abi:cxx11]()'
/usr/bin/ld: CMakeFiles/new_target.dir/src/inertial_sense_ros2.cpp.o: in function `InertialSenseROS::configure_rtk()':
inertial_sense_ros2.cpp:(.text+0x1490b): undefined reference to `RtkBaseProvider::getProvidersByType(std::__cxx11::basic_string<char, std::char_traits<char>, std::allocator<char> >)'
/usr/bin/ld: inertial_sense_ros2.cpp:(.text+0x158d8): undefined reference to `RtkBaseProvider::getProvidersByType(std::__cxx11::basic_string<char, std::char_traits<char>, std::allocator<char> >)'
/usr/bin/ld: CMakeFiles/new_target.dir/src/inertial_sense_ros2.cpp.o: in function `RtkBaseProvider::RtkBaseProvider(YAML::Node)':
inertial_sense_ros2.cpp:(.text._ZN15RtkBaseProviderC2EN4YAML4NodeE[_ZN15RtkBaseProviderC5EN4YAML4NodeE]+0xb3): undefined reference to `RtkBaseProvider::configure(YAML::Node&)'
/usr/bin/ld: CMakeFiles/new_target.dir/src/inertial_sense_ros2.cpp.o: in function `RtkRoverProvider::RtkRoverProvider(YAML::Node)':
inertial_sense_ros2.cpp:(.text._ZN16RtkRoverProviderC2EN4YAML4NodeE[_ZN16RtkRoverProviderC5EN4YAML4NodeE]+0x5f): undefined reference to `RtkRoverProvider::configure(YAML::Node&)'
/usr/bin/ld: CMakeFiles/new_target.dir/src/ParamHelper.cpp.o: in function `xmlRpcToYamlNode(xmlrpc_c::value&)':
ParamHelper.cpp:(.text+0x70e): undefined reference to `xmlrpc_c::value::type() const'
collect2: error: ld returned 1 exit status
gmake[2]: *** [CMakeFiles/new_target.dir/build.make:262: new_target] Error 1
gmake[1]: *** [CMakeFiles/Makefile2:626: CMakeFiles/new_target.dir/all] Error 2
gmake: *** [Makefile:146: all] Error 2
