-- Found std_msgs: 5.3.5 (/opt/ros/jazzy/share/std_msgs/cmake)
-- Found Python3: /usr/bin/python3 (found version "3.12.3") found components: Interpreter 
-- Found rosidl_generator_c: 4.6.3 (/opt/ros/jazzy/share/rosidl_generator_c/cmake)
-- Found rosidl_generator_cpp: 4.6.3 (/opt/ros/jazzy/share/rosidl_generator_cpp/cmake)
-- Using all available rosidl_typesupport_c: rosidl_typesupport_fastrtps_c;rosidl_typesupport_introspection_c
-- Using all available rosidl_typesupport_cpp: rosidl_typesupport_fastrtps_cpp;rosidl_typesupport_introspection_cpp
-- Found std_srvs: 5.3.5 (/opt/ros/jazzy/share/std_srvs/cmake)
-- Found geometry_msgs: 5.3.5 (/opt/ros/jazzy/share/geometry_msgs/cmake)
-- Found rclcpp: 28.1.3 (/opt/ros/jazzy/share/rclcpp/cmake)
-- Found rmw_implementation_cmake: 7.3.1 (/opt/ros/jazzy/share/rmw_implementation_cmake/cmake)
-- Found rmw_fastrtps_cpp: 8.4.1 (/opt/ros/jazzy/share/rmw_fastrtps_cpp/cmake)
-- Using RMW implementation 'rmw_fastrtps_cpp' as default
-- Found rclpy: 7.1.1 (/opt/ros/jazzy/share/rclpy/cmake)
-- Found sensor_msgs: 5.3.5 (/opt/ros/jazzy/share/sensor_msgs/cmake)
-- Found nav_msgs: 5.3.5 (/opt/ros/jazzy/share/nav_msgs/cmake)
-- Found diagnostic_msgs: 5.3.5 (/opt/ros/jazzy/share/diagnostic_msgs/cmake)
-- Found rosidl_default_generators: 1.6.0 (/opt/ros/jazzy/share/rosidl_default_generators/cmake)
-- Found rosidl_adapter: 4.6.3 (/opt/ros/jazzy/share/rosidl_adapter/cmake)
-- Found tf2: 0.36.4 (/opt/ros/jazzy/share/tf2/cmake)
-- Found ament_cmake_ros: 0.12.0 (/opt/ros/jazzy/share/ament_cmake_ros/cmake)
-- Using all available rosidl_typesupport_c: rosidl_typesupport_fastrtps_c;rosidl_typesupport_introspection_c
-- Using all available rosidl_typesupport_cpp: rosidl_typesupport_fastrtps_cpp;rosidl_typesupport_introspection_cpp
-- Found python_cmake_module: 0.11.1 (/opt/ros/jazzy/share/python_cmake_module/cmake)
-- Found Python3: /usr/bin/python3 (found version "3.12.3") found components: Interpreter Development NumPy Development.Module Development.Embed 
-- Configuring done (5.7s)
-- Generating done (0.3s)
-- Build files have been written to: /home/s/Inertial_Sense/imx/SDK/ros2/build/inertial_sense_ros2
[  1%] Built target inertial_sense_ros2__rosidl_generator_type_description
[  1%] Built target ament_cmake_python_copy_inertial_sense_ros2
[  1%] Built target inertial_sense_ros2__cpp
[ 27%] Built target inertial_sense_ros2__rosidl_generator_c
[ 36%] Built target inertial_sense_ros2__rosidl_typesupport_c
[ 45%] Built target inertial_sense_ros2__rosidl_typesupport_introspection_c
[ 55%] Built target inertial_sense_ros2__rosidl_typesupport_cpp
[ 64%] Built target inertial_sense_ros2__rosidl_typesupport_fastrtps_c
[ 74%] Built target inertial_sense_ros2__rosidl_typesupport_fastrtps_cpp
[ 84%] Built target inertial_sense_ros2__rosidl_typesupport_introspection_cpp
[ 84%] Built target inertial_sense_ros2
[ 85%] Built target inertial_sense_ros2__py
running egg_info
[ 85%] Building CXX object CMakeFiles/new_target.dir/src/inertial_sense_ros2.cpp.o
[ 85%] Building CXX object CMakeFiles/new_target.dir/src/ParamHelper.cpp.o
[ 86%] Building CXX object CMakeFiles/new_target.dir/src/inertial_sense_node.cpp.o
[ 87%] Building CXX object CMakeFiles/new_target.dir/include/TopicHelper.cpp.o
writing inertial_sense_ros2.egg-info/PKG-INFO
writing dependency_links to inertial_sense_ros2.egg-info/dependency_links.txt
writing top-level names to inertial_sense_ros2.egg-info/top_level.txt
[ 96%] Built target inertial_sense_ros2__rosidl_generator_py
[ 97%] Built target inertial_sense_ros2_s__rosidl_typesupport_fastrtps_c
[ 98%] Built target inertial_sense_ros2_s__rosidl_typesupport_introspection_c
reading manifest file 'inertial_sense_ros2.egg-info/SOURCES.txt'
writing manifest file 'inertial_sense_ros2.egg-info/SOURCES.txt'
[ 99%] Built target inertial_sense_ros2_s__rosidl_typesupport_c
[ 99%] Built target ament_cmake_python_build_inertial_sense_ros2_egg
[100%] Linking CXX executable new_target
