[0.039s] Invoking command in '/home/s/Inertial_Sense/imx/SDK/ros2/build/inertial_sense_ros2': CMAKE_PREFIX_PATH=${CMAKE_PREFIX_PATH}:/opt/ros/jazzy DEBUGINFOD_URLS=https://debuginfod.ubuntu.com /usr/bin/cmake --build /home/s/Inertial_Sense/imx/SDK/ros2/build/inertial_sense_ros2 -- -j6 -l6
[0.164s] -- Found std_msgs: 5.3.5 (/opt/ros/jazzy/share/std_msgs/cmake)
[0.257s] -- Found Python3: /usr/bin/python3 (found version "3.12.3") found components: Interpreter 
[0.619s] -- Found rosidl_generator_c: 4.6.3 (/opt/ros/jazzy/share/rosidl_generator_c/cmake)
[0.651s] -- Found rosidl_generator_cpp: 4.6.3 (/opt/ros/jazzy/share/rosidl_generator_cpp/cmake)
[0.690s] -- Using all available rosidl_typesupport_c: rosidl_typesupport_fastrtps_c;rosidl_typesupport_introspection_c
[0.734s] -- Using all available rosidl_typesupport_cpp: rosidl_typesupport_fastrtps_cpp;rosidl_typesupport_introspection_cpp
[0.827s] -- Found std_srvs: 5.3.5 (/opt/ros/jazzy/share/std_srvs/cmake)
[0.940s] -- Found geometry_msgs: 5.3.5 (/opt/ros/jazzy/share/geometry_msgs/cmake)
[0.992s] -- Found rclcpp: 28.1.3 (/opt/ros/jazzy/share/rclcpp/cmake)
[1.119s] -- Found rmw_implementation_cmake: 7.3.1 (/opt/ros/jazzy/share/rmw_implementation_cmake/cmake)
[1.124s] -- Found rmw_fastrtps_cpp: 8.4.1 (/opt/ros/jazzy/share/rmw_fastrtps_cpp/cmake)
[1.345s] -- Using RMW implementation 'rmw_fastrtps_cpp' as default
[1.575s] -- Found rclpy: 7.1.1 (/opt/ros/jazzy/share/rclpy/cmake)
[1.576s] -- Found sensor_msgs: 5.3.5 (/opt/ros/jazzy/share/sensor_msgs/cmake)
[1.666s] -- Found nav_msgs: 5.3.5 (/opt/ros/jazzy/share/nav_msgs/cmake)
[1.775s] -- Found diagnostic_msgs: 5.3.5 (/opt/ros/jazzy/share/diagnostic_msgs/cmake)
[1.876s] -- Found rosidl_default_generators: 1.6.0 (/opt/ros/jazzy/share/rosidl_default_generators/cmake)
[1.907s] -- Found rosidl_adapter: 4.6.3 (/opt/ros/jazzy/share/rosidl_adapter/cmake)
[1.913s] -- Found tf2: 0.36.4 (/opt/ros/jazzy/share/tf2/cmake)
[3.247s] -- Found ament_cmake_ros: 0.12.0 (/opt/ros/jazzy/share/ament_cmake_ros/cmake)
[4.381s] -- Using all available rosidl_typesupport_c: rosidl_typesupport_fastrtps_c;rosidl_typesupport_introspection_c
[4.813s] -- Using all available rosidl_typesupport_cpp: rosidl_typesupport_fastrtps_cpp;rosidl_typesupport_introspection_cpp
[4.818s] -- Found python_cmake_module: 0.11.1 (/opt/ros/jazzy/share/python_cmake_module/cmake)
[5.660s] -- Found Python3: /usr/bin/python3 (found version "3.12.3") found components: Interpreter Development NumPy Development.Module Development.Embed 
[5.821s] CMake Deprecation Warning at /opt/ros/jazzy/share/rosidl_cmake/cmake/rosidl_target_interfaces.cmake:32 (message):
[5.821s]   Use rosidl_get_typesupport_target() and target_link_libraries() instead of
[5.822s]   rosidl_target_interfaces().  i.e:
[5.822s] 
[5.822s]     rosidl_get_typesupport_target(cpp_typesupport_target "${PROJECT_NAME}" "rosidl_typesupport_cpp")
[5.822s]     target_link_libraries(${PROJECT_NAME}_node "${cpp_typesupport_target}")
[5.823s] 
[5.823s] Call Stack (most recent call first):
[5.823s]   CMakeLists.txt:107 (rosidl_target_interfaces)
[5.823s] 
[5.824s] 
[5.830s] -- Configuring done (5.7s)
[6.158s] -- Generating done (0.3s)
[6.186s] -- Build files have been written to: /home/s/Inertial_Sense/imx/SDK/ros2/build/inertial_sense_ros2
[6.363s] [  1%] Built target inertial_sense_ros2__rosidl_generator_type_description
[6.430s] [  1%] Built target ament_cmake_python_copy_inertial_sense_ros2
[6.478s] [  1%] Built target inertial_sense_ros2__cpp
[6.597s] [ 27%] Built target inertial_sense_ros2__rosidl_generator_c
[6.820s] [ 36%] Built target inertial_sense_ros2__rosidl_typesupport_c
[6.869s] [ 45%] Built target inertial_sense_ros2__rosidl_typesupport_introspection_c
[6.873s] [ 55%] Built target inertial_sense_ros2__rosidl_typesupport_cpp
[6.925s] [ 64%] Built target inertial_sense_ros2__rosidl_typesupport_fastrtps_c
[6.928s] [ 74%] Built target inertial_sense_ros2__rosidl_typesupport_fastrtps_cpp
[7.067s] [ 84%] Built target inertial_sense_ros2__rosidl_typesupport_introspection_cpp
[7.162s] [ 84%] Built target inertial_sense_ros2
[7.274s] [ 85%] Built target inertial_sense_ros2__py
[7.383s] running egg_info
[7.390s] [ 85%] Building CXX object CMakeFiles/new_target.dir/src/inertial_sense_ros2.cpp.o
[7.400s] [ 85%] Building CXX object CMakeFiles/new_target.dir/src/ParamHelper.cpp.o
[7.401s] [ 86%] Building CXX object CMakeFiles/new_target.dir/src/inertial_sense_node.cpp.o
[7.402s] [ 87%] Building CXX object CMakeFiles/new_target.dir/include/TopicHelper.cpp.o
[7.494s] writing inertial_sense_ros2.egg-info/PKG-INFO
[7.498s] writing dependency_links to inertial_sense_ros2.egg-info/dependency_links.txt
[7.500s] writing top-level names to inertial_sense_ros2.egg-info/top_level.txt
[7.501s] [ 96%] Built target inertial_sense_ros2__rosidl_generator_py
[7.731s] [ 97%] Built target inertial_sense_ros2_s__rosidl_typesupport_fastrtps_c
[7.852s] [ 98%] Built target inertial_sense_ros2_s__rosidl_typesupport_introspection_c
[7.865s] reading manifest file 'inertial_sense_ros2.egg-info/SOURCES.txt'
[7.870s] writing manifest file 'inertial_sense_ros2.egg-info/SOURCES.txt'
[7.970s] [ 99%] Built target inertial_sense_ros2_s__rosidl_typesupport_c
[8.001s] [ 99%] Built target ament_cmake_python_build_inertial_sense_ros2_egg
[80.182s] [100%] Linking CXX executable new_target
[82.058s] /usr/bin/ld: CMakeFiles/new_target.dir/src/inertial_sense_ros2.cpp.o: in function `InertialSenseROS::connect_rtk_client(RtkRoverCorrectionProvider_Ntrip&)':
[82.059s] inertial_sense_ros2.cpp:(.text+0x114d2): undefined reference to `RtkRoverCorrectionProvider_Ntrip::get_connection_string[abi:cxx11]()'
[82.063s] /usr/bin/ld: CMakeFiles/new_target.dir/src/inertial_sense_ros2.cpp.o: in function `InertialSenseROS::start_rtk_server(RtkBaseCorrectionProvider_Ntrip&)':
[82.063s] inertial_sense_ros2.cpp:(.text+0x12f98): undefined reference to `RtkBaseCorrectionProvider_Ntrip::get_connection_string[abi:cxx11]()'
[82.067s] /usr/bin/ld: CMakeFiles/new_target.dir/src/inertial_sense_ros2.cpp.o: in function `InertialSenseROS::configure_rtk()':
[82.068s] inertial_sense_ros2.cpp:(.text+0x1490b): undefined reference to `RtkBaseProvider::getProvidersByType(std::__cxx11::basic_string<char, std::char_traits<char>, std::allocator<char> >)'
[82.070s] /usr/bin/ld: inertial_sense_ros2.cpp:(.text+0x158d8): undefined reference to `RtkBaseProvider::getProvidersByType(std::__cxx11::basic_string<char, std::char_traits<char>, std::allocator<char> >)'
[82.086s] /usr/bin/ld: CMakeFiles/new_target.dir/src/inertial_sense_ros2.cpp.o: in function `RtkBaseProvider::RtkBaseProvider(YAML::Node)':
[82.086s] inertial_sense_ros2.cpp:(.text._ZN15RtkBaseProviderC2EN4YAML4NodeE[_ZN15RtkBaseProviderC5EN4YAML4NodeE]+0xb3): undefined reference to `RtkBaseProvider::configure(YAML::Node&)'
[82.091s] /usr/bin/ld: CMakeFiles/new_target.dir/src/inertial_sense_ros2.cpp.o: in function `RtkRoverProvider::RtkRoverProvider(YAML::Node)':
[82.091s] inertial_sense_ros2.cpp:(.text._ZN16RtkRoverProviderC2EN4YAML4NodeE[_ZN16RtkRoverProviderC5EN4YAML4NodeE]+0x5f): undefined reference to `RtkRoverProvider::configure(YAML::Node&)'
[82.499s] /usr/bin/ld: CMakeFiles/new_target.dir/src/ParamHelper.cpp.o: in function `xmlRpcToYamlNode(xmlrpc_c::value&)':
[82.499s] ParamHelper.cpp:(.text+0x70e): undefined reference to `xmlrpc_c::value::type() const'
[82.780s] collect2: error: ld returned 1 exit status
[82.786s] gmake[2]: *** [CMakeFiles/new_target.dir/build.make:262: new_target] Error 1
[82.788s] gmake[1]: *** [CMakeFiles/Makefile2:626: CMakeFiles/new_target.dir/all] Error 2
[82.788s] gmake: *** [Makefile:146: all] Error 2
[82.794s] Invoked command in '/home/s/Inertial_Sense/imx/SDK/ros2/build/inertial_sense_ros2' returned '2': CMAKE_PREFIX_PATH=${CMAKE_PREFIX_PATH}:/opt/ros/jazzy DEBUGINFOD_URLS=https://debuginfod.ubuntu.com /usr/bin/cmake --build /home/s/Inertial_Sense/imx/SDK/ros2/build/inertial_sense_ros2 -- -j6 -l6
