[0.321s] DEBUG:colcon:Command line arguments: ['/usr/bin/colcon', 'build']
[0.322s] DEBUG:colcon:Parsed command line arguments: Namespace(log_base=None, log_level=None, verb_name='build', build_base='build', install_base='install', merge_install=False, symlink_install=False, test_result_base=None, continue_on_error=False, executor='parallel', parallel_workers=4, event_handlers=None, ignore_user_meta=False, metas=['./colcon.meta'], base_paths=['.'], packages_ignore=None, packages_ignore_regex=None, paths=None, packages_up_to=None, packages_up_to_regex=None, packages_above=None, packages_above_and_dependencies=None, packages_above_depth=None, packages_select_by_dep=None, packages_skip_by_dep=None, packages_skip_up_to=None, packages_select_build_failed=False, packages_skip_build_finished=False, packages_select_test_failures=False, packages_skip_test_passed=False, packages_select=None, packages_skip=None, packages_select_regex=None, packages_skip_regex=None, packages_start=None, packages_end=None, allow_overriding=[], cmake_args=None, cmake_target=None, cmake_target_skip_unavailable=False, cmake_clean_cache=False, cmake_clean_first=False, cmake_force_configure=False, ament_cmake_args=None, catkin_cmake_args=None, catkin_skip_building_tests=False, mixin_files=None, mixin=None, verb_parser=<colcon_mixin.mixin.mixin_argument.MixinArgumentDecorator object at 0x7d7be8655f10>, verb_extension=<colcon_core.verb.build.BuildVerb object at 0x7d7be8655bb0>, main=<bound method BuildVerb.main of <colcon_core.verb.build.BuildVerb object at 0x7d7be8655bb0>>, mixin_verb=('build',))
[0.427s] Level 1:colcon.colcon_core.package_discovery:discover_packages(colcon_meta) check parameters
[0.428s] Level 1:colcon.colcon_core.package_discovery:discover_packages(recursive) check parameters
[0.428s] Level 1:colcon.colcon_core.package_discovery:discover_packages(ignore) check parameters
[0.428s] Level 1:colcon.colcon_core.package_discovery:discover_packages(path) check parameters
[0.428s] Level 1:colcon.colcon_core.package_discovery:discover_packages(colcon_meta) discover
[0.428s] Level 1:colcon.colcon_core.package_discovery:discover_packages(recursive) discover
[0.429s] INFO:colcon.colcon_core.package_discovery:Crawling recursively for packages in '/home/s/Inertial_Sense/imx/SDK/ros2'
[0.429s] Level 1:colcon.colcon_core.package_identification:_identify(.) by extensions ['ignore', 'ignore_ament_install']
[0.429s] Level 1:colcon.colcon_core.package_identification:_identify(.) by extension 'ignore'
[0.429s] Level 1:colcon.colcon_core.package_identification:_identify(.) by extension 'ignore_ament_install'
[0.430s] Level 1:colcon.colcon_core.package_identification:_identify(.) by extensions ['colcon_pkg']
[0.430s] Level 1:colcon.colcon_core.package_identification:_identify(.) by extension 'colcon_pkg'
[0.430s] Level 1:colcon.colcon_core.package_identification:_identify(.) by extensions ['colcon_meta']
[0.430s] Level 1:colcon.colcon_core.package_identification:_identify(.) by extension 'colcon_meta'
[0.430s] Level 1:colcon.colcon_core.package_identification:_identify(.) by extensions ['ros']
[0.430s] Level 1:colcon.colcon_core.package_identification:_identify(.) by extension 'ros'
[0.509s] DEBUG:colcon.colcon_core.package_identification:Package '.' with type 'ros.ament_cmake' and name 'inertial_sense_ros2'
[0.509s] Level 1:colcon.colcon_core.package_discovery:discover_packages(recursive) using defaults
[0.509s] Level 1:colcon.colcon_core.package_discovery:discover_packages(ignore) discover
[0.510s] Level 1:colcon.colcon_core.package_discovery:discover_packages(ignore) using defaults
[0.510s] Level 1:colcon.colcon_core.package_discovery:discover_packages(path) discover
[0.510s] Level 1:colcon.colcon_core.package_discovery:discover_packages(path) using defaults
[0.556s] Level 1:colcon.colcon_core.package_discovery:discover_packages(prefix_path) check parameters
[0.556s] Level 1:colcon.colcon_core.package_discovery:discover_packages(prefix_path) discover
[0.567s] DEBUG:colcon.colcon_installed_package_information.package_discovery:Found 308 installed packages in /opt/ros/jazzy
[0.569s] Level 1:colcon.colcon_core.package_discovery:discover_packages(prefix_path) using defaults
[0.712s] Level 5:colcon.colcon_core.verb:set package 'inertial_sense_ros2' build argument 'cmake_args' from command line to 'None'
[0.713s] Level 5:colcon.colcon_core.verb:set package 'inertial_sense_ros2' build argument 'cmake_target' from command line to 'None'
[0.713s] Level 5:colcon.colcon_core.verb:set package 'inertial_sense_ros2' build argument 'cmake_target_skip_unavailable' from command line to 'False'
[0.713s] Level 5:colcon.colcon_core.verb:set package 'inertial_sense_ros2' build argument 'cmake_clean_cache' from command line to 'False'
[0.713s] Level 5:colcon.colcon_core.verb:set package 'inertial_sense_ros2' build argument 'cmake_clean_first' from command line to 'False'
[0.713s] Level 5:colcon.colcon_core.verb:set package 'inertial_sense_ros2' build argument 'cmake_force_configure' from command line to 'False'
[0.713s] Level 5:colcon.colcon_core.verb:set package 'inertial_sense_ros2' build argument 'ament_cmake_args' from command line to 'None'
[0.713s] Level 5:colcon.colcon_core.verb:set package 'inertial_sense_ros2' build argument 'catkin_cmake_args' from command line to 'None'
[0.714s] Level 5:colcon.colcon_core.verb:set package 'inertial_sense_ros2' build argument 'catkin_skip_building_tests' from command line to 'False'
[0.714s] DEBUG:colcon.colcon_core.verb:Building package 'inertial_sense_ros2' with the following arguments: {'ament_cmake_args': None, 'build_base': '/home/s/Inertial_Sense/imx/SDK/ros2/build/inertial_sense_ros2', 'catkin_cmake_args': None, 'catkin_skip_building_tests': False, 'cmake_args': None, 'cmake_clean_cache': False, 'cmake_clean_first': False, 'cmake_force_configure': False, 'cmake_target': None, 'cmake_target_skip_unavailable': False, 'install_base': '/home/s/Inertial_Sense/imx/SDK/ros2/install/inertial_sense_ros2', 'merge_install': False, 'path': '/home/s/Inertial_Sense/imx/SDK/ros2', 'symlink_install': False, 'test_result_base': None}
[0.714s] INFO:colcon.colcon_core.executor:Executing jobs using 'parallel' executor
[0.717s] DEBUG:colcon.colcon_parallel_executor.executor.parallel:run_until_complete
[0.717s] INFO:colcon.colcon_ros.task.ament_cmake.build:Building ROS package in '/home/s/Inertial_Sense/imx/SDK/ros2' with build type 'ament_cmake'
[0.718s] INFO:colcon.colcon_cmake.task.cmake.build:Building CMake package in '/home/s/Inertial_Sense/imx/SDK/ros2'
[0.725s] INFO:colcon.colcon_core.plugin_system:Skipping extension 'colcon_core.shell.bat': Not used on non-Windows systems
[0.725s] INFO:colcon.colcon_core.shell:Skip shell extension 'powershell' for command environment: Not usable outside of PowerShell
[0.725s] DEBUG:colcon.colcon_core.shell:Skip shell extension 'dsv' for command environment
[0.763s] DEBUG:colcon.colcon_core.event_handler.log_command:Invoking command in '/home/s/Inertial_Sense/imx/SDK/ros2/build/inertial_sense_ros2': CMAKE_PREFIX_PATH=${CMAKE_PREFIX_PATH}:/opt/ros/jazzy DEBUGINFOD_URLS=https://debuginfod.ubuntu.com /usr/bin/cmake --build /home/s/Inertial_Sense/imx/SDK/ros2/build/inertial_sense_ros2 -- -j4 -l4
[91.981s] DEBUG:colcon.colcon_core.event_handler.log_command:Invoked command in '/home/s/Inertial_Sense/imx/SDK/ros2/build/inertial_sense_ros2' returned '0': CMAKE_PREFIX_PATH=${CMAKE_PREFIX_PATH}:/opt/ros/jazzy DEBUGINFOD_URLS=https://debuginfod.ubuntu.com /usr/bin/cmake --build /home/s/Inertial_Sense/imx/SDK/ros2/build/inertial_sense_ros2 -- -j4 -l4
[95.567s] DEBUG:colcon.colcon_core.event_handler.log_command:Invoking command in '/home/s/Inertial_Sense/imx/SDK/ros2/build/inertial_sense_ros2': CMAKE_PREFIX_PATH=${CMAKE_PREFIX_PATH}:/opt/ros/jazzy DEBUGINFOD_URLS=https://debuginfod.ubuntu.com /usr/bin/cmake --install /home/s/Inertial_Sense/imx/SDK/ros2/build/inertial_sense_ros2
[95.856s] Level 1:colcon.colcon_core.environment:create_environment_scripts_only(inertial_sense_ros2)
[95.858s] DEBUG:colcon.colcon_core.event_handler.log_command:Invoked command in '/home/s/Inertial_Sense/imx/SDK/ros2/build/inertial_sense_ros2' returned '0': CMAKE_PREFIX_PATH=${CMAKE_PREFIX_PATH}:/opt/ros/jazzy DEBUGINFOD_URLS=https://debuginfod.ubuntu.com /usr/bin/cmake --install /home/s/Inertial_Sense/imx/SDK/ros2/build/inertial_sense_ros2
[95.865s] Level 1:colcon.colcon_core.environment:checking '/home/s/Inertial_Sense/imx/SDK/ros2/install/inertial_sense_ros2' for CMake module files
[95.867s] Level 1:colcon.colcon_core.environment:checking '/home/s/Inertial_Sense/imx/SDK/ros2/install/inertial_sense_ros2' for CMake config files
[95.871s] Level 1:colcon.colcon_core.environment:checking '/home/s/Inertial_Sense/imx/SDK/ros2/install/inertial_sense_ros2/lib'
[95.872s] Level 1:colcon.colcon_core.shell:create_environment_hook('inertial_sense_ros2', 'ld_library_path_lib')
[95.872s] INFO:colcon.colcon_core.shell:Creating environment hook '/home/s/Inertial_Sense/imx/SDK/ros2/install/inertial_sense_ros2/share/inertial_sense_ros2/hook/ld_library_path_lib.ps1'
[95.874s] INFO:colcon.colcon_core.shell:Creating environment descriptor '/home/s/Inertial_Sense/imx/SDK/ros2/install/inertial_sense_ros2/share/inertial_sense_ros2/hook/ld_library_path_lib.dsv'
[95.876s] INFO:colcon.colcon_core.shell:Creating environment hook '/home/s/Inertial_Sense/imx/SDK/ros2/install/inertial_sense_ros2/share/inertial_sense_ros2/hook/ld_library_path_lib.sh'
[95.879s] Level 1:colcon.colcon_core.environment:checking '/home/s/Inertial_Sense/imx/SDK/ros2/install/inertial_sense_ros2/bin'
[95.879s] Level 1:colcon.colcon_core.environment:checking '/home/s/Inertial_Sense/imx/SDK/ros2/install/inertial_sense_ros2/lib/pkgconfig/inertial_sense_ros2.pc'
[95.880s] Level 1:colcon.colcon_core.environment:checking '/home/s/Inertial_Sense/imx/SDK/ros2/install/inertial_sense_ros2/lib/python3.12/site-packages'
[95.880s] Level 1:colcon.colcon_core.shell:create_environment_hook('inertial_sense_ros2', 'pythonpath')
[95.881s] INFO:colcon.colcon_core.shell:Creating environment hook '/home/s/Inertial_Sense/imx/SDK/ros2/install/inertial_sense_ros2/share/inertial_sense_ros2/hook/pythonpath.ps1'
[95.882s] INFO:colcon.colcon_core.shell:Creating environment descriptor '/home/s/Inertial_Sense/imx/SDK/ros2/install/inertial_sense_ros2/share/inertial_sense_ros2/hook/pythonpath.dsv'
[95.884s] INFO:colcon.colcon_core.shell:Creating environment hook '/home/s/Inertial_Sense/imx/SDK/ros2/install/inertial_sense_ros2/share/inertial_sense_ros2/hook/pythonpath.sh'
[95.886s] Level 1:colcon.colcon_core.environment:checking '/home/s/Inertial_Sense/imx/SDK/ros2/install/inertial_sense_ros2/bin'
[95.887s] INFO:colcon.colcon_core.shell:Creating package script '/home/s/Inertial_Sense/imx/SDK/ros2/install/inertial_sense_ros2/share/inertial_sense_ros2/package.ps1'
[95.890s] INFO:colcon.colcon_core.shell:Creating package descriptor '/home/s/Inertial_Sense/imx/SDK/ros2/install/inertial_sense_ros2/share/inertial_sense_ros2/package.dsv'
[95.892s] INFO:colcon.colcon_core.shell:Creating package script '/home/s/Inertial_Sense/imx/SDK/ros2/install/inertial_sense_ros2/share/inertial_sense_ros2/package.sh'
[95.895s] INFO:colcon.colcon_core.shell:Creating package script '/home/s/Inertial_Sense/imx/SDK/ros2/install/inertial_sense_ros2/share/inertial_sense_ros2/package.bash'
[95.898s] INFO:colcon.colcon_core.shell:Creating package script '/home/s/Inertial_Sense/imx/SDK/ros2/install/inertial_sense_ros2/share/inertial_sense_ros2/package.zsh'
[95.900s] Level 1:colcon.colcon_core.environment:create_file_with_runtime_dependencies(/home/s/Inertial_Sense/imx/SDK/ros2/install/inertial_sense_ros2/share/colcon-core/packages/inertial_sense_ros2)
[99.793s] Level 1:colcon.colcon_core.environment:create_environment_scripts_only(inertial_sense_ros2)
[99.793s] Level 1:colcon.colcon_core.environment:checking '/home/s/Inertial_Sense/imx/SDK/ros2/install/inertial_sense_ros2' for CMake module files
[99.806s] Level 1:colcon.colcon_core.environment:checking '/home/s/Inertial_Sense/imx/SDK/ros2/install/inertial_sense_ros2' for CMake config files
[99.824s] Level 1:colcon.colcon_core.environment:checking '/home/s/Inertial_Sense/imx/SDK/ros2/install/inertial_sense_ros2/lib'
[99.825s] Level 1:colcon.colcon_core.shell:create_environment_hook('inertial_sense_ros2', 'ld_library_path_lib')
[99.825s] INFO:colcon.colcon_core.shell:Creating environment hook '/home/s/Inertial_Sense/imx/SDK/ros2/install/inertial_sense_ros2/share/inertial_sense_ros2/hook/ld_library_path_lib.ps1'
[99.834s] INFO:colcon.colcon_core.shell:Creating environment descriptor '/home/s/Inertial_Sense/imx/SDK/ros2/install/inertial_sense_ros2/share/inertial_sense_ros2/hook/ld_library_path_lib.dsv'
[99.842s] INFO:colcon.colcon_core.shell:Creating environment hook '/home/s/Inertial_Sense/imx/SDK/ros2/install/inertial_sense_ros2/share/inertial_sense_ros2/hook/ld_library_path_lib.sh'
[99.847s] Level 1:colcon.colcon_core.environment:checking '/home/s/Inertial_Sense/imx/SDK/ros2/install/inertial_sense_ros2/bin'
[99.848s] Level 1:colcon.colcon_core.environment:checking '/home/s/Inertial_Sense/imx/SDK/ros2/install/inertial_sense_ros2/lib/pkgconfig/inertial_sense_ros2.pc'
[99.848s] Level 1:colcon.colcon_core.environment:checking '/home/s/Inertial_Sense/imx/SDK/ros2/install/inertial_sense_ros2/lib/python3.12/site-packages'
[99.849s] Level 1:colcon.colcon_core.shell:create_environment_hook('inertial_sense_ros2', 'pythonpath')
[99.865s] INFO:colcon.colcon_core.shell:Creating environment hook '/home/s/Inertial_Sense/imx/SDK/ros2/install/inertial_sense_ros2/share/inertial_sense_ros2/hook/pythonpath.ps1'
[99.879s] INFO:colcon.colcon_core.shell:Creating environment descriptor '/home/s/Inertial_Sense/imx/SDK/ros2/install/inertial_sense_ros2/share/inertial_sense_ros2/hook/pythonpath.dsv'
[99.883s] INFO:colcon.colcon_core.shell:Creating environment hook '/home/s/Inertial_Sense/imx/SDK/ros2/install/inertial_sense_ros2/share/inertial_sense_ros2/hook/pythonpath.sh'
[99.886s] Level 1:colcon.colcon_core.environment:checking '/home/s/Inertial_Sense/imx/SDK/ros2/install/inertial_sense_ros2/bin'
[99.887s] INFO:colcon.colcon_core.shell:Creating package script '/home/s/Inertial_Sense/imx/SDK/ros2/install/inertial_sense_ros2/share/inertial_sense_ros2/package.ps1'
[99.890s] INFO:colcon.colcon_core.shell:Creating package descriptor '/home/s/Inertial_Sense/imx/SDK/ros2/install/inertial_sense_ros2/share/inertial_sense_ros2/package.dsv'
[99.893s] INFO:colcon.colcon_core.shell:Creating package script '/home/s/Inertial_Sense/imx/SDK/ros2/install/inertial_sense_ros2/share/inertial_sense_ros2/package.sh'
[99.896s] INFO:colcon.colcon_core.shell:Creating package script '/home/s/Inertial_Sense/imx/SDK/ros2/install/inertial_sense_ros2/share/inertial_sense_ros2/package.bash'
[99.898s] INFO:colcon.colcon_core.shell:Creating package script '/home/s/Inertial_Sense/imx/SDK/ros2/install/inertial_sense_ros2/share/inertial_sense_ros2/package.zsh'
[99.900s] Level 1:colcon.colcon_core.environment:create_file_with_runtime_dependencies(/home/s/Inertial_Sense/imx/SDK/ros2/install/inertial_sense_ros2/share/colcon-core/packages/inertial_sense_ros2)
[99.906s] DEBUG:colcon.colcon_parallel_executor.executor.parallel:closing loop
[99.906s] DEBUG:colcon.colcon_parallel_executor.executor.parallel:loop closed
[99.906s] DEBUG:colcon.colcon_parallel_executor.executor.parallel:run_until_complete finished with '0'
[99.907s] DEBUG:colcon.colcon_core.event_reactor:joining thread
[99.959s] INFO:colcon.colcon_core.plugin_system:Skipping extension 'colcon_notification.desktop_notification.terminal_notifier': Not used on non-Darwin systems
[99.960s] INFO:colcon.colcon_core.plugin_system:Skipping extension 'colcon_notification.desktop_notification.win32': Not used on non-Windows systems
[99.960s] INFO:colcon.colcon_notification.desktop_notification:Sending desktop notification using 'notify2'
[100.079s] DEBUG:colcon.colcon_core.event_reactor:joined thread
[100.083s] INFO:colcon.colcon_core.shell:Creating prefix script '/home/s/Inertial_Sense/imx/SDK/ros2/install/local_setup.ps1'
[100.090s] INFO:colcon.colcon_core.shell:Creating prefix util module '/home/s/Inertial_Sense/imx/SDK/ros2/install/_local_setup_util_ps1.py'
[100.095s] INFO:colcon.colcon_core.shell:Creating prefix chain script '/home/s/Inertial_Sense/imx/SDK/ros2/install/setup.ps1'
[100.098s] INFO:colcon.colcon_core.shell:Creating prefix script '/home/s/Inertial_Sense/imx/SDK/ros2/install/local_setup.sh'
[100.100s] INFO:colcon.colcon_core.shell:Creating prefix util module '/home/s/Inertial_Sense/imx/SDK/ros2/install/_local_setup_util_sh.py'
[100.102s] INFO:colcon.colcon_core.shell:Creating prefix chain script '/home/s/Inertial_Sense/imx/SDK/ros2/install/setup.sh'
[100.105s] INFO:colcon.colcon_core.shell:Creating prefix script '/home/s/Inertial_Sense/imx/SDK/ros2/install/local_setup.bash'
[100.108s] INFO:colcon.colcon_core.shell:Creating prefix chain script '/home/s/Inertial_Sense/imx/SDK/ros2/install/setup.bash'
[100.111s] INFO:colcon.colcon_core.shell:Creating prefix script '/home/s/Inertial_Sense/imx/SDK/ros2/install/local_setup.zsh'
[100.113s] INFO:colcon.colcon_core.shell:Creating prefix chain script '/home/s/Inertial_Sense/imx/SDK/ros2/install/setup.zsh'
