[0.106s] Invoking command in '/home/s/Inertial_Sense/imx/SDK/ros2/build/inertial_sense_ros2': CMAKE_PREFIX_PATH=${CMAKE_PREFIX_PATH}:/opt/ros/jazzy DEBUGINFOD_URLS=https://debuginfod.ubuntu.com /usr/bin/cmake --build /home/s/Inertial_Sense/imx/SDK/ros2/build/inertial_sense_ros2 -- -j6 -l6
[0.443s] [  1%] Built target inertial_sense_ros2__rosidl_generator_type_description
[0.503s] [  1%] Built target ament_cmake_python_copy_inertial_sense_ros2
[0.626s] [  1%] [32mBuilding CXX object CMakeFiles/new_target.dir/src/inertial_sense_ros2.cpp.o[0m
[0.649s] [  1%] Built target inertial_sense_ros2__cpp
[0.678s] [ 27%] Built target inertial_sense_ros2__rosidl_generator_c
[0.923s] [ 36%] Built target inertial_sense_ros2__rosidl_typesupport_introspection_c
[0.923s] [ 45%] Built target inertial_sense_ros2__rosidl_typesupport_fastrtps_c
[0.946s] [ 55%] Built target inertial_sense_ros2__rosidl_typesupport_fastrtps_cpp
[0.952s] [ 65%] Built target inertial_sense_ros2__rosidl_typesupport_cpp
[1.124s] [ 74%] Built target inertial_sense_ros2__rosidl_typesupport_c
[1.177s] [ 84%] Built target inertial_sense_ros2__rosidl_typesupport_introspection_cpp
[1.387s] [ 84%] Built target inertial_sense_ros2
[1.473s] [ 85%] Built target inertial_sense_ros2__py
[1.612s] [ 94%] Built target inertial_sense_ros2__rosidl_generator_py
[1.746s] running egg_info
[1.751s] [ 95%] Built target inertial_sense_ros2_s__rosidl_typesupport_c
[1.778s] [ 96%] Built target inertial_sense_ros2_s__rosidl_typesupport_introspection_c
[1.784s] [ 97%] Built target inertial_sense_ros2_s__rosidl_typesupport_fastrtps_c
[1.830s] writing inertial_sense_ros2.egg-info/PKG-INFO
[1.832s] writing dependency_links to inertial_sense_ros2.egg-info/dependency_links.txt
[1.833s] writing top-level names to inertial_sense_ros2.egg-info/top_level.txt
[2.039s] reading manifest file 'inertial_sense_ros2.egg-info/SOURCES.txt'
[2.042s] writing manifest file 'inertial_sense_ros2.egg-info/SOURCES.txt'
[2.127s] [ 97%] Built target ament_cmake_python_build_inertial_sense_ros2_egg
[79.890s] [ 98%] [32m[1mLinking CXX executable new_target[0m
[80.837s] /usr/bin/ld: CMakeFiles/new_target.dir/src/inertial_sense_ros2.cpp.o: warning: relocation against `_ZTVN4YAML13BadConversionE' in read-only section `.text._ZN4YAML13BadConversionC2ERKNS_4MarkE[_ZN4YAML13BadConversionC5ERKNS_4MarkE]'
[81.004s] /usr/bin/ld: CMakeFiles/new_target.dir/src/inertial_sense_ros2.cpp.o: in function `is_comm_parse_byte':
[81.005s] inertial_sense_ros2.cpp:(.text+0x8d): undefined reference to `is_comm_parse_byte_timeout'
[81.007s] /usr/bin/ld: CMakeFiles/new_target.dir/src/inertial_sense_ros2.cpp.o: in function `InertialSenseROS::InertialSenseROS(YAML::Node, bool)':
[81.008s] inertial_sense_ros2.cpp:(.text+0x632): undefined reference to `InertialSense::InertialSense(std::function<void (InertialSense*, p_data_t*, int)>, int (*)(unsigned int, p_data_get_t*), int (*)(unsigned int, unsigned char const*, int), int (*)(unsigned int, unsigned char const*, int), int (*)(unsigned int, unsigned char const*, int), int (*)(unsigned int, unsigned char const*, int))'
[81.009s] /usr/bin/ld: inertial_sense_ros2.cpp:(.text+0x7c5): undefined reference to `InertialSense::~InertialSense()'
[81.013s] /usr/bin/ld: CMakeFiles/new_target.dir/src/inertial_sense_ros2.cpp.o: in function `InertialSenseROS::terminate()':
[81.013s] inertial_sense_ros2.cpp:(.text+0xfde): undefined reference to `InertialSense::Close()'
[81.015s] /usr/bin/ld: inertial_sense_ros2.cpp:(.text+0xff0): undefined reference to `InertialSense::CloseServerConnection()'
[81.018s] /usr/bin/ld: CMakeFiles/new_target.dir/src/inertial_sense_ros2.cpp.o: in function `InertialSenseROS::initializeIS(bool)':
[81.018s] inertial_sense_ros2.cpp:(.text+0x12db): undefined reference to `InertialSense::StopBroadcasts(bool)'
[81.020s] /usr/bin/ld: inertial_sense_ros2.cpp:(.text+0x12fa): undefined reference to `InertialSense::SetSysCmd(unsigned int, int)'
[81.023s] /usr/bin/ld: inertial_sense_ros2.cpp:(.text+0x1319): undefined reference to `InertialSense::SetSysCmd(unsigned int, int)'
[81.025s] /usr/bin/ld: inertial_sense_ros2.cpp:(.text+0x136d): undefined reference to `InertialSense::StopBroadcasts(bool)'
[81.028s] /usr/bin/ld: inertial_sense_ros2.cpp:(.text+0x13a5): undefined reference to `InertialSense::SavePersistent()'
[81.032s] /usr/bin/ld: CMakeFiles/new_target.dir/src/inertial_sense_ros2.cpp.o: in function `InertialSenseROS::initializeROS()':
[81.032s] inertial_sense_ros2.cpp:(.text+0x19e3): undefined reference to `InertialSense::BroadcastBinaryData(unsigned int, int, std::function<void (InertialSense*, p_data_t*, int)>)'
[81.037s] /usr/bin/ld: CMakeFiles/new_target.dir/src/inertial_sense_ros2.cpp.o: in function `InertialSenseROS::configure_data_streams(bool)':
[81.037s] inertial_sense_ros2.cpp:(.text+0x8e2c): undefined reference to `InertialSense::BroadcastBinaryData(unsigned int, int, std::function<void (InertialSense*, p_data_t*, int)>)'
[81.039s] /usr/bin/ld: inertial_sense_ros2.cpp:(.text+0x9102): undefined reference to `InertialSense::BroadcastBinaryData(unsigned int, int, std::function<void (InertialSense*, p_data_t*, int)>)'
[81.042s] /usr/bin/ld: inertial_sense_ros2.cpp:(.text+0x9423): undefined reference to `InertialSense::BroadcastBinaryData(unsigned int, int, std::function<void (InertialSense*, p_data_t*, int)>)'
[81.044s] /usr/bin/ld: inertial_sense_ros2.cpp:(.text+0x948d): undefined reference to `InertialSense::BroadcastBinaryData(unsigned int, int, std::function<void (InertialSense*, p_data_t*, int)>)'
[81.047s] /usr/bin/ld: CMakeFiles/new_target.dir/src/inertial_sense_ros2.cpp.o:inertial_sense_ros2.cpp:(.text+0x97d1): more undefined references to `InertialSense::BroadcastBinaryData(unsigned int, int, std::function<void (InertialSense*, p_data_t*, int)>)' follow
[81.049s] /usr/bin/ld: CMakeFiles/new_target.dir/src/inertial_sense_ros2.cpp.o: in function `InertialSenseROS::configure_data_streams(bool)':
[81.050s] inertial_sense_ros2.cpp:(.text+0x9e18): undefined reference to `cISDataMappings::GetDataSetName(unsigned int)'
[81.052s] /usr/bin/ld: inertial_sense_ros2.cpp:(.text+0x9f1b): undefined reference to `InertialSense::BroadcastBinaryData(unsigned int, int, std::function<void (InertialSense*, p_data_t*, int)>)'
[81.054s] /usr/bin/ld: inertial_sense_ros2.cpp:(.text+0xa118): undefined reference to `cISDataMappings::GetDataSetName(unsigned int)'
[81.056s] /usr/bin/ld: inertial_sense_ros2.cpp:(.text+0xa22b): undefined reference to `InertialSense::BroadcastBinaryData(unsigned int, int, std::function<void (InertialSense*, p_data_t*, int)>)'
[81.059s] /usr/bin/ld: inertial_sense_ros2.cpp:(.text+0xa43a): undefined reference to `cISDataMappings::GetDataSetName(unsigned int)'
[81.061s] /usr/bin/ld: inertial_sense_ros2.cpp:(.text+0xa54d): undefined reference to `InertialSense::BroadcastBinaryData(unsigned int, int, std::function<void (InertialSense*, p_data_t*, int)>)'
[81.063s] /usr/bin/ld: inertial_sense_ros2.cpp:(.text+0xa75c): undefined reference to `cISDataMappings::GetDataSetName(unsigned int)'
[81.066s] /usr/bin/ld: inertial_sense_ros2.cpp:(.text+0xa86f): undefined reference to `InertialSense::BroadcastBinaryData(unsigned int, int, std::function<void (InertialSense*, p_data_t*, int)>)'
[81.068s] /usr/bin/ld: inertial_sense_ros2.cpp:(.text+0xaa7e): undefined reference to `cISDataMappings::GetDataSetName(unsigned int)'
[81.071s] /usr/bin/ld: inertial_sense_ros2.cpp:(.text+0xab91): undefined reference to `InertialSense::BroadcastBinaryData(unsigned int, int, std::function<void (InertialSense*, p_data_t*, int)>)'
[81.073s] /usr/bin/ld: inertial_sense_ros2.cpp:(.text+0xabd7): undefined reference to `InertialSense::FlashConfig(nvm_flash_cfg_t&, int)'
[81.075s] /usr/bin/ld: inertial_sense_ros2.cpp:(.text+0xb49e): undefined reference to `cISDataMappings::GetDataSetName(unsigned int)'
[81.078s] /usr/bin/ld: inertial_sense_ros2.cpp:(.text+0xb5b1): undefined reference to `InertialSense::BroadcastBinaryData(unsigned int, int, std::function<void (InertialSense*, p_data_t*, int)>)'
[81.080s] /usr/bin/ld: inertial_sense_ros2.cpp:(.text+0xb7c0): undefined reference to `cISDataMappings::GetDataSetName(unsigned int)'
[81.082s] /usr/bin/ld: inertial_sense_ros2.cpp:(.text+0xb8d3): undefined reference to `InertialSense::BroadcastBinaryData(unsigned int, int, std::function<void (InertialSense*, p_data_t*, int)>)'
[81.085s] /usr/bin/ld: inertial_sense_ros2.cpp:(.text+0xbae2): undefined reference to `cISDataMappings::GetDataSetName(unsigned int)'
[81.087s] /usr/bin/ld: inertial_sense_ros2.cpp:(.text+0xbbf5): undefined reference to `InertialSense::BroadcastBinaryData(unsigned int, int, std::function<void (InertialSense*, p_data_t*, int)>)'
[81.089s] /usr/bin/ld: inertial_sense_ros2.cpp:(.text+0xbe04): undefined reference to `cISDataMappings::GetDataSetName(unsigned int)'
[81.092s] /usr/bin/ld: inertial_sense_ros2.cpp:(.text+0xbf17): undefined reference to `InertialSense::BroadcastBinaryData(unsigned int, int, std::function<void (InertialSense*, p_data_t*, int)>)'
[81.094s] /usr/bin/ld: inertial_sense_ros2.cpp:(.text+0xc13c): undefined reference to `cISDataMappings::GetDataSetName(unsigned int)'
[81.096s] /usr/bin/ld: inertial_sense_ros2.cpp:(.text+0xc24f): undefined reference to `InertialSense::BroadcastBinaryData(unsigned int, int, std::function<void (InertialSense*, p_data_t*, int)>)'
[81.099s] /usr/bin/ld: inertial_sense_ros2.cpp:(.text+0xc45e): undefined reference to `cISDataMappings::GetDataSetName(unsigned int)'
[81.101s] /usr/bin/ld: inertial_sense_ros2.cpp:(.text+0xc571): undefined reference to `InertialSense::BroadcastBinaryData(unsigned int, int, std::function<void (InertialSense*, p_data_t*, int)>)'
[81.103s] /usr/bin/ld: inertial_sense_ros2.cpp:(.text+0xc780): undefined reference to `cISDataMappings::GetDataSetName(unsigned int)'
[81.106s] /usr/bin/ld: inertial_sense_ros2.cpp:(.text+0xc893): undefined reference to `InertialSense::BroadcastBinaryData(unsigned int, int, std::function<void (InertialSense*, p_data_t*, int)>)'
[81.108s] /usr/bin/ld: inertial_sense_ros2.cpp:(.text+0xcaa2): undefined reference to `cISDataMappings::GetDataSetName(unsigned int)'
[81.110s] /usr/bin/ld: inertial_sense_ros2.cpp:(.text+0xcbb5): undefined reference to `InertialSense::BroadcastBinaryData(unsigned int, int, std::function<void (InertialSense*, p_data_t*, int)>)'
[81.113s] /usr/bin/ld: inertial_sense_ros2.cpp:(.text+0xcdc4): undefined reference to `cISDataMappings::GetDataSetName(unsigned int)'
[81.115s] /usr/bin/ld: inertial_sense_ros2.cpp:(.text+0xced7): undefined reference to `InertialSense::BroadcastBinaryData(unsigned int, int, std::function<void (InertialSense*, p_data_t*, int)>)'
[81.117s] /usr/bin/ld: inertial_sense_ros2.cpp:(.text+0xd0e6): undefined reference to `cISDataMappings::GetDataSetName(unsigned int)'
[81.120s] /usr/bin/ld: inertial_sense_ros2.cpp:(.text+0xd1f9): undefined reference to `InertialSense::BroadcastBinaryData(unsigned int, int, std::function<void (InertialSense*, p_data_t*, int)>)'
[81.123s] /usr/bin/ld: inertial_sense_ros2.cpp:(.text+0xd408): undefined reference to `cISDataMappings::GetDataSetName(unsigned int)'
[81.125s] /usr/bin/ld: inertial_sense_ros2.cpp:(.text+0xd51b): undefined reference to `InertialSense::BroadcastBinaryData(unsigned int, int, std::function<void (InertialSense*, p_data_t*, int)>)'
[81.127s] /usr/bin/ld: inertial_sense_ros2.cpp:(.text+0xd72a): undefined reference to `cISDataMappings::GetDataSetName(unsigned int)'
[81.130s] /usr/bin/ld: inertial_sense_ros2.cpp:(.text+0xd83d): undefined reference to `InertialSense::BroadcastBinaryData(unsigned int, int, std::function<void (InertialSense*, p_data_t*, int)>)'
[81.135s] /usr/bin/ld: CMakeFiles/new_target.dir/src/inertial_sense_ros2.cpp.o: in function `InertialSenseROS::start_log()':
[81.135s] inertial_sense_ros2.cpp:(.text+0xf3fe): undefined reference to `cISLogger::CreateCurrentTimestamp[abi:cxx11]()'
[81.137s] /usr/bin/ld: inertial_sense_ros2.cpp:(.text+0xf774): undefined reference to `cISLogger::g_emptyString[abi:cxx11]'
[81.140s] /usr/bin/ld: inertial_sense_ros2.cpp:(.text+0xf7a6): undefined reference to `InertialSense::SetLoggerEnabled(bool, std::__cxx11::basic_string<char, std::char_traits<char>, std::allocator<char> > const&, cISLogger::eLogType, unsigned long, unsigned int, float, unsigned int, std::__cxx11::basic_string<char, std::char_traits<char>, std::allocator<char> > const&)'
[81.143s] /usr/bin/ld: CMakeFiles/new_target.dir/src/inertial_sense_ros2.cpp.o: in function `InertialSenseROS::connect(float)':
[81.144s] inertial_sense_ros2.cpp:(.text+0xfcd6): undefined reference to `InertialSense::Open(char const*, int, bool)'
[81.146s] /usr/bin/ld: inertial_sense_ros2.cpp:(.text+0x1017f): undefined reference to `InertialSense::DeviceInfo(int)'
[81.149s] /usr/bin/ld: CMakeFiles/new_target.dir/src/inertial_sense_ros2.cpp.o: in function `InertialSenseROS::firmware_compatiblity_check()':
[81.149s] inertial_sense_ros2.cpp:(.text+0x106a5): undefined reference to `InertialSense::DeviceInfo(int)'
[81.151s] /usr/bin/ld: inertial_sense_ros2.cpp:(.text+0x10728): undefined reference to `InertialSense::DeviceInfo(int)'
[81.155s] /usr/bin/ld: CMakeFiles/new_target.dir/src/inertial_sense_ros2.cpp.o: in function `InertialSenseROS::configure_flash_parameters()':
[81.155s] inertial_sense_ros2.cpp:(.text+0x10972): undefined reference to `InertialSense::FlashConfig(nvm_flash_cfg_t&, int)'
[81.157s] /usr/bin/ld: inertial_sense_ros2.cpp:(.text+0x1129b): undefined reference to `InertialSense::SendData(unsigned int, unsigned char*, unsigned int, unsigned int)'
[81.160s] /usr/bin/ld: CMakeFiles/new_target.dir/src/inertial_sense_ros2.cpp.o: in function `InertialSenseROS::connect_rtk_client(RtkRoverCorrectionProvider_Ntrip&)':
[81.160s] inertial_sense_ros2.cpp:(.text+0x114d2): undefined reference to `RtkRoverCorrectionProvider_Ntrip::get_connection_string[abi:cxx11]()'
[81.162s] /usr/bin/ld: inertial_sense_ros2.cpp:(.text+0x11501): undefined reference to `InertialSense::OpenConnectionToServer(std::__cxx11::basic_string<char, std::char_traits<char>, std::allocator<char> > const&)'
[81.165s] /usr/bin/ld: CMakeFiles/new_target.dir/src/inertial_sense_ros2.cpp.o: in function `InertialSenseROS::start_rtk_server(RtkBaseCorrectionProvider_Ntrip&)':
[81.166s] inertial_sense_ros2.cpp:(.text+0x12f98): undefined reference to `RtkBaseCorrectionProvider_Ntrip::get_connection_string[abi:cxx11]()'
[81.168s] /usr/bin/ld: inertial_sense_ros2.cpp:(.text+0x12fb8): undefined reference to `InertialSense::CreateHost(std::__cxx11::basic_string<char, std::char_traits<char>, std::allocator<char> > const&)'
[81.171s] /usr/bin/ld: CMakeFiles/new_target.dir/src/inertial_sense_ros2.cpp.o: in function `InertialSenseROS::configure_rtk()':
[81.171s] inertial_sense_ros2.cpp:(.text+0x13de3): undefined reference to `InertialSense::BroadcastBinaryData(unsigned int, int, std::function<void (InertialSense*, p_data_t*, int)>)'
[81.174s] /usr/bin/ld: inertial_sense_ros2.cpp:(.text+0x13e4d): undefined reference to `InertialSense::BroadcastBinaryData(unsigned int, int, std::function<void (InertialSense*, p_data_t*, int)>)'
[81.176s] /usr/bin/ld: inertial_sense_ros2.cpp:(.text+0x141d0): undefined reference to `InertialSense::BroadcastBinaryData(unsigned int, int, std::function<void (InertialSense*, p_data_t*, int)>)'
[81.179s] /usr/bin/ld: inertial_sense_ros2.cpp:(.text+0x1423a): undefined reference to `InertialSense::BroadcastBinaryData(unsigned int, int, std::function<void (InertialSense*, p_data_t*, int)>)'
[81.181s] /usr/bin/ld: inertial_sense_ros2.cpp:(.text+0x14548): undefined reference to `InertialSense::BroadcastBinaryData(unsigned int, int, std::function<void (InertialSense*, p_data_t*, int)>)'
[81.183s] /usr/bin/ld: CMakeFiles/new_target.dir/src/inertial_sense_ros2.cpp.o:inertial_sense_ros2.cpp:(.text+0x145b2): more undefined references to `InertialSense::BroadcastBinaryData(unsigned int, int, std::function<void (InertialSense*, p_data_t*, int)>)' follow
[81.186s] /usr/bin/ld: CMakeFiles/new_target.dir/src/inertial_sense_ros2.cpp.o: in function `InertialSenseROS::configure_rtk()':
[81.186s] inertial_sense_ros2.cpp:(.text+0x1490b): undefined reference to `RtkBaseProvider::getProvidersByType(std::__cxx11::basic_string<char, std::char_traits<char>, std::allocator<char> >)'
[81.188s] /usr/bin/ld: inertial_sense_ros2.cpp:(.text+0x14987): undefined reference to `InertialSense::SendData(unsigned int, unsigned char*, unsigned int, unsigned int)'
[81.190s] /usr/bin/ld: inertial_sense_ros2.cpp:(.text+0x14c8f): undefined reference to `InertialSense::BroadcastBinaryData(unsigned int, int, std::function<void (InertialSense*, p_data_t*, int)>)'
[81.192s] /usr/bin/ld: inertial_sense_ros2.cpp:(.text+0x14cf9): undefined reference to `InertialSense::BroadcastBinaryData(unsigned int, int, std::function<void (InertialSense*, p_data_t*, int)>)'
[81.195s] /usr/bin/ld: inertial_sense_ros2.cpp:(.text+0x150b4): undefined reference to `InertialSense::BroadcastBinaryData(unsigned int, int, std::function<void (InertialSense*, p_data_t*, int)>)'
[81.197s] /usr/bin/ld: inertial_sense_ros2.cpp:(.text+0x1511e): undefined reference to `InertialSense::BroadcastBinaryData(unsigned int, int, std::function<void (InertialSense*, p_data_t*, int)>)'
[81.199s] /usr/bin/ld: inertial_sense_ros2.cpp:(.text+0x15502): undefined reference to `InertialSense::BroadcastBinaryData(unsigned int, int, std::function<void (InertialSense*, p_data_t*, int)>)'
[81.202s] /usr/bin/ld: CMakeFiles/new_target.dir/src/inertial_sense_ros2.cpp.o:inertial_sense_ros2.cpp:(.text+0x1556c): more undefined references to `InertialSense::BroadcastBinaryData(unsigned int, int, std::function<void (InertialSense*, p_data_t*, int)>)' follow
[81.204s] /usr/bin/ld: CMakeFiles/new_target.dir/src/inertial_sense_ros2.cpp.o: in function `InertialSenseROS::configure_rtk()':
[81.205s] inertial_sense_ros2.cpp:(.text+0x158d8): undefined reference to `RtkBaseProvider::getProvidersByType(std::__cxx11::basic_string<char, std::char_traits<char>, std::allocator<char> >)'
[81.206s] /usr/bin/ld: inertial_sense_ros2.cpp:(.text+0x15954): undefined reference to `InertialSense::SendData(unsigned int, unsigned char*, unsigned int, unsigned int)'
[81.210s] /usr/bin/ld: CMakeFiles/new_target.dir/src/inertial_sense_ros2.cpp.o: in function `InertialSenseROS::INS4_callback(unsigned int, ins_4_t const*)':
[81.211s] inertial_sense_ros2.cpp:(.text+0x174ba): undefined reference to `eye_MatN'
[81.212s] /usr/bin/ld: inertial_sense_ros2.cpp:(.text+0x1757f): undefined reference to `ecef2lla'
[81.215s] /usr/bin/ld: inertial_sense_ros2.cpp:(.text+0x175b5): undefined reference to `quat_ecef2ned'
[81.217s] /usr/bin/ld: inertial_sense_ros2.cpp:(.text+0x178e9): undefined reference to `quat2euler'
[81.219s] /usr/bin/ld: inertial_sense_ros2.cpp:(.text+0x1795a): undefined reference to `vectorBodyToReference'
[81.222s] /usr/bin/ld: inertial_sense_ros2.cpp:(.text+0x17c8f): undefined reference to `mul_Quat_ConjQuat'
[81.224s] /usr/bin/ld: inertial_sense_ros2.cpp:(.text+0x17ce8): undefined reference to `transpose_Mat3'
[81.227s] /usr/bin/ld: inertial_sense_ros2.cpp:(.text+0x17ed0): undefined reference to `ecef2lla'
[81.230s] /usr/bin/ld: inertial_sense_ros2.cpp:(.text+0x17ef0): undefined reference to `lla_Deg2Rad_d'
[81.232s] /usr/bin/ld: inertial_sense_ros2.cpp:(.text+0x17f10): undefined reference to `lla2ned_d'
[81.236s] /usr/bin/ld: inertial_sense_ros2.cpp:(.text+0x17ff1): undefined reference to `quatConjRot'
[81.238s] /usr/bin/ld: inertial_sense_ros2.cpp:(.text+0x180b3): undefined reference to `quatRot'
[81.241s] /usr/bin/ld: inertial_sense_ros2.cpp:(.text+0x1840e): undefined reference to `euler2quat'
[81.243s] /usr/bin/ld: inertial_sense_ros2.cpp:(.text+0x1842e): undefined reference to `mul_Quat_ConjQuat'
[81.245s] /usr/bin/ld: inertial_sense_ros2.cpp:(.text+0x1844e): undefined reference to `mul_Quat_ConjQuat'
[81.248s] /usr/bin/ld: inertial_sense_ros2.cpp:(.text+0x1846e): undefined reference to `mul_Quat_Quat'
[81.250s] /usr/bin/ld: inertial_sense_ros2.cpp:(.text+0x184c7): undefined reference to `transpose_Mat3'
[81.252s] /usr/bin/ld: inertial_sense_ros2.cpp:(.text+0x186af): undefined reference to `ecef2lla'
[81.254s] /usr/bin/ld: inertial_sense_ros2.cpp:(.text+0x186cf): undefined reference to `lla_Deg2Rad_d'
[81.257s] /usr/bin/ld: inertial_sense_ros2.cpp:(.text+0x186ef): undefined reference to `lla2ned_d'
[81.259s] /usr/bin/ld: inertial_sense_ros2.cpp:(.text+0x187db): undefined reference to `quatConjRot'
[81.261s] /usr/bin/ld: inertial_sense_ros2.cpp:(.text+0x188a8): undefined reference to `quatRot'
[81.264s] /usr/bin/ld: CMakeFiles/new_target.dir/src/inertial_sense_ros2.cpp.o: in function `InertialSenseROS::update()':
[81.265s] inertial_sense_ros2.cpp:(.text+0x1a0ca): undefined reference to `InertialSense::IsOpen()'
[81.267s] /usr/bin/ld: inertial_sense_ros2.cpp:(.text+0x1a0e3): undefined reference to `InertialSense::Close()'
[81.269s] /usr/bin/ld: inertial_sense_ros2.cpp:(.text+0x1a118): undefined reference to `InertialSense::Update()'
[81.272s] /usr/bin/ld: CMakeFiles/new_target.dir/src/inertial_sense_ros2.cpp.o: in function `InertialSenseROS::set_current_position_as_refLLA(std_srvs::srv::Trigger_Request_<std::allocator<void> >&, std_srvs::srv::Trigger_Response_<std::allocator<void> >&)':
[81.273s] inertial_sense_ros2.cpp:(.text+0x1db1a): undefined reference to `InertialSense::SendData(unsigned int, unsigned char*, unsigned int, unsigned int)'
[81.274s] /usr/bin/ld: inertial_sense_ros2.cpp:(.text+0x1db39): undefined reference to `comManagerGetData'
[81.277s] /usr/bin/ld: inertial_sense_ros2.cpp:(.text+0x1db68): undefined reference to `InertialSense::FlashConfig(nvm_flash_cfg_t&, int)'
[81.279s] /usr/bin/ld: inertial_sense_ros2.cpp:(.text+0x1db6f): undefined reference to `comManagerStep'
[81.282s] /usr/bin/ld: inertial_sense_ros2.cpp:(.text+0x1dc61): undefined reference to `comManagerGetData'
[81.284s] /usr/bin/ld: inertial_sense_ros2.cpp:(.text+0x1de12): undefined reference to `comManagerGetData'
[81.287s] /usr/bin/ld: CMakeFiles/new_target.dir/src/inertial_sense_ros2.cpp.o: in function `InertialSenseROS::set_refLLA_to_value(std::shared_ptr<inertial_sense_ros2::srv::RefLLAUpdate_Request_<std::allocator<void> > >, std::shared_ptr<inertial_sense_ros2::srv::RefLLAUpdate_Response_<std::allocator<void> > >)':
[81.287s] inertial_sense_ros2.cpp:(.text+0x1df92): undefined reference to `InertialSense::SendData(unsigned int, unsigned char*, unsigned int, unsigned int)'
[81.289s] /usr/bin/ld: inertial_sense_ros2.cpp:(.text+0x1dfb1): undefined reference to `comManagerGetData'
[81.292s] /usr/bin/ld: inertial_sense_ros2.cpp:(.text+0x1dfe0): undefined reference to `InertialSense::FlashConfig(nvm_flash_cfg_t&, int)'
[81.294s] /usr/bin/ld: inertial_sense_ros2.cpp:(.text+0x1dfe7): undefined reference to `comManagerStep'
[81.296s] /usr/bin/ld: inertial_sense_ros2.cpp:(.text+0x1e11d): undefined reference to `comManagerGetData'
[81.298s] /usr/bin/ld: inertial_sense_ros2.cpp:(.text+0x1e326): undefined reference to `comManagerGetData'
[81.301s] /usr/bin/ld: CMakeFiles/new_target.dir/src/inertial_sense_ros2.cpp.o: in function `InertialSenseROS::perform_mag_cal_srv_callback(std::shared_ptr<std_srvs::srv::Trigger_Request_<std::allocator<void> > >, std::shared_ptr<std_srvs::srv::Trigger_Response_<std::allocator<void> > >)':
[81.301s] inertial_sense_ros2.cpp:(.text+0x1e4b4): undefined reference to `InertialSense::SendData(unsigned int, unsigned char*, unsigned int, unsigned int)'
[81.304s] /usr/bin/ld: inertial_sense_ros2.cpp:(.text+0x1e4d2): undefined reference to `is_comm_init'
[81.306s] /usr/bin/ld: inertial_sense_ros2.cpp:(.text+0x1e5bd): undefined reference to `serialPortReadCharTimeout'
[81.309s] /usr/bin/ld: CMakeFiles/new_target.dir/src/inertial_sense_ros2.cpp.o: in function `InertialSenseROS::perform_multi_mag_cal_srv_callback(std::shared_ptr<std_srvs::srv::Trigger_Request_<std::allocator<void> > >, std::shared_ptr<std_srvs::srv::Trigger_Response_<std::allocator<void> > >)':
[81.310s] inertial_sense_ros2.cpp:(.text+0x1e65a): undefined reference to `InertialSense::SendData(unsigned int, unsigned char*, unsigned int, unsigned int)'
[81.311s] /usr/bin/ld: inertial_sense_ros2.cpp:(.text+0x1e678): undefined reference to `is_comm_init'
[81.314s] /usr/bin/ld: inertial_sense_ros2.cpp:(.text+0x1e763): undefined reference to `serialPortReadCharTimeout'
[81.317s] /usr/bin/ld: CMakeFiles/new_target.dir/src/inertial_sense_ros2.cpp.o: in function `InertialSenseROS::reset_device()':
[81.318s] inertial_sense_ros2.cpp:(.text+0x1e803): undefined reference to `InertialSense::SendData(unsigned int, unsigned char*, unsigned int, unsigned int)'
[81.319s] /usr/bin/ld: inertial_sense_ros2.cpp:(.text+0x1ea83): undefined reference to `InertialSense::Close()'
[81.323s] /usr/bin/ld: CMakeFiles/new_target.dir/src/inertial_sense_ros2.cpp.o: in function `InertialSenseROS::transform_6x6_covariance(float*, float*, float*, float*)':
[81.323s] inertial_sense_ros2.cpp:(.text+0x1f998): undefined reference to `mul_Mat3x3_Mat3x3'
[81.325s] /usr/bin/ld: inertial_sense_ros2.cpp:(.text+0x1f9b5): undefined reference to `mul_Mat3x3_Mat3x3_Trans'
[81.327s] /usr/bin/ld: inertial_sense_ros2.cpp:(.text+0x1f9d2): undefined reference to `mul_Mat3x3_Mat3x3'
[81.330s] /usr/bin/ld: inertial_sense_ros2.cpp:(.text+0x1f9ef): undefined reference to `mul_Mat3x3_Mat3x3_Trans'
[81.333s] /usr/bin/ld: inertial_sense_ros2.cpp:(.text+0x1fa0c): undefined reference to `mul_Mat3x3_Mat3x3'
[81.336s] /usr/bin/ld: inertial_sense_ros2.cpp:(.text+0x1fa26): undefined reference to `mul_Mat3x3_Mat3x3_Trans'
[81.341s] /usr/bin/ld: CMakeFiles/new_target.dir/src/inertial_sense_ros2.cpp.o: in function `YAML::Exception::Exception(YAML::Mark const&, std::__cxx11::basic_string<char, std::char_traits<char>, std::allocator<char> > const&)':
[81.341s] inertial_sense_ros2.cpp:(.text._ZN4YAML9ExceptionC2ERKNS_4MarkERKNSt7__cxx1112basic_stringIcSt11char_traitsIcESaIcEEE[_ZN4YAML9ExceptionC5ERKNS_4MarkERKNSt7__cxx1112basic_stringIcSt11char_traitsIcESaIcEEE]+0x61): undefined reference to `vtable for YAML::Exception'
[81.344s] /usr/bin/ld: CMakeFiles/new_target.dir/src/inertial_sense_ros2.cpp.o: in function `YAML::RepresentationException::RepresentationException(YAML::Mark const&, std::__cxx11::basic_string<char, std::char_traits<char>, std::allocator<char> > const&)':
[81.345s] inertial_sense_ros2.cpp:(.text._ZN4YAML23RepresentationExceptionC2ERKNS_4MarkERKNSt7__cxx1112basic_stringIcSt11char_traitsIcESaIcEEE[_ZN4YAML23RepresentationExceptionC5ERKNS_4MarkERKNSt7__cxx1112basic_stringIcSt11char_traitsIcESaIcEEE]+0x32): undefined reference to `vtable for YAML::RepresentationException'
[81.348s] /usr/bin/ld: CMakeFiles/new_target.dir/src/inertial_sense_ros2.cpp.o: in function `YAML::InvalidNode::InvalidNode(std::__cxx11::basic_string<char, std::char_traits<char>, std::allocator<char> > const&)':
[81.349s] inertial_sense_ros2.cpp:(.text._ZN4YAML11InvalidNodeC2ERKNSt7__cxx1112basic_stringIcSt11char_traitsIcESaIcEEE[_ZN4YAML11InvalidNodeC5ERKNSt7__cxx1112basic_stringIcSt11char_traitsIcESaIcEEE]+0x71): undefined reference to `vtable for YAML::InvalidNode'
[81.352s] /usr/bin/ld: CMakeFiles/new_target.dir/src/inertial_sense_ros2.cpp.o: in function `YAML::BadConversion::BadConversion(YAML::Mark const&)':
[81.353s] inertial_sense_ros2.cpp:(.text._ZN4YAML13BadConversionC2ERKNS_4MarkE[_ZN4YAML13BadConversionC5ERKNS_4MarkE]+0x7b): undefined reference to `vtable for YAML::BadConversion'
[81.355s] /usr/bin/ld: CMakeFiles/new_target.dir/src/inertial_sense_ros2.cpp.o: in function `YAML::detail::memory_holder::create_node()':
[81.356s] inertial_sense_ros2.cpp:(.text._ZN4YAML6detail13memory_holder11create_nodeEv[_ZN4YAML6detail13memory_holder11create_nodeEv]+0x20): undefined reference to `YAML::detail::memory::create_node()'
[81.359s] /usr/bin/ld: CMakeFiles/new_target.dir/src/inertial_sense_ros2.cpp.o: in function `YAML::detail::node_ref::mark_defined()':
[81.360s] inertial_sense_ros2.cpp:(.text._ZN4YAML6detail8node_ref12mark_definedEv[_ZN4YAML6detail8node_ref12mark_definedEv]+0x20): undefined reference to `YAML::detail::node_data::mark_defined()'
[81.362s] /usr/bin/ld: CMakeFiles/new_target.dir/src/inertial_sense_ros2.cpp.o: in function `YAML::detail::node_ref::set_type(YAML::NodeType::value)':
[81.363s] inertial_sense_ros2.cpp:(.text._ZN4YAML6detail8node_ref8set_typeENS_8NodeType5valueE[_ZN4YAML6detail8node_ref8set_typeENS_8NodeType5valueE]+0x2b): undefined reference to `YAML::detail::node_data::set_type(YAML::NodeType::value)'
[81.366s] /usr/bin/ld: CMakeFiles/new_target.dir/src/inertial_sense_ros2.cpp.o: in function `YAML::detail::node_ref::set_null()':
[81.366s] inertial_sense_ros2.cpp:(.text._ZN4YAML6detail8node_ref8set_nullEv[_ZN4YAML6detail8node_ref8set_nullEv]+0x20): undefined reference to `YAML::detail::node_data::set_null()'
[81.369s] /usr/bin/ld: CMakeFiles/new_target.dir/src/inertial_sense_ros2.cpp.o: in function `YAML::detail::node_ref::set_scalar(std::__cxx11::basic_string<char, std::char_traits<char>, std::allocator<char> > const&)':
[81.370s] inertial_sense_ros2.cpp:(.text._ZN4YAML6detail8node_ref10set_scalarERKNSt7__cxx1112basic_stringIcSt11char_traitsIcESaIcEEE[_ZN4YAML6detail8node_ref10set_scalarERKNSt7__cxx1112basic_stringIcSt11char_traitsIcESaIcEEE]+0x2e): undefined reference to `YAML::detail::node_data::set_scalar(std::__cxx11::basic_string<char, std::char_traits<char>, std::allocator<char> > const&)'
[81.373s] /usr/bin/ld: CMakeFiles/new_target.dir/src/inertial_sense_ros2.cpp.o: in function `YAML::detail::node_ref::begin()':
[81.374s] inertial_sense_ros2.cpp:(.text._ZN4YAML6detail8node_ref5beginEv[_ZN4YAML6detail8node_ref5beginEv]+0x3d): undefined reference to `YAML::detail::node_data::begin()'
[81.377s] /usr/bin/ld: CMakeFiles/new_target.dir/src/inertial_sense_ros2.cpp.o: in function `YAML::detail::node_ref::end()':
[81.377s] inertial_sense_ros2.cpp:(.text._ZN4YAML6detail8node_ref3endEv[_ZN4YAML6detail8node_ref3endEv]+0x3d): undefined reference to `YAML::detail::node_data::end()'
[81.380s] /usr/bin/ld: CMakeFiles/new_target.dir/src/inertial_sense_ros2.cpp.o: in function `YAML::detail::node_ref::push_back(YAML::detail::node&, std::shared_ptr<YAML::detail::memory_holder>)':
[81.380s] inertial_sense_ros2.cpp:(.text._ZN4YAML6detail8node_ref9push_backERNS0_4nodeESt10shared_ptrINS0_13memory_holderEE[_ZN4YAML6detail8node_ref9push_backERNS0_4nodeESt10shared_ptrINS0_13memory_holderEE]+0x36): undefined reference to `YAML::detail::node_data::push_back(YAML::detail::node&, std::shared_ptr<YAML::detail::memory_holder> const&)'
[81.384s] /usr/bin/ld: CMakeFiles/new_target.dir/src/inertial_sense_ros2.cpp.o: in function `YAML::detail::node::push_back(YAML::detail::node&, std::shared_ptr<YAML::detail::memory_holder>)':
[81.385s] inertial_sense_ros2.cpp:(.text._ZN4YAML6detail4node9push_backERS1_St10shared_ptrINS0_13memory_holderEE[_ZN4YAML6detail4node9push_backERS1_St10shared_ptrINS0_13memory_holderEE]+0x8e): undefined reference to `YAML::detail::node::m_amount'
[81.387s] /usr/bin/ld: CMakeFiles/new_target.dir/src/inertial_sense_ros2.cpp.o: in function `YAML::Node::EnsureNodeExists() const':
[81.388s] inertial_sense_ros2.cpp:(.text._ZNK4YAML4Node16EnsureNodeExistsEv[_ZNK4YAML4Node16EnsureNodeExistsEv]+0x46): undefined reference to `YAML::InvalidNode::~InvalidNode()'
[81.390s] /usr/bin/ld: inertial_sense_ros2.cpp:(.text._ZNK4YAML4Node16EnsureNodeExistsEv[_ZNK4YAML4Node16EnsureNodeExistsEv]+0x50): undefined reference to `typeinfo for YAML::InvalidNode'
[81.393s] /usr/bin/ld: CMakeFiles/new_target.dir/src/inertial_sense_ros2.cpp.o: in function `YAML::Node::Mark() const':
[81.393s] inertial_sense_ros2.cpp:(.text._ZNK4YAML4Node4MarkEv[_ZNK4YAML4Node4MarkEv]+0x44): undefined reference to `YAML::InvalidNode::~InvalidNode()'
[81.395s] /usr/bin/ld: inertial_sense_ros2.cpp:(.text._ZNK4YAML4Node4MarkEv[_ZNK4YAML4Node4MarkEv]+0x4e): undefined reference to `typeinfo for YAML::InvalidNode'
[81.399s] /usr/bin/ld: CMakeFiles/new_target.dir/src/inertial_sense_ros2.cpp.o: in function `YAML::Node::Type() const':
[81.399s] inertial_sense_ros2.cpp:(.text._ZNK4YAML4Node4TypeEv[_ZNK4YAML4Node4TypeEv]+0x44): undefined reference to `YAML::InvalidNode::~InvalidNode()'
[81.401s] /usr/bin/ld: inertial_sense_ros2.cpp:(.text._ZNK4YAML4Node4TypeEv[_ZNK4YAML4Node4TypeEv]+0x4e): undefined reference to `typeinfo for YAML::InvalidNode'
[81.404s] /usr/bin/ld: CMakeFiles/new_target.dir/src/inertial_sense_ros2.cpp.o: in function `YAML::TypedBadConversion<std::__cxx11::basic_string<char, std::char_traits<char>, std::allocator<char> > >::~TypedBadConversion()':
[81.405s] inertial_sense_ros2.cpp:(.text._ZN4YAML18TypedBadConversionINSt7__cxx1112basic_stringIcSt11char_traitsIcESaIcEEEED2Ev[_ZN4YAML18TypedBadConversionINSt7__cxx1112basic_stringIcSt11char_traitsIcESaIcEEEED5Ev]+0x26): undefined reference to `YAML::BadConversion::~BadConversion()'
[81.408s] /usr/bin/ld: CMakeFiles/new_target.dir/src/inertial_sense_ros2.cpp.o: in function `YAML::Node::Scalar[abi:cxx11]() const':
[81.408s] inertial_sense_ros2.cpp:(.text._ZNK4YAML4Node6ScalarB5cxx11Ev[_ZNK4YAML4Node6ScalarB5cxx11Ev]+0x44): undefined reference to `YAML::InvalidNode::~InvalidNode()'
[81.410s] /usr/bin/ld: inertial_sense_ros2.cpp:(.text._ZNK4YAML4Node6ScalarB5cxx11Ev[_ZNK4YAML4Node6ScalarB5cxx11Ev]+0x4e): undefined reference to `typeinfo for YAML::InvalidNode'
[81.412s] /usr/bin/ld: inertial_sense_ros2.cpp:(.text._ZNK4YAML4Node6ScalarB5cxx11Ev[_ZNK4YAML4Node6ScalarB5cxx11Ev]+0x7d): undefined reference to `YAML::detail::node_data::empty_scalar[abi:cxx11]()'
[81.416s] /usr/bin/ld: CMakeFiles/new_target.dir/src/inertial_sense_ros2.cpp.o: in function `YAML::Node::is(YAML::Node const&) const':
[81.416s] inertial_sense_ros2.cpp:(.text._ZNK4YAML4Node2isERKS0_[_ZNK4YAML4Node2isERKS0_]+0x56): undefined reference to `YAML::InvalidNode::~InvalidNode()'
[81.418s] /usr/bin/ld: inertial_sense_ros2.cpp:(.text._ZNK4YAML4Node2isERKS0_[_ZNK4YAML4Node2isERKS0_]+0x60): undefined reference to `typeinfo for YAML::InvalidNode'
[81.422s] /usr/bin/ld: CMakeFiles/new_target.dir/src/inertial_sense_ros2.cpp.o: in function `YAML::Node::AssignData(YAML::Node const&)':
[81.422s] inertial_sense_ros2.cpp:(.text._ZN4YAML4Node10AssignDataERKS0_[_ZN4YAML4Node10AssignDataERKS0_]+0x72): undefined reference to `YAML::detail::memory_holder::merge(YAML::detail::memory_holder&)'
[81.425s] /usr/bin/ld: CMakeFiles/new_target.dir/src/inertial_sense_ros2.cpp.o: in function `YAML::Node::AssignNode(YAML::Node const&)':
[81.425s] inertial_sense_ros2.cpp:(.text._ZN4YAML4Node10AssignNodeERKS0_[_ZN4YAML4Node10AssignNodeERKS0_]+0x48): undefined reference to `YAML::InvalidNode::~InvalidNode()'
[81.428s] /usr/bin/ld: inertial_sense_ros2.cpp:(.text._ZN4YAML4Node10AssignNodeERKS0_[_ZN4YAML4Node10AssignNodeERKS0_]+0x52): undefined reference to `typeinfo for YAML::InvalidNode'
[81.430s] /usr/bin/ld: inertial_sense_ros2.cpp:(.text._ZN4YAML4Node10AssignNodeERKS0_[_ZN4YAML4Node10AssignNodeERKS0_]+0xec): undefined reference to `YAML::detail::memory_holder::merge(YAML::detail::memory_holder&)'
[81.435s] /usr/bin/ld: CMakeFiles/new_target.dir/src/inertial_sense_ros2.cpp.o: in function `YAML::Node::push_back(YAML::Node const&)':
[81.435s] inertial_sense_ros2.cpp:(.text._ZN4YAML4Node9push_backERKS0_[_ZN4YAML4Node9push_backERKS0_]+0xa8): undefined reference to `YAML::detail::memory_holder::merge(YAML::detail::memory_holder&)'
[81.442s] /usr/bin/ld: CMakeFiles/new_target.dir/src/inertial_sense_ros2.cpp.o: in function `TopicHelper::streamingCheck(unsigned int, bool&)':
[81.443s] inertial_sense_ros2.cpp:(.text._ZN11TopicHelper14streamingCheckEjRb[_ZN11TopicHelper14streamingCheckEjRb]+0x212): undefined reference to `cISDataMappings::GetDataSetName(unsigned int)'
[81.447s] /usr/bin/ld: CMakeFiles/new_target.dir/src/inertial_sense_ros2.cpp.o: in function `RtkBaseProvider::RtkBaseProvider(YAML::Node)':
[81.447s] inertial_sense_ros2.cpp:(.text._ZN15RtkBaseProviderC2EN4YAML4NodeE[_ZN15RtkBaseProviderC5EN4YAML4NodeE]+0xb3): undefined reference to `RtkBaseProvider::configure(YAML::Node&)'
[81.450s] /usr/bin/ld: CMakeFiles/new_target.dir/src/inertial_sense_ros2.cpp.o: in function `RtkRoverProvider::RtkRoverProvider(YAML::Node)':
[81.450s] inertial_sense_ros2.cpp:(.text._ZN16RtkRoverProviderC2EN4YAML4NodeE[_ZN16RtkRoverProviderC5EN4YAML4NodeE]+0x5f): undefined reference to `RtkRoverProvider::configure(YAML::Node&)'
[81.458s] /usr/bin/ld: CMakeFiles/new_target.dir/src/inertial_sense_ros2.cpp.o: in function `std::__cxx11::basic_string<char, std::char_traits<char>, std::allocator<char> > YAML::Node::as<std::__cxx11::basic_string<char, std::char_traits<char>, std::allocator<char> > >() const':
[81.458s] inertial_sense_ros2.cpp:(.text._ZNK4YAML4Node2asINSt7__cxx1112basic_stringIcSt11char_traitsIcESaIcEEEEET_v[_ZNK4YAML4Node2asINSt7__cxx1112basic_stringIcSt11char_traitsIcESaIcEEEEET_v]+0x6b): undefined reference to `YAML::InvalidNode::~InvalidNode()'
[81.461s] /usr/bin/ld: inertial_sense_ros2.cpp:(.text._ZNK4YAML4Node2asINSt7__cxx1112basic_stringIcSt11char_traitsIcESaIcEEEEET_v[_ZNK4YAML4Node2asINSt7__cxx1112basic_stringIcSt11char_traitsIcESaIcEEEEET_v]+0x75): undefined reference to `typeinfo for YAML::InvalidNode'
[81.468s] /usr/bin/ld: CMakeFiles/new_target.dir/src/inertial_sense_ros2.cpp.o: in function `double YAML::Node::as<double>() const':
[81.469s] inertial_sense_ros2.cpp:(.text._ZNK4YAML4Node2asIdEET_v[_ZNK4YAML4Node2asIdEET_v]+0x67): undefined reference to `YAML::InvalidNode::~InvalidNode()'
[81.471s] /usr/bin/ld: inertial_sense_ros2.cpp:(.text._ZNK4YAML4Node2asIdEET_v[_ZNK4YAML4Node2asIdEET_v]+0x71): undefined reference to `typeinfo for YAML::InvalidNode'
[81.475s] /usr/bin/ld: CMakeFiles/new_target.dir/src/inertial_sense_ros2.cpp.o: in function `float YAML::Node::as<float>() const':
[81.476s] inertial_sense_ros2.cpp:(.text._ZNK4YAML4Node2asIfEET_v[_ZNK4YAML4Node2asIfEET_v]+0x67): undefined reference to `YAML::InvalidNode::~InvalidNode()'
[81.477s] /usr/bin/ld: inertial_sense_ros2.cpp:(.text._ZNK4YAML4Node2asIfEET_v[_ZNK4YAML4Node2asIfEET_v]+0x71): undefined reference to `typeinfo for YAML::InvalidNode'
[81.481s] /usr/bin/ld: CMakeFiles/new_target.dir/src/inertial_sense_ros2.cpp.o: in function `bool YAML::Node::as<bool>() const':
[81.481s] inertial_sense_ros2.cpp:(.text._ZNK4YAML4Node2asIbEET_v[_ZNK4YAML4Node2asIbEET_v]+0x67): undefined reference to `YAML::InvalidNode::~InvalidNode()'
[81.483s] /usr/bin/ld: inertial_sense_ros2.cpp:(.text._ZNK4YAML4Node2asIbEET_v[_ZNK4YAML4Node2asIbEET_v]+0x71): undefined reference to `typeinfo for YAML::InvalidNode'
[81.486s] /usr/bin/ld: CMakeFiles/new_target.dir/src/inertial_sense_ros2.cpp.o: in function `int YAML::Node::as<int>() const':
[81.487s] inertial_sense_ros2.cpp:(.text._ZNK4YAML4Node2asIiEET_v[_ZNK4YAML4Node2asIiEET_v]+0x67): undefined reference to `YAML::InvalidNode::~InvalidNode()'
[81.489s] /usr/bin/ld: inertial_sense_ros2.cpp:(.text._ZNK4YAML4Node2asIiEET_v[_ZNK4YAML4Node2asIiEET_v]+0x71): undefined reference to `typeinfo for YAML::InvalidNode'
[81.493s] /usr/bin/ld: CMakeFiles/new_target.dir/src/inertial_sense_ros2.cpp.o: in function `unsigned int YAML::Node::as<unsigned int>() const':
[81.493s] inertial_sense_ros2.cpp:(.text._ZNK4YAML4Node2asIjEET_v[_ZNK4YAML4Node2asIjEET_v]+0x67): undefined reference to `YAML::InvalidNode::~InvalidNode()'
[81.495s] /usr/bin/ld: inertial_sense_ros2.cpp:(.text._ZNK4YAML4Node2asIjEET_v[_ZNK4YAML4Node2asIjEET_v]+0x71): undefined reference to `typeinfo for YAML::InvalidNode'
[81.498s] /usr/bin/ld: CMakeFiles/new_target.dir/src/inertial_sense_ros2.cpp.o: in function `std::vector<double, std::allocator<double> > YAML::Node::as<std::vector<double, std::allocator<double> > >() const':
[81.499s] inertial_sense_ros2.cpp:(.text._ZNK4YAML4Node2asISt6vectorIdSaIdEEEET_v[_ZNK4YAML4Node2asISt6vectorIdSaIdEEEET_v]+0x6b): undefined reference to `YAML::InvalidNode::~InvalidNode()'
[81.502s] /usr/bin/ld: inertial_sense_ros2.cpp:(.text._ZNK4YAML4Node2asISt6vectorIdSaIdEEEET_v[_ZNK4YAML4Node2asISt6vectorIdSaIdEEEET_v]+0x75): undefined reference to `typeinfo for YAML::InvalidNode'
[81.505s] /usr/bin/ld: CMakeFiles/new_target.dir/src/inertial_sense_ros2.cpp.o: in function `void YAML::Node::Assign<int>(int const&)':
[81.506s] inertial_sense_ros2.cpp:(.text._ZN4YAML4Node6AssignIiEEvRKT_[_ZN4YAML4Node6AssignIiEEvRKT_]+0x6b): undefined reference to `YAML::InvalidNode::~InvalidNode()'
[81.508s] /usr/bin/ld: inertial_sense_ros2.cpp:(.text._ZN4YAML4Node6AssignIiEEvRKT_[_ZN4YAML4Node6AssignIiEEvRKT_]+0x75): undefined reference to `typeinfo for YAML::InvalidNode'
[81.517s] /usr/bin/ld: CMakeFiles/new_target.dir/src/inertial_sense_ros2.cpp.o: in function `YAML::TypedBadConversion<double>::~TypedBadConversion()':
[81.517s] inertial_sense_ros2.cpp:(.text._ZN4YAML18TypedBadConversionIdED2Ev[_ZN4YAML18TypedBadConversionIdED5Ev]+0x26): undefined reference to `YAML::BadConversion::~BadConversion()'
[81.520s] /usr/bin/ld: CMakeFiles/new_target.dir/src/inertial_sense_ros2.cpp.o: in function `void YAML::Node::Assign<double>(double const&)':
[81.521s] inertial_sense_ros2.cpp:(.text._ZN4YAML4Node6AssignIdEEvRKT_[_ZN4YAML4Node6AssignIdEEvRKT_]+0x6b): undefined reference to `YAML::InvalidNode::~InvalidNode()'
[81.523s] /usr/bin/ld: inertial_sense_ros2.cpp:(.text._ZN4YAML4Node6AssignIdEEvRKT_[_ZN4YAML4Node6AssignIdEEvRKT_]+0x75): undefined reference to `typeinfo for YAML::InvalidNode'
[81.526s] /usr/bin/ld: CMakeFiles/new_target.dir/src/inertial_sense_ros2.cpp.o: in function `YAML::TypedBadConversion<float>::~TypedBadConversion()':
[81.526s] inertial_sense_ros2.cpp:(.text._ZN4YAML18TypedBadConversionIfED2Ev[_ZN4YAML18TypedBadConversionIfED5Ev]+0x26): undefined reference to `YAML::BadConversion::~BadConversion()'
[81.530s] /usr/bin/ld: CMakeFiles/new_target.dir/src/inertial_sense_ros2.cpp.o: in function `void YAML::Node::Assign<float>(float const&)':
[81.531s] inertial_sense_ros2.cpp:(.text._ZN4YAML4Node6AssignIfEEvRKT_[_ZN4YAML4Node6AssignIfEEvRKT_]+0x6b): undefined reference to `YAML::InvalidNode::~InvalidNode()'
[81.534s] /usr/bin/ld: inertial_sense_ros2.cpp:(.text._ZN4YAML4Node6AssignIfEEvRKT_[_ZN4YAML4Node6AssignIfEEvRKT_]+0x75): undefined reference to `typeinfo for YAML::InvalidNode'
[81.538s] /usr/bin/ld: CMakeFiles/new_target.dir/src/inertial_sense_ros2.cpp.o: in function `YAML::TypedBadConversion<bool>::~TypedBadConversion()':
[81.538s] inertial_sense_ros2.cpp:(.text._ZN4YAML18TypedBadConversionIbED2Ev[_ZN4YAML18TypedBadConversionIbED5Ev]+0x26): undefined reference to `YAML::BadConversion::~BadConversion()'
[81.541s] /usr/bin/ld: CMakeFiles/new_target.dir/src/inertial_sense_ros2.cpp.o: in function `YAML::as_if<bool, void>::operator()() const':
[81.541s] inertial_sense_ros2.cpp:(.text._ZNK4YAML5as_ifIbvEclEv[_ZNK4YAML5as_ifIbvEclEv]+0xae): undefined reference to `YAML::convert<bool>::decode(YAML::Node const&, bool&)'
[81.544s] /usr/bin/ld: CMakeFiles/new_target.dir/src/inertial_sense_ros2.cpp.o: in function `void YAML::Node::Assign<bool>(bool const&)':
[81.544s] inertial_sense_ros2.cpp:(.text._ZN4YAML4Node6AssignIbEEvRKT_[_ZN4YAML4Node6AssignIbEEvRKT_]+0x6b): undefined reference to `YAML::InvalidNode::~InvalidNode()'
[81.546s] /usr/bin/ld: inertial_sense_ros2.cpp:(.text._ZN4YAML4Node6AssignIbEEvRKT_[_ZN4YAML4Node6AssignIbEEvRKT_]+0x75): undefined reference to `typeinfo for YAML::InvalidNode'
[81.550s] /usr/bin/ld: CMakeFiles/new_target.dir/src/inertial_sense_ros2.cpp.o: in function `YAML::TypedBadConversion<int>::~TypedBadConversion()':
[81.550s] inertial_sense_ros2.cpp:(.text._ZN4YAML18TypedBadConversionIiED2Ev[_ZN4YAML18TypedBadConversionIiED5Ev]+0x26): undefined reference to `YAML::BadConversion::~BadConversion()'
[81.553s] /usr/bin/ld: CMakeFiles/new_target.dir/src/inertial_sense_ros2.cpp.o: in function `YAML::TypedBadConversion<unsigned int>::~TypedBadConversion()':
[81.554s] inertial_sense_ros2.cpp:(.text._ZN4YAML18TypedBadConversionIjED2Ev[_ZN4YAML18TypedBadConversionIjED5Ev]+0x26): undefined reference to `YAML::BadConversion::~BadConversion()'
[81.556s] /usr/bin/ld: CMakeFiles/new_target.dir/src/inertial_sense_ros2.cpp.o: in function `void YAML::Node::Assign<unsigned int>(unsigned int const&)':
[81.557s] inertial_sense_ros2.cpp:(.text._ZN4YAML4Node6AssignIjEEvRKT_[_ZN4YAML4Node6AssignIjEEvRKT_]+0x6b): undefined reference to `YAML::InvalidNode::~InvalidNode()'
[81.558s] /usr/bin/ld: inertial_sense_ros2.cpp:(.text._ZN4YAML4Node6AssignIjEEvRKT_[_ZN4YAML4Node6AssignIjEEvRKT_]+0x75): undefined reference to `typeinfo for YAML::InvalidNode'
[81.562s] /usr/bin/ld: CMakeFiles/new_target.dir/src/inertial_sense_ros2.cpp.o: in function `YAML::TypedBadConversion<std::vector<double, std::allocator<double> > >::~TypedBadConversion()':
[81.562s] inertial_sense_ros2.cpp:(.text._ZN4YAML18TypedBadConversionISt6vectorIdSaIdEEED2Ev[_ZN4YAML18TypedBadConversionISt6vectorIdSaIdEEED5Ev]+0x26): undefined reference to `YAML::BadConversion::~BadConversion()'
[81.566s] /usr/bin/ld: CMakeFiles/new_target.dir/src/inertial_sense_ros2.cpp.o: in function `void YAML::Node::Assign<std::vector<double, std::allocator<double> > >(std::vector<double, std::allocator<double> > const&)':
[81.567s] inertial_sense_ros2.cpp:(.text._ZN4YAML4Node6AssignISt6vectorIdSaIdEEEEvRKT_[_ZN4YAML4Node6AssignISt6vectorIdSaIdEEEEvRKT_]+0x6b): undefined reference to `YAML::InvalidNode::~InvalidNode()'
[81.568s] /usr/bin/ld: inertial_sense_ros2.cpp:(.text._ZN4YAML4Node6AssignISt6vectorIdSaIdEEEEvRKT_[_ZN4YAML4Node6AssignISt6vectorIdSaIdEEEEvRKT_]+0x75): undefined reference to `typeinfo for YAML::InvalidNode'
[81.578s] /usr/bin/ld: CMakeFiles/new_target.dir/src/inertial_sense_ros2.cpp.o: in function `YAML::detail::node& YAML::detail::node_data::get<std::__cxx11::basic_string<char, std::char_traits<char>, std::allocator<char> > >(std::__cxx11::basic_string<char, std::char_traits<char>, std::allocator<char> > const&, std::shared_ptr<YAML::detail::memory_holder>)':
[81.578s] inertial_sense_ros2.cpp:(.text._ZN4YAML6detail9node_data3getINSt7__cxx1112basic_stringIcSt11char_traitsIcESaIcEEEEERNS0_4nodeERKT_St10shared_ptrINS0_13memory_holderEE[_ZN4YAML6detail9node_data3getINSt7__cxx1112basic_stringIcSt11char_traitsIcESaIcEEEEERNS0_4nodeERKT_St10shared_ptrINS0_13memory_holderEE]+0xd3): undefined reference to `YAML::detail::node_data::convert_to_map(std::shared_ptr<YAML::detail::memory_holder> const&)'
[81.580s] /usr/bin/ld: inertial_sense_ros2.cpp:(.text._ZN4YAML6detail9node_data3getINSt7__cxx1112basic_stringIcSt11char_traitsIcESaIcEEEEERNS0_4nodeERKT_St10shared_ptrINS0_13memory_holderEE[_ZN4YAML6detail9node_data3getINSt7__cxx1112basic_stringIcSt11char_traitsIcESaIcEEEEERNS0_4nodeERKT_St10shared_ptrINS0_13memory_holderEE]+0x117): undefined reference to `YAML::BadSubscript::~BadSubscript()'
[81.583s] /usr/bin/ld: inertial_sense_ros2.cpp:(.text._ZN4YAML6detail9node_data3getINSt7__cxx1112basic_stringIcSt11char_traitsIcESaIcEEEEERNS0_4nodeERKT_St10shared_ptrINS0_13memory_holderEE[_ZN4YAML6detail9node_data3getINSt7__cxx1112basic_stringIcSt11char_traitsIcESaIcEEEEERNS0_4nodeERKT_St10shared_ptrINS0_13memory_holderEE]+0x121): undefined reference to `typeinfo for YAML::BadSubscript'
[81.585s] /usr/bin/ld: inertial_sense_ros2.cpp:(.text._ZN4YAML6detail9node_data3getINSt7__cxx1112basic_stringIcSt11char_traitsIcESaIcEEEEERNS0_4nodeERKT_St10shared_ptrINS0_13memory_holderEE[_ZN4YAML6detail9node_data3getINSt7__cxx1112basic_stringIcSt11char_traitsIcESaIcEEEEERNS0_4nodeERKT_St10shared_ptrINS0_13memory_holderEE]+0x20f): undefined reference to `YAML::detail::node_data::insert_map_pair(YAML::detail::node&, YAML::detail::node&)'
[81.589s] /usr/bin/ld: CMakeFiles/new_target.dir/src/inertial_sense_ros2.cpp.o: in function `YAML::detail::node& YAML::detail::node_data::get<char [5]>(char const (&) [5], std::shared_ptr<YAML::detail::memory_holder>)':
[81.589s] inertial_sense_ros2.cpp:(.text._ZN4YAML6detail9node_data3getIA5_cEERNS0_4nodeERKT_St10shared_ptrINS0_13memory_holderEE[_ZN4YAML6detail9node_data3getIA5_cEERNS0_4nodeERKT_St10shared_ptrINS0_13memory_holderEE]+0xd3): undefined reference to `YAML::detail::node_data::convert_to_map(std::shared_ptr<YAML::detail::memory_holder> const&)'
[81.591s] /usr/bin/ld: inertial_sense_ros2.cpp:(.text._ZN4YAML6detail9node_data3getIA5_cEERNS0_4nodeERKT_St10shared_ptrINS0_13memory_holderEE[_ZN4YAML6detail9node_data3getIA5_cEERNS0_4nodeERKT_St10shared_ptrINS0_13memory_holderEE]+0x117): undefined reference to `YAML::BadSubscript::~BadSubscript()'
[81.594s] /usr/bin/ld: inertial_sense_ros2.cpp:(.text._ZN4YAML6detail9node_data3getIA5_cEERNS0_4nodeERKT_St10shared_ptrINS0_13memory_holderEE[_ZN4YAML6detail9node_data3getIA5_cEERNS0_4nodeERKT_St10shared_ptrINS0_13memory_holderEE]+0x121): undefined reference to `typeinfo for YAML::BadSubscript'
[81.596s] /usr/bin/ld: inertial_sense_ros2.cpp:(.text._ZN4YAML6detail9node_data3getIA5_cEERNS0_4nodeERKT_St10shared_ptrINS0_13memory_holderEE[_ZN4YAML6detail9node_data3getIA5_cEERNS0_4nodeERKT_St10shared_ptrINS0_13memory_holderEE]+0x20f): undefined reference to `YAML::detail::node_data::insert_map_pair(YAML::detail::node&, YAML::detail::node&)'
[81.601s] /usr/bin/ld: CMakeFiles/new_target.dir/src/inertial_sense_ros2.cpp.o: in function `YAML::detail::node& YAML::detail::node_data::get<char [8]>(char const (&) [8], std::shared_ptr<YAML::detail::memory_holder>)':
[81.601s] inertial_sense_ros2.cpp:(.text._ZN4YAML6detail9node_data3getIA8_cEERNS0_4nodeERKT_St10shared_ptrINS0_13memory_holderEE[_ZN4YAML6detail9node_data3getIA8_cEERNS0_4nodeERKT_St10shared_ptrINS0_13memory_holderEE]+0xd3): undefined reference to `YAML::detail::node_data::convert_to_map(std::shared_ptr<YAML::detail::memory_holder> const&)'
[81.604s] /usr/bin/ld: inertial_sense_ros2.cpp:(.text._ZN4YAML6detail9node_data3getIA8_cEERNS0_4nodeERKT_St10shared_ptrINS0_13memory_holderEE[_ZN4YAML6detail9node_data3getIA8_cEERNS0_4nodeERKT_St10shared_ptrINS0_13memory_holderEE]+0x117): undefined reference to `YAML::BadSubscript::~BadSubscript()'
[81.606s] /usr/bin/ld: inertial_sense_ros2.cpp:(.text._ZN4YAML6detail9node_data3getIA8_cEERNS0_4nodeERKT_St10shared_ptrINS0_13memory_holderEE[_ZN4YAML6detail9node_data3getIA8_cEERNS0_4nodeERKT_St10shared_ptrINS0_13memory_holderEE]+0x121): undefined reference to `typeinfo for YAML::BadSubscript'
[81.609s] /usr/bin/ld: inertial_sense_ros2.cpp:(.text._ZN4YAML6detail9node_data3getIA8_cEERNS0_4nodeERKT_St10shared_ptrINS0_13memory_holderEE[_ZN4YAML6detail9node_data3getIA8_cEERNS0_4nodeERKT_St10shared_ptrINS0_13memory_holderEE]+0x20f): undefined reference to `YAML::detail::node_data::insert_map_pair(YAML::detail::node&, YAML::detail::node&)'
[81.612s] /usr/bin/ld: CMakeFiles/new_target.dir/src/inertial_sense_ros2.cpp.o: in function `YAML::detail::node& YAML::detail::node_data::get<char [9]>(char const (&) [9], std::shared_ptr<YAML::detail::memory_holder>)':
[81.612s] inertial_sense_ros2.cpp:(.text._ZN4YAML6detail9node_data3getIA9_cEERNS0_4nodeERKT_St10shared_ptrINS0_13memory_holderEE[_ZN4YAML6detail9node_data3getIA9_cEERNS0_4nodeERKT_St10shared_ptrINS0_13memory_holderEE]+0xd3): undefined reference to `YAML::detail::node_data::convert_to_map(std::shared_ptr<YAML::detail::memory_holder> const&)'
[81.615s] /usr/bin/ld: inertial_sense_ros2.cpp:(.text._ZN4YAML6detail9node_data3getIA9_cEERNS0_4nodeERKT_St10shared_ptrINS0_13memory_holderEE[_ZN4YAML6detail9node_data3getIA9_cEERNS0_4nodeERKT_St10shared_ptrINS0_13memory_holderEE]+0x117): undefined reference to `YAML::BadSubscript::~BadSubscript()'
[81.617s] /usr/bin/ld: inertial_sense_ros2.cpp:(.text._ZN4YAML6detail9node_data3getIA9_cEERNS0_4nodeERKT_St10shared_ptrINS0_13memory_holderEE[_ZN4YAML6detail9node_data3getIA9_cEERNS0_4nodeERKT_St10shared_ptrINS0_13memory_holderEE]+0x121): undefined reference to `typeinfo for YAML::BadSubscript'
[81.620s] /usr/bin/ld: inertial_sense_ros2.cpp:(.text._ZN4YAML6detail9node_data3getIA9_cEERNS0_4nodeERKT_St10shared_ptrINS0_13memory_holderEE[_ZN4YAML6detail9node_data3getIA9_cEERNS0_4nodeERKT_St10shared_ptrINS0_13memory_holderEE]+0x20f): undefined reference to `YAML::detail::node_data::insert_map_pair(YAML::detail::node&, YAML::detail::node&)'
[81.623s] /usr/bin/ld: CMakeFiles/new_target.dir/src/inertial_sense_ros2.cpp.o: in function `YAML::detail::node& YAML::detail::node_data::get<char [4]>(char const (&) [4], std::shared_ptr<YAML::detail::memory_holder>)':
[81.624s] inertial_sense_ros2.cpp:(.text._ZN4YAML6detail9node_data3getIA4_cEERNS0_4nodeERKT_St10shared_ptrINS0_13memory_holderEE[_ZN4YAML6detail9node_data3getIA4_cEERNS0_4nodeERKT_St10shared_ptrINS0_13memory_holderEE]+0xd3): undefined reference to `YAML::detail::node_data::convert_to_map(std::shared_ptr<YAML::detail::memory_holder> const&)'
[81.626s] /usr/bin/ld: inertial_sense_ros2.cpp:(.text._ZN4YAML6detail9node_data3getIA4_cEERNS0_4nodeERKT_St10shared_ptrINS0_13memory_holderEE[_ZN4YAML6detail9node_data3getIA4_cEERNS0_4nodeERKT_St10shared_ptrINS0_13memory_holderEE]+0x117): undefined reference to `YAML::BadSubscript::~BadSubscript()'
[81.628s] /usr/bin/ld: inertial_sense_ros2.cpp:(.text._ZN4YAML6detail9node_data3getIA4_cEERNS0_4nodeERKT_St10shared_ptrINS0_13memory_holderEE[_ZN4YAML6detail9node_data3getIA4_cEERNS0_4nodeERKT_St10shared_ptrINS0_13memory_holderEE]+0x121): undefined reference to `typeinfo for YAML::BadSubscript'
[81.632s] /usr/bin/ld: inertial_sense_ros2.cpp:(.text._ZN4YAML6detail9node_data3getIA4_cEERNS0_4nodeERKT_St10shared_ptrINS0_13memory_holderEE[_ZN4YAML6detail9node_data3getIA4_cEERNS0_4nodeERKT_St10shared_ptrINS0_13memory_holderEE]+0x20f): undefined reference to `YAML::detail::node_data::insert_map_pair(YAML::detail::node&, YAML::detail::node&)'
[81.642s] /usr/bin/ld: CMakeFiles/new_target.dir/src/inertial_sense_ros2.cpp.o: in function `void YAML::Node::push_back<double>(double const&)':
[81.642s] inertial_sense_ros2.cpp:(.text._ZN4YAML4Node9push_backIdEEvRKT_[_ZN4YAML4Node9push_backIdEEvRKT_]+0x6b): undefined reference to `YAML::InvalidNode::~InvalidNode()'
[81.645s] /usr/bin/ld: inertial_sense_ros2.cpp:(.text._ZN4YAML4Node9push_backIdEEvRKT_[_ZN4YAML4Node9push_backIdEEvRKT_]+0x75): undefined reference to `typeinfo for YAML::InvalidNode'
[81.648s] /usr/bin/ld: CMakeFiles/new_target.dir/src/inertial_sense_ros2.cpp.o: in function `YAML::BadSubscript::BadSubscript<std::__cxx11::basic_string<char, std::char_traits<char>, std::allocator<char> > >(YAML::Mark const&, std::__cxx11::basic_string<char, std::char_traits<char>, std::allocator<char> > const&)':
[81.649s] inertial_sense_ros2.cpp:(.text._ZN4YAML12BadSubscriptC2INSt7__cxx1112basic_stringIcSt11char_traitsIcESaIcEEEEERKNS_4MarkERKT_[_ZN4YAML12BadSubscriptC5INSt7__cxx1112basic_stringIcSt11char_traitsIcESaIcEEEEERKNS_4MarkERKT_]+0x61): undefined reference to `vtable for YAML::BadSubscript'
[81.652s] /usr/bin/ld: CMakeFiles/new_target.dir/src/inertial_sense_ros2.cpp.o: in function `YAML::detail::node& YAML::detail::node_data::convert_to_node<std::__cxx11::basic_string<char, std::char_traits<char>, std::allocator<char> > >(std::__cxx11::basic_string<char, std::char_traits<char>, std::allocator<char> > const&, std::shared_ptr<YAML::detail::memory_holder>)':
[81.652s] inertial_sense_ros2.cpp:(.text._ZN4YAML6detail9node_data15convert_to_nodeINSt7__cxx1112basic_stringIcSt11char_traitsIcESaIcEEEEERNS0_4nodeERKT_St10shared_ptrINS0_13memory_holderEE[_ZN4YAML6detail9node_data15convert_to_nodeINSt7__cxx1112basic_stringIcSt11char_traitsIcESaIcEEEEERNS0_4nodeERKT_St10shared_ptrINS0_13memory_holderEE]+0x69): undefined reference to `YAML::detail::memory_holder::merge(YAML::detail::memory_holder&)'
[81.655s] /usr/bin/ld: CMakeFiles/new_target.dir/src/inertial_sense_ros2.cpp.o: in function `YAML::BadSubscript::BadSubscript<char [5]>(YAML::Mark const&, char const (&) [5])':
[81.656s] inertial_sense_ros2.cpp:(.text._ZN4YAML12BadSubscriptC2IA5_cEERKNS_4MarkERKT_[_ZN4YAML12BadSubscriptC5IA5_cEERKNS_4MarkERKT_]+0x61): undefined reference to `vtable for YAML::BadSubscript'
[81.659s] /usr/bin/ld: CMakeFiles/new_target.dir/src/inertial_sense_ros2.cpp.o: in function `YAML::detail::node& YAML::detail::node_data::convert_to_node<char [5]>(char const (&) [5], std::shared_ptr<YAML::detail::memory_holder>)':
[81.659s] inertial_sense_ros2.cpp:(.text._ZN4YAML6detail9node_data15convert_to_nodeIA5_cEERNS0_4nodeERKT_St10shared_ptrINS0_13memory_holderEE[_ZN4YAML6detail9node_data15convert_to_nodeIA5_cEERNS0_4nodeERKT_St10shared_ptrINS0_13memory_holderEE]+0x69): undefined reference to `YAML::detail::memory_holder::merge(YAML::detail::memory_holder&)'
[81.665s] /usr/bin/ld: CMakeFiles/new_target.dir/src/inertial_sense_ros2.cpp.o: in function `YAML::BadSubscript::BadSubscript<char [8]>(YAML::Mark const&, char const (&) [8])':
[81.666s] inertial_sense_ros2.cpp:(.text._ZN4YAML12BadSubscriptC2IA8_cEERKNS_4MarkERKT_[_ZN4YAML12BadSubscriptC5IA8_cEERKNS_4MarkERKT_]+0x61): undefined reference to `vtable for YAML::BadSubscript'
[81.668s] /usr/bin/ld: CMakeFiles/new_target.dir/src/inertial_sense_ros2.cpp.o: in function `YAML::detail::node& YAML::detail::node_data::convert_to_node<char [8]>(char const (&) [8], std::shared_ptr<YAML::detail::memory_holder>)':
[81.669s] inertial_sense_ros2.cpp:(.text._ZN4YAML6detail9node_data15convert_to_nodeIA8_cEERNS0_4nodeERKT_St10shared_ptrINS0_13memory_holderEE[_ZN4YAML6detail9node_data15convert_to_nodeIA8_cEERNS0_4nodeERKT_St10shared_ptrINS0_13memory_holderEE]+0x69): undefined reference to `YAML::detail::memory_holder::merge(YAML::detail::memory_holder&)'
[81.672s] /usr/bin/ld: CMakeFiles/new_target.dir/src/inertial_sense_ros2.cpp.o: in function `YAML::BadSubscript::BadSubscript<char [9]>(YAML::Mark const&, char const (&) [9])':
[81.672s] inertial_sense_ros2.cpp:(.text._ZN4YAML12BadSubscriptC2IA9_cEERKNS_4MarkERKT_[_ZN4YAML12BadSubscriptC5IA9_cEERKNS_4MarkERKT_]+0x61): undefined reference to `vtable for YAML::BadSubscript'
[81.675s] /usr/bin/ld: CMakeFiles/new_target.dir/src/inertial_sense_ros2.cpp.o: in function `YAML::detail::node& YAML::detail::node_data::convert_to_node<char [9]>(char const (&) [9], std::shared_ptr<YAML::detail::memory_holder>)':
[81.676s] inertial_sense_ros2.cpp:(.text._ZN4YAML6detail9node_data15convert_to_nodeIA9_cEERNS0_4nodeERKT_St10shared_ptrINS0_13memory_holderEE[_ZN4YAML6detail9node_data15convert_to_nodeIA9_cEERNS0_4nodeERKT_St10shared_ptrINS0_13memory_holderEE]+0x69): undefined reference to `YAML::detail::memory_holder::merge(YAML::detail::memory_holder&)'
[81.678s] /usr/bin/ld: CMakeFiles/new_target.dir/src/inertial_sense_ros2.cpp.o: in function `YAML::BadSubscript::BadSubscript<char [4]>(YAML::Mark const&, char const (&) [4])':
[81.679s] inertial_sense_ros2.cpp:(.text._ZN4YAML12BadSubscriptC2IA4_cEERKNS_4MarkERKT_[_ZN4YAML12BadSubscriptC5IA4_cEERKNS_4MarkERKT_]+0x61): undefined reference to `vtable for YAML::BadSubscript'
[81.681s] /usr/bin/ld: CMakeFiles/new_target.dir/src/inertial_sense_ros2.cpp.o: in function `YAML::detail::node& YAML::detail::node_data::convert_to_node<char [4]>(char const (&) [4], std::shared_ptr<YAML::detail::memory_holder>)':
[81.682s] inertial_sense_ros2.cpp:(.text._ZN4YAML6detail9node_data15convert_to_nodeIA4_cEERNS0_4nodeERKT_St10shared_ptrINS0_13memory_holderEE[_ZN4YAML6detail9node_data15convert_to_nodeIA4_cEERNS0_4nodeERKT_St10shared_ptrINS0_13memory_holderEE]+0x69): undefined reference to `YAML::detail::memory_holder::merge(YAML::detail::memory_holder&)'
[81.764s] /usr/bin/ld: CMakeFiles/new_target.dir/src/inertial_sense_ros2.cpp.o: in function `rclcpp::Service<inertial_sense_ros2::srv::RefLLAUpdate>::Service(std::shared_ptr<rcl_node_s>, std::__cxx11::basic_string<char, std::char_traits<char>, std::allocator<char> > const&, rclcpp::AnyServiceCallback<inertial_sense_ros2::srv::RefLLAUpdate>, rcl_service_options_s&)':
[81.765s] inertial_sense_ros2.cpp:(.text._ZN6rclcpp7ServiceIN19inertial_sense_ros23srv12RefLLAUpdateEEC2ESt10shared_ptrI10rcl_node_sERKNSt7__cxx1112basic_stringIcSt11char_traitsIcESaIcEEENS_18AnyServiceCallbackIS3_EER21rcl_service_options_s[_ZN6rclcpp7ServiceIN19inertial_sense_ros23srv12RefLLAUpdateEEC5ESt10shared_ptrI10rcl_node_sERKNSt7__cxx1112basic_stringIcSt11char_traitsIcESaIcEEENS_18AnyServiceCallbackIS3_EER21rcl_service_options_s]+0xce): undefined reference to `rosidl_service_type_support_t const* rosidl_typesupport_cpp::get_service_type_support_handle<inertial_sense_ros2::srv::RefLLAUpdate>()'
[81.778s] /usr/bin/ld: CMakeFiles/new_target.dir/src/inertial_sense_ros2.cpp.o: in function `std::enable_if<rosidl_generator_traits::is_message<inertial_sense_ros2::msg::DIDINS1_<std::allocator<void> > >::value, rosidl_message_type_support_t const&>::type rclcpp::get_message_type_support_handle<inertial_sense_ros2::msg::DIDINS1_<std::allocator<void> > >()':
[81.778s] inertial_sense_ros2.cpp:(.text._ZN6rclcpp31get_message_type_support_handleIN19inertial_sense_ros23msg8DIDINS1_ISaIvEEEEENSt9enable_ifIXsrN23rosidl_generator_traits10is_messageIT_EE5valueERK29rosidl_message_type_support_tE4typeEv[_ZN6rclcpp31get_message_type_support_handleIN19inertial_sense_ros23msg8DIDINS1_ISaIvEEEEENSt9enable_ifIXsrN23rosidl_generator_traits10is_messageIT_EE5valueERK29rosidl_message_type_support_tE4typeEv]+0x10): undefined reference to `rosidl_message_type_support_t const* rosidl_typesupport_cpp::get_message_type_support_handle<inertial_sense_ros2::msg::DIDINS1_<std::allocator<void> > >()'
[81.781s] /usr/bin/ld: CMakeFiles/new_target.dir/src/inertial_sense_ros2.cpp.o: in function `std::enable_if<rosidl_generator_traits::is_message<inertial_sense_ros2::msg::DIDINS2_<std::allocator<void> > >::value, rosidl_message_type_support_t const&>::type rclcpp::get_message_type_support_handle<inertial_sense_ros2::msg::DIDINS2_<std::allocator<void> > >()':
[81.781s] inertial_sense_ros2.cpp:(.text._ZN6rclcpp31get_message_type_support_handleIN19inertial_sense_ros23msg8DIDINS2_ISaIvEEEEENSt9enable_ifIXsrN23rosidl_generator_traits10is_messageIT_EE5valueERK29rosidl_message_type_support_tE4typeEv[_ZN6rclcpp31get_message_type_support_handleIN19inertial_sense_ros23msg8DIDINS2_ISaIvEEEEENSt9enable_ifIXsrN23rosidl_generator_traits10is_messageIT_EE5valueERK29rosidl_message_type_support_tE4typeEv]+0x10): undefined reference to `rosidl_message_type_support_t const* rosidl_typesupport_cpp::get_message_type_support_handle<inertial_sense_ros2::msg::DIDINS2_<std::allocator<void> > >()'
[81.784s] /usr/bin/ld: CMakeFiles/new_target.dir/src/inertial_sense_ros2.cpp.o: in function `std::enable_if<rosidl_generator_traits::is_message<inertial_sense_ros2::msg::DIDINS4_<std::allocator<void> > >::value, rosidl_message_type_support_t const&>::type rclcpp::get_message_type_support_handle<inertial_sense_ros2::msg::DIDINS4_<std::allocator<void> > >()':
[81.785s] inertial_sense_ros2.cpp:(.text._ZN6rclcpp31get_message_type_support_handleIN19inertial_sense_ros23msg8DIDINS4_ISaIvEEEEENSt9enable_ifIXsrN23rosidl_generator_traits10is_messageIT_EE5valueERK29rosidl_message_type_support_tE4typeEv[_ZN6rclcpp31get_message_type_support_handleIN19inertial_sense_ros23msg8DIDINS4_ISaIvEEEEENSt9enable_ifIXsrN23rosidl_generator_traits10is_messageIT_EE5valueERK29rosidl_message_type_support_tE4typeEv]+0x10): undefined reference to `rosidl_message_type_support_t const* rosidl_typesupport_cpp::get_message_type_support_handle<inertial_sense_ros2::msg::DIDINS4_<std::allocator<void> > >()'
[81.788s] /usr/bin/ld: CMakeFiles/new_target.dir/src/inertial_sense_ros2.cpp.o: in function `std::enable_if<rosidl_generator_traits::is_message<inertial_sense_ros2::msg::INL2States_<std::allocator<void> > >::value, rosidl_message_type_support_t const&>::type rclcpp::get_message_type_support_handle<inertial_sense_ros2::msg::INL2States_<std::allocator<void> > >()':
[81.789s] inertial_sense_ros2.cpp:(.text._ZN6rclcpp31get_message_type_support_handleIN19inertial_sense_ros23msg11INL2States_ISaIvEEEEENSt9enable_ifIXsrN23rosidl_generator_traits10is_messageIT_EE5valueERK29rosidl_message_type_support_tE4typeEv[_ZN6rclcpp31get_message_type_support_handleIN19inertial_sense_ros23msg11INL2States_ISaIvEEEEENSt9enable_ifIXsrN23rosidl_generator_traits10is_messageIT_EE5valueERK29rosidl_message_type_support_tE4typeEv]+0x10): undefined reference to `rosidl_message_type_support_t const* rosidl_typesupport_cpp::get_message_type_support_handle<inertial_sense_ros2::msg::INL2States_<std::allocator<void> > >()'
[81.792s] /usr/bin/ld: CMakeFiles/new_target.dir/src/inertial_sense_ros2.cpp.o: in function `std::enable_if<rosidl_generator_traits::is_message<inertial_sense_ros2::msg::PIMU_<std::allocator<void> > >::value, rosidl_message_type_support_t const&>::type rclcpp::get_message_type_support_handle<inertial_sense_ros2::msg::PIMU_<std::allocator<void> > >()':
[81.792s] inertial_sense_ros2.cpp:(.text._ZN6rclcpp31get_message_type_support_handleIN19inertial_sense_ros23msg5PIMU_ISaIvEEEEENSt9enable_ifIXsrN23rosidl_generator_traits10is_messageIT_EE5valueERK29rosidl_message_type_support_tE4typeEv[_ZN6rclcpp31get_message_type_support_handleIN19inertial_sense_ros23msg5PIMU_ISaIvEEEEENSt9enable_ifIXsrN23rosidl_generator_traits10is_messageIT_EE5valueERK29rosidl_message_type_support_tE4typeEv]+0x10): undefined reference to `rosidl_message_type_support_t const* rosidl_typesupport_cpp::get_message_type_support_handle<inertial_sense_ros2::msg::PIMU_<std::allocator<void> > >()'
[81.795s] /usr/bin/ld: CMakeFiles/new_target.dir/src/inertial_sense_ros2.cpp.o: in function `std::enable_if<rosidl_generator_traits::is_message<sensor_msgs::msg::Imu_<std::allocator<void> > >::value, rosidl_message_type_support_t const&>::type rclcpp::get_message_type_support_handle<sensor_msgs::msg::Imu_<std::allocator<void> > >()':
[81.796s] inertial_sense_ros2.cpp:(.text._ZN6rclcpp31get_message_type_support_handleIN11sensor_msgs3msg4Imu_ISaIvEEEEENSt9enable_ifIXsrN23rosidl_generator_traits10is_messageIT_EE5valueERK29rosidl_message_type_support_tE4typeEv[_ZN6rclcpp31get_message_type_support_handleIN11sensor_msgs3msg4Imu_ISaIvEEEEENSt9enable_ifIXsrN23rosidl_generator_traits10is_messageIT_EE5valueERK29rosidl_message_type_support_tE4typeEv]+0x10): undefined reference to `rosidl_message_type_support_t const* rosidl_typesupport_cpp::get_message_type_support_handle<sensor_msgs::msg::Imu_<std::allocator<void> > >()'
[81.798s] /usr/bin/ld: CMakeFiles/new_target.dir/src/inertial_sense_ros2.cpp.o: in function `std::enable_if<rosidl_generator_traits::is_message<sensor_msgs::msg::MagneticField_<std::allocator<void> > >::value, rosidl_message_type_support_t const&>::type rclcpp::get_message_type_support_handle<sensor_msgs::msg::MagneticField_<std::allocator<void> > >()':
[81.799s] inertial_sense_ros2.cpp:(.text._ZN6rclcpp31get_message_type_support_handleIN11sensor_msgs3msg14MagneticField_ISaIvEEEEENSt9enable_ifIXsrN23rosidl_generator_traits10is_messageIT_EE5valueERK29rosidl_message_type_support_tE4typeEv[_ZN6rclcpp31get_message_type_support_handleIN11sensor_msgs3msg14MagneticField_ISaIvEEEEENSt9enable_ifIXsrN23rosidl_generator_traits10is_messageIT_EE5valueERK29rosidl_message_type_support_tE4typeEv]+0x10): undefined reference to `rosidl_message_type_support_t const* rosidl_typesupport_cpp::get_message_type_support_handle<sensor_msgs::msg::MagneticField_<std::allocator<void> > >()'
[81.802s] /usr/bin/ld: CMakeFiles/new_target.dir/src/inertial_sense_ros2.cpp.o: in function `std::enable_if<rosidl_generator_traits::is_message<sensor_msgs::msg::FluidPressure_<std::allocator<void> > >::value, rosidl_message_type_support_t const&>::type rclcpp::get_message_type_support_handle<sensor_msgs::msg::FluidPressure_<std::allocator<void> > >()':
[81.802s] inertial_sense_ros2.cpp:(.text._ZN6rclcpp31get_message_type_support_handleIN11sensor_msgs3msg14FluidPressure_ISaIvEEEEENSt9enable_ifIXsrN23rosidl_generator_traits10is_messageIT_EE5valueERK29rosidl_message_type_support_tE4typeEv[_ZN6rclcpp31get_message_type_support_handleIN11sensor_msgs3msg14FluidPressure_ISaIvEEEEENSt9enable_ifIXsrN23rosidl_generator_traits10is_messageIT_EE5valueERK29rosidl_message_type_support_tE4typeEv]+0x10): undefined reference to `rosidl_message_type_support_t const* rosidl_typesupport_cpp::get_message_type_support_handle<sensor_msgs::msg::FluidPressure_<std::allocator<void> > >()'
[81.806s] /usr/bin/ld: CMakeFiles/new_target.dir/src/inertial_sense_ros2.cpp.o: in function `std::enable_if<rosidl_generator_traits::is_message<inertial_sense_ros2::msg::GPS_<std::allocator<void> > >::value, rosidl_message_type_support_t const&>::type rclcpp::get_message_type_support_handle<inertial_sense_ros2::msg::GPS_<std::allocator<void> > >()':
[81.807s] inertial_sense_ros2.cpp:(.text._ZN6rclcpp31get_message_type_support_handleIN19inertial_sense_ros23msg4GPS_ISaIvEEEEENSt9enable_ifIXsrN23rosidl_generator_traits10is_messageIT_EE5valueERK29rosidl_message_type_support_tE4typeEv[_ZN6rclcpp31get_message_type_support_handleIN19inertial_sense_ros23msg4GPS_ISaIvEEEEENSt9enable_ifIXsrN23rosidl_generator_traits10is_messageIT_EE5valueERK29rosidl_message_type_support_tE4typeEv]+0x10): undefined reference to `rosidl_message_type_support_t const* rosidl_typesupport_cpp::get_message_type_support_handle<inertial_sense_ros2::msg::GPS_<std::allocator<void> > >()'
[81.810s] /usr/bin/ld: CMakeFiles/new_target.dir/src/inertial_sense_ros2.cpp.o: in function `std::enable_if<rosidl_generator_traits::is_message<sensor_msgs::msg::NavSatFix_<std::allocator<void> > >::value, rosidl_message_type_support_t const&>::type rclcpp::get_message_type_support_handle<sensor_msgs::msg::NavSatFix_<std::allocator<void> > >()':
[81.810s] inertial_sense_ros2.cpp:(.text._ZN6rclcpp31get_message_type_support_handleIN11sensor_msgs3msg10NavSatFix_ISaIvEEEEENSt9enable_ifIXsrN23rosidl_generator_traits10is_messageIT_EE5valueERK29rosidl_message_type_support_tE4typeEv[_ZN6rclcpp31get_message_type_support_handleIN11sensor_msgs3msg10NavSatFix_ISaIvEEEEENSt9enable_ifIXsrN23rosidl_generator_traits10is_messageIT_EE5valueERK29rosidl_message_type_support_tE4typeEv]+0x10): undefined reference to `rosidl_message_type_support_t const* rosidl_typesupport_cpp::get_message_type_support_handle<sensor_msgs::msg::NavSatFix_<std::allocator<void> > >()'
[81.814s] /usr/bin/ld: CMakeFiles/new_target.dir/src/inertial_sense_ros2.cpp.o: in function `std::enable_if<rosidl_generator_traits::is_message<inertial_sense_ros2::msg::GPSInfo_<std::allocator<void> > >::value, rosidl_message_type_support_t const&>::type rclcpp::get_message_type_support_handle<inertial_sense_ros2::msg::GPSInfo_<std::allocator<void> > >()':
[81.815s] inertial_sense_ros2.cpp:(.text._ZN6rclcpp31get_message_type_support_handleIN19inertial_sense_ros23msg8GPSInfo_ISaIvEEEEENSt9enable_ifIXsrN23rosidl_generator_traits10is_messageIT_EE5valueERK29rosidl_message_type_support_tE4typeEv[_ZN6rclcpp31get_message_type_support_handleIN19inertial_sense_ros23msg8GPSInfo_ISaIvEEEEENSt9enable_ifIXsrN23rosidl_generator_traits10is_messageIT_EE5valueERK29rosidl_message_type_support_tE4typeEv]+0x10): undefined reference to `rosidl_message_type_support_t const* rosidl_typesupport_cpp::get_message_type_support_handle<inertial_sense_ros2::msg::GPSInfo_<std::allocator<void> > >()'
[81.817s] /usr/bin/ld: CMakeFiles/new_target.dir/src/inertial_sense_ros2.cpp.o: in function `std::enable_if<rosidl_generator_traits::is_message<inertial_sense_ros2::msg::RTKInfo_<std::allocator<void> > >::value, rosidl_message_type_support_t const&>::type rclcpp::get_message_type_support_handle<inertial_sense_ros2::msg::RTKInfo_<std::allocator<void> > >()':
[81.818s] inertial_sense_ros2.cpp:(.text._ZN6rclcpp31get_message_type_support_handleIN19inertial_sense_ros23msg8RTKInfo_ISaIvEEEEENSt9enable_ifIXsrN23rosidl_generator_traits10is_messageIT_EE5valueERK29rosidl_message_type_support_tE4typeEv[_ZN6rclcpp31get_message_type_support_handleIN19inertial_sense_ros23msg8RTKInfo_ISaIvEEEEENSt9enable_ifIXsrN23rosidl_generator_traits10is_messageIT_EE5valueERK29rosidl_message_type_support_tE4typeEv]+0x10): undefined reference to `rosidl_message_type_support_t const* rosidl_typesupport_cpp::get_message_type_support_handle<inertial_sense_ros2::msg::RTKInfo_<std::allocator<void> > >()'
[81.821s] /usr/bin/ld: CMakeFiles/new_target.dir/src/inertial_sense_ros2.cpp.o: in function `std::enable_if<rosidl_generator_traits::is_message<inertial_sense_ros2::msg::RTKRel_<std::allocator<void> > >::value, rosidl_message_type_support_t const&>::type rclcpp::get_message_type_support_handle<inertial_sense_ros2::msg::RTKRel_<std::allocator<void> > >()':
[81.821s] inertial_sense_ros2.cpp:(.text._ZN6rclcpp31get_message_type_support_handleIN19inertial_sense_ros23msg7RTKRel_ISaIvEEEEENSt9enable_ifIXsrN23rosidl_generator_traits10is_messageIT_EE5valueERK29rosidl_message_type_support_tE4typeEv[_ZN6rclcpp31get_message_type_support_handleIN19inertial_sense_ros23msg7RTKRel_ISaIvEEEEENSt9enable_ifIXsrN23rosidl_generator_traits10is_messageIT_EE5valueERK29rosidl_message_type_support_tE4typeEv]+0x10): undefined reference to `rosidl_message_type_support_t const* rosidl_typesupport_cpp::get_message_type_support_handle<inertial_sense_ros2::msg::RTKRel_<std::allocator<void> > >()'
[81.825s] /usr/bin/ld: CMakeFiles/new_target.dir/src/inertial_sense_ros2.cpp.o: in function `std::enable_if<rosidl_generator_traits::is_message<inertial_sense_ros2::msg::GNSSObsVec_<std::allocator<void> > >::value, rosidl_message_type_support_t const&>::type rclcpp::get_message_type_support_handle<inertial_sense_ros2::msg::GNSSObsVec_<std::allocator<void> > >()':
[81.826s] inertial_sense_ros2.cpp:(.text._ZN6rclcpp31get_message_type_support_handleIN19inertial_sense_ros23msg11GNSSObsVec_ISaIvEEEEENSt9enable_ifIXsrN23rosidl_generator_traits10is_messageIT_EE5valueERK29rosidl_message_type_support_tE4typeEv[_ZN6rclcpp31get_message_type_support_handleIN19inertial_sense_ros23msg11GNSSObsVec_ISaIvEEEEENSt9enable_ifIXsrN23rosidl_generator_traits10is_messageIT_EE5valueERK29rosidl_message_type_support_tE4typeEv]+0x10): undefined reference to `rosidl_message_type_support_t const* rosidl_typesupport_cpp::get_message_type_support_handle<inertial_sense_ros2::msg::GNSSObsVec_<std::allocator<void> > >()'
[81.828s] /usr/bin/ld: CMakeFiles/new_target.dir/src/inertial_sense_ros2.cpp.o: in function `std::enable_if<rosidl_generator_traits::is_message<inertial_sense_ros2::msg::GNSSEphemeris_<std::allocator<void> > >::value, rosidl_message_type_support_t const&>::type rclcpp::get_message_type_support_handle<inertial_sense_ros2::msg::GNSSEphemeris_<std::allocator<void> > >()':
[81.829s] inertial_sense_ros2.cpp:(.text._ZN6rclcpp31get_message_type_support_handleIN19inertial_sense_ros23msg14GNSSEphemeris_ISaIvEEEEENSt9enable_ifIXsrN23rosidl_generator_traits10is_messageIT_EE5valueERK29rosidl_message_type_support_tE4typeEv[_ZN6rclcpp31get_message_type_support_handleIN19inertial_sense_ros23msg14GNSSEphemeris_ISaIvEEEEENSt9enable_ifIXsrN23rosidl_generator_traits10is_messageIT_EE5valueERK29rosidl_message_type_support_tE4typeEv]+0x10): undefined reference to `rosidl_message_type_support_t const* rosidl_typesupport_cpp::get_message_type_support_handle<inertial_sense_ros2::msg::GNSSEphemeris_<std::allocator<void> > >()'
[81.833s] /usr/bin/ld: CMakeFiles/new_target.dir/src/inertial_sense_ros2.cpp.o: in function `std::enable_if<rosidl_generator_traits::is_message<inertial_sense_ros2::msg::GlonassEphemeris_<std::allocator<void> > >::value, rosidl_message_type_support_t const&>::type rclcpp::get_message_type_support_handle<inertial_sense_ros2::msg::GlonassEphemeris_<std::allocator<void> > >()':
[81.833s] inertial_sense_ros2.cpp:(.text._ZN6rclcpp31get_message_type_support_handleIN19inertial_sense_ros23msg17GlonassEphemeris_ISaIvEEEEENSt9enable_ifIXsrN23rosidl_generator_traits10is_messageIT_EE5valueERK29rosidl_message_type_support_tE4typeEv[_ZN6rclcpp31get_message_type_support_handleIN19inertial_sense_ros23msg17GlonassEphemeris_ISaIvEEEEENSt9enable_ifIXsrN23rosidl_generator_traits10is_messageIT_EE5valueERK29rosidl_message_type_support_tE4typeEv]+0x10): undefined reference to `rosidl_message_type_support_t const* rosidl_typesupport_cpp::get_message_type_support_handle<inertial_sense_ros2::msg::GlonassEphemeris_<std::allocator<void> > >()'
[81.864s] /usr/bin/ld: CMakeFiles/new_target.dir/src/inertial_sense_ros2.cpp.o:(.data.rel.ro._ZTIN4YAML18TypedBadConversionISt6vectorIdSaIdEEEE[_ZTIN4YAML18TypedBadConversionISt6vectorIdSaIdEEEE]+0x10): undefined reference to `typeinfo for YAML::BadConversion'
[81.867s] /usr/bin/ld: CMakeFiles/new_target.dir/src/inertial_sense_ros2.cpp.o:(.data.rel.ro._ZTIN4YAML18TypedBadConversionIjEE[_ZTIN4YAML18TypedBadConversionIjEE]+0x10): undefined reference to `typeinfo for YAML::BadConversion'
[81.870s] /usr/bin/ld: CMakeFiles/new_target.dir/src/inertial_sense_ros2.cpp.o:(.data.rel.ro._ZTIN4YAML18TypedBadConversionIiEE[_ZTIN4YAML18TypedBadConversionIiEE]+0x10): undefined reference to `typeinfo for YAML::BadConversion'
[81.874s] /usr/bin/ld: CMakeFiles/new_target.dir/src/inertial_sense_ros2.cpp.o:(.data.rel.ro._ZTIN4YAML18TypedBadConversionIbEE[_ZTIN4YAML18TypedBadConversionIbEE]+0x10): undefined reference to `typeinfo for YAML::BadConversion'
[81.877s] /usr/bin/ld: CMakeFiles/new_target.dir/src/inertial_sense_ros2.cpp.o:(.data.rel.ro._ZTIN4YAML18TypedBadConversionIfEE[_ZTIN4YAML18TypedBadConversionIfEE]+0x10): undefined reference to `typeinfo for YAML::BadConversion'
[81.881s] /usr/bin/ld: CMakeFiles/new_target.dir/src/inertial_sense_ros2.cpp.o:(.data.rel.ro._ZTIN4YAML18TypedBadConversionIdEE[_ZTIN4YAML18TypedBadConversionIdEE]+0x10): more undefined references to `typeinfo for YAML::BadConversion' follow
[82.057s] /usr/bin/ld: CMakeFiles/new_target.dir/src/inertial_sense_node.cpp.o: in function `main':
[82.057s] inertial_sense_node.cpp:(.text+0x171): undefined reference to `YAML::LoadFile(std::__cxx11::basic_string<char, std::char_traits<char>, std::allocator<char> > const&)'
[82.058s] /usr/bin/ld: CMakeFiles/new_target.dir/src/inertial_sense_node.cpp.o:(.data.rel.local.DW.ref._ZTIN4YAML7BadFileE[DW.ref._ZTIN4YAML7BadFileE]+0x0): undefined reference to `typeinfo for YAML::BadFile'
[82.059s] /usr/bin/ld: CMakeFiles/new_target.dir/src/ParamHelper.cpp.o: in function `xmlRpcToYamlNode(xmlrpc_c::value&)':
[82.059s] ParamHelper.cpp:(.text+0x70e): undefined reference to `xmlrpc_c::value::type() const'
[82.060s] /usr/bin/ld: CMakeFiles/new_target.dir/src/ParamHelper.cpp.o: in function `YAML::Node::reset(YAML::Node const&)':
[82.060s] ParamHelper.cpp:(.text._ZN4YAML4Node5resetERKS0_[_ZN4YAML4Node5resetERKS0_]+0x56): undefined reference to `YAML::InvalidNode::~InvalidNode()'
[82.060s] /usr/bin/ld: ParamHelper.cpp:(.text._ZN4YAML4Node5resetERKS0_[_ZN4YAML4Node5resetERKS0_]+0x60): undefined reference to `typeinfo for YAML::InvalidNode'
[82.186s] /usr/bin/ld: warning: creating DT_TEXTREL in a PIE
[82.230s] collect2: error: ld returned 1 exit status
[82.235s] gmake[2]: *** [CMakeFiles/new_target.dir/build.make:251: new_target] Error 1
[82.236s] gmake[1]: *** [CMakeFiles/Makefile2:623: CMakeFiles/new_target.dir/all] Error 2
[82.237s] gmake: *** [Makefile:146: all] Error 2
[82.244s] Invoked command in '/home/s/Inertial_Sense/imx/SDK/ros2/build/inertial_sense_ros2' returned '2': CMAKE_PREFIX_PATH=${CMAKE_PREFIX_PATH}:/opt/ros/jazzy DEBUGINFOD_URLS=https://debuginfod.ubuntu.com /usr/bin/cmake --build /home/s/Inertial_Sense/imx/SDK/ros2/build/inertial_sense_ros2 -- -j6 -l6
