[0.153s] Invoking command in '/home/s/Inertial_Sense/imx/SDK/ros2/build/inertial_sense_ros2': CMAKE_PREFIX_PATH=${CMAKE_PREFIX_PATH}:/opt/ros/jazzy DEBUGINFOD_URLS=https://debuginfod.ubuntu.com /usr/bin/cmake --build /home/s/Inertial_Sense/imx/SDK/ros2/build/inertial_sense_ros2 -- -j16 -l16
[0.591s] -- Found std_msgs: 5.3.5 (/opt/ros/jazzy/share/std_msgs/cmake)
[0.898s] -- Found Python3: /usr/bin/python3 (found version "3.12.3") found components: Interpreter 
[1.940s] -- Found rosidl_generator_c: 4.6.2 (/opt/ros/jazzy/share/rosidl_generator_c/cmake)
[2.053s] -- Found rosidl_generator_cpp: 4.6.2 (/opt/ros/jazzy/share/rosidl_generator_cpp/cmake)
[2.183s] -- Using all available rosidl_typesupport_c: rosidl_typesupport_fastrtps_c;rosidl_typesupport_introspection_c
[2.328s] -- Using all available rosidl_typesupport_cpp: rosidl_typesupport_fastrtps_cpp;rosidl_typesupport_introspection_cpp
[2.586s] -- Found geometry_msgs: 5.3.5 (/opt/ros/jazzy/share/geometry_msgs/cmake)
[2.708s] -- Found rclcpp: 28.1.2 (/opt/ros/jazzy/share/rclcpp/cmake)
[3.150s] -- Found rmw_implementation_cmake: 7.3.1 (/opt/ros/jazzy/share/rmw_implementation_cmake/cmake)
[3.166s] -- Found rmw_fastrtps_cpp: 8.4.0 (/opt/ros/jazzy/share/rmw_fastrtps_cpp/cmake)
[3.842s] -- Using RMW implementation 'rmw_fastrtps_cpp' as default
[4.316s] -- Found rclpy: 7.1.1 (/opt/ros/jazzy/share/rclpy/cmake)
[4.318s] -- Found sensor_msgs: 5.3.5 (/opt/ros/jazzy/share/sensor_msgs/cmake)
[4.500s] -- Found diagnostic_msgs: 5.3.5 (/opt/ros/jazzy/share/diagnostic_msgs/cmake)
[4.638s] -- Found rosidl_default_generators: 1.6.0 (/opt/ros/jazzy/share/rosidl_default_generators/cmake)
[4.742s] -- Found rosidl_adapter: 4.6.2 (/opt/ros/jazzy/share/rosidl_adapter/cmake)
[8.229s] -- Found ament_cmake_ros: 0.12.0 (/opt/ros/jazzy/share/ament_cmake_ros/cmake)
[11.945s] -- Using all available rosidl_typesupport_c: rosidl_typesupport_fastrtps_c;rosidl_typesupport_introspection_c
[13.421s] -- Using all available rosidl_typesupport_cpp: rosidl_typesupport_fastrtps_cpp;rosidl_typesupport_introspection_cpp
[13.443s] -- Found python_cmake_module: 0.11.1 (/opt/ros/jazzy/share/python_cmake_module/cmake)
[16.188s] -- Found Python3: /usr/bin/python3 (found version "3.12.3") found components: Interpreter Development NumPy Development.Module Development.Embed 
[16.739s] -- Configuring done (16.2s)
[17.490s] -- Generating done (0.6s)
[17.543s] -- Build files have been written to: /home/s/Inertial_Sense/imx/SDK/ros2/build/inertial_sense_ros2
[18.105s] [  1%] [34m[1mGenerating type hashes for ROS interfaces[0m
[18.275s] [  1%] Built target ament_cmake_python_copy_inertial_sense_ros2
[20.624s] running egg_info
[20.855s] writing inertial_sense_ros2.egg-info/PKG-INFO
[20.859s] writing dependency_links to inertial_sense_ros2.egg-info/dependency_links.txt
[20.861s] writing top-level names to inertial_sense_ros2.egg-info/top_level.txt
[21.587s] reading manifest file 'inertial_sense_ros2.egg-info/SOURCES.txt'
[21.599s] writing manifest file 'inertial_sense_ros2.egg-info/SOURCES.txt'
[21.847s] [  1%] Built target ament_cmake_python_build_inertial_sense_ros2_egg
[23.140s] [  1%] Built target inertial_sense_ros2__rosidl_generator_type_description
[23.309s] [  2%] [34m[1mGenerating C code for ROS interfaces[0m
[23.470s] [  2%] [34m[1mGenerating C++ code for ROS interfaces[0m
[31.713s] [  2%] Built target inertial_sense_ros2__cpp
[32.904s] [  2%] [32mBuilding C object CMakeFiles/inertial_sense_ros2__rosidl_generator_c.dir/rosidl_generator_c/inertial_sense_ros2/msg/detail/g_time__description.c.o[0m
[32.923s] [  3%] [32mBuilding C object CMakeFiles/inertial_sense_ros2__rosidl_generator_c.dir/rosidl_generator_c/inertial_sense_ros2/msg/detail/g_time__functions.c.o[0m
[32.925s] [  4%] [32mBuilding C object CMakeFiles/inertial_sense_ros2__rosidl_generator_c.dir/rosidl_generator_c/inertial_sense_ros2/msg/detail/g_time__type_support.c.o[0m
[32.938s] [  5%] [32mBuilding C object CMakeFiles/inertial_sense_ros2__rosidl_generator_c.dir/rosidl_generator_c/inertial_sense_ros2/msg/detail/sat_info__description.c.o[0m
[32.941s] [  5%] [32mBuilding C object CMakeFiles/inertial_sense_ros2__rosidl_generator_c.dir/rosidl_generator_c/inertial_sense_ros2/msg/detail/sat_info__functions.c.o[0m
[32.943s] [  6%] [32mBuilding C object CMakeFiles/inertial_sense_ros2__rosidl_generator_c.dir/rosidl_generator_c/inertial_sense_ros2/msg/detail/sat_info__type_support.c.o[0m
[32.958s] [  7%] [32mBuilding C object CMakeFiles/inertial_sense_ros2__rosidl_generator_c.dir/rosidl_generator_c/inertial_sense_ros2/msg/detail/gps__functions.c.o[0m
[32.969s] [  8%] [32mBuilding C object CMakeFiles/inertial_sense_ros2__rosidl_generator_c.dir/rosidl_generator_c/inertial_sense_ros2/msg/detail/gps__description.c.o[0m
[32.992s] [  8%] [32mBuilding C object CMakeFiles/inertial_sense_ros2__rosidl_generator_c.dir/rosidl_generator_c/inertial_sense_ros2/msg/detail/gps__type_support.c.o[0m
[33.040s] [  9%] [32mBuilding C object CMakeFiles/inertial_sense_ros2__rosidl_generator_c.dir/rosidl_generator_c/inertial_sense_ros2/msg/detail/gps_info__description.c.o[0m
[33.135s] [ 10%] [32mBuilding C object CMakeFiles/inertial_sense_ros2__rosidl_generator_c.dir/rosidl_generator_c/inertial_sense_ros2/msg/detail/gps_info__type_support.c.o[0m
[33.137s] [ 11%] [32mBuilding C object CMakeFiles/inertial_sense_ros2__rosidl_generator_c.dir/rosidl_generator_c/inertial_sense_ros2/msg/detail/gps_info__functions.c.o[0m
[33.540s] [ 11%] [32mBuilding C object CMakeFiles/inertial_sense_ros2__rosidl_generator_c.dir/rosidl_generator_c/inertial_sense_ros2/msg/detail/pimu__description.c.o[0m
[33.585s] [ 12%] [32mBuilding C object CMakeFiles/inertial_sense_ros2__rosidl_generator_c.dir/rosidl_generator_c/inertial_sense_ros2/msg/detail/pimu__functions.c.o[0m
[33.630s] [ 13%] [32mBuilding C object CMakeFiles/inertial_sense_ros2__rosidl_generator_c.dir/rosidl_generator_c/inertial_sense_ros2/msg/detail/pimu__type_support.c.o[0m
[33.764s] [ 14%] [32mBuilding C object CMakeFiles/inertial_sense_ros2__rosidl_generator_c.dir/rosidl_generator_c/inertial_sense_ros2/msg/detail/rtk_info__description.c.o[0m
[34.248s] [ 14%] [32mBuilding C object CMakeFiles/inertial_sense_ros2__rosidl_generator_c.dir/rosidl_generator_c/inertial_sense_ros2/msg/detail/rtk_info__functions.c.o[0m
[34.338s] [ 15%] [32mBuilding C object CMakeFiles/inertial_sense_ros2__rosidl_generator_c.dir/rosidl_generator_c/inertial_sense_ros2/msg/detail/rtk_info__type_support.c.o[0m
[34.452s] [ 16%] [32mBuilding C object CMakeFiles/inertial_sense_ros2__rosidl_generator_c.dir/rosidl_generator_c/inertial_sense_ros2/msg/detail/rtk_rel__description.c.o[0m
[34.508s] [ 16%] [32mBuilding C object CMakeFiles/inertial_sense_ros2__rosidl_generator_c.dir/rosidl_generator_c/inertial_sense_ros2/msg/detail/rtk_rel__type_support.c.o[0m
[34.511s] [ 17%] [32mBuilding C object CMakeFiles/inertial_sense_ros2__rosidl_generator_c.dir/rosidl_generator_c/inertial_sense_ros2/msg/detail/rtk_rel__functions.c.o[0m
[34.576s] [ 18%] [32mBuilding C object CMakeFiles/inertial_sense_ros2__rosidl_generator_c.dir/rosidl_generator_c/inertial_sense_ros2/msg/detail/glonass_ephemeris__description.c.o[0m
[34.578s] [ 19%] [32mBuilding C object CMakeFiles/inertial_sense_ros2__rosidl_generator_c.dir/rosidl_generator_c/inertial_sense_ros2/msg/detail/glonass_ephemeris__type_support.c.o[0m
[34.611s] [ 20%] [32mBuilding C object CMakeFiles/inertial_sense_ros2__rosidl_generator_c.dir/rosidl_generator_c/inertial_sense_ros2/msg/detail/glonass_ephemeris__functions.c.o[0m
[34.639s] [ 20%] [32mBuilding C object CMakeFiles/inertial_sense_ros2__rosidl_generator_c.dir/rosidl_generator_c/inertial_sense_ros2/msg/detail/gnss_ephemeris__description.c.o[0m
[34.735s] [ 21%] [32mBuilding C object CMakeFiles/inertial_sense_ros2__rosidl_generator_c.dir/rosidl_generator_c/inertial_sense_ros2/msg/detail/gnss_ephemeris__functions.c.o[0m
[35.004s] [ 22%] [32mBuilding C object CMakeFiles/inertial_sense_ros2__rosidl_generator_c.dir/rosidl_generator_c/inertial_sense_ros2/msg/detail/gnss_ephemeris__type_support.c.o[0m
[35.087s] [ 23%] [32mBuilding C object CMakeFiles/inertial_sense_ros2__rosidl_generator_c.dir/rosidl_generator_c/inertial_sense_ros2/msg/detail/gnss_observation__description.c.o[0m
[35.231s] [ 23%] [32mBuilding C object CMakeFiles/inertial_sense_ros2__rosidl_generator_c.dir/rosidl_generator_c/inertial_sense_ros2/msg/detail/gnss_observation__functions.c.o[0m
[35.233s] [ 24%] [32mBuilding C object CMakeFiles/inertial_sense_ros2__rosidl_generator_c.dir/rosidl_generator_c/inertial_sense_ros2/msg/detail/gnss_observation__type_support.c.o[0m
[35.380s] [ 25%] [32mBuilding C object CMakeFiles/inertial_sense_ros2__rosidl_generator_c.dir/rosidl_generator_c/inertial_sense_ros2/msg/detail/gnss_obs_vec__functions.c.o[0m
[35.383s] [ 26%] [32mBuilding C object CMakeFiles/inertial_sense_ros2__rosidl_generator_c.dir/rosidl_generator_c/inertial_sense_ros2/msg/detail/gnss_obs_vec__description.c.o[0m
[35.723s] [ 26%] [32mBuilding C object CMakeFiles/inertial_sense_ros2__rosidl_generator_c.dir/rosidl_generator_c/inertial_sense_ros2/msg/detail/gnss_obs_vec__type_support.c.o[0m
[36.604s] [ 27%] [32m[1mLinking C shared library libinertial_sense_ros2__rosidl_generator_c.so[0m
[37.481s] [ 27%] Built target inertial_sense_ros2__rosidl_generator_c
[37.668s] [ 28%] [34m[1mGenerating C type support for eProsima Fast-RTPS[0m
[37.670s] [ 28%] [34m[1mGenerating C++ type support dispatch for ROS interfaces[0m
[37.674s] [ 29%] [34m[1mGenerating C++ type support for eProsima Fast-RTPS[0m
[37.675s] [ 30%] [34m[1mGenerating C type support dispatch for ROS interfaces[0m
[37.677s] [ 30%] [34m[1mGenerating C introspection for ROS interfaces[0m
[37.692s] [ 31%] [34m[1mGenerating C++ introspection for ROS interfaces[0m
[44.527s] [ 32%] [32mBuilding CXX object CMakeFiles/inertial_sense_ros2__rosidl_typesupport_cpp.dir/rosidl_typesupport_cpp/inertial_sense_ros2/msg/g_time__type_support.cpp.o[0m
[44.632s] [ 32%] [32mBuilding CXX object CMakeFiles/inertial_sense_ros2__rosidl_typesupport_c.dir/rosidl_typesupport_c/inertial_sense_ros2/msg/g_time__type_support.cpp.o[0m
[44.655s] [ 33%] [32mBuilding CXX object CMakeFiles/inertial_sense_ros2__rosidl_typesupport_c.dir/rosidl_typesupport_c/inertial_sense_ros2/msg/gps__type_support.cpp.o[0m
[44.685s] [ 34%] [32mBuilding CXX object CMakeFiles/inertial_sense_ros2__rosidl_typesupport_c.dir/rosidl_typesupport_c/inertial_sense_ros2/msg/gps_info__type_support.cpp.o[0m
[44.686s] [ 35%] [32mBuilding CXX object CMakeFiles/inertial_sense_ros2__rosidl_typesupport_c.dir/rosidl_typesupport_c/inertial_sense_ros2/msg/sat_info__type_support.cpp.o[0m
[44.746s] [ 36%] [32mBuilding CXX object CMakeFiles/inertial_sense_ros2__rosidl_typesupport_cpp.dir/rosidl_typesupport_cpp/inertial_sense_ros2/msg/sat_info__type_support.cpp.o[0m
[44.748s] [ 36%] [32mBuilding CXX object CMakeFiles/inertial_sense_ros2__rosidl_typesupport_c.dir/rosidl_typesupport_c/inertial_sense_ros2/msg/pimu__type_support.cpp.o[0m
[44.874s] [ 37%] [32mBuilding CXX object CMakeFiles/inertial_sense_ros2__rosidl_typesupport_c.dir/rosidl_typesupport_c/inertial_sense_ros2/msg/rtk_info__type_support.cpp.o[0m
[44.952s] [ 38%] [32mBuilding CXX object CMakeFiles/inertial_sense_ros2__rosidl_typesupport_cpp.dir/rosidl_typesupport_cpp/inertial_sense_ros2/msg/gps__type_support.cpp.o[0m
[45.162s] [ 38%] [32mBuilding CXX object CMakeFiles/inertial_sense_ros2__rosidl_typesupport_cpp.dir/rosidl_typesupport_cpp/inertial_sense_ros2/msg/gps_info__type_support.cpp.o[0m
[45.294s] [ 39%] [32mBuilding CXX object CMakeFiles/inertial_sense_ros2__rosidl_typesupport_cpp.dir/rosidl_typesupport_cpp/inertial_sense_ros2/msg/pimu__type_support.cpp.o[0m
[45.773s] [ 40%] [32mBuilding CXX object CMakeFiles/inertial_sense_ros2__rosidl_typesupport_introspection_cpp.dir/rosidl_typesupport_introspection_cpp/inertial_sense_ros2/msg/detail/g_time__type_support.cpp.o[0m
[45.841s] [ 41%] [32mBuilding CXX object CMakeFiles/inertial_sense_ros2__rosidl_typesupport_c.dir/rosidl_typesupport_c/inertial_sense_ros2/msg/rtk_rel__type_support.cpp.o[0m
[46.793s] [ 42%] [32mBuilding CXX object CMakeFiles/inertial_sense_ros2__rosidl_typesupport_c.dir/rosidl_typesupport_c/inertial_sense_ros2/msg/glonass_ephemeris__type_support.cpp.o[0m
[46.817s] [ 42%] [32mBuilding CXX object CMakeFiles/inertial_sense_ros2__rosidl_typesupport_c.dir/rosidl_typesupport_c/inertial_sense_ros2/msg/gnss_ephemeris__type_support.cpp.o[0m
[46.875s] [ 43%] [32mBuilding CXX object CMakeFiles/inertial_sense_ros2__rosidl_typesupport_introspection_cpp.dir/rosidl_typesupport_introspection_cpp/inertial_sense_ros2/msg/detail/sat_info__type_support.cpp.o[0m
[46.986s] [ 43%] [32mBuilding CXX object CMakeFiles/inertial_sense_ros2__rosidl_typesupport_introspection_cpp.dir/rosidl_typesupport_introspection_cpp/inertial_sense_ros2/msg/detail/gps__type_support.cpp.o[0m
[47.225s] [ 43%] [32mBuilding CXX object CMakeFiles/inertial_sense_ros2__rosidl_typesupport_cpp.dir/rosidl_typesupport_cpp/inertial_sense_ros2/msg/rtk_rel__type_support.cpp.o[0m
[47.298s] [ 44%] [32mBuilding CXX object CMakeFiles/inertial_sense_ros2__rosidl_typesupport_cpp.dir/rosidl_typesupport_cpp/inertial_sense_ros2/msg/rtk_info__type_support.cpp.o[0m
[47.899s] [ 45%] [32mBuilding CXX object CMakeFiles/inertial_sense_ros2__rosidl_typesupport_cpp.dir/rosidl_typesupport_cpp/inertial_sense_ros2/msg/glonass_ephemeris__type_support.cpp.o[0m
[48.064s] [ 46%] [32mBuilding C object CMakeFiles/inertial_sense_ros2__rosidl_typesupport_introspection_c.dir/rosidl_typesupport_introspection_c/inertial_sense_ros2/msg/detail/g_time__type_support.c.o[0m
[48.773s] [ 47%] [32mBuilding CXX object CMakeFiles/inertial_sense_ros2__rosidl_typesupport_c.dir/rosidl_typesupport_c/inertial_sense_ros2/msg/gnss_observation__type_support.cpp.o[0m
[48.838s] [ 48%] [32mBuilding C object CMakeFiles/inertial_sense_ros2__rosidl_typesupport_introspection_c.dir/rosidl_typesupport_introspection_c/inertial_sense_ros2/msg/detail/sat_info__type_support.c.o[0m
[50.334s] [ 49%] [32mBuilding CXX object CMakeFiles/inertial_sense_ros2__rosidl_typesupport_introspection_cpp.dir/rosidl_typesupport_introspection_cpp/inertial_sense_ros2/msg/detail/gps_info__type_support.cpp.o[0m
[50.648s] [ 50%] [32mBuilding C object CMakeFiles/inertial_sense_ros2__rosidl_typesupport_introspection_c.dir/rosidl_typesupport_introspection_c/inertial_sense_ros2/msg/detail/gps__type_support.c.o[0m
[50.704s] [ 51%] [32mBuilding CXX object CMakeFiles/inertial_sense_ros2__rosidl_typesupport_c.dir/rosidl_typesupport_c/inertial_sense_ros2/msg/gnss_obs_vec__type_support.cpp.o[0m
[52.438s] [ 51%] [32mBuilding CXX object CMakeFiles/inertial_sense_ros2__rosidl_typesupport_fastrtps_cpp.dir/rosidl_typesupport_fastrtps_cpp/inertial_sense_ros2/msg/detail/dds_fastrtps/g_time__type_support.cpp.o[0m
[52.760s] [ 53%] [32m[1mLinking CXX shared library libinertial_sense_ros2__rosidl_typesupport_c.so[0m
[52.765s] [ 53%] [32mBuilding CXX object CMakeFiles/inertial_sense_ros2__rosidl_typesupport_fastrtps_c.dir/rosidl_typesupport_fastrtps_c/inertial_sense_ros2/msg/detail/g_time__type_support_c.cpp.o[0m
[53.304s] [ 53%] [32mBuilding C object CMakeFiles/inertial_sense_ros2__rosidl_typesupport_introspection_c.dir/rosidl_typesupport_introspection_c/inertial_sense_ros2/msg/detail/gps_info__type_support.c.o[0m
[53.716s] [ 54%] [32mBuilding CXX object CMakeFiles/inertial_sense_ros2__rosidl_typesupport_introspection_cpp.dir/rosidl_typesupport_introspection_cpp/inertial_sense_ros2/msg/detail/pimu__type_support.cpp.o[0m
[54.141s] [ 55%] [32mBuilding C object CMakeFiles/inertial_sense_ros2__rosidl_typesupport_introspection_c.dir/rosidl_typesupport_introspection_c/inertial_sense_ros2/msg/detail/pimu__type_support.c.o[0m
[54.214s] [ 56%] [32mBuilding C object CMakeFiles/inertial_sense_ros2__rosidl_typesupport_introspection_c.dir/rosidl_typesupport_introspection_c/inertial_sense_ros2/msg/detail/rtk_info__type_support.c.o[0m
[54.783s] [ 57%] [32mBuilding CXX object CMakeFiles/inertial_sense_ros2__rosidl_typesupport_fastrtps_cpp.dir/rosidl_typesupport_fastrtps_cpp/inertial_sense_ros2/msg/detail/dds_fastrtps/sat_info__type_support.cpp.o[0m
[54.807s] [ 57%] [32mBuilding CXX object CMakeFiles/inertial_sense_ros2__rosidl_typesupport_fastrtps_c.dir/rosidl_typesupport_fastrtps_c/inertial_sense_ros2/msg/detail/sat_info__type_support_c.cpp.o[0m
[55.017s] [ 58%] [32mBuilding C object CMakeFiles/inertial_sense_ros2__rosidl_typesupport_introspection_c.dir/rosidl_typesupport_introspection_c/inertial_sense_ros2/msg/detail/rtk_rel__type_support.c.o[0m
[55.061s] [ 59%] [32mBuilding CXX object CMakeFiles/inertial_sense_ros2__rosidl_typesupport_fastrtps_cpp.dir/rosidl_typesupport_fastrtps_cpp/inertial_sense_ros2/msg/detail/dds_fastrtps/gps__type_support.cpp.o[0m
[55.727s] [ 59%] Built target inertial_sense_ros2__rosidl_typesupport_c
[55.856s] [ 60%] [32mBuilding CXX object CMakeFiles/inertial_sense_ros2__rosidl_typesupport_fastrtps_c.dir/rosidl_typesupport_fastrtps_c/inertial_sense_ros2/msg/detail/gps__type_support_c.cpp.o[0m
[56.058s] [ 61%] [32mBuilding CXX object CMakeFiles/inertial_sense_ros2__rosidl_typesupport_cpp.dir/rosidl_typesupport_cpp/inertial_sense_ros2/msg/gnss_ephemeris__type_support.cpp.o[0m
[56.202s] [ 61%] [32mBuilding C object CMakeFiles/inertial_sense_ros2__rosidl_typesupport_introspection_c.dir/rosidl_typesupport_introspection_c/inertial_sense_ros2/msg/detail/glonass_ephemeris__type_support.c.o[0m
[56.447s] [ 62%] [32mBuilding CXX object CMakeFiles/inertial_sense_ros2__rosidl_typesupport_cpp.dir/rosidl_typesupport_cpp/inertial_sense_ros2/msg/gnss_observation__type_support.cpp.o[0m
[56.585s] [ 63%] [32mBuilding CXX object CMakeFiles/inertial_sense_ros2__rosidl_typesupport_introspection_cpp.dir/rosidl_typesupport_introspection_cpp/inertial_sense_ros2/msg/detail/rtk_info__type_support.cpp.o[0m
[56.659s] [ 64%] [32mBuilding CXX object CMakeFiles/inertial_sense_ros2__rosidl_typesupport_fastrtps_c.dir/rosidl_typesupport_fastrtps_c/inertial_sense_ros2/msg/detail/gps_info__type_support_c.cpp.o[0m
[57.010s] [ 65%] [32mBuilding CXX object CMakeFiles/inertial_sense_ros2__rosidl_typesupport_fastrtps_cpp.dir/rosidl_typesupport_fastrtps_cpp/inertial_sense_ros2/msg/detail/dds_fastrtps/gps_info__type_support.cpp.o[0m
[57.045s] [ 66%] [32mBuilding CXX object CMakeFiles/inertial_sense_ros2__rosidl_typesupport_fastrtps_c.dir/rosidl_typesupport_fastrtps_c/inertial_sense_ros2/msg/detail/pimu__type_support_c.cpp.o[0m
[57.082s] [ 66%] [32mBuilding CXX object CMakeFiles/inertial_sense_ros2__rosidl_typesupport_cpp.dir/rosidl_typesupport_cpp/inertial_sense_ros2/msg/gnss_obs_vec__type_support.cpp.o[0m
[58.521s] [ 67%] [32mBuilding C object CMakeFiles/inertial_sense_ros2__rosidl_typesupport_introspection_c.dir/rosidl_typesupport_introspection_c/inertial_sense_ros2/msg/detail/gnss_ephemeris__type_support.c.o[0m
[59.707s] [ 67%] [32mBuilding CXX object CMakeFiles/inertial_sense_ros2__rosidl_typesupport_fastrtps_c.dir/rosidl_typesupport_fastrtps_c/inertial_sense_ros2/msg/detail/rtk_info__type_support_c.cpp.o[0m
[60.535s] [ 68%] [32mBuilding C object CMakeFiles/inertial_sense_ros2__rosidl_typesupport_introspection_c.dir/rosidl_typesupport_introspection_c/inertial_sense_ros2/msg/detail/gnss_observation__type_support.c.o[0m
[63.008s] [ 69%] [32mBuilding C object CMakeFiles/inertial_sense_ros2__rosidl_typesupport_introspection_c.dir/rosidl_typesupport_introspection_c/inertial_sense_ros2/msg/detail/gnss_obs_vec__type_support.c.o[0m
[63.985s] [ 69%] [32mBuilding CXX object CMakeFiles/inertial_sense_ros2__rosidl_typesupport_fastrtps_cpp.dir/rosidl_typesupport_fastrtps_cpp/inertial_sense_ros2/msg/detail/dds_fastrtps/pimu__type_support.cpp.o[0m
[65.071s] [ 69%] [32m[1mLinking C shared library libinertial_sense_ros2__rosidl_typesupport_introspection_c.so[0m
[65.589s] [ 70%] [32mBuilding CXX object CMakeFiles/inertial_sense_ros2__rosidl_typesupport_fastrtps_cpp.dir/rosidl_typesupport_fastrtps_cpp/inertial_sense_ros2/msg/detail/dds_fastrtps/rtk_info__type_support.cpp.o[0m
[65.827s] [ 70%] [32mBuilding CXX object CMakeFiles/inertial_sense_ros2__rosidl_typesupport_introspection_cpp.dir/rosidl_typesupport_introspection_cpp/inertial_sense_ros2/msg/detail/rtk_rel__type_support.cpp.o[0m
[65.998s] [ 71%] [32mBuilding CXX object CMakeFiles/inertial_sense_ros2__rosidl_typesupport_fastrtps_cpp.dir/rosidl_typesupport_fastrtps_cpp/inertial_sense_ros2/msg/detail/dds_fastrtps/rtk_rel__type_support.cpp.o[0m
[66.464s] [ 72%] [32mBuilding CXX object CMakeFiles/inertial_sense_ros2__rosidl_typesupport_fastrtps_c.dir/rosidl_typesupport_fastrtps_c/inertial_sense_ros2/msg/detail/rtk_rel__type_support_c.cpp.o[0m
[66.602s] [ 73%] [32mBuilding CXX object CMakeFiles/inertial_sense_ros2__rosidl_typesupport_fastrtps_c.dir/rosidl_typesupport_fastrtps_c/inertial_sense_ros2/msg/detail/glonass_ephemeris__type_support_c.cpp.o[0m
[67.188s] [ 74%] [32m[1mLinking CXX shared library libinertial_sense_ros2__rosidl_typesupport_cpp.so[0m
[67.293s] [ 74%] Built target inertial_sense_ros2__rosidl_typesupport_introspection_c
[67.724s] [ 75%] [32mBuilding CXX object CMakeFiles/inertial_sense_ros2__rosidl_typesupport_introspection_cpp.dir/rosidl_typesupport_introspection_cpp/inertial_sense_ros2/msg/detail/glonass_ephemeris__type_support.cpp.o[0m
[67.731s] [ 76%] [32mBuilding CXX object CMakeFiles/inertial_sense_ros2__rosidl_typesupport_fastrtps_cpp.dir/rosidl_typesupport_fastrtps_cpp/inertial_sense_ros2/msg/detail/dds_fastrtps/glonass_ephemeris__type_support.cpp.o[0m
[67.962s] [ 77%] [32mBuilding CXX object CMakeFiles/inertial_sense_ros2__rosidl_typesupport_fastrtps_c.dir/rosidl_typesupport_fastrtps_c/inertial_sense_ros2/msg/detail/gnss_ephemeris__type_support_c.cpp.o[0m
[69.236s] [ 77%] [32mBuilding CXX object CMakeFiles/inertial_sense_ros2__rosidl_typesupport_fastrtps_c.dir/rosidl_typesupport_fastrtps_c/inertial_sense_ros2/msg/detail/gnss_observation__type_support_c.cpp.o[0m
[69.726s] [ 78%] [32mBuilding CXX object CMakeFiles/inertial_sense_ros2__rosidl_typesupport_introspection_cpp.dir/rosidl_typesupport_introspection_cpp/inertial_sense_ros2/msg/detail/gnss_ephemeris__type_support.cpp.o[0m
[69.728s] [ 78%] Built target inertial_sense_ros2__rosidl_typesupport_cpp
[70.103s] [ 78%] [32mBuilding CXX object CMakeFiles/inertial_sense_ros2__rosidl_typesupport_fastrtps_cpp.dir/rosidl_typesupport_fastrtps_cpp/inertial_sense_ros2/msg/detail/dds_fastrtps/gnss_ephemeris__type_support.cpp.o[0m
[70.105s] [ 79%] [32mBuilding CXX object CMakeFiles/inertial_sense_ros2__rosidl_typesupport_introspection_cpp.dir/rosidl_typesupport_introspection_cpp/inertial_sense_ros2/msg/detail/gnss_observation__type_support.cpp.o[0m
[70.418s] [ 80%] [32mBuilding CXX object CMakeFiles/inertial_sense_ros2__rosidl_typesupport_fastrtps_cpp.dir/rosidl_typesupport_fastrtps_cpp/inertial_sense_ros2/msg/detail/dds_fastrtps/gnss_observation__type_support.cpp.o[0m
[70.524s] [ 80%] [32mBuilding CXX object CMakeFiles/inertial_sense_ros2__rosidl_typesupport_introspection_cpp.dir/rosidl_typesupport_introspection_cpp/inertial_sense_ros2/msg/detail/gnss_obs_vec__type_support.cpp.o[0m
[72.929s] [ 81%] [32mBuilding CXX object CMakeFiles/inertial_sense_ros2__rosidl_typesupport_fastrtps_cpp.dir/rosidl_typesupport_fastrtps_cpp/inertial_sense_ros2/msg/detail/dds_fastrtps/gnss_obs_vec__type_support.cpp.o[0m
[75.885s] [ 82%] [32mBuilding CXX object CMakeFiles/inertial_sense_ros2__rosidl_typesupport_fastrtps_c.dir/rosidl_typesupport_fastrtps_c/inertial_sense_ros2/msg/detail/gnss_obs_vec__type_support_c.cpp.o[0m
[80.163s] [ 83%] [32m[1mLinking CXX shared library libinertial_sense_ros2__rosidl_typesupport_introspection_cpp.so[0m
[81.493s] [ 83%] Built target inertial_sense_ros2__rosidl_typesupport_introspection_cpp
[82.691s] [ 84%] [32m[1mLinking CXX shared library libinertial_sense_ros2__rosidl_typesupport_fastrtps_cpp.so[0m
[83.679s] [ 85%] [32m[1mLinking CXX shared library libinertial_sense_ros2__rosidl_typesupport_fastrtps_c.so[0m
[83.948s] [ 85%] Built target inertial_sense_ros2__rosidl_typesupport_fastrtps_cpp
[84.911s] [ 85%] Built target inertial_sense_ros2__rosidl_typesupport_fastrtps_c
[85.247s] [ 85%] Built target inertial_sense_ros2
[85.595s] [ 86%] [34m[1mGenerating Python code for ROS interfaces[0m
[96.874s] [ 86%] Built target inertial_sense_ros2__py
[97.540s] [ 87%] [32mBuilding C object CMakeFiles/inertial_sense_ros2__rosidl_generator_py.dir/rosidl_generator_py/inertial_sense_ros2/msg/_gps_info_s.c.o[0m
[97.543s] [ 88%] [32mBuilding C object CMakeFiles/inertial_sense_ros2__rosidl_generator_py.dir/rosidl_generator_py/inertial_sense_ros2/msg/_g_time_s.c.o[0m
[97.563s] [ 90%] [32mBuilding C object CMakeFiles/inertial_sense_ros2__rosidl_generator_py.dir/rosidl_generator_py/inertial_sense_ros2/msg/_pimu_s.c.o[0m
[97.564s] [ 89%] [32mBuilding C object CMakeFiles/inertial_sense_ros2__rosidl_generator_py.dir/rosidl_generator_py/inertial_sense_ros2/msg/_sat_info_s.c.o[0m
[97.566s] [ 89%] [32mBuilding C object CMakeFiles/inertial_sense_ros2__rosidl_generator_py.dir/rosidl_generator_py/inertial_sense_ros2/msg/_gps_s.c.o[0m
[97.569s] [ 91%] [32mBuilding C object CMakeFiles/inertial_sense_ros2__rosidl_generator_py.dir/rosidl_generator_py/inertial_sense_ros2/msg/_rtk_info_s.c.o[0m
[97.577s] [ 92%] [32mBuilding C object CMakeFiles/inertial_sense_ros2__rosidl_generator_py.dir/rosidl_generator_py/inertial_sense_ros2/msg/_rtk_rel_s.c.o[0m
[97.579s] [ 92%] [32mBuilding C object CMakeFiles/inertial_sense_ros2__rosidl_generator_py.dir/rosidl_generator_py/inertial_sense_ros2/msg/_glonass_ephemeris_s.c.o[0m
[97.602s] [ 93%] [32mBuilding C object CMakeFiles/inertial_sense_ros2__rosidl_generator_py.dir/rosidl_generator_py/inertial_sense_ros2/msg/_gnss_observation_s.c.o[0m
[97.617s] [ 94%] [32mBuilding C object CMakeFiles/inertial_sense_ros2__rosidl_generator_py.dir/rosidl_generator_py/inertial_sense_ros2/msg/_gnss_ephemeris_s.c.o[0m
[97.690s] [ 94%] [32mBuilding C object CMakeFiles/inertial_sense_ros2__rosidl_generator_py.dir/rosidl_generator_py/inertial_sense_ros2/msg/_gnss_obs_vec_s.c.o[0m
[101.518s] [ 95%] [32m[1mLinking C shared library libinertial_sense_ros2__rosidl_generator_py.so[0m
[102.430s] [ 95%] Built target inertial_sense_ros2__rosidl_generator_py
[102.866s] [ 95%] [32mBuilding C object CMakeFiles/inertial_sense_ros2_s__rosidl_typesupport_fastrtps_c.dir/rosidl_generator_py/inertial_sense_ros2/_inertial_sense_ros2_s.ep.rosidl_typesupport_fastrtps_c.c.o[0m
[102.872s] [ 96%] [32mBuilding C object CMakeFiles/inertial_sense_ros2_s__rosidl_typesupport_introspection_c.dir/rosidl_generator_py/inertial_sense_ros2/_inertial_sense_ros2_s.ep.rosidl_typesupport_introspection_c.c.o[0m
[102.884s] [ 97%] [32mBuilding C object CMakeFiles/inertial_sense_ros2_s__rosidl_typesupport_c.dir/rosidl_generator_py/inertial_sense_ros2/_inertial_sense_ros2_s.ep.rosidl_typesupport_c.c.o[0m
[104.829s] [ 98%] [32m[1mLinking C shared module rosidl_generator_py/inertial_sense_ros2/inertial_sense_ros2_s__rosidl_typesupport_c.so[0m
[104.971s] [ 99%] [32m[1mLinking C shared module rosidl_generator_py/inertial_sense_ros2/inertial_sense_ros2_s__rosidl_typesupport_introspection_c.so[0m
[105.084s] [100%] [32m[1mLinking C shared module rosidl_generator_py/inertial_sense_ros2/inertial_sense_ros2_s__rosidl_typesupport_fastrtps_c.so[0m
[105.508s] [100%] Built target inertial_sense_ros2_s__rosidl_typesupport_c
[105.662s] [100%] Built target inertial_sense_ros2_s__rosidl_typesupport_introspection_c
[105.789s] [100%] Built target inertial_sense_ros2_s__rosidl_typesupport_fastrtps_c
[105.968s] Invoked command in '/home/s/Inertial_Sense/imx/SDK/ros2/build/inertial_sense_ros2' returned '0': CMAKE_PREFIX_PATH=${CMAKE_PREFIX_PATH}:/opt/ros/jazzy DEBUGINFOD_URLS=https://debuginfod.ubuntu.com /usr/bin/cmake --build /home/s/Inertial_Sense/imx/SDK/ros2/build/inertial_sense_ros2 -- -j16 -l16
[113.081s] Invoking command in '/home/s/Inertial_Sense/imx/SDK/ros2/build/inertial_sense_ros2': CMAKE_PREFIX_PATH=${CMAKE_PREFIX_PATH}:/opt/ros/jazzy DEBUGINFOD_URLS=https://debuginfod.ubuntu.com /usr/bin/cmake --install /home/s/Inertial_Sense/imx/SDK/ros2/build/inertial_sense_ros2
[113.216s] -- Install configuration: ""
[113.218s] -- Installing: /home/s/Inertial_Sense/imx/SDK/ros2/install/inertial_sense_ros2/share/ament_index/resource_index/rosidl_interfaces/inertial_sense_ros2
[113.221s] -- Installing: /home/s/Inertial_Sense/imx/SDK/ros2/install/inertial_sense_ros2/share/inertial_sense_ros2/msg/GTime.json
[113.224s] -- Installing: /home/s/Inertial_Sense/imx/SDK/ros2/install/inertial_sense_ros2/share/inertial_sense_ros2/msg/SatInfo.json
[113.227s] -- Installing: /home/s/Inertial_Sense/imx/SDK/ros2/install/inertial_sense_ros2/share/inertial_sense_ros2/msg/GPS.json
[113.228s] -- Installing: /home/s/Inertial_Sense/imx/SDK/ros2/install/inertial_sense_ros2/share/inertial_sense_ros2/msg/GPSInfo.json
[113.231s] -- Installing: /home/s/Inertial_Sense/imx/SDK/ros2/install/inertial_sense_ros2/share/inertial_sense_ros2/msg/PIMU.json
[113.235s] -- Installing: /home/s/Inertial_Sense/imx/SDK/ros2/install/inertial_sense_ros2/share/inertial_sense_ros2/msg/RTKInfo.json
[113.239s] -- Installing: /home/s/Inertial_Sense/imx/SDK/ros2/install/inertial_sense_ros2/share/inertial_sense_ros2/msg/RTKRel.json
[113.241s] -- Installing: /home/s/Inertial_Sense/imx/SDK/ros2/install/inertial_sense_ros2/share/inertial_sense_ros2/msg/GlonassEphemeris.json
[113.244s] -- Installing: /home/s/Inertial_Sense/imx/SDK/ros2/install/inertial_sense_ros2/share/inertial_sense_ros2/msg/GNSSEphemeris.json
[113.248s] -- Installing: /home/s/Inertial_Sense/imx/SDK/ros2/install/inertial_sense_ros2/share/inertial_sense_ros2/msg/GNSSObservation.json
[113.252s] -- Installing: /home/s/Inertial_Sense/imx/SDK/ros2/install/inertial_sense_ros2/share/inertial_sense_ros2/msg/GNSSObsVec.json
[113.255s] -- Up-to-date: /home/s/Inertial_Sense/imx/SDK/ros2/install/inertial_sense_ros2/include/inertial_sense_ros2/inertial_sense_ros2
[113.257s] -- Up-to-date: /home/s/Inertial_Sense/imx/SDK/ros2/install/inertial_sense_ros2/include/inertial_sense_ros2/inertial_sense_ros2/msg
[113.259s] -- Installing: /home/s/Inertial_Sense/imx/SDK/ros2/install/inertial_sense_ros2/include/inertial_sense_ros2/inertial_sense_ros2/msg/sat_info.h
[113.261s] -- Installing: /home/s/Inertial_Sense/imx/SDK/ros2/install/inertial_sense_ros2/include/inertial_sense_ros2/inertial_sense_ros2/msg/gps_info.h
[113.264s] -- Installing: /home/s/Inertial_Sense/imx/SDK/ros2/install/inertial_sense_ros2/include/inertial_sense_ros2/inertial_sense_ros2/msg/glonass_ephemeris.h
[113.266s] -- Installing: /home/s/Inertial_Sense/imx/SDK/ros2/install/inertial_sense_ros2/include/inertial_sense_ros2/inertial_sense_ros2/msg/g_time.h
[113.268s] -- Installing: /home/s/Inertial_Sense/imx/SDK/ros2/install/inertial_sense_ros2/include/inertial_sense_ros2/inertial_sense_ros2/msg/gps.h
[113.272s] -- Installing: /home/s/Inertial_Sense/imx/SDK/ros2/install/inertial_sense_ros2/include/inertial_sense_ros2/inertial_sense_ros2/msg/pimu.h
[113.274s] -- Installing: /home/s/Inertial_Sense/imx/SDK/ros2/install/inertial_sense_ros2/include/inertial_sense_ros2/inertial_sense_ros2/msg/gnss_obs_vec.h
[113.278s] -- Up-to-date: /home/s/Inertial_Sense/imx/SDK/ros2/install/inertial_sense_ros2/include/inertial_sense_ros2/inertial_sense_ros2/msg/rosidl_generator_c__visibility_control.h
[113.280s] -- Installing: /home/s/Inertial_Sense/imx/SDK/ros2/install/inertial_sense_ros2/include/inertial_sense_ros2/inertial_sense_ros2/msg/gnss_ephemeris.h
[113.282s] -- Installing: /home/s/Inertial_Sense/imx/SDK/ros2/install/inertial_sense_ros2/include/inertial_sense_ros2/inertial_sense_ros2/msg/rtk_rel.h
[113.287s] -- Installing: /home/s/Inertial_Sense/imx/SDK/ros2/install/inertial_sense_ros2/include/inertial_sense_ros2/inertial_sense_ros2/msg/gnss_observation.h
[113.289s] -- Up-to-date: /home/s/Inertial_Sense/imx/SDK/ros2/install/inertial_sense_ros2/include/inertial_sense_ros2/inertial_sense_ros2/msg/detail
[113.291s] -- Installing: /home/s/Inertial_Sense/imx/SDK/ros2/install/inertial_sense_ros2/include/inertial_sense_ros2/inertial_sense_ros2/msg/detail/glonass_ephemeris__functions.h
[113.293s] -- Installing: /home/s/Inertial_Sense/imx/SDK/ros2/install/inertial_sense_ros2/include/inertial_sense_ros2/inertial_sense_ros2/msg/detail/glonass_ephemeris__type_support.h
[113.296s] -- Installing: /home/s/Inertial_Sense/imx/SDK/ros2/install/inertial_sense_ros2/include/inertial_sense_ros2/inertial_sense_ros2/msg/detail/rtk_rel__struct.h
[113.298s] -- Installing: /home/s/Inertial_Sense/imx/SDK/ros2/install/inertial_sense_ros2/include/inertial_sense_ros2/inertial_sense_ros2/msg/detail/rtk_info__struct.h
[113.300s] -- Installing: /home/s/Inertial_Sense/imx/SDK/ros2/install/inertial_sense_ros2/include/inertial_sense_ros2/inertial_sense_ros2/msg/detail/gnss_ephemeris__type_support.h
[113.301s] -- Installing: /home/s/Inertial_Sense/imx/SDK/ros2/install/inertial_sense_ros2/include/inertial_sense_ros2/inertial_sense_ros2/msg/detail/gps__struct.h
[113.304s] -- Installing: /home/s/Inertial_Sense/imx/SDK/ros2/install/inertial_sense_ros2/include/inertial_sense_ros2/inertial_sense_ros2/msg/detail/rtk_info__type_support.h
[113.308s] -- Installing: /home/s/Inertial_Sense/imx/SDK/ros2/install/inertial_sense_ros2/include/inertial_sense_ros2/inertial_sense_ros2/msg/detail/g_time__struct.h
[113.310s] -- Installing: /home/s/Inertial_Sense/imx/SDK/ros2/install/inertial_sense_ros2/include/inertial_sense_ros2/inertial_sense_ros2/msg/detail/gps_info__functions.c
[113.315s] -- Installing: /home/s/Inertial_Sense/imx/SDK/ros2/install/inertial_sense_ros2/include/inertial_sense_ros2/inertial_sense_ros2/msg/detail/glonass_ephemeris__functions.c
[113.316s] -- Installing: /home/s/Inertial_Sense/imx/SDK/ros2/install/inertial_sense_ros2/include/inertial_sense_ros2/inertial_sense_ros2/msg/detail/rtk_rel__functions.h
[113.319s] -- Installing: /home/s/Inertial_Sense/imx/SDK/ros2/install/inertial_sense_ros2/include/inertial_sense_ros2/inertial_sense_ros2/msg/detail/pimu__type_support.h
[113.321s] -- Installing: /home/s/Inertial_Sense/imx/SDK/ros2/install/inertial_sense_ros2/include/inertial_sense_ros2/inertial_sense_ros2/msg/detail/gnss_ephemeris__functions.c
[113.323s] -- Installing: /home/s/Inertial_Sense/imx/SDK/ros2/install/inertial_sense_ros2/include/inertial_sense_ros2/inertial_sense_ros2/msg/detail/gps_info__type_support.h
[113.325s] -- Installing: /home/s/Inertial_Sense/imx/SDK/ros2/install/inertial_sense_ros2/include/inertial_sense_ros2/inertial_sense_ros2/msg/detail/gnss_obs_vec__functions.c
[113.329s] -- Installing: /home/s/Inertial_Sense/imx/SDK/ros2/install/inertial_sense_ros2/include/inertial_sense_ros2/inertial_sense_ros2/msg/detail/sat_info__type_support.h
[113.333s] -- Installing: /home/s/Inertial_Sense/imx/SDK/ros2/install/inertial_sense_ros2/include/inertial_sense_ros2/inertial_sense_ros2/msg/detail/gnss_obs_vec__type_support.c
[113.335s] -- Installing: /home/s/Inertial_Sense/imx/SDK/ros2/install/inertial_sense_ros2/include/inertial_sense_ros2/inertial_sense_ros2/msg/detail/gps__type_support.c
[113.340s] -- Installing: /home/s/Inertial_Sense/imx/SDK/ros2/install/inertial_sense_ros2/include/inertial_sense_ros2/inertial_sense_ros2/msg/detail/gnss_ephemeris__type_support.c
[113.345s] -- Installing: /home/s/Inertial_Sense/imx/SDK/ros2/install/inertial_sense_ros2/include/inertial_sense_ros2/inertial_sense_ros2/msg/detail/gnss_observation__type_support.h
[113.348s] -- Installing: /home/s/Inertial_Sense/imx/SDK/ros2/install/inertial_sense_ros2/include/inertial_sense_ros2/inertial_sense_ros2/msg/detail/gnss_ephemeris__functions.h
[113.351s] -- Installing: /home/s/Inertial_Sense/imx/SDK/ros2/install/inertial_sense_ros2/include/inertial_sense_ros2/inertial_sense_ros2/msg/detail/sat_info__functions.c
[113.353s] -- Installing: /home/s/Inertial_Sense/imx/SDK/ros2/install/inertial_sense_ros2/include/inertial_sense_ros2/inertial_sense_ros2/msg/detail/gnss_obs_vec__functions.h
[113.357s] -- Installing: /home/s/Inertial_Sense/imx/SDK/ros2/install/inertial_sense_ros2/include/inertial_sense_ros2/inertial_sense_ros2/msg/detail/pimu__struct.h
[113.359s] -- Installing: /home/s/Inertial_Sense/imx/SDK/ros2/install/inertial_sense_ros2/include/inertial_sense_ros2/inertial_sense_ros2/msg/detail/rtk_info__functions.c
[113.362s] -- Installing: /home/s/Inertial_Sense/imx/SDK/ros2/install/inertial_sense_ros2/include/inertial_sense_ros2/inertial_sense_ros2/msg/detail/gnss_obs_vec__description.c
[113.364s] -- Installing: /home/s/Inertial_Sense/imx/SDK/ros2/install/inertial_sense_ros2/include/inertial_sense_ros2/inertial_sense_ros2/msg/detail/gnss_observation__struct.h
[113.366s] -- Installing: /home/s/Inertial_Sense/imx/SDK/ros2/install/inertial_sense_ros2/include/inertial_sense_ros2/inertial_sense_ros2/msg/detail/g_time__type_support.c
[113.370s] -- Installing: /home/s/Inertial_Sense/imx/SDK/ros2/install/inertial_sense_ros2/include/inertial_sense_ros2/inertial_sense_ros2/msg/detail/pimu__description.c
[113.371s] -- Installing: /home/s/Inertial_Sense/imx/SDK/ros2/install/inertial_sense_ros2/include/inertial_sense_ros2/inertial_sense_ros2/msg/detail/gnss_obs_vec__type_support.h
[113.376s] -- Installing: /home/s/Inertial_Sense/imx/SDK/ros2/install/inertial_sense_ros2/include/inertial_sense_ros2/inertial_sense_ros2/msg/detail/g_time__type_support.h
[113.379s] -- Installing: /home/s/Inertial_Sense/imx/SDK/ros2/install/inertial_sense_ros2/include/inertial_sense_ros2/inertial_sense_ros2/msg/detail/gnss_ephemeris__description.c
[113.381s] -- Installing: /home/s/Inertial_Sense/imx/SDK/ros2/install/inertial_sense_ros2/include/inertial_sense_ros2/inertial_sense_ros2/msg/detail/gps_info__struct.h
[113.385s] -- Installing: /home/s/Inertial_Sense/imx/SDK/ros2/install/inertial_sense_ros2/include/inertial_sense_ros2/inertial_sense_ros2/msg/detail/gps_info__type_support.c
[113.387s] -- Installing: /home/s/Inertial_Sense/imx/SDK/ros2/install/inertial_sense_ros2/include/inertial_sense_ros2/inertial_sense_ros2/msg/detail/rtk_rel__type_support.h
[113.390s] -- Installing: /home/s/Inertial_Sense/imx/SDK/ros2/install/inertial_sense_ros2/include/inertial_sense_ros2/inertial_sense_ros2/msg/detail/g_time__functions.h
[113.394s] -- Installing: /home/s/Inertial_Sense/imx/SDK/ros2/install/inertial_sense_ros2/include/inertial_sense_ros2/inertial_sense_ros2/msg/detail/rtk_info__functions.h
[113.396s] -- Installing: /home/s/Inertial_Sense/imx/SDK/ros2/install/inertial_sense_ros2/include/inertial_sense_ros2/inertial_sense_ros2/msg/detail/gnss_observation__description.c
[113.398s] -- Installing: /home/s/Inertial_Sense/imx/SDK/ros2/install/inertial_sense_ros2/include/inertial_sense_ros2/inertial_sense_ros2/msg/detail/gnss_observation__functions.c
[113.401s] -- Installing: /home/s/Inertial_Sense/imx/SDK/ros2/install/inertial_sense_ros2/include/inertial_sense_ros2/inertial_sense_ros2/msg/detail/sat_info__struct.h
[113.405s] -- Installing: /home/s/Inertial_Sense/imx/SDK/ros2/install/inertial_sense_ros2/include/inertial_sense_ros2/inertial_sense_ros2/msg/detail/rtk_info__type_support.c
[113.408s] -- Installing: /home/s/Inertial_Sense/imx/SDK/ros2/install/inertial_sense_ros2/include/inertial_sense_ros2/inertial_sense_ros2/msg/detail/g_time__functions.c
[113.409s] -- Installing: /home/s/Inertial_Sense/imx/SDK/ros2/install/inertial_sense_ros2/include/inertial_sense_ros2/inertial_sense_ros2/msg/detail/rtk_info__description.c
[113.413s] -- Installing: /home/s/Inertial_Sense/imx/SDK/ros2/install/inertial_sense_ros2/include/inertial_sense_ros2/inertial_sense_ros2/msg/detail/g_time__description.c
[113.420s] -- Installing: /home/s/Inertial_Sense/imx/SDK/ros2/install/inertial_sense_ros2/include/inertial_sense_ros2/inertial_sense_ros2/msg/detail/pimu__type_support.c
[113.421s] -- Installing: /home/s/Inertial_Sense/imx/SDK/ros2/install/inertial_sense_ros2/include/inertial_sense_ros2/inertial_sense_ros2/msg/detail/gps__functions.c
[113.423s] -- Installing: /home/s/Inertial_Sense/imx/SDK/ros2/install/inertial_sense_ros2/include/inertial_sense_ros2/inertial_sense_ros2/msg/detail/rtk_rel__type_support.c
[113.425s] -- Installing: /home/s/Inertial_Sense/imx/SDK/ros2/install/inertial_sense_ros2/include/inertial_sense_ros2/inertial_sense_ros2/msg/detail/rtk_rel__description.c
[113.428s] -- Installing: /home/s/Inertial_Sense/imx/SDK/ros2/install/inertial_sense_ros2/include/inertial_sense_ros2/inertial_sense_ros2/msg/detail/sat_info__functions.h
[113.430s] -- Installing: /home/s/Inertial_Sense/imx/SDK/ros2/install/inertial_sense_ros2/include/inertial_sense_ros2/inertial_sense_ros2/msg/detail/gps__description.c
[113.433s] -- Installing: /home/s/Inertial_Sense/imx/SDK/ros2/install/inertial_sense_ros2/include/inertial_sense_ros2/inertial_sense_ros2/msg/detail/pimu__functions.c
[113.436s] -- Installing: /home/s/Inertial_Sense/imx/SDK/ros2/install/inertial_sense_ros2/include/inertial_sense_ros2/inertial_sense_ros2/msg/detail/gps_info__description.c
[113.439s] -- Installing: /home/s/Inertial_Sense/imx/SDK/ros2/install/inertial_sense_ros2/include/inertial_sense_ros2/inertial_sense_ros2/msg/detail/gnss_observation__type_support.c
[113.442s] -- Installing: /home/s/Inertial_Sense/imx/SDK/ros2/install/inertial_sense_ros2/include/inertial_sense_ros2/inertial_sense_ros2/msg/detail/gnss_ephemeris__struct.h
[113.446s] -- Installing: /home/s/Inertial_Sense/imx/SDK/ros2/install/inertial_sense_ros2/include/inertial_sense_ros2/inertial_sense_ros2/msg/detail/gnss_observation__functions.h
[113.448s] -- Installing: /home/s/Inertial_Sense/imx/SDK/ros2/install/inertial_sense_ros2/include/inertial_sense_ros2/inertial_sense_ros2/msg/detail/sat_info__description.c
[113.451s] -- Installing: /home/s/Inertial_Sense/imx/SDK/ros2/install/inertial_sense_ros2/include/inertial_sense_ros2/inertial_sense_ros2/msg/detail/rtk_rel__functions.c
[113.455s] -- Installing: /home/s/Inertial_Sense/imx/SDK/ros2/install/inertial_sense_ros2/include/inertial_sense_ros2/inertial_sense_ros2/msg/detail/gps_info__functions.h
[113.459s] -- Installing: /home/s/Inertial_Sense/imx/SDK/ros2/install/inertial_sense_ros2/include/inertial_sense_ros2/inertial_sense_ros2/msg/detail/gnss_obs_vec__struct.h
[113.463s] -- Installing: /home/s/Inertial_Sense/imx/SDK/ros2/install/inertial_sense_ros2/include/inertial_sense_ros2/inertial_sense_ros2/msg/detail/glonass_ephemeris__description.c
[113.465s] -- Installing: /home/s/Inertial_Sense/imx/SDK/ros2/install/inertial_sense_ros2/include/inertial_sense_ros2/inertial_sense_ros2/msg/detail/glonass_ephemeris__struct.h
[113.466s] -- Installing: /home/s/Inertial_Sense/imx/SDK/ros2/install/inertial_sense_ros2/include/inertial_sense_ros2/inertial_sense_ros2/msg/detail/gps__type_support.h
[113.468s] -- Installing: /home/s/Inertial_Sense/imx/SDK/ros2/install/inertial_sense_ros2/include/inertial_sense_ros2/inertial_sense_ros2/msg/detail/gps__functions.h
[113.471s] -- Installing: /home/s/Inertial_Sense/imx/SDK/ros2/install/inertial_sense_ros2/include/inertial_sense_ros2/inertial_sense_ros2/msg/detail/glonass_ephemeris__type_support.c
[113.473s] -- Installing: /home/s/Inertial_Sense/imx/SDK/ros2/install/inertial_sense_ros2/include/inertial_sense_ros2/inertial_sense_ros2/msg/detail/pimu__functions.h
[113.477s] -- Installing: /home/s/Inertial_Sense/imx/SDK/ros2/install/inertial_sense_ros2/include/inertial_sense_ros2/inertial_sense_ros2/msg/detail/sat_info__type_support.c
[113.479s] -- Installing: /home/s/Inertial_Sense/imx/SDK/ros2/install/inertial_sense_ros2/include/inertial_sense_ros2/inertial_sense_ros2/msg/rtk_info.h
[113.484s] -- Up-to-date: /home/s/Inertial_Sense/imx/SDK/ros2/install/inertial_sense_ros2/share/inertial_sense_ros2/environment/library_path.sh
[113.485s] -- Up-to-date: /home/s/Inertial_Sense/imx/SDK/ros2/install/inertial_sense_ros2/share/inertial_sense_ros2/environment/library_path.dsv
[113.493s] -- Installing: /home/s/Inertial_Sense/imx/SDK/ros2/install/inertial_sense_ros2/lib/libinertial_sense_ros2__rosidl_generator_c.so
[113.514s] -- Set non-toolchain portion of runtime path of "/home/s/Inertial_Sense/imx/SDK/ros2/install/inertial_sense_ros2/lib/libinertial_sense_ros2__rosidl_generator_c.so" to ""
[113.519s] -- Up-to-date: /home/s/Inertial_Sense/imx/SDK/ros2/install/inertial_sense_ros2/include/inertial_sense_ros2/inertial_sense_ros2
[113.520s] -- Up-to-date: /home/s/Inertial_Sense/imx/SDK/ros2/install/inertial_sense_ros2/include/inertial_sense_ros2/inertial_sense_ros2/msg
[113.522s] -- Up-to-date: /home/s/Inertial_Sense/imx/SDK/ros2/install/inertial_sense_ros2/include/inertial_sense_ros2/inertial_sense_ros2/msg/rosidl_typesupport_fastrtps_c__visibility_control.h
[113.525s] -- Up-to-date: /home/s/Inertial_Sense/imx/SDK/ros2/install/inertial_sense_ros2/include/inertial_sense_ros2/inertial_sense_ros2/msg/detail
[113.527s] -- Installing: /home/s/Inertial_Sense/imx/SDK/ros2/install/inertial_sense_ros2/include/inertial_sense_ros2/inertial_sense_ros2/msg/detail/g_time__rosidl_typesupport_fastrtps_c.h
[113.529s] -- Installing: /home/s/Inertial_Sense/imx/SDK/ros2/install/inertial_sense_ros2/include/inertial_sense_ros2/inertial_sense_ros2/msg/detail/gps__rosidl_typesupport_fastrtps_c.h
[113.532s] -- Installing: /home/s/Inertial_Sense/imx/SDK/ros2/install/inertial_sense_ros2/include/inertial_sense_ros2/inertial_sense_ros2/msg/detail/gnss_ephemeris__rosidl_typesupport_fastrtps_c.h
[113.534s] -- Installing: /home/s/Inertial_Sense/imx/SDK/ros2/install/inertial_sense_ros2/include/inertial_sense_ros2/inertial_sense_ros2/msg/detail/rtk_info__rosidl_typesupport_fastrtps_c.h
[113.536s] -- Installing: /home/s/Inertial_Sense/imx/SDK/ros2/install/inertial_sense_ros2/include/inertial_sense_ros2/inertial_sense_ros2/msg/detail/rtk_rel__rosidl_typesupport_fastrtps_c.h
[113.538s] -- Installing: /home/s/Inertial_Sense/imx/SDK/ros2/install/inertial_sense_ros2/include/inertial_sense_ros2/inertial_sense_ros2/msg/detail/gnss_obs_vec__rosidl_typesupport_fastrtps_c.h
[113.540s] -- Installing: /home/s/Inertial_Sense/imx/SDK/ros2/install/inertial_sense_ros2/include/inertial_sense_ros2/inertial_sense_ros2/msg/detail/gps_info__rosidl_typesupport_fastrtps_c.h
[113.542s] -- Installing: /home/s/Inertial_Sense/imx/SDK/ros2/install/inertial_sense_ros2/include/inertial_sense_ros2/inertial_sense_ros2/msg/detail/glonass_ephemeris__rosidl_typesupport_fastrtps_c.h
[113.546s] -- Installing: /home/s/Inertial_Sense/imx/SDK/ros2/install/inertial_sense_ros2/include/inertial_sense_ros2/inertial_sense_ros2/msg/detail/gnss_observation__rosidl_typesupport_fastrtps_c.h
[113.548s] -- Installing: /home/s/Inertial_Sense/imx/SDK/ros2/install/inertial_sense_ros2/include/inertial_sense_ros2/inertial_sense_ros2/msg/detail/sat_info__rosidl_typesupport_fastrtps_c.h
[113.551s] -- Installing: /home/s/Inertial_Sense/imx/SDK/ros2/install/inertial_sense_ros2/include/inertial_sense_ros2/inertial_sense_ros2/msg/detail/pimu__rosidl_typesupport_fastrtps_c.h
[113.562s] -- Installing: /home/s/Inertial_Sense/imx/SDK/ros2/install/inertial_sense_ros2/lib/libinertial_sense_ros2__rosidl_typesupport_fastrtps_c.so
[113.591s] -- Set non-toolchain portion of runtime path of "/home/s/Inertial_Sense/imx/SDK/ros2/install/inertial_sense_ros2/lib/libinertial_sense_ros2__rosidl_typesupport_fastrtps_c.so" to ""
[113.592s] -- Up-to-date: /home/s/Inertial_Sense/imx/SDK/ros2/install/inertial_sense_ros2/include/inertial_sense_ros2/inertial_sense_ros2
[113.595s] -- Up-to-date: /home/s/Inertial_Sense/imx/SDK/ros2/install/inertial_sense_ros2/include/inertial_sense_ros2/inertial_sense_ros2/msg
[113.597s] -- Installing: /home/s/Inertial_Sense/imx/SDK/ros2/install/inertial_sense_ros2/include/inertial_sense_ros2/inertial_sense_ros2/msg/rtk_info.hpp
[113.598s] -- Installing: /home/s/Inertial_Sense/imx/SDK/ros2/install/inertial_sense_ros2/include/inertial_sense_ros2/inertial_sense_ros2/msg/gps.hpp
[113.601s] -- Installing: /home/s/Inertial_Sense/imx/SDK/ros2/install/inertial_sense_ros2/include/inertial_sense_ros2/inertial_sense_ros2/msg/rosidl_generator_cpp__visibility_control.hpp
[113.603s] -- Installing: /home/s/Inertial_Sense/imx/SDK/ros2/install/inertial_sense_ros2/include/inertial_sense_ros2/inertial_sense_ros2/msg/sat_info.hpp
[113.606s] -- Installing: /home/s/Inertial_Sense/imx/SDK/ros2/install/inertial_sense_ros2/include/inertial_sense_ros2/inertial_sense_ros2/msg/glonass_ephemeris.hpp
[113.607s] -- Installing: /home/s/Inertial_Sense/imx/SDK/ros2/install/inertial_sense_ros2/include/inertial_sense_ros2/inertial_sense_ros2/msg/g_time.hpp
[113.613s] -- Installing: /home/s/Inertial_Sense/imx/SDK/ros2/install/inertial_sense_ros2/include/inertial_sense_ros2/inertial_sense_ros2/msg/gnss_observation.hpp
[113.616s] -- Installing: /home/s/Inertial_Sense/imx/SDK/ros2/install/inertial_sense_ros2/include/inertial_sense_ros2/inertial_sense_ros2/msg/pimu.hpp
[113.621s] -- Installing: /home/s/Inertial_Sense/imx/SDK/ros2/install/inertial_sense_ros2/include/inertial_sense_ros2/inertial_sense_ros2/msg/gnss_ephemeris.hpp
[113.623s] -- Installing: /home/s/Inertial_Sense/imx/SDK/ros2/install/inertial_sense_ros2/include/inertial_sense_ros2/inertial_sense_ros2/msg/gnss_obs_vec.hpp
[113.625s] -- Installing: /home/s/Inertial_Sense/imx/SDK/ros2/install/inertial_sense_ros2/include/inertial_sense_ros2/inertial_sense_ros2/msg/gps_info.hpp
[113.628s] -- Up-to-date: /home/s/Inertial_Sense/imx/SDK/ros2/install/inertial_sense_ros2/include/inertial_sense_ros2/inertial_sense_ros2/msg/detail
[113.630s] -- Installing: /home/s/Inertial_Sense/imx/SDK/ros2/install/inertial_sense_ros2/include/inertial_sense_ros2/inertial_sense_ros2/msg/detail/pimu__struct.hpp
[113.633s] -- Installing: /home/s/Inertial_Sense/imx/SDK/ros2/install/inertial_sense_ros2/include/inertial_sense_ros2/inertial_sense_ros2/msg/detail/gnss_obs_vec__builder.hpp
[113.634s] -- Installing: /home/s/Inertial_Sense/imx/SDK/ros2/install/inertial_sense_ros2/include/inertial_sense_ros2/inertial_sense_ros2/msg/detail/rtk_info__builder.hpp
[113.637s] -- Installing: /home/s/Inertial_Sense/imx/SDK/ros2/install/inertial_sense_ros2/include/inertial_sense_ros2/inertial_sense_ros2/msg/detail/rtk_rel__builder.hpp
[113.642s] -- Installing: /home/s/Inertial_Sense/imx/SDK/ros2/install/inertial_sense_ros2/include/inertial_sense_ros2/inertial_sense_ros2/msg/detail/rtk_info__type_support.hpp
[113.646s] -- Installing: /home/s/Inertial_Sense/imx/SDK/ros2/install/inertial_sense_ros2/include/inertial_sense_ros2/inertial_sense_ros2/msg/detail/gnss_observation__struct.hpp
[113.647s] -- Installing: /home/s/Inertial_Sense/imx/SDK/ros2/install/inertial_sense_ros2/include/inertial_sense_ros2/inertial_sense_ros2/msg/detail/gps__builder.hpp
[113.650s] -- Installing: /home/s/Inertial_Sense/imx/SDK/ros2/install/inertial_sense_ros2/include/inertial_sense_ros2/inertial_sense_ros2/msg/detail/glonass_ephemeris__struct.hpp
[113.651s] -- Installing: /home/s/Inertial_Sense/imx/SDK/ros2/install/inertial_sense_ros2/include/inertial_sense_ros2/inertial_sense_ros2/msg/detail/glonass_ephemeris__type_support.hpp
[113.655s] -- Installing: /home/s/Inertial_Sense/imx/SDK/ros2/install/inertial_sense_ros2/include/inertial_sense_ros2/inertial_sense_ros2/msg/detail/rtk_info__traits.hpp
[113.657s] -- Installing: /home/s/Inertial_Sense/imx/SDK/ros2/install/inertial_sense_ros2/include/inertial_sense_ros2/inertial_sense_ros2/msg/detail/g_time__struct.hpp
[113.660s] -- Installing: /home/s/Inertial_Sense/imx/SDK/ros2/install/inertial_sense_ros2/include/inertial_sense_ros2/inertial_sense_ros2/msg/detail/gnss_obs_vec__struct.hpp
[113.662s] -- Installing: /home/s/Inertial_Sense/imx/SDK/ros2/install/inertial_sense_ros2/include/inertial_sense_ros2/inertial_sense_ros2/msg/detail/gnss_observation__type_support.hpp
[113.664s] -- Installing: /home/s/Inertial_Sense/imx/SDK/ros2/install/inertial_sense_ros2/include/inertial_sense_ros2/inertial_sense_ros2/msg/detail/gnss_ephemeris__traits.hpp
[113.668s] -- Installing: /home/s/Inertial_Sense/imx/SDK/ros2/install/inertial_sense_ros2/include/inertial_sense_ros2/inertial_sense_ros2/msg/detail/gps__type_support.hpp
[113.669s] -- Installing: /home/s/Inertial_Sense/imx/SDK/ros2/install/inertial_sense_ros2/include/inertial_sense_ros2/inertial_sense_ros2/msg/detail/sat_info__builder.hpp
[113.672s] -- Installing: /home/s/Inertial_Sense/imx/SDK/ros2/install/inertial_sense_ros2/include/inertial_sense_ros2/inertial_sense_ros2/msg/detail/rtk_info__struct.hpp
[113.675s] -- Installing: /home/s/Inertial_Sense/imx/SDK/ros2/install/inertial_sense_ros2/include/inertial_sense_ros2/inertial_sense_ros2/msg/detail/gps__traits.hpp
[113.679s] -- Installing: /home/s/Inertial_Sense/imx/SDK/ros2/install/inertial_sense_ros2/include/inertial_sense_ros2/inertial_sense_ros2/msg/detail/glonass_ephemeris__builder.hpp
[113.680s] -- Installing: /home/s/Inertial_Sense/imx/SDK/ros2/install/inertial_sense_ros2/include/inertial_sense_ros2/inertial_sense_ros2/msg/detail/g_time__builder.hpp
[113.683s] -- Installing: /home/s/Inertial_Sense/imx/SDK/ros2/install/inertial_sense_ros2/include/inertial_sense_ros2/inertial_sense_ros2/msg/detail/g_time__type_support.hpp
[113.686s] -- Installing: /home/s/Inertial_Sense/imx/SDK/ros2/install/inertial_sense_ros2/include/inertial_sense_ros2/inertial_sense_ros2/msg/detail/glonass_ephemeris__traits.hpp
[113.689s] -- Installing: /home/s/Inertial_Sense/imx/SDK/ros2/install/inertial_sense_ros2/include/inertial_sense_ros2/inertial_sense_ros2/msg/detail/gnss_ephemeris__type_support.hpp
[113.692s] -- Installing: /home/s/Inertial_Sense/imx/SDK/ros2/install/inertial_sense_ros2/include/inertial_sense_ros2/inertial_sense_ros2/msg/detail/gnss_ephemeris__builder.hpp
[113.695s] -- Installing: /home/s/Inertial_Sense/imx/SDK/ros2/install/inertial_sense_ros2/include/inertial_sense_ros2/inertial_sense_ros2/msg/detail/gps_info__builder.hpp
[113.700s] -- Installing: /home/s/Inertial_Sense/imx/SDK/ros2/install/inertial_sense_ros2/include/inertial_sense_ros2/inertial_sense_ros2/msg/detail/gnss_ephemeris__struct.hpp
[113.701s] -- Installing: /home/s/Inertial_Sense/imx/SDK/ros2/install/inertial_sense_ros2/include/inertial_sense_ros2/inertial_sense_ros2/msg/detail/gps_info__struct.hpp
[113.703s] -- Installing: /home/s/Inertial_Sense/imx/SDK/ros2/install/inertial_sense_ros2/include/inertial_sense_ros2/inertial_sense_ros2/msg/detail/sat_info__type_support.hpp
[113.706s] -- Installing: /home/s/Inertial_Sense/imx/SDK/ros2/install/inertial_sense_ros2/include/inertial_sense_ros2/inertial_sense_ros2/msg/detail/sat_info__traits.hpp
[113.710s] -- Installing: /home/s/Inertial_Sense/imx/SDK/ros2/install/inertial_sense_ros2/include/inertial_sense_ros2/inertial_sense_ros2/msg/detail/pimu__traits.hpp
[113.712s] -- Installing: /home/s/Inertial_Sense/imx/SDK/ros2/install/inertial_sense_ros2/include/inertial_sense_ros2/inertial_sense_ros2/msg/detail/g_time__traits.hpp
[113.715s] -- Installing: /home/s/Inertial_Sense/imx/SDK/ros2/install/inertial_sense_ros2/include/inertial_sense_ros2/inertial_sense_ros2/msg/detail/gps_info__traits.hpp
[113.717s] -- Installing: /home/s/Inertial_Sense/imx/SDK/ros2/install/inertial_sense_ros2/include/inertial_sense_ros2/inertial_sense_ros2/msg/detail/gnss_obs_vec__type_support.hpp
[113.723s] -- Installing: /home/s/Inertial_Sense/imx/SDK/ros2/install/inertial_sense_ros2/include/inertial_sense_ros2/inertial_sense_ros2/msg/detail/rtk_rel__struct.hpp
[113.728s] -- Installing: /home/s/Inertial_Sense/imx/SDK/ros2/install/inertial_sense_ros2/include/inertial_sense_ros2/inertial_sense_ros2/msg/detail/gnss_observation__traits.hpp
[113.730s] -- Installing: /home/s/Inertial_Sense/imx/SDK/ros2/install/inertial_sense_ros2/include/inertial_sense_ros2/inertial_sense_ros2/msg/detail/rtk_rel__type_support.hpp
[113.732s] -- Installing: /home/s/Inertial_Sense/imx/SDK/ros2/install/inertial_sense_ros2/include/inertial_sense_ros2/inertial_sense_ros2/msg/detail/rtk_rel__traits.hpp
[113.736s] -- Installing: /home/s/Inertial_Sense/imx/SDK/ros2/install/inertial_sense_ros2/include/inertial_sense_ros2/inertial_sense_ros2/msg/detail/sat_info__struct.hpp
[113.739s] -- Installing: /home/s/Inertial_Sense/imx/SDK/ros2/install/inertial_sense_ros2/include/inertial_sense_ros2/inertial_sense_ros2/msg/detail/pimu__type_support.hpp
[113.743s] -- Installing: /home/s/Inertial_Sense/imx/SDK/ros2/install/inertial_sense_ros2/include/inertial_sense_ros2/inertial_sense_ros2/msg/detail/pimu__builder.hpp
[113.747s] -- Installing: /home/s/Inertial_Sense/imx/SDK/ros2/install/inertial_sense_ros2/include/inertial_sense_ros2/inertial_sense_ros2/msg/detail/gps_info__type_support.hpp
[113.749s] -- Installing: /home/s/Inertial_Sense/imx/SDK/ros2/install/inertial_sense_ros2/include/inertial_sense_ros2/inertial_sense_ros2/msg/detail/gnss_observation__builder.hpp
[113.753s] -- Installing: /home/s/Inertial_Sense/imx/SDK/ros2/install/inertial_sense_ros2/include/inertial_sense_ros2/inertial_sense_ros2/msg/detail/gnss_obs_vec__traits.hpp
[113.755s] -- Installing: /home/s/Inertial_Sense/imx/SDK/ros2/install/inertial_sense_ros2/include/inertial_sense_ros2/inertial_sense_ros2/msg/detail/gps__struct.hpp
[113.758s] -- Installing: /home/s/Inertial_Sense/imx/SDK/ros2/install/inertial_sense_ros2/include/inertial_sense_ros2/inertial_sense_ros2/msg/rtk_rel.hpp
[113.761s] -- Up-to-date: /home/s/Inertial_Sense/imx/SDK/ros2/install/inertial_sense_ros2/include/inertial_sense_ros2/inertial_sense_ros2
[113.765s] -- Up-to-date: /home/s/Inertial_Sense/imx/SDK/ros2/install/inertial_sense_ros2/include/inertial_sense_ros2/inertial_sense_ros2/msg
[113.766s] -- Up-to-date: /home/s/Inertial_Sense/imx/SDK/ros2/install/inertial_sense_ros2/include/inertial_sense_ros2/inertial_sense_ros2/msg/rosidl_typesupport_fastrtps_cpp__visibility_control.h
[113.770s] -- Up-to-date: /home/s/Inertial_Sense/imx/SDK/ros2/install/inertial_sense_ros2/include/inertial_sense_ros2/inertial_sense_ros2/msg/detail
[113.772s] -- Installing: /home/s/Inertial_Sense/imx/SDK/ros2/install/inertial_sense_ros2/include/inertial_sense_ros2/inertial_sense_ros2/msg/detail/sat_info__rosidl_typesupport_fastrtps_cpp.hpp
[113.775s] -- Up-to-date: /home/s/Inertial_Sense/imx/SDK/ros2/install/inertial_sense_ros2/include/inertial_sense_ros2/inertial_sense_ros2/msg/detail/dds_fastrtps
[113.777s] -- Installing: /home/s/Inertial_Sense/imx/SDK/ros2/install/inertial_sense_ros2/include/inertial_sense_ros2/inertial_sense_ros2/msg/detail/rtk_rel__rosidl_typesupport_fastrtps_cpp.hpp
[113.778s] -- Installing: /home/s/Inertial_Sense/imx/SDK/ros2/install/inertial_sense_ros2/include/inertial_sense_ros2/inertial_sense_ros2/msg/detail/gnss_ephemeris__rosidl_typesupport_fastrtps_cpp.hpp
[113.781s] -- Installing: /home/s/Inertial_Sense/imx/SDK/ros2/install/inertial_sense_ros2/include/inertial_sense_ros2/inertial_sense_ros2/msg/detail/rtk_info__rosidl_typesupport_fastrtps_cpp.hpp
[113.783s] -- Installing: /home/s/Inertial_Sense/imx/SDK/ros2/install/inertial_sense_ros2/include/inertial_sense_ros2/inertial_sense_ros2/msg/detail/gps_info__rosidl_typesupport_fastrtps_cpp.hpp
[113.784s] -- Installing: /home/s/Inertial_Sense/imx/SDK/ros2/install/inertial_sense_ros2/include/inertial_sense_ros2/inertial_sense_ros2/msg/detail/gps__rosidl_typesupport_fastrtps_cpp.hpp
[113.787s] -- Installing: /home/s/Inertial_Sense/imx/SDK/ros2/install/inertial_sense_ros2/include/inertial_sense_ros2/inertial_sense_ros2/msg/detail/gnss_obs_vec__rosidl_typesupport_fastrtps_cpp.hpp
[113.791s] -- Installing: /home/s/Inertial_Sense/imx/SDK/ros2/install/inertial_sense_ros2/include/inertial_sense_ros2/inertial_sense_ros2/msg/detail/gnss_observation__rosidl_typesupport_fastrtps_cpp.hpp
[113.793s] -- Installing: /home/s/Inertial_Sense/imx/SDK/ros2/install/inertial_sense_ros2/include/inertial_sense_ros2/inertial_sense_ros2/msg/detail/g_time__rosidl_typesupport_fastrtps_cpp.hpp
[113.796s] -- Installing: /home/s/Inertial_Sense/imx/SDK/ros2/install/inertial_sense_ros2/include/inertial_sense_ros2/inertial_sense_ros2/msg/detail/glonass_ephemeris__rosidl_typesupport_fastrtps_cpp.hpp
[113.798s] -- Installing: /home/s/Inertial_Sense/imx/SDK/ros2/install/inertial_sense_ros2/include/inertial_sense_ros2/inertial_sense_ros2/msg/detail/pimu__rosidl_typesupport_fastrtps_cpp.hpp
[113.807s] -- Installing: /home/s/Inertial_Sense/imx/SDK/ros2/install/inertial_sense_ros2/lib/libinertial_sense_ros2__rosidl_typesupport_fastrtps_cpp.so
[113.831s] -- Set non-toolchain portion of runtime path of "/home/s/Inertial_Sense/imx/SDK/ros2/install/inertial_sense_ros2/lib/libinertial_sense_ros2__rosidl_typesupport_fastrtps_cpp.so" to ""
[113.835s] -- Up-to-date: /home/s/Inertial_Sense/imx/SDK/ros2/install/inertial_sense_ros2/include/inertial_sense_ros2/inertial_sense_ros2
[113.838s] -- Up-to-date: /home/s/Inertial_Sense/imx/SDK/ros2/install/inertial_sense_ros2/include/inertial_sense_ros2/inertial_sense_ros2/msg
[113.841s] -- Up-to-date: /home/s/Inertial_Sense/imx/SDK/ros2/install/inertial_sense_ros2/include/inertial_sense_ros2/inertial_sense_ros2/msg/rosidl_typesupport_introspection_c__visibility_control.h
[113.843s] -- Up-to-date: /home/s/Inertial_Sense/imx/SDK/ros2/install/inertial_sense_ros2/include/inertial_sense_ros2/inertial_sense_ros2/msg/detail
[113.845s] -- Installing: /home/s/Inertial_Sense/imx/SDK/ros2/install/inertial_sense_ros2/include/inertial_sense_ros2/inertial_sense_ros2/msg/detail/gps_info__rosidl_typesupport_introspection_c.h
[113.849s] -- Installing: /home/s/Inertial_Sense/imx/SDK/ros2/install/inertial_sense_ros2/include/inertial_sense_ros2/inertial_sense_ros2/msg/detail/glonass_ephemeris__rosidl_typesupport_introspection_c.h
[113.850s] -- Installing: /home/s/Inertial_Sense/imx/SDK/ros2/install/inertial_sense_ros2/include/inertial_sense_ros2/inertial_sense_ros2/msg/detail/rtk_rel__rosidl_typesupport_introspection_c.h
[113.853s] -- Installing: /home/s/Inertial_Sense/imx/SDK/ros2/install/inertial_sense_ros2/include/inertial_sense_ros2/inertial_sense_ros2/msg/detail/pimu__rosidl_typesupport_introspection_c.h
[113.855s] -- Installing: /home/s/Inertial_Sense/imx/SDK/ros2/install/inertial_sense_ros2/include/inertial_sense_ros2/inertial_sense_ros2/msg/detail/gnss_ephemeris__rosidl_typesupport_introspection_c.h
[113.858s] -- Installing: /home/s/Inertial_Sense/imx/SDK/ros2/install/inertial_sense_ros2/include/inertial_sense_ros2/inertial_sense_ros2/msg/detail/gnss_obs_vec__type_support.c
[113.860s] -- Installing: /home/s/Inertial_Sense/imx/SDK/ros2/install/inertial_sense_ros2/include/inertial_sense_ros2/inertial_sense_ros2/msg/detail/gps__type_support.c
[113.862s] -- Installing: /home/s/Inertial_Sense/imx/SDK/ros2/install/inertial_sense_ros2/include/inertial_sense_ros2/inertial_sense_ros2/msg/detail/gnss_obs_vec__rosidl_typesupport_introspection_c.h
[113.864s] -- Installing: /home/s/Inertial_Sense/imx/SDK/ros2/install/inertial_sense_ros2/include/inertial_sense_ros2/inertial_sense_ros2/msg/detail/gnss_ephemeris__type_support.c
[113.866s] -- Installing: /home/s/Inertial_Sense/imx/SDK/ros2/install/inertial_sense_ros2/include/inertial_sense_ros2/inertial_sense_ros2/msg/detail/sat_info__rosidl_typesupport_introspection_c.h
[113.867s] -- Installing: /home/s/Inertial_Sense/imx/SDK/ros2/install/inertial_sense_ros2/include/inertial_sense_ros2/inertial_sense_ros2/msg/detail/g_time__type_support.c
[113.870s] -- Installing: /home/s/Inertial_Sense/imx/SDK/ros2/install/inertial_sense_ros2/include/inertial_sense_ros2/inertial_sense_ros2/msg/detail/g_time__rosidl_typesupport_introspection_c.h
[113.873s] -- Installing: /home/s/Inertial_Sense/imx/SDK/ros2/install/inertial_sense_ros2/include/inertial_sense_ros2/inertial_sense_ros2/msg/detail/gps_info__type_support.c
[113.876s] -- Installing: /home/s/Inertial_Sense/imx/SDK/ros2/install/inertial_sense_ros2/include/inertial_sense_ros2/inertial_sense_ros2/msg/detail/rtk_info__type_support.c
[113.880s] -- Installing: /home/s/Inertial_Sense/imx/SDK/ros2/install/inertial_sense_ros2/include/inertial_sense_ros2/inertial_sense_ros2/msg/detail/rtk_info__rosidl_typesupport_introspection_c.h
[113.883s] -- Installing: /home/s/Inertial_Sense/imx/SDK/ros2/install/inertial_sense_ros2/include/inertial_sense_ros2/inertial_sense_ros2/msg/detail/pimu__type_support.c
[113.885s] -- Installing: /home/s/Inertial_Sense/imx/SDK/ros2/install/inertial_sense_ros2/include/inertial_sense_ros2/inertial_sense_ros2/msg/detail/rtk_rel__type_support.c
[113.887s] -- Installing: /home/s/Inertial_Sense/imx/SDK/ros2/install/inertial_sense_ros2/include/inertial_sense_ros2/inertial_sense_ros2/msg/detail/gnss_observation__type_support.c
[113.890s] -- Installing: /home/s/Inertial_Sense/imx/SDK/ros2/install/inertial_sense_ros2/include/inertial_sense_ros2/inertial_sense_ros2/msg/detail/glonass_ephemeris__type_support.c
[113.893s] -- Installing: /home/s/Inertial_Sense/imx/SDK/ros2/install/inertial_sense_ros2/include/inertial_sense_ros2/inertial_sense_ros2/msg/detail/gnss_observation__rosidl_typesupport_introspection_c.h
[113.895s] -- Installing: /home/s/Inertial_Sense/imx/SDK/ros2/install/inertial_sense_ros2/include/inertial_sense_ros2/inertial_sense_ros2/msg/detail/gps__rosidl_typesupport_introspection_c.h
[113.896s] -- Installing: /home/s/Inertial_Sense/imx/SDK/ros2/install/inertial_sense_ros2/include/inertial_sense_ros2/inertial_sense_ros2/msg/detail/sat_info__type_support.c
[113.901s] -- Installing: /home/s/Inertial_Sense/imx/SDK/ros2/install/inertial_sense_ros2/lib/libinertial_sense_ros2__rosidl_typesupport_introspection_c.so
[113.916s] -- Set non-toolchain portion of runtime path of "/home/s/Inertial_Sense/imx/SDK/ros2/install/inertial_sense_ros2/lib/libinertial_sense_ros2__rosidl_typesupport_introspection_c.so" to ""
[113.925s] -- Installing: /home/s/Inertial_Sense/imx/SDK/ros2/install/inertial_sense_ros2/lib/libinertial_sense_ros2__rosidl_typesupport_c.so
[113.947s] -- Set non-toolchain portion of runtime path of "/home/s/Inertial_Sense/imx/SDK/ros2/install/inertial_sense_ros2/lib/libinertial_sense_ros2__rosidl_typesupport_c.so" to ""
[113.950s] -- Up-to-date: /home/s/Inertial_Sense/imx/SDK/ros2/install/inertial_sense_ros2/include/inertial_sense_ros2/inertial_sense_ros2
[113.951s] -- Up-to-date: /home/s/Inertial_Sense/imx/SDK/ros2/install/inertial_sense_ros2/include/inertial_sense_ros2/inertial_sense_ros2/msg
[113.953s] -- Up-to-date: /home/s/Inertial_Sense/imx/SDK/ros2/install/inertial_sense_ros2/include/inertial_sense_ros2/inertial_sense_ros2/msg/detail
[113.955s] -- Installing: /home/s/Inertial_Sense/imx/SDK/ros2/install/inertial_sense_ros2/include/inertial_sense_ros2/inertial_sense_ros2/msg/detail/pimu__type_support.cpp
[113.958s] -- Installing: /home/s/Inertial_Sense/imx/SDK/ros2/install/inertial_sense_ros2/include/inertial_sense_ros2/inertial_sense_ros2/msg/detail/gnss_observation__type_support.cpp
[113.961s] -- Installing: /home/s/Inertial_Sense/imx/SDK/ros2/install/inertial_sense_ros2/include/inertial_sense_ros2/inertial_sense_ros2/msg/detail/gnss_observation__rosidl_typesupport_introspection_cpp.hpp
[113.963s] -- Installing: /home/s/Inertial_Sense/imx/SDK/ros2/install/inertial_sense_ros2/include/inertial_sense_ros2/inertial_sense_ros2/msg/detail/gps_info__type_support.cpp
[113.966s] -- Installing: /home/s/Inertial_Sense/imx/SDK/ros2/install/inertial_sense_ros2/include/inertial_sense_ros2/inertial_sense_ros2/msg/detail/pimu__rosidl_typesupport_introspection_cpp.hpp
[113.968s] -- Installing: /home/s/Inertial_Sense/imx/SDK/ros2/install/inertial_sense_ros2/include/inertial_sense_ros2/inertial_sense_ros2/msg/detail/glonass_ephemeris__type_support.cpp
[113.971s] -- Installing: /home/s/Inertial_Sense/imx/SDK/ros2/install/inertial_sense_ros2/include/inertial_sense_ros2/inertial_sense_ros2/msg/detail/glonass_ephemeris__rosidl_typesupport_introspection_cpp.hpp
[113.973s] -- Installing: /home/s/Inertial_Sense/imx/SDK/ros2/install/inertial_sense_ros2/include/inertial_sense_ros2/inertial_sense_ros2/msg/detail/gps__rosidl_typesupport_introspection_cpp.hpp
[113.976s] -- Installing: /home/s/Inertial_Sense/imx/SDK/ros2/install/inertial_sense_ros2/include/inertial_sense_ros2/inertial_sense_ros2/msg/detail/gps_info__rosidl_typesupport_introspection_cpp.hpp
[113.977s] -- Installing: /home/s/Inertial_Sense/imx/SDK/ros2/install/inertial_sense_ros2/include/inertial_sense_ros2/inertial_sense_ros2/msg/detail/sat_info__rosidl_typesupport_introspection_cpp.hpp
[113.980s] -- Installing: /home/s/Inertial_Sense/imx/SDK/ros2/install/inertial_sense_ros2/include/inertial_sense_ros2/inertial_sense_ros2/msg/detail/gnss_ephemeris__rosidl_typesupport_introspection_cpp.hpp
[113.984s] -- Installing: /home/s/Inertial_Sense/imx/SDK/ros2/install/inertial_sense_ros2/include/inertial_sense_ros2/inertial_sense_ros2/msg/detail/sat_info__type_support.cpp
[113.986s] -- Installing: /home/s/Inertial_Sense/imx/SDK/ros2/install/inertial_sense_ros2/include/inertial_sense_ros2/inertial_sense_ros2/msg/detail/g_time__type_support.cpp
[113.989s] -- Installing: /home/s/Inertial_Sense/imx/SDK/ros2/install/inertial_sense_ros2/include/inertial_sense_ros2/inertial_sense_ros2/msg/detail/rtk_rel__type_support.cpp
[113.992s] -- Installing: /home/s/Inertial_Sense/imx/SDK/ros2/install/inertial_sense_ros2/include/inertial_sense_ros2/inertial_sense_ros2/msg/detail/g_time__rosidl_typesupport_introspection_cpp.hpp
[113.994s] -- Installing: /home/s/Inertial_Sense/imx/SDK/ros2/install/inertial_sense_ros2/include/inertial_sense_ros2/inertial_sense_ros2/msg/detail/gnss_obs_vec__rosidl_typesupport_introspection_cpp.hpp
[113.997s] -- Installing: /home/s/Inertial_Sense/imx/SDK/ros2/install/inertial_sense_ros2/include/inertial_sense_ros2/inertial_sense_ros2/msg/detail/rtk_info__type_support.cpp
[114.006s] -- Installing: /home/s/Inertial_Sense/imx/SDK/ros2/install/inertial_sense_ros2/include/inertial_sense_ros2/inertial_sense_ros2/msg/detail/rtk_info__rosidl_typesupport_introspection_cpp.hpp
[114.010s] -- Installing: /home/s/Inertial_Sense/imx/SDK/ros2/install/inertial_sense_ros2/include/inertial_sense_ros2/inertial_sense_ros2/msg/detail/gnss_obs_vec__type_support.cpp
[114.013s] -- Installing: /home/s/Inertial_Sense/imx/SDK/ros2/install/inertial_sense_ros2/include/inertial_sense_ros2/inertial_sense_ros2/msg/detail/rtk_rel__rosidl_typesupport_introspection_cpp.hpp
[114.016s] -- Installing: /home/s/Inertial_Sense/imx/SDK/ros2/install/inertial_sense_ros2/include/inertial_sense_ros2/inertial_sense_ros2/msg/detail/gps__type_support.cpp
[114.019s] -- Installing: /home/s/Inertial_Sense/imx/SDK/ros2/install/inertial_sense_ros2/include/inertial_sense_ros2/inertial_sense_ros2/msg/detail/gnss_ephemeris__type_support.cpp
[114.032s] -- Installing: /home/s/Inertial_Sense/imx/SDK/ros2/install/inertial_sense_ros2/lib/libinertial_sense_ros2__rosidl_typesupport_introspection_cpp.so
[114.056s] -- Set non-toolchain portion of runtime path of "/home/s/Inertial_Sense/imx/SDK/ros2/install/inertial_sense_ros2/lib/libinertial_sense_ros2__rosidl_typesupport_introspection_cpp.so" to ""
[114.063s] -- Installing: /home/s/Inertial_Sense/imx/SDK/ros2/install/inertial_sense_ros2/lib/libinertial_sense_ros2__rosidl_typesupport_cpp.so
[114.086s] -- Set non-toolchain portion of runtime path of "/home/s/Inertial_Sense/imx/SDK/ros2/install/inertial_sense_ros2/lib/libinertial_sense_ros2__rosidl_typesupport_cpp.so" to ""
[114.090s] -- Up-to-date: /home/s/Inertial_Sense/imx/SDK/ros2/install/inertial_sense_ros2/share/inertial_sense_ros2/environment/pythonpath.sh
[114.092s] -- Up-to-date: /home/s/Inertial_Sense/imx/SDK/ros2/install/inertial_sense_ros2/share/inertial_sense_ros2/environment/pythonpath.dsv
[114.094s] -- Up-to-date: /home/s/Inertial_Sense/imx/SDK/ros2/install/inertial_sense_ros2/lib/python3.12/site-packages/inertial_sense_ros2-1.1.1-py3.12.egg-info
[114.097s] -- Installing: /home/s/Inertial_Sense/imx/SDK/ros2/install/inertial_sense_ros2/lib/python3.12/site-packages/inertial_sense_ros2-1.1.1-py3.12.egg-info/SOURCES.txt
[114.099s] -- Installing: /home/s/Inertial_Sense/imx/SDK/ros2/install/inertial_sense_ros2/lib/python3.12/site-packages/inertial_sense_ros2-1.1.1-py3.12.egg-info/PKG-INFO
[114.101s] -- Installing: /home/s/Inertial_Sense/imx/SDK/ros2/install/inertial_sense_ros2/lib/python3.12/site-packages/inertial_sense_ros2-1.1.1-py3.12.egg-info/dependency_links.txt
[114.103s] -- Installing: /home/s/Inertial_Sense/imx/SDK/ros2/install/inertial_sense_ros2/lib/python3.12/site-packages/inertial_sense_ros2-1.1.1-py3.12.egg-info/top_level.txt
[114.108s] -- Up-to-date: /home/s/Inertial_Sense/imx/SDK/ros2/install/inertial_sense_ros2/lib/python3.12/site-packages/inertial_sense_ros2
[114.109s] -- Installing: /home/s/Inertial_Sense/imx/SDK/ros2/install/inertial_sense_ros2/lib/python3.12/site-packages/inertial_sense_ros2/__init__.py
[114.112s] -- Installing: /home/s/Inertial_Sense/imx/SDK/ros2/install/inertial_sense_ros2/lib/python3.12/site-packages/inertial_sense_ros2/inertial_sense_ros2_s__rosidl_typesupport_c.so
[114.113s] -- Installing: /home/s/Inertial_Sense/imx/SDK/ros2/install/inertial_sense_ros2/lib/python3.12/site-packages/inertial_sense_ros2/_inertial_sense_ros2_s.ep.rosidl_typesupport_introspection_c.c
[114.115s] -- Up-to-date: /home/s/Inertial_Sense/imx/SDK/ros2/install/inertial_sense_ros2/lib/python3.12/site-packages/inertial_sense_ros2/msg
[114.117s] -- Installing: /home/s/Inertial_Sense/imx/SDK/ros2/install/inertial_sense_ros2/lib/python3.12/site-packages/inertial_sense_ros2/msg/_g_time_s.c
[114.121s] -- Installing: /home/s/Inertial_Sense/imx/SDK/ros2/install/inertial_sense_ros2/lib/python3.12/site-packages/inertial_sense_ros2/msg/__init__.py
[114.124s] -- Installing: /home/s/Inertial_Sense/imx/SDK/ros2/install/inertial_sense_ros2/lib/python3.12/site-packages/inertial_sense_ros2/msg/_gnss_ephemeris_s.c
[114.127s] -- Installing: /home/s/Inertial_Sense/imx/SDK/ros2/install/inertial_sense_ros2/lib/python3.12/site-packages/inertial_sense_ros2/msg/_pimu_s.c
[114.128s] -- Installing: /home/s/Inertial_Sense/imx/SDK/ros2/install/inertial_sense_ros2/lib/python3.12/site-packages/inertial_sense_ros2/msg/_gps_info_s.c
[114.132s] -- Installing: /home/s/Inertial_Sense/imx/SDK/ros2/install/inertial_sense_ros2/lib/python3.12/site-packages/inertial_sense_ros2/msg/_gps_info.py
[114.133s] -- Installing: /home/s/Inertial_Sense/imx/SDK/ros2/install/inertial_sense_ros2/lib/python3.12/site-packages/inertial_sense_ros2/msg/_gnss_observation_s.c
[114.135s] -- Installing: /home/s/Inertial_Sense/imx/SDK/ros2/install/inertial_sense_ros2/lib/python3.12/site-packages/inertial_sense_ros2/msg/_glonass_ephemeris_s.c
[114.137s] -- Installing: /home/s/Inertial_Sense/imx/SDK/ros2/install/inertial_sense_ros2/lib/python3.12/site-packages/inertial_sense_ros2/msg/_glonass_ephemeris.py
[114.142s] -- Installing: /home/s/Inertial_Sense/imx/SDK/ros2/install/inertial_sense_ros2/lib/python3.12/site-packages/inertial_sense_ros2/msg/_gnss_ephemeris.py
[114.143s] -- Installing: /home/s/Inertial_Sense/imx/SDK/ros2/install/inertial_sense_ros2/lib/python3.12/site-packages/inertial_sense_ros2/msg/_gps_s.c
[114.146s] -- Installing: /home/s/Inertial_Sense/imx/SDK/ros2/install/inertial_sense_ros2/lib/python3.12/site-packages/inertial_sense_ros2/msg/_rtk_info_s.c
[114.150s] -- Installing: /home/s/Inertial_Sense/imx/SDK/ros2/install/inertial_sense_ros2/lib/python3.12/site-packages/inertial_sense_ros2/msg/_sat_info.py
[114.154s] -- Installing: /home/s/Inertial_Sense/imx/SDK/ros2/install/inertial_sense_ros2/lib/python3.12/site-packages/inertial_sense_ros2/msg/_pimu.py
[114.159s] -- Installing: /home/s/Inertial_Sense/imx/SDK/ros2/install/inertial_sense_ros2/lib/python3.12/site-packages/inertial_sense_ros2/msg/_rtk_rel_s.c
[114.162s] -- Installing: /home/s/Inertial_Sense/imx/SDK/ros2/install/inertial_sense_ros2/lib/python3.12/site-packages/inertial_sense_ros2/msg/_g_time.py
[114.163s] -- Installing: /home/s/Inertial_Sense/imx/SDK/ros2/install/inertial_sense_ros2/lib/python3.12/site-packages/inertial_sense_ros2/msg/_gnss_obs_vec_s.c
[114.165s] -- Installing: /home/s/Inertial_Sense/imx/SDK/ros2/install/inertial_sense_ros2/lib/python3.12/site-packages/inertial_sense_ros2/msg/_gnss_obs_vec.py
[114.168s] -- Installing: /home/s/Inertial_Sense/imx/SDK/ros2/install/inertial_sense_ros2/lib/python3.12/site-packages/inertial_sense_ros2/msg/_sat_info_s.c
[114.170s] -- Installing: /home/s/Inertial_Sense/imx/SDK/ros2/install/inertial_sense_ros2/lib/python3.12/site-packages/inertial_sense_ros2/msg/_rtk_rel.py
[114.174s] -- Installing: /home/s/Inertial_Sense/imx/SDK/ros2/install/inertial_sense_ros2/lib/python3.12/site-packages/inertial_sense_ros2/msg/_rtk_info.py
[114.176s] -- Installing: /home/s/Inertial_Sense/imx/SDK/ros2/install/inertial_sense_ros2/lib/python3.12/site-packages/inertial_sense_ros2/msg/_gnss_observation.py
[114.180s] -- Installing: /home/s/Inertial_Sense/imx/SDK/ros2/install/inertial_sense_ros2/lib/python3.12/site-packages/inertial_sense_ros2/msg/_gps.py
[114.181s] -- Installing: /home/s/Inertial_Sense/imx/SDK/ros2/install/inertial_sense_ros2/lib/python3.12/site-packages/inertial_sense_ros2/inertial_sense_ros2_s__rosidl_typesupport_introspection_c.so
[114.183s] -- Installing: /home/s/Inertial_Sense/imx/SDK/ros2/install/inertial_sense_ros2/lib/python3.12/site-packages/inertial_sense_ros2/inertial_sense_ros2_s__rosidl_typesupport_fastrtps_c.so
[114.187s] -- Installing: /home/s/Inertial_Sense/imx/SDK/ros2/install/inertial_sense_ros2/lib/python3.12/site-packages/inertial_sense_ros2/_inertial_sense_ros2_s.ep.rosidl_typesupport_fastrtps_c.c
[114.190s] -- Installing: /home/s/Inertial_Sense/imx/SDK/ros2/install/inertial_sense_ros2/lib/python3.12/site-packages/inertial_sense_ros2/_inertial_sense_ros2_s.ep.rosidl_typesupport_c.c
[114.758s] Listing '/home/s/Inertial_Sense/imx/SDK/ros2/install/inertial_sense_ros2/lib/python3.12/site-packages/inertial_sense_ros2'...
[114.760s] Compiling '/home/s/Inertial_Sense/imx/SDK/ros2/install/inertial_sense_ros2/lib/python3.12/site-packages/inertial_sense_ros2/__init__.py'...
[114.762s] Listing '/home/s/Inertial_Sense/imx/SDK/ros2/install/inertial_sense_ros2/lib/python3.12/site-packages/inertial_sense_ros2/msg'...
[114.763s] Compiling '/home/s/Inertial_Sense/imx/SDK/ros2/install/inertial_sense_ros2/lib/python3.12/site-packages/inertial_sense_ros2/msg/__init__.py'...
[114.765s] Compiling '/home/s/Inertial_Sense/imx/SDK/ros2/install/inertial_sense_ros2/lib/python3.12/site-packages/inertial_sense_ros2/msg/_g_time.py'...
[114.767s] Compiling '/home/s/Inertial_Sense/imx/SDK/ros2/install/inertial_sense_ros2/lib/python3.12/site-packages/inertial_sense_ros2/msg/_glonass_ephemeris.py'...
[114.769s] Compiling '/home/s/Inertial_Sense/imx/SDK/ros2/install/inertial_sense_ros2/lib/python3.12/site-packages/inertial_sense_ros2/msg/_gnss_ephemeris.py'...
[114.770s] Compiling '/home/s/Inertial_Sense/imx/SDK/ros2/install/inertial_sense_ros2/lib/python3.12/site-packages/inertial_sense_ros2/msg/_gnss_obs_vec.py'...
[114.772s] Compiling '/home/s/Inertial_Sense/imx/SDK/ros2/install/inertial_sense_ros2/lib/python3.12/site-packages/inertial_sense_ros2/msg/_gnss_observation.py'...
[114.774s] Compiling '/home/s/Inertial_Sense/imx/SDK/ros2/install/inertial_sense_ros2/lib/python3.12/site-packages/inertial_sense_ros2/msg/_gps.py'...
[114.775s] Compiling '/home/s/Inertial_Sense/imx/SDK/ros2/install/inertial_sense_ros2/lib/python3.12/site-packages/inertial_sense_ros2/msg/_gps_info.py'...
[114.776s] Compiling '/home/s/Inertial_Sense/imx/SDK/ros2/install/inertial_sense_ros2/lib/python3.12/site-packages/inertial_sense_ros2/msg/_pimu.py'...
[114.778s] Compiling '/home/s/Inertial_Sense/imx/SDK/ros2/install/inertial_sense_ros2/lib/python3.12/site-packages/inertial_sense_ros2/msg/_rtk_info.py'...
[114.780s] Compiling '/home/s/Inertial_Sense/imx/SDK/ros2/install/inertial_sense_ros2/lib/python3.12/site-packages/inertial_sense_ros2/msg/_rtk_rel.py'...
[114.782s] Compiling '/home/s/Inertial_Sense/imx/SDK/ros2/install/inertial_sense_ros2/lib/python3.12/site-packages/inertial_sense_ros2/msg/_sat_info.py'...
[114.797s] -- Installing: /home/s/Inertial_Sense/imx/SDK/ros2/install/inertial_sense_ros2/lib/python3.12/site-packages/inertial_sense_ros2/inertial_sense_ros2_s__rosidl_typesupport_fastrtps_c.so
[114.822s] -- Set non-toolchain portion of runtime path of "/home/s/Inertial_Sense/imx/SDK/ros2/install/inertial_sense_ros2/lib/python3.12/site-packages/inertial_sense_ros2/inertial_sense_ros2_s__rosidl_typesupport_fastrtps_c.so" to ""
[114.833s] -- Installing: /home/s/Inertial_Sense/imx/SDK/ros2/install/inertial_sense_ros2/lib/python3.12/site-packages/inertial_sense_ros2/inertial_sense_ros2_s__rosidl_typesupport_introspection_c.so
[114.855s] -- Set non-toolchain portion of runtime path of "/home/s/Inertial_Sense/imx/SDK/ros2/install/inertial_sense_ros2/lib/python3.12/site-packages/inertial_sense_ros2/inertial_sense_ros2_s__rosidl_typesupport_introspection_c.so" to ""
[114.870s] -- Installing: /home/s/Inertial_Sense/imx/SDK/ros2/install/inertial_sense_ros2/lib/python3.12/site-packages/inertial_sense_ros2/inertial_sense_ros2_s__rosidl_typesupport_c.so
[114.891s] -- Set non-toolchain portion of runtime path of "/home/s/Inertial_Sense/imx/SDK/ros2/install/inertial_sense_ros2/lib/python3.12/site-packages/inertial_sense_ros2/inertial_sense_ros2_s__rosidl_typesupport_c.so" to ""
[114.902s] -- Installing: /home/s/Inertial_Sense/imx/SDK/ros2/install/inertial_sense_ros2/lib/libinertial_sense_ros2__rosidl_generator_py.so
[114.931s] -- Set non-toolchain portion of runtime path of "/home/s/Inertial_Sense/imx/SDK/ros2/install/inertial_sense_ros2/lib/libinertial_sense_ros2__rosidl_generator_py.so" to ""
[114.933s] -- Up-to-date: /home/s/Inertial_Sense/imx/SDK/ros2/install/inertial_sense_ros2/share/inertial_sense_ros2/msg/GTime.idl
[114.936s] -- Up-to-date: /home/s/Inertial_Sense/imx/SDK/ros2/install/inertial_sense_ros2/share/inertial_sense_ros2/msg/SatInfo.idl
[114.938s] -- Up-to-date: /home/s/Inertial_Sense/imx/SDK/ros2/install/inertial_sense_ros2/share/inertial_sense_ros2/msg/GPS.idl
[114.944s] -- Up-to-date: /home/s/Inertial_Sense/imx/SDK/ros2/install/inertial_sense_ros2/share/inertial_sense_ros2/msg/GPSInfo.idl
[114.947s] -- Up-to-date: /home/s/Inertial_Sense/imx/SDK/ros2/install/inertial_sense_ros2/share/inertial_sense_ros2/msg/PIMU.idl
[114.949s] -- Up-to-date: /home/s/Inertial_Sense/imx/SDK/ros2/install/inertial_sense_ros2/share/inertial_sense_ros2/msg/RTKInfo.idl
[114.952s] -- Up-to-date: /home/s/Inertial_Sense/imx/SDK/ros2/install/inertial_sense_ros2/share/inertial_sense_ros2/msg/RTKRel.idl
[114.954s] -- Up-to-date: /home/s/Inertial_Sense/imx/SDK/ros2/install/inertial_sense_ros2/share/inertial_sense_ros2/msg/GlonassEphemeris.idl
[114.955s] -- Up-to-date: /home/s/Inertial_Sense/imx/SDK/ros2/install/inertial_sense_ros2/share/inertial_sense_ros2/msg/GNSSEphemeris.idl
[114.957s] -- Up-to-date: /home/s/Inertial_Sense/imx/SDK/ros2/install/inertial_sense_ros2/share/inertial_sense_ros2/msg/GNSSObservation.idl
[114.958s] -- Installing: /home/s/Inertial_Sense/imx/SDK/ros2/install/inertial_sense_ros2/share/inertial_sense_ros2/msg/GNSSObsVec.idl
[114.960s] -- Up-to-date: /home/s/Inertial_Sense/imx/SDK/ros2/install/inertial_sense_ros2/share/inertial_sense_ros2/msg/GTime.msg
[114.961s] -- Up-to-date: /home/s/Inertial_Sense/imx/SDK/ros2/install/inertial_sense_ros2/share/inertial_sense_ros2/msg/SatInfo.msg
[114.964s] -- Up-to-date: /home/s/Inertial_Sense/imx/SDK/ros2/install/inertial_sense_ros2/share/inertial_sense_ros2/msg/GPS.msg
[114.968s] -- Up-to-date: /home/s/Inertial_Sense/imx/SDK/ros2/install/inertial_sense_ros2/share/inertial_sense_ros2/msg/GPSInfo.msg
[114.970s] -- Up-to-date: /home/s/Inertial_Sense/imx/SDK/ros2/install/inertial_sense_ros2/share/inertial_sense_ros2/msg/PIMU.msg
[114.973s] -- Up-to-date: /home/s/Inertial_Sense/imx/SDK/ros2/install/inertial_sense_ros2/share/inertial_sense_ros2/msg/RTKInfo.msg
[114.975s] -- Up-to-date: /home/s/Inertial_Sense/imx/SDK/ros2/install/inertial_sense_ros2/share/inertial_sense_ros2/msg/RTKRel.msg
[114.978s] -- Up-to-date: /home/s/Inertial_Sense/imx/SDK/ros2/install/inertial_sense_ros2/share/inertial_sense_ros2/msg/GlonassEphemeris.msg
[114.985s] -- Up-to-date: /home/s/Inertial_Sense/imx/SDK/ros2/install/inertial_sense_ros2/share/inertial_sense_ros2/msg/GNSSEphemeris.msg
[114.987s] -- Up-to-date: /home/s/Inertial_Sense/imx/SDK/ros2/install/inertial_sense_ros2/share/inertial_sense_ros2/msg/GNSSObservation.msg
[114.994s] -- Installing: /home/s/Inertial_Sense/imx/SDK/ros2/install/inertial_sense_ros2/share/inertial_sense_ros2/msg/GNSSObsVec.msg
[115.002s] Invoked command in '/home/s/Inertial_Sense/imx/SDK/ros2/build/inertial_sense_ros2' returned '0': CMAKE_PREFIX_PATH=${CMAKE_PREFIX_PATH}:/opt/ros/jazzy DEBUGINFOD_URLS=https://debuginfod.ubuntu.com /usr/bin/cmake --install /home/s/Inertial_Sense/imx/SDK/ros2/build/inertial_sense_ros2
