[1.129s] DEBUG:colcon:Command line arguments: ['/usr/bin/colcon', 'build']
[1.130s] DEBUG:colcon:Parsed command line arguments: Namespace(log_base=None, log_level=None, verb_name='build', build_base='build', install_base='install', merge_install=False, symlink_install=False, test_result_base=None, continue_on_error=False, executor='parallel', parallel_workers=16, event_handlers=None, ignore_user_meta=False, metas=['./colcon.meta'], base_paths=['.'], packages_ignore=None, packages_ignore_regex=None, paths=None, packages_up_to=None, packages_up_to_regex=None, packages_above=None, packages_above_and_dependencies=None, packages_above_depth=None, packages_select_by_dep=None, packages_skip_by_dep=None, packages_skip_up_to=None, packages_select_build_failed=False, packages_skip_build_finished=False, packages_select_test_failures=False, packages_skip_test_passed=False, packages_select=None, packages_skip=None, packages_select_regex=None, packages_skip_regex=None, packages_start=None, packages_end=None, allow_overriding=[], cmake_args=None, cmake_target=None, cmake_target_skip_unavailable=False, cmake_clean_cache=False, cmake_clean_first=False, cmake_force_configure=False, ament_cmake_args=None, catkin_cmake_args=None, catkin_skip_building_tests=False, mixin_files=None, mixin=None, verb_parser=<colcon_mixin.mixin.mixin_argument.MixinArgumentDecorator object at 0x7c6f3a089fd0>, verb_extension=<colcon_core.verb.build.BuildVerb object at 0x7c6f3a089c70>, main=<bound method BuildVerb.main of <colcon_core.verb.build.BuildVerb object at 0x7c6f3a089c70>>, mixin_verb=('build',))
[1.470s] Level 1:colcon.colcon_core.package_discovery:discover_packages(colcon_meta) check parameters
[1.471s] Level 1:colcon.colcon_core.package_discovery:discover_packages(recursive) check parameters
[1.471s] Level 1:colcon.colcon_core.package_discovery:discover_packages(ignore) check parameters
[1.472s] Level 1:colcon.colcon_core.package_discovery:discover_packages(path) check parameters
[1.472s] Level 1:colcon.colcon_core.package_discovery:discover_packages(colcon_meta) discover
[1.473s] Level 1:colcon.colcon_core.package_discovery:discover_packages(recursive) discover
[1.473s] INFO:colcon.colcon_core.package_discovery:Crawling recursively for packages in '/home/s/Inertial_Sense/imx/SDK/ros2'
[1.475s] Level 1:colcon.colcon_core.package_identification:_identify(.) by extensions ['ignore', 'ignore_ament_install']
[1.475s] Level 1:colcon.colcon_core.package_identification:_identify(.) by extension 'ignore'
[1.476s] Level 1:colcon.colcon_core.package_identification:_identify(.) by extension 'ignore_ament_install'
[1.477s] Level 1:colcon.colcon_core.package_identification:_identify(.) by extensions ['colcon_pkg']
[1.477s] Level 1:colcon.colcon_core.package_identification:_identify(.) by extension 'colcon_pkg'
[1.478s] Level 1:colcon.colcon_core.package_identification:_identify(.) by extensions ['colcon_meta']
[1.479s] Level 1:colcon.colcon_core.package_identification:_identify(.) by extension 'colcon_meta'
[1.479s] Level 1:colcon.colcon_core.package_identification:_identify(.) by extensions ['ros']
[1.480s] Level 1:colcon.colcon_core.package_identification:_identify(.) by extension 'ros'
[1.700s] DEBUG:colcon.colcon_core.package_identification:Package '.' with type 'ros.ament_cmake' and name 'inertial_sense_ros2'
[1.700s] Level 1:colcon.colcon_core.package_discovery:discover_packages(recursive) using defaults
[1.701s] Level 1:colcon.colcon_core.package_discovery:discover_packages(ignore) discover
[1.702s] Level 1:colcon.colcon_core.package_discovery:discover_packages(ignore) using defaults
[1.702s] Level 1:colcon.colcon_core.package_discovery:discover_packages(path) discover
[1.702s] Level 1:colcon.colcon_core.package_discovery:discover_packages(path) using defaults
[1.835s] Level 1:colcon.colcon_core.package_discovery:discover_packages(prefix_path) check parameters
[1.836s] Level 1:colcon.colcon_core.package_discovery:discover_packages(prefix_path) discover
[1.880s] DEBUG:colcon.colcon_installed_package_information.package_discovery:Found 308 installed packages in /opt/ros/jazzy
[1.887s] Level 1:colcon.colcon_core.package_discovery:discover_packages(prefix_path) using defaults
[2.351s] Level 5:colcon.colcon_core.verb:set package 'inertial_sense_ros2' build argument 'cmake_args' from command line to 'None'
[2.352s] Level 5:colcon.colcon_core.verb:set package 'inertial_sense_ros2' build argument 'cmake_target' from command line to 'None'
[2.352s] Level 5:colcon.colcon_core.verb:set package 'inertial_sense_ros2' build argument 'cmake_target_skip_unavailable' from command line to 'False'
[2.353s] Level 5:colcon.colcon_core.verb:set package 'inertial_sense_ros2' build argument 'cmake_clean_cache' from command line to 'False'
[2.353s] Level 5:colcon.colcon_core.verb:set package 'inertial_sense_ros2' build argument 'cmake_clean_first' from command line to 'False'
[2.354s] Level 5:colcon.colcon_core.verb:set package 'inertial_sense_ros2' build argument 'cmake_force_configure' from command line to 'False'
[2.354s] Level 5:colcon.colcon_core.verb:set package 'inertial_sense_ros2' build argument 'ament_cmake_args' from command line to 'None'
[2.355s] Level 5:colcon.colcon_core.verb:set package 'inertial_sense_ros2' build argument 'catkin_cmake_args' from command line to 'None'
[2.355s] Level 5:colcon.colcon_core.verb:set package 'inertial_sense_ros2' build argument 'catkin_skip_building_tests' from command line to 'False'
[2.356s] DEBUG:colcon.colcon_core.verb:Building package 'inertial_sense_ros2' with the following arguments: {'ament_cmake_args': None, 'build_base': '/home/s/Inertial_Sense/imx/SDK/ros2/build/inertial_sense_ros2', 'catkin_cmake_args': None, 'catkin_skip_building_tests': False, 'cmake_args': None, 'cmake_clean_cache': False, 'cmake_clean_first': False, 'cmake_force_configure': False, 'cmake_target': None, 'cmake_target_skip_unavailable': False, 'install_base': '/home/s/Inertial_Sense/imx/SDK/ros2/install/inertial_sense_ros2', 'merge_install': False, 'path': '/home/s/Inertial_Sense/imx/SDK/ros2', 'symlink_install': False, 'test_result_base': None}
[2.356s] INFO:colcon.colcon_core.executor:Executing jobs using 'parallel' executor
[2.367s] DEBUG:colcon.colcon_parallel_executor.executor.parallel:run_until_complete
[2.369s] INFO:colcon.colcon_ros.task.ament_cmake.build:Building ROS package in '/home/s/Inertial_Sense/imx/SDK/ros2' with build type 'ament_cmake'
[2.370s] INFO:colcon.colcon_cmake.task.cmake.build:Building CMake package in '/home/s/Inertial_Sense/imx/SDK/ros2'
[2.395s] INFO:colcon.colcon_core.plugin_system:Skipping extension 'colcon_core.shell.bat': Not used on non-Windows systems
[2.397s] INFO:colcon.colcon_core.shell:Skip shell extension 'powershell' for command environment: Not usable outside of PowerShell
[2.398s] DEBUG:colcon.colcon_core.shell:Skip shell extension 'dsv' for command environment
[2.509s] DEBUG:colcon.colcon_core.event_handler.log_command:Invoking command in '/home/s/Inertial_Sense/imx/SDK/ros2/build/inertial_sense_ros2': CMAKE_PREFIX_PATH=${CMAKE_PREFIX_PATH}:/opt/ros/jazzy DEBUGINFOD_URLS=https://debuginfod.ubuntu.com /usr/bin/cmake --build /home/s/Inertial_Sense/imx/SDK/ros2/build/inertial_sense_ros2 -- -j16 -l16
[8.419s] DEBUG:colcon.colcon_core.event_handler.log_command:Invoked command in '/home/s/Inertial_Sense/imx/SDK/ros2/build/inertial_sense_ros2' returned '2': CMAKE_PREFIX_PATH=${CMAKE_PREFIX_PATH}:/opt/ros/jazzy DEBUGINFOD_URLS=https://debuginfod.ubuntu.com /usr/bin/cmake --build /home/s/Inertial_Sense/imx/SDK/ros2/build/inertial_sense_ros2 -- -j16 -l16
[11.632s] Level 1:colcon.colcon_core.environment:create_environment_scripts_only(inertial_sense_ros2)
[11.660s] Level 1:colcon.colcon_core.environment:checking '/home/s/Inertial_Sense/imx/SDK/ros2/install/inertial_sense_ros2' for CMake module files
[11.665s] Level 1:colcon.colcon_core.environment:checking '/home/s/Inertial_Sense/imx/SDK/ros2/install/inertial_sense_ros2' for CMake config files
[11.679s] Level 1:colcon.colcon_core.environment:checking '/home/s/Inertial_Sense/imx/SDK/ros2/install/inertial_sense_ros2/lib'
[11.681s] Level 1:colcon.colcon_core.shell:create_environment_hook('inertial_sense_ros2', 'ld_library_path_lib')
[11.682s] INFO:colcon.colcon_core.shell:Creating environment hook '/home/s/Inertial_Sense/imx/SDK/ros2/install/inertial_sense_ros2/share/inertial_sense_ros2/hook/ld_library_path_lib.ps1'
[11.692s] INFO:colcon.colcon_core.shell:Creating environment descriptor '/home/s/Inertial_Sense/imx/SDK/ros2/install/inertial_sense_ros2/share/inertial_sense_ros2/hook/ld_library_path_lib.dsv'
[11.696s] INFO:colcon.colcon_core.shell:Creating environment hook '/home/s/Inertial_Sense/imx/SDK/ros2/install/inertial_sense_ros2/share/inertial_sense_ros2/hook/ld_library_path_lib.sh'
[11.701s] Level 1:colcon.colcon_core.environment:checking '/home/s/Inertial_Sense/imx/SDK/ros2/install/inertial_sense_ros2/bin'
[11.702s] Level 1:colcon.colcon_core.environment:checking '/home/s/Inertial_Sense/imx/SDK/ros2/install/inertial_sense_ros2/lib/pkgconfig/inertial_sense_ros2.pc'
[11.703s] Level 1:colcon.colcon_core.environment:checking '/home/s/Inertial_Sense/imx/SDK/ros2/install/inertial_sense_ros2/lib/python3.12/site-packages'
[11.704s] Level 1:colcon.colcon_core.shell:create_environment_hook('inertial_sense_ros2', 'pythonpath')
[11.705s] INFO:colcon.colcon_core.shell:Creating environment hook '/home/s/Inertial_Sense/imx/SDK/ros2/install/inertial_sense_ros2/share/inertial_sense_ros2/hook/pythonpath.ps1'
[11.709s] INFO:colcon.colcon_core.shell:Creating environment descriptor '/home/s/Inertial_Sense/imx/SDK/ros2/install/inertial_sense_ros2/share/inertial_sense_ros2/hook/pythonpath.dsv'
[11.713s] INFO:colcon.colcon_core.shell:Creating environment hook '/home/s/Inertial_Sense/imx/SDK/ros2/install/inertial_sense_ros2/share/inertial_sense_ros2/hook/pythonpath.sh'
[11.719s] Level 1:colcon.colcon_core.environment:checking '/home/s/Inertial_Sense/imx/SDK/ros2/install/inertial_sense_ros2/bin'
[11.721s] INFO:colcon.colcon_core.shell:Creating package script '/home/s/Inertial_Sense/imx/SDK/ros2/install/inertial_sense_ros2/share/inertial_sense_ros2/package.ps1'
[11.726s] INFO:colcon.colcon_core.shell:Creating package descriptor '/home/s/Inertial_Sense/imx/SDK/ros2/install/inertial_sense_ros2/share/inertial_sense_ros2/package.dsv'
[11.731s] INFO:colcon.colcon_core.shell:Creating package script '/home/s/Inertial_Sense/imx/SDK/ros2/install/inertial_sense_ros2/share/inertial_sense_ros2/package.sh'
[11.737s] INFO:colcon.colcon_core.shell:Creating package script '/home/s/Inertial_Sense/imx/SDK/ros2/install/inertial_sense_ros2/share/inertial_sense_ros2/package.bash'
[11.743s] INFO:colcon.colcon_core.shell:Creating package script '/home/s/Inertial_Sense/imx/SDK/ros2/install/inertial_sense_ros2/share/inertial_sense_ros2/package.zsh'
[11.747s] Level 1:colcon.colcon_core.environment:create_file_with_runtime_dependencies(/home/s/Inertial_Sense/imx/SDK/ros2/install/inertial_sense_ros2/share/colcon-core/packages/inertial_sense_ros2)
[11.762s] DEBUG:colcon.colcon_parallel_executor.executor.parallel:closing loop
[11.764s] DEBUG:colcon.colcon_parallel_executor.executor.parallel:loop closed
[11.765s] DEBUG:colcon.colcon_parallel_executor.executor.parallel:run_until_complete finished with '2'
[11.766s] DEBUG:colcon.colcon_core.event_reactor:joining thread
[11.833s] INFO:colcon.colcon_core.plugin_system:Skipping extension 'colcon_notification.desktop_notification.terminal_notifier': Not used on non-Darwin systems
[11.834s] INFO:colcon.colcon_core.plugin_system:Skipping extension 'colcon_notification.desktop_notification.win32': Not used on non-Windows systems
[11.835s] INFO:colcon.colcon_notification.desktop_notification:Sending desktop notification using 'notify2'
[12.000s] DEBUG:colcon.colcon_core.event_reactor:joined thread
[12.001s] INFO:colcon.colcon_core.shell:Creating prefix script '/home/s/Inertial_Sense/imx/SDK/ros2/install/local_setup.ps1'
[12.007s] INFO:colcon.colcon_core.shell:Creating prefix util module '/home/s/Inertial_Sense/imx/SDK/ros2/install/_local_setup_util_ps1.py'
[12.014s] INFO:colcon.colcon_core.shell:Creating prefix chain script '/home/s/Inertial_Sense/imx/SDK/ros2/install/setup.ps1'
[12.021s] INFO:colcon.colcon_core.shell:Creating prefix script '/home/s/Inertial_Sense/imx/SDK/ros2/install/local_setup.sh'
[12.026s] INFO:colcon.colcon_core.shell:Creating prefix util module '/home/s/Inertial_Sense/imx/SDK/ros2/install/_local_setup_util_sh.py'
[12.032s] INFO:colcon.colcon_core.shell:Creating prefix chain script '/home/s/Inertial_Sense/imx/SDK/ros2/install/setup.sh'
[12.040s] INFO:colcon.colcon_core.shell:Creating prefix script '/home/s/Inertial_Sense/imx/SDK/ros2/install/local_setup.bash'
[12.046s] INFO:colcon.colcon_core.shell:Creating prefix chain script '/home/s/Inertial_Sense/imx/SDK/ros2/install/setup.bash'
[12.052s] INFO:colcon.colcon_core.shell:Creating prefix script '/home/s/Inertial_Sense/imx/SDK/ros2/install/local_setup.zsh'
[12.057s] INFO:colcon.colcon_core.shell:Creating prefix chain script '/home/s/Inertial_Sense/imx/SDK/ros2/install/setup.zsh'
