[0.145s] Invoking command in '/home/s/Inertial_Sense/imx/SDK/ros2/build/inertial_sense_ros2': CMAKE_PREFIX_PATH=${CMAKE_PREFIX_PATH}:/opt/ros/jazzy DEBUGINFOD_URLS=https://debuginfod.ubuntu.com /usr/bin/cmake --build /home/s/Inertial_Sense/imx/SDK/ros2/build/inertial_sense_ros2 -- -j16 -l16
[0.568s] -- Found std_msgs: 5.3.5 (/opt/ros/jazzy/share/std_msgs/cmake)
[0.862s] -- Found Python3: /usr/bin/python3 (found version "3.12.3") found components: Interpreter 
[1.926s] -- Found rosidl_generator_c: 4.6.2 (/opt/ros/jazzy/share/rosidl_generator_c/cmake)
[2.039s] -- Found rosidl_generator_cpp: 4.6.2 (/opt/ros/jazzy/share/rosidl_generator_cpp/cmake)
[2.172s] -- Using all available rosidl_typesupport_c: rosidl_typesupport_fastrtps_c;rosidl_typesupport_introspection_c
[2.324s] -- Using all available rosidl_typesupport_cpp: rosidl_typesupport_fastrtps_cpp;rosidl_typesupport_introspection_cpp
[2.581s] -- Found geometry_msgs: 5.3.5 (/opt/ros/jazzy/share/geometry_msgs/cmake)
[2.701s] -- Found rclcpp: 28.1.2 (/opt/ros/jazzy/share/rclcpp/cmake)
[3.156s] -- Found rmw_implementation_cmake: 7.3.1 (/opt/ros/jazzy/share/rmw_implementation_cmake/cmake)
[3.173s] -- Found rmw_fastrtps_cpp: 8.4.0 (/opt/ros/jazzy/share/rmw_fastrtps_cpp/cmake)
[3.833s] -- Using RMW implementation 'rmw_fastrtps_cpp' as default
[4.311s] -- Found rclpy: 7.1.1 (/opt/ros/jazzy/share/rclpy/cmake)
[4.314s] -- Found sensor_msgs: 5.3.5 (/opt/ros/jazzy/share/sensor_msgs/cmake)
[4.499s] -- Found diagnostic_msgs: 5.3.5 (/opt/ros/jazzy/share/diagnostic_msgs/cmake)
[4.630s] -- Found rosidl_default_generators: 1.6.0 (/opt/ros/jazzy/share/rosidl_default_generators/cmake)
[4.727s] -- Found rosidl_adapter: 4.6.2 (/opt/ros/jazzy/share/rosidl_adapter/cmake)
[8.073s] -- Found ament_cmake_ros: 0.12.0 (/opt/ros/jazzy/share/ament_cmake_ros/cmake)
[11.905s] -- Using all available rosidl_typesupport_c: rosidl_typesupport_fastrtps_c;rosidl_typesupport_introspection_c
[13.338s] -- Using all available rosidl_typesupport_cpp: rosidl_typesupport_fastrtps_cpp;rosidl_typesupport_introspection_cpp
[13.357s] -- Found python_cmake_module: 0.11.1 (/opt/ros/jazzy/share/python_cmake_module/cmake)
[16.093s] -- Found Python3: /usr/bin/python3 (found version "3.12.3") found components: Interpreter Development NumPy Development.Module Development.Embed 
[16.625s] -- Configuring done (16.1s)
[17.373s] -- Generating done (0.6s)
[17.427s] -- Build files have been written to: /home/s/Inertial_Sense/imx/SDK/ros2/build/inertial_sense_ros2
[17.991s] [  1%] [34m[1mGenerating type hashes for ROS interfaces[0m
[18.162s] [  1%] Built target ament_cmake_python_copy_inertial_sense_ros2
[20.479s] running egg_info
[20.688s] writing inertial_sense_ros2.egg-info/PKG-INFO
[20.692s] writing dependency_links to inertial_sense_ros2.egg-info/dependency_links.txt
[20.697s] writing top-level names to inertial_sense_ros2.egg-info/top_level.txt
[21.313s] [  1%] Built target inertial_sense_ros2__rosidl_generator_type_description
[21.393s] reading manifest file 'inertial_sense_ros2.egg-info/SOURCES.txt'
[21.403s] writing manifest file 'inertial_sense_ros2.egg-info/SOURCES.txt'
[21.501s] [  2%] [34m[1mGenerating C code for ROS interfaces[0m
[21.605s] [  2%] Built target ament_cmake_python_build_inertial_sense_ros2_egg
[21.655s] [  2%] [34m[1mGenerating C++ code for ROS interfaces[0m
[27.282s] [  2%] Built target inertial_sense_ros2__cpp
[28.164s] [  3%] [32mBuilding C object CMakeFiles/inertial_sense_ros2__rosidl_generator_c.dir/rosidl_generator_c/inertial_sense_ros2/msg/detail/g_time__description.c.o[0m
[28.198s] [  4%] [32mBuilding C object CMakeFiles/inertial_sense_ros2__rosidl_generator_c.dir/rosidl_generator_c/inertial_sense_ros2/msg/detail/g_time__functions.c.o[0m
[28.199s] [  5%] [32mBuilding C object CMakeFiles/inertial_sense_ros2__rosidl_generator_c.dir/rosidl_generator_c/inertial_sense_ros2/msg/detail/g_time__type_support.c.o[0m
[28.245s] [  6%] [32mBuilding C object CMakeFiles/inertial_sense_ros2__rosidl_generator_c.dir/rosidl_generator_c/inertial_sense_ros2/msg/detail/sat_info__description.c.o[0m
[28.246s] [  7%] [32mBuilding C object CMakeFiles/inertial_sense_ros2__rosidl_generator_c.dir/rosidl_generator_c/inertial_sense_ros2/msg/detail/sat_info__type_support.c.o[0m
[28.248s] [  8%] [32mBuilding C object CMakeFiles/inertial_sense_ros2__rosidl_generator_c.dir/rosidl_generator_c/inertial_sense_ros2/msg/detail/sat_info__functions.c.o[0m
[28.249s] [  9%] [32mBuilding C object CMakeFiles/inertial_sense_ros2__rosidl_generator_c.dir/rosidl_generator_c/inertial_sense_ros2/msg/detail/gps__description.c.o[0m
[28.272s] [ 10%] [32mBuilding C object CMakeFiles/inertial_sense_ros2__rosidl_generator_c.dir/rosidl_generator_c/inertial_sense_ros2/msg/detail/gps__functions.c.o[0m
[28.338s] [ 11%] [32mBuilding C object CMakeFiles/inertial_sense_ros2__rosidl_generator_c.dir/rosidl_generator_c/inertial_sense_ros2/msg/detail/gps_info__description.c.o[0m
[28.340s] [ 12%] [32mBuilding C object CMakeFiles/inertial_sense_ros2__rosidl_generator_c.dir/rosidl_generator_c/inertial_sense_ros2/msg/detail/gps__type_support.c.o[0m
[28.341s] [ 13%] [32mBuilding C object CMakeFiles/inertial_sense_ros2__rosidl_generator_c.dir/rosidl_generator_c/inertial_sense_ros2/msg/detail/gps_info__functions.c.o[0m
[28.383s] [ 14%] [32mBuilding C object CMakeFiles/inertial_sense_ros2__rosidl_generator_c.dir/rosidl_generator_c/inertial_sense_ros2/msg/detail/gps_info__type_support.c.o[0m
[28.858s] [ 15%] [32mBuilding C object CMakeFiles/inertial_sense_ros2__rosidl_generator_c.dir/rosidl_generator_c/inertial_sense_ros2/msg/detail/pimu__description.c.o[0m
[28.893s] [ 16%] [32mBuilding C object CMakeFiles/inertial_sense_ros2__rosidl_generator_c.dir/rosidl_generator_c/inertial_sense_ros2/msg/detail/rtk_info__description.c.o[0m
[28.949s] [ 17%] [32mBuilding C object CMakeFiles/inertial_sense_ros2__rosidl_generator_c.dir/rosidl_generator_c/inertial_sense_ros2/msg/detail/pimu__type_support.c.o[0m
[28.953s] [ 18%] [32mBuilding C object CMakeFiles/inertial_sense_ros2__rosidl_generator_c.dir/rosidl_generator_c/inertial_sense_ros2/msg/detail/pimu__functions.c.o[0m
[29.664s] [ 19%] [32mBuilding C object CMakeFiles/inertial_sense_ros2__rosidl_generator_c.dir/rosidl_generator_c/inertial_sense_ros2/msg/detail/rtk_info__functions.c.o[0m
[29.707s] [ 20%] [32mBuilding C object CMakeFiles/inertial_sense_ros2__rosidl_generator_c.dir/rosidl_generator_c/inertial_sense_ros2/msg/detail/rtk_info__type_support.c.o[0m
[29.783s] [ 21%] [32mBuilding C object CMakeFiles/inertial_sense_ros2__rosidl_generator_c.dir/rosidl_generator_c/inertial_sense_ros2/msg/detail/rtk_rel__functions.c.o[0m
[29.803s] [ 22%] [32mBuilding C object CMakeFiles/inertial_sense_ros2__rosidl_generator_c.dir/rosidl_generator_c/inertial_sense_ros2/msg/detail/rtk_rel__description.c.o[0m
[29.829s] [ 23%] [32mBuilding C object CMakeFiles/inertial_sense_ros2__rosidl_generator_c.dir/rosidl_generator_c/inertial_sense_ros2/msg/detail/rtk_rel__type_support.c.o[0m
[29.877s] [ 24%] [32mBuilding C object CMakeFiles/inertial_sense_ros2__rosidl_generator_c.dir/rosidl_generator_c/inertial_sense_ros2/msg/detail/glonass_ephemeris__description.c.o[0m
[29.918s] [ 25%] [32mBuilding C object CMakeFiles/inertial_sense_ros2__rosidl_generator_c.dir/rosidl_generator_c/inertial_sense_ros2/msg/detail/glonass_ephemeris__functions.c.o[0m
[29.919s] [ 25%] [32mBuilding C object CMakeFiles/inertial_sense_ros2__rosidl_generator_c.dir/rosidl_generator_c/inertial_sense_ros2/msg/detail/glonass_ephemeris__type_support.c.o[0m
[30.865s] [ 26%] [32m[1mLinking C shared library libinertial_sense_ros2__rosidl_generator_c.so[0m
[31.642s] [ 26%] Built target inertial_sense_ros2__rosidl_generator_c
[31.839s] [ 27%] [34m[1mGenerating C type support for eProsima Fast-RTPS[0m
[31.841s] [ 28%] [34m[1mGenerating C++ type support dispatch for ROS interfaces[0m
[31.854s] [ 30%] [34m[1mGenerating C type support dispatch for ROS interfaces[0m
[31.855s] [ 30%] [34m[1mGenerating C++ type support for eProsima Fast-RTPS[0m
[31.857s] [ 30%] [34m[1mGenerating C introspection for ROS interfaces[0m
[31.859s] [ 31%] [34m[1mGenerating C++ introspection for ROS interfaces[0m
[36.495s] [ 32%] [32mBuilding CXX object CMakeFiles/inertial_sense_ros2__rosidl_typesupport_cpp.dir/rosidl_typesupport_cpp/inertial_sense_ros2/msg/sat_info__type_support.cpp.o[0m
[36.537s] [ 33%] [32mBuilding CXX object CMakeFiles/inertial_sense_ros2__rosidl_typesupport_cpp.dir/rosidl_typesupport_cpp/inertial_sense_ros2/msg/g_time__type_support.cpp.o[0m
[36.640s] [ 34%] [32mBuilding CXX object CMakeFiles/inertial_sense_ros2__rosidl_typesupport_c.dir/rosidl_typesupport_c/inertial_sense_ros2/msg/g_time__type_support.cpp.o[0m
[36.685s] [ 35%] [32mBuilding CXX object CMakeFiles/inertial_sense_ros2__rosidl_typesupport_c.dir/rosidl_typesupport_c/inertial_sense_ros2/msg/sat_info__type_support.cpp.o[0m
[36.694s] [ 36%] [32mBuilding CXX object CMakeFiles/inertial_sense_ros2__rosidl_typesupport_cpp.dir/rosidl_typesupport_cpp/inertial_sense_ros2/msg/gps__type_support.cpp.o[0m
[36.755s] [ 37%] [32mBuilding CXX object CMakeFiles/inertial_sense_ros2__rosidl_typesupport_cpp.dir/rosidl_typesupport_cpp/inertial_sense_ros2/msg/pimu__type_support.cpp.o[0m
[36.757s] [ 37%] [32mBuilding CXX object CMakeFiles/inertial_sense_ros2__rosidl_typesupport_cpp.dir/rosidl_typesupport_cpp/inertial_sense_ros2/msg/gps_info__type_support.cpp.o[0m
[36.763s] [ 38%] [32mBuilding CXX object CMakeFiles/inertial_sense_ros2__rosidl_typesupport_cpp.dir/rosidl_typesupport_cpp/inertial_sense_ros2/msg/rtk_info__type_support.cpp.o[0m
[36.870s] [ 39%] [32mBuilding CXX object CMakeFiles/inertial_sense_ros2__rosidl_typesupport_c.dir/rosidl_typesupport_c/inertial_sense_ros2/msg/gps_info__type_support.cpp.o[0m
[36.923s] [ 40%] [32mBuilding CXX object CMakeFiles/inertial_sense_ros2__rosidl_typesupport_c.dir/rosidl_typesupport_c/inertial_sense_ros2/msg/pimu__type_support.cpp.o[0m
[36.978s] [ 41%] [32mBuilding CXX object CMakeFiles/inertial_sense_ros2__rosidl_typesupport_c.dir/rosidl_typesupport_c/inertial_sense_ros2/msg/gps__type_support.cpp.o[0m
[37.047s] [ 42%] [32mBuilding CXX object CMakeFiles/inertial_sense_ros2__rosidl_typesupport_cpp.dir/rosidl_typesupport_cpp/inertial_sense_ros2/msg/rtk_rel__type_support.cpp.o[0m
[37.375s] [ 43%] [32mBuilding CXX object CMakeFiles/inertial_sense_ros2__rosidl_typesupport_introspection_cpp.dir/rosidl_typesupport_introspection_cpp/inertial_sense_ros2/msg/detail/g_time__type_support.cpp.o[0m
[37.678s] [ 44%] [32mBuilding C object CMakeFiles/inertial_sense_ros2__rosidl_typesupport_introspection_c.dir/rosidl_typesupport_introspection_c/inertial_sense_ros2/msg/detail/g_time__type_support.c.o[0m
[38.623s] [ 45%] [32mBuilding CXX object CMakeFiles/inertial_sense_ros2__rosidl_typesupport_cpp.dir/rosidl_typesupport_cpp/inertial_sense_ros2/msg/glonass_ephemeris__type_support.cpp.o[0m
[38.706s] [ 46%] [32mBuilding CXX object CMakeFiles/inertial_sense_ros2__rosidl_typesupport_introspection_cpp.dir/rosidl_typesupport_introspection_cpp/inertial_sense_ros2/msg/detail/sat_info__type_support.cpp.o[0m
[39.060s] [ 47%] [32mBuilding CXX object CMakeFiles/inertial_sense_ros2__rosidl_typesupport_c.dir/rosidl_typesupport_c/inertial_sense_ros2/msg/rtk_info__type_support.cpp.o[0m
[39.075s] [ 48%] [32mBuilding C object CMakeFiles/inertial_sense_ros2__rosidl_typesupport_introspection_c.dir/rosidl_typesupport_introspection_c/inertial_sense_ros2/msg/detail/sat_info__type_support.c.o[0m
[39.137s] [ 49%] [32mBuilding CXX object CMakeFiles/inertial_sense_ros2__rosidl_typesupport_introspection_cpp.dir/rosidl_typesupport_introspection_cpp/inertial_sense_ros2/msg/detail/gps__type_support.cpp.o[0m
[39.847s] [ 50%] [32mBuilding CXX object CMakeFiles/inertial_sense_ros2__rosidl_typesupport_c.dir/rosidl_typesupport_c/inertial_sense_ros2/msg/rtk_rel__type_support.cpp.o[0m
[41.006s] [ 51%] [32mBuilding C object CMakeFiles/inertial_sense_ros2__rosidl_typesupport_introspection_c.dir/rosidl_typesupport_introspection_c/inertial_sense_ros2/msg/detail/gps__type_support.c.o[0m
[41.394s] [ 52%] [32mBuilding CXX object CMakeFiles/inertial_sense_ros2__rosidl_typesupport_introspection_cpp.dir/rosidl_typesupport_introspection_cpp/inertial_sense_ros2/msg/detail/gps_info__type_support.cpp.o[0m
[41.604s] [ 53%] [32mBuilding CXX object CMakeFiles/inertial_sense_ros2__rosidl_typesupport_c.dir/rosidl_typesupport_c/inertial_sense_ros2/msg/glonass_ephemeris__type_support.cpp.o[0m
[42.365s] [ 54%] [32mBuilding CXX object CMakeFiles/inertial_sense_ros2__rosidl_typesupport_fastrtps_c.dir/rosidl_typesupport_fastrtps_c/inertial_sense_ros2/msg/detail/g_time__type_support_c.cpp.o[0m
[42.740s] [ 55%] [32mBuilding C object CMakeFiles/inertial_sense_ros2__rosidl_typesupport_introspection_c.dir/rosidl_typesupport_introspection_c/inertial_sense_ros2/msg/detail/gps_info__type_support.c.o[0m
[42.993s] [ 56%] [32mBuilding CXX object CMakeFiles/inertial_sense_ros2__rosidl_typesupport_fastrtps_cpp.dir/rosidl_typesupport_fastrtps_cpp/inertial_sense_ros2/msg/detail/dds_fastrtps/g_time__type_support.cpp.o[0m
[43.953s] [ 57%] [32m[1mLinking CXX shared library libinertial_sense_ros2__rosidl_typesupport_c.so[0m
[44.998s] [ 58%] [32mBuilding C object CMakeFiles/inertial_sense_ros2__rosidl_typesupport_introspection_c.dir/rosidl_typesupport_introspection_c/inertial_sense_ros2/msg/detail/pimu__type_support.c.o[0m
[45.084s] [ 59%] [32mBuilding CXX object CMakeFiles/inertial_sense_ros2__rosidl_typesupport_fastrtps_c.dir/rosidl_typesupport_fastrtps_c/inertial_sense_ros2/msg/detail/sat_info__type_support_c.cpp.o[0m
[45.455s] [ 60%] [32mBuilding CXX object CMakeFiles/inertial_sense_ros2__rosidl_typesupport_introspection_cpp.dir/rosidl_typesupport_introspection_cpp/inertial_sense_ros2/msg/detail/pimu__type_support.cpp.o[0m
[45.572s] [ 61%] [32mBuilding CXX object CMakeFiles/inertial_sense_ros2__rosidl_typesupport_fastrtps_cpp.dir/rosidl_typesupport_fastrtps_cpp/inertial_sense_ros2/msg/detail/dds_fastrtps/sat_info__type_support.cpp.o[0m
[45.840s] [ 62%] [32mBuilding CXX object CMakeFiles/inertial_sense_ros2__rosidl_typesupport_introspection_cpp.dir/rosidl_typesupport_introspection_cpp/inertial_sense_ros2/msg/detail/rtk_info__type_support.cpp.o[0m
[45.957s] [ 63%] [32mBuilding CXX object CMakeFiles/inertial_sense_ros2__rosidl_typesupport_fastrtps_c.dir/rosidl_typesupport_fastrtps_c/inertial_sense_ros2/msg/detail/gps__type_support_c.cpp.o[0m
[46.052s] [ 64%] [32mBuilding CXX object CMakeFiles/inertial_sense_ros2__rosidl_typesupport_fastrtps_cpp.dir/rosidl_typesupport_fastrtps_cpp/inertial_sense_ros2/msg/detail/dds_fastrtps/gps__type_support.cpp.o[0m
[46.245s] [ 65%] [32mBuilding CXX object CMakeFiles/inertial_sense_ros2__rosidl_typesupport_fastrtps_c.dir/rosidl_typesupport_fastrtps_c/inertial_sense_ros2/msg/detail/gps_info__type_support_c.cpp.o[0m
[46.483s] [ 66%] [32mBuilding CXX object CMakeFiles/inertial_sense_ros2__rosidl_typesupport_fastrtps_cpp.dir/rosidl_typesupport_fastrtps_cpp/inertial_sense_ros2/msg/detail/dds_fastrtps/gps_info__type_support.cpp.o[0m
[47.016s] [ 67%] [32mBuilding C object CMakeFiles/inertial_sense_ros2__rosidl_typesupport_introspection_c.dir/rosidl_typesupport_introspection_c/inertial_sense_ros2/msg/detail/rtk_info__type_support.c.o[0m
[47.408s] [ 67%] Built target inertial_sense_ros2__rosidl_typesupport_c
[47.701s] [ 68%] [32mBuilding CXX object CMakeFiles/inertial_sense_ros2__rosidl_typesupport_introspection_cpp.dir/rosidl_typesupport_introspection_cpp/inertial_sense_ros2/msg/detail/rtk_rel__type_support.cpp.o[0m
[47.955s] [ 69%] [32m[1mLinking CXX shared library libinertial_sense_ros2__rosidl_typesupport_cpp.so[0m
[48.334s] [ 70%] [32mBuilding CXX object CMakeFiles/inertial_sense_ros2__rosidl_typesupport_fastrtps_cpp.dir/rosidl_typesupport_fastrtps_cpp/inertial_sense_ros2/msg/detail/dds_fastrtps/pimu__type_support.cpp.o[0m
[48.734s] [ 71%] [32mBuilding C object CMakeFiles/inertial_sense_ros2__rosidl_typesupport_introspection_c.dir/rosidl_typesupport_introspection_c/inertial_sense_ros2/msg/detail/rtk_rel__type_support.c.o[0m
[48.943s] [ 72%] [32mBuilding C object CMakeFiles/inertial_sense_ros2__rosidl_typesupport_introspection_c.dir/rosidl_typesupport_introspection_c/inertial_sense_ros2/msg/detail/glonass_ephemeris__type_support.c.o[0m
[50.633s] [ 73%] [32mBuilding CXX object CMakeFiles/inertial_sense_ros2__rosidl_typesupport_fastrtps_c.dir/rosidl_typesupport_fastrtps_c/inertial_sense_ros2/msg/detail/pimu__type_support_c.cpp.o[0m
[50.832s] [ 73%] Built target inertial_sense_ros2__rosidl_typesupport_cpp
[51.091s] [ 74%] [32m[1mLinking C shared library libinertial_sense_ros2__rosidl_typesupport_introspection_c.so[0m
[51.093s] [ 75%] [32mBuilding CXX object CMakeFiles/inertial_sense_ros2__rosidl_typesupport_fastrtps_c.dir/rosidl_typesupport_fastrtps_c/inertial_sense_ros2/msg/detail/rtk_info__type_support_c.cpp.o[0m
[51.524s] [ 76%] [32mBuilding CXX object CMakeFiles/inertial_sense_ros2__rosidl_typesupport_introspection_cpp.dir/rosidl_typesupport_introspection_cpp/inertial_sense_ros2/msg/detail/glonass_ephemeris__type_support.cpp.o[0m
[52.742s] [ 76%] Built target inertial_sense_ros2__rosidl_typesupport_introspection_c
[53.356s] [ 77%] [32mBuilding CXX object CMakeFiles/inertial_sense_ros2__rosidl_typesupport_fastrtps_cpp.dir/rosidl_typesupport_fastrtps_cpp/inertial_sense_ros2/msg/detail/dds_fastrtps/rtk_info__type_support.cpp.o[0m
[55.056s] [ 78%] [32mBuilding CXX object CMakeFiles/inertial_sense_ros2__rosidl_typesupport_fastrtps_c.dir/rosidl_typesupport_fastrtps_c/inertial_sense_ros2/msg/detail/rtk_rel__type_support_c.cpp.o[0m
[55.630s] [ 79%] [32mBuilding CXX object CMakeFiles/inertial_sense_ros2__rosidl_typesupport_fastrtps_c.dir/rosidl_typesupport_fastrtps_c/inertial_sense_ros2/msg/detail/glonass_ephemeris__type_support_c.cpp.o[0m
[55.824s] [ 80%] [32mBuilding CXX object CMakeFiles/inertial_sense_ros2__rosidl_typesupport_fastrtps_cpp.dir/rosidl_typesupport_fastrtps_cpp/inertial_sense_ros2/msg/detail/dds_fastrtps/rtk_rel__type_support.cpp.o[0m
[55.968s] [ 81%] [32mBuilding CXX object CMakeFiles/inertial_sense_ros2__rosidl_typesupport_fastrtps_cpp.dir/rosidl_typesupport_fastrtps_cpp/inertial_sense_ros2/msg/detail/dds_fastrtps/glonass_ephemeris__type_support.cpp.o[0m
[60.225s] [ 82%] [32m[1mLinking CXX shared library libinertial_sense_ros2__rosidl_typesupport_introspection_cpp.so[0m
[61.718s] [ 82%] Built target inertial_sense_ros2__rosidl_typesupport_introspection_cpp
[63.961s] [ 83%] [32m[1mLinking CXX shared library libinertial_sense_ros2__rosidl_typesupport_fastrtps_c.so[0m
[64.226s] [ 84%] [32m[1mLinking CXX shared library libinertial_sense_ros2__rosidl_typesupport_fastrtps_cpp.so[0m
[65.169s] [ 84%] Built target inertial_sense_ros2__rosidl_typesupport_fastrtps_c
[65.464s] [ 84%] Built target inertial_sense_ros2__rosidl_typesupport_fastrtps_cpp
[65.817s] [ 84%] Built target inertial_sense_ros2
[66.173s] [ 85%] [34m[1mGenerating Python code for ROS interfaces[0m
[73.372s] [ 85%] Built target inertial_sense_ros2__py
[73.958s] [ 86%] [32mBuilding C object CMakeFiles/inertial_sense_ros2__rosidl_generator_py.dir/rosidl_generator_py/inertial_sense_ros2/msg/_gps_s.c.o[0m
[73.961s] [ 87%] [32mBuilding C object CMakeFiles/inertial_sense_ros2__rosidl_generator_py.dir/rosidl_generator_py/inertial_sense_ros2/msg/_sat_info_s.c.o[0m
[73.962s] [ 88%] [32mBuilding C object CMakeFiles/inertial_sense_ros2__rosidl_generator_py.dir/rosidl_generator_py/inertial_sense_ros2/msg/_g_time_s.c.o[0m
[73.972s] [ 89%] [32mBuilding C object CMakeFiles/inertial_sense_ros2__rosidl_generator_py.dir/rosidl_generator_py/inertial_sense_ros2/msg/_gps_info_s.c.o[0m
[73.994s] [ 91%] [32mBuilding C object CMakeFiles/inertial_sense_ros2__rosidl_generator_py.dir/rosidl_generator_py/inertial_sense_ros2/msg/_rtk_info_s.c.o[0m
[73.996s] [ 91%] [32mBuilding C object CMakeFiles/inertial_sense_ros2__rosidl_generator_py.dir/rosidl_generator_py/inertial_sense_ros2/msg/_pimu_s.c.o[0m
[74.006s] [ 92%] [32mBuilding C object CMakeFiles/inertial_sense_ros2__rosidl_generator_py.dir/rosidl_generator_py/inertial_sense_ros2/msg/_rtk_rel_s.c.o[0m
[74.015s] [ 93%] [32mBuilding C object CMakeFiles/inertial_sense_ros2__rosidl_generator_py.dir/rosidl_generator_py/inertial_sense_ros2/msg/_glonass_ephemeris_s.c.o[0m
[76.791s] [ 94%] [32m[1mLinking C shared library libinertial_sense_ros2__rosidl_generator_py.so[0m
[77.639s] [ 94%] Built target inertial_sense_ros2__rosidl_generator_py
[78.054s] [ 95%] [32mBuilding C object CMakeFiles/inertial_sense_ros2_s__rosidl_typesupport_introspection_c.dir/rosidl_generator_py/inertial_sense_ros2/_inertial_sense_ros2_s.ep.rosidl_typesupport_introspection_c.c.o[0m
[78.059s] [ 96%] [32mBuilding C object CMakeFiles/inertial_sense_ros2_s__rosidl_typesupport_fastrtps_c.dir/rosidl_generator_py/inertial_sense_ros2/_inertial_sense_ros2_s.ep.rosidl_typesupport_fastrtps_c.c.o[0m
[78.063s] [ 97%] [32mBuilding C object CMakeFiles/inertial_sense_ros2_s__rosidl_typesupport_c.dir/rosidl_generator_py/inertial_sense_ros2/_inertial_sense_ros2_s.ep.rosidl_typesupport_c.c.o[0m
[80.006s] [ 98%] [32m[1mLinking C shared module rosidl_generator_py/inertial_sense_ros2/inertial_sense_ros2_s__rosidl_typesupport_c.so[0m
[80.051s] [ 99%] [32m[1mLinking C shared module rosidl_generator_py/inertial_sense_ros2/inertial_sense_ros2_s__rosidl_typesupport_introspection_c.so[0m
[80.202s] [100%] [32m[1mLinking C shared module rosidl_generator_py/inertial_sense_ros2/inertial_sense_ros2_s__rosidl_typesupport_fastrtps_c.so[0m
[80.681s] [100%] Built target inertial_sense_ros2_s__rosidl_typesupport_c
[80.743s] [100%] Built target inertial_sense_ros2_s__rosidl_typesupport_introspection_c
[80.919s] [100%] Built target inertial_sense_ros2_s__rosidl_typesupport_fastrtps_c
[81.085s] Invoked command in '/home/s/Inertial_Sense/imx/SDK/ros2/build/inertial_sense_ros2' returned '0': CMAKE_PREFIX_PATH=${CMAKE_PREFIX_PATH}:/opt/ros/jazzy DEBUGINFOD_URLS=https://debuginfod.ubuntu.com /usr/bin/cmake --build /home/s/Inertial_Sense/imx/SDK/ros2/build/inertial_sense_ros2 -- -j16 -l16
[86.447s] Invoking command in '/home/s/Inertial_Sense/imx/SDK/ros2/build/inertial_sense_ros2': CMAKE_PREFIX_PATH=${CMAKE_PREFIX_PATH}:/opt/ros/jazzy DEBUGINFOD_URLS=https://debuginfod.ubuntu.com /usr/bin/cmake --install /home/s/Inertial_Sense/imx/SDK/ros2/build/inertial_sense_ros2
[86.581s] -- Install configuration: ""
[86.583s] -- Installing: /home/s/Inertial_Sense/imx/SDK/ros2/install/inertial_sense_ros2/share/ament_index/resource_index/rosidl_interfaces/inertial_sense_ros2
[86.587s] -- Installing: /home/s/Inertial_Sense/imx/SDK/ros2/install/inertial_sense_ros2/share/inertial_sense_ros2/msg/GTime.json
[86.591s] -- Installing: /home/s/Inertial_Sense/imx/SDK/ros2/install/inertial_sense_ros2/share/inertial_sense_ros2/msg/SatInfo.json
[86.594s] -- Installing: /home/s/Inertial_Sense/imx/SDK/ros2/install/inertial_sense_ros2/share/inertial_sense_ros2/msg/GPS.json
[86.597s] -- Installing: /home/s/Inertial_Sense/imx/SDK/ros2/install/inertial_sense_ros2/share/inertial_sense_ros2/msg/GPSInfo.json
[86.601s] -- Installing: /home/s/Inertial_Sense/imx/SDK/ros2/install/inertial_sense_ros2/share/inertial_sense_ros2/msg/PIMU.json
[86.602s] -- Installing: /home/s/Inertial_Sense/imx/SDK/ros2/install/inertial_sense_ros2/share/inertial_sense_ros2/msg/RTKInfo.json
[86.606s] -- Installing: /home/s/Inertial_Sense/imx/SDK/ros2/install/inertial_sense_ros2/share/inertial_sense_ros2/msg/RTKRel.json
[86.610s] -- Installing: /home/s/Inertial_Sense/imx/SDK/ros2/install/inertial_sense_ros2/share/inertial_sense_ros2/msg/GlonassEphemeris.json
[86.617s] -- Up-to-date: /home/s/Inertial_Sense/imx/SDK/ros2/install/inertial_sense_ros2/include/inertial_sense_ros2/inertial_sense_ros2
[86.622s] -- Up-to-date: /home/s/Inertial_Sense/imx/SDK/ros2/install/inertial_sense_ros2/include/inertial_sense_ros2/inertial_sense_ros2/msg
[86.624s] -- Installing: /home/s/Inertial_Sense/imx/SDK/ros2/install/inertial_sense_ros2/include/inertial_sense_ros2/inertial_sense_ros2/msg/sat_info.h
[86.626s] -- Installing: /home/s/Inertial_Sense/imx/SDK/ros2/install/inertial_sense_ros2/include/inertial_sense_ros2/inertial_sense_ros2/msg/gps_info.h
[86.629s] -- Installing: /home/s/Inertial_Sense/imx/SDK/ros2/install/inertial_sense_ros2/include/inertial_sense_ros2/inertial_sense_ros2/msg/glonass_ephemeris.h
[86.631s] -- Installing: /home/s/Inertial_Sense/imx/SDK/ros2/install/inertial_sense_ros2/include/inertial_sense_ros2/inertial_sense_ros2/msg/g_time.h
[86.633s] -- Installing: /home/s/Inertial_Sense/imx/SDK/ros2/install/inertial_sense_ros2/include/inertial_sense_ros2/inertial_sense_ros2/msg/gps.h
[86.635s] -- Installing: /home/s/Inertial_Sense/imx/SDK/ros2/install/inertial_sense_ros2/include/inertial_sense_ros2/inertial_sense_ros2/msg/pimu.h
[86.639s] -- Up-to-date: /home/s/Inertial_Sense/imx/SDK/ros2/install/inertial_sense_ros2/include/inertial_sense_ros2/inertial_sense_ros2/msg/rosidl_generator_c__visibility_control.h
[86.641s] -- Installing: /home/s/Inertial_Sense/imx/SDK/ros2/install/inertial_sense_ros2/include/inertial_sense_ros2/inertial_sense_ros2/msg/rtk_rel.h
[86.644s] -- Up-to-date: /home/s/Inertial_Sense/imx/SDK/ros2/install/inertial_sense_ros2/include/inertial_sense_ros2/inertial_sense_ros2/msg/detail
[86.646s] -- Installing: /home/s/Inertial_Sense/imx/SDK/ros2/install/inertial_sense_ros2/include/inertial_sense_ros2/inertial_sense_ros2/msg/detail/glonass_ephemeris__functions.h
[86.649s] -- Installing: /home/s/Inertial_Sense/imx/SDK/ros2/install/inertial_sense_ros2/include/inertial_sense_ros2/inertial_sense_ros2/msg/detail/glonass_ephemeris__type_support.h
[86.652s] -- Installing: /home/s/Inertial_Sense/imx/SDK/ros2/install/inertial_sense_ros2/include/inertial_sense_ros2/inertial_sense_ros2/msg/detail/rtk_rel__struct.h
[86.654s] -- Installing: /home/s/Inertial_Sense/imx/SDK/ros2/install/inertial_sense_ros2/include/inertial_sense_ros2/inertial_sense_ros2/msg/detail/rtk_info__struct.h
[86.656s] -- Installing: /home/s/Inertial_Sense/imx/SDK/ros2/install/inertial_sense_ros2/include/inertial_sense_ros2/inertial_sense_ros2/msg/detail/gps__struct.h
[86.658s] -- Installing: /home/s/Inertial_Sense/imx/SDK/ros2/install/inertial_sense_ros2/include/inertial_sense_ros2/inertial_sense_ros2/msg/detail/rtk_info__type_support.h
[86.659s] -- Installing: /home/s/Inertial_Sense/imx/SDK/ros2/install/inertial_sense_ros2/include/inertial_sense_ros2/inertial_sense_ros2/msg/detail/g_time__struct.h
[86.664s] -- Installing: /home/s/Inertial_Sense/imx/SDK/ros2/install/inertial_sense_ros2/include/inertial_sense_ros2/inertial_sense_ros2/msg/detail/gps_info__functions.c
[86.667s] -- Installing: /home/s/Inertial_Sense/imx/SDK/ros2/install/inertial_sense_ros2/include/inertial_sense_ros2/inertial_sense_ros2/msg/detail/glonass_ephemeris__functions.c
[86.669s] -- Installing: /home/s/Inertial_Sense/imx/SDK/ros2/install/inertial_sense_ros2/include/inertial_sense_ros2/inertial_sense_ros2/msg/detail/rtk_rel__functions.h
[86.671s] -- Installing: /home/s/Inertial_Sense/imx/SDK/ros2/install/inertial_sense_ros2/include/inertial_sense_ros2/inertial_sense_ros2/msg/detail/pimu__type_support.h
[86.674s] -- Installing: /home/s/Inertial_Sense/imx/SDK/ros2/install/inertial_sense_ros2/include/inertial_sense_ros2/inertial_sense_ros2/msg/detail/gps_info__type_support.h
[86.676s] -- Installing: /home/s/Inertial_Sense/imx/SDK/ros2/install/inertial_sense_ros2/include/inertial_sense_ros2/inertial_sense_ros2/msg/detail/sat_info__type_support.h
[86.679s] -- Installing: /home/s/Inertial_Sense/imx/SDK/ros2/install/inertial_sense_ros2/include/inertial_sense_ros2/inertial_sense_ros2/msg/detail/gps__type_support.c
[86.681s] -- Installing: /home/s/Inertial_Sense/imx/SDK/ros2/install/inertial_sense_ros2/include/inertial_sense_ros2/inertial_sense_ros2/msg/detail/sat_info__functions.c
[86.684s] -- Installing: /home/s/Inertial_Sense/imx/SDK/ros2/install/inertial_sense_ros2/include/inertial_sense_ros2/inertial_sense_ros2/msg/detail/pimu__struct.h
[86.687s] -- Installing: /home/s/Inertial_Sense/imx/SDK/ros2/install/inertial_sense_ros2/include/inertial_sense_ros2/inertial_sense_ros2/msg/detail/rtk_info__functions.c
[86.692s] -- Installing: /home/s/Inertial_Sense/imx/SDK/ros2/install/inertial_sense_ros2/include/inertial_sense_ros2/inertial_sense_ros2/msg/detail/g_time__type_support.c
[86.695s] -- Installing: /home/s/Inertial_Sense/imx/SDK/ros2/install/inertial_sense_ros2/include/inertial_sense_ros2/inertial_sense_ros2/msg/detail/pimu__description.c
[86.697s] -- Installing: /home/s/Inertial_Sense/imx/SDK/ros2/install/inertial_sense_ros2/include/inertial_sense_ros2/inertial_sense_ros2/msg/detail/g_time__type_support.h
[86.700s] -- Installing: /home/s/Inertial_Sense/imx/SDK/ros2/install/inertial_sense_ros2/include/inertial_sense_ros2/inertial_sense_ros2/msg/detail/gps_info__struct.h
[86.702s] -- Installing: /home/s/Inertial_Sense/imx/SDK/ros2/install/inertial_sense_ros2/include/inertial_sense_ros2/inertial_sense_ros2/msg/detail/gps_info__type_support.c
[86.704s] -- Installing: /home/s/Inertial_Sense/imx/SDK/ros2/install/inertial_sense_ros2/include/inertial_sense_ros2/inertial_sense_ros2/msg/detail/rtk_rel__type_support.h
[86.707s] -- Installing: /home/s/Inertial_Sense/imx/SDK/ros2/install/inertial_sense_ros2/include/inertial_sense_ros2/inertial_sense_ros2/msg/detail/g_time__functions.h
[86.713s] -- Installing: /home/s/Inertial_Sense/imx/SDK/ros2/install/inertial_sense_ros2/include/inertial_sense_ros2/inertial_sense_ros2/msg/detail/rtk_info__functions.h
[86.715s] -- Installing: /home/s/Inertial_Sense/imx/SDK/ros2/install/inertial_sense_ros2/include/inertial_sense_ros2/inertial_sense_ros2/msg/detail/sat_info__struct.h
[86.719s] -- Installing: /home/s/Inertial_Sense/imx/SDK/ros2/install/inertial_sense_ros2/include/inertial_sense_ros2/inertial_sense_ros2/msg/detail/rtk_info__type_support.c
[86.721s] -- Installing: /home/s/Inertial_Sense/imx/SDK/ros2/install/inertial_sense_ros2/include/inertial_sense_ros2/inertial_sense_ros2/msg/detail/g_time__functions.c
[86.723s] -- Installing: /home/s/Inertial_Sense/imx/SDK/ros2/install/inertial_sense_ros2/include/inertial_sense_ros2/inertial_sense_ros2/msg/detail/rtk_info__description.c
[86.727s] -- Installing: /home/s/Inertial_Sense/imx/SDK/ros2/install/inertial_sense_ros2/include/inertial_sense_ros2/inertial_sense_ros2/msg/detail/g_time__description.c
[86.730s] -- Installing: /home/s/Inertial_Sense/imx/SDK/ros2/install/inertial_sense_ros2/include/inertial_sense_ros2/inertial_sense_ros2/msg/detail/pimu__type_support.c
[86.732s] -- Installing: /home/s/Inertial_Sense/imx/SDK/ros2/install/inertial_sense_ros2/include/inertial_sense_ros2/inertial_sense_ros2/msg/detail/gps__functions.c
[86.736s] -- Installing: /home/s/Inertial_Sense/imx/SDK/ros2/install/inertial_sense_ros2/include/inertial_sense_ros2/inertial_sense_ros2/msg/detail/rtk_rel__type_support.c
[86.737s] -- Installing: /home/s/Inertial_Sense/imx/SDK/ros2/install/inertial_sense_ros2/include/inertial_sense_ros2/inertial_sense_ros2/msg/detail/rtk_rel__description.c
[86.741s] -- Installing: /home/s/Inertial_Sense/imx/SDK/ros2/install/inertial_sense_ros2/include/inertial_sense_ros2/inertial_sense_ros2/msg/detail/sat_info__functions.h
[86.742s] -- Installing: /home/s/Inertial_Sense/imx/SDK/ros2/install/inertial_sense_ros2/include/inertial_sense_ros2/inertial_sense_ros2/msg/detail/gps__description.c
[86.746s] -- Installing: /home/s/Inertial_Sense/imx/SDK/ros2/install/inertial_sense_ros2/include/inertial_sense_ros2/inertial_sense_ros2/msg/detail/pimu__functions.c
[86.748s] -- Installing: /home/s/Inertial_Sense/imx/SDK/ros2/install/inertial_sense_ros2/include/inertial_sense_ros2/inertial_sense_ros2/msg/detail/gps_info__description.c
[86.750s] -- Installing: /home/s/Inertial_Sense/imx/SDK/ros2/install/inertial_sense_ros2/include/inertial_sense_ros2/inertial_sense_ros2/msg/detail/sat_info__description.c
[86.754s] -- Installing: /home/s/Inertial_Sense/imx/SDK/ros2/install/inertial_sense_ros2/include/inertial_sense_ros2/inertial_sense_ros2/msg/detail/rtk_rel__functions.c
[86.757s] -- Installing: /home/s/Inertial_Sense/imx/SDK/ros2/install/inertial_sense_ros2/include/inertial_sense_ros2/inertial_sense_ros2/msg/detail/gps_info__functions.h
[86.759s] -- Installing: /home/s/Inertial_Sense/imx/SDK/ros2/install/inertial_sense_ros2/include/inertial_sense_ros2/inertial_sense_ros2/msg/detail/glonass_ephemeris__description.c
[86.762s] -- Installing: /home/s/Inertial_Sense/imx/SDK/ros2/install/inertial_sense_ros2/include/inertial_sense_ros2/inertial_sense_ros2/msg/detail/glonass_ephemeris__struct.h
[86.765s] -- Installing: /home/s/Inertial_Sense/imx/SDK/ros2/install/inertial_sense_ros2/include/inertial_sense_ros2/inertial_sense_ros2/msg/detail/gps__type_support.h
[86.768s] -- Installing: /home/s/Inertial_Sense/imx/SDK/ros2/install/inertial_sense_ros2/include/inertial_sense_ros2/inertial_sense_ros2/msg/detail/gps__functions.h
[86.773s] -- Installing: /home/s/Inertial_Sense/imx/SDK/ros2/install/inertial_sense_ros2/include/inertial_sense_ros2/inertial_sense_ros2/msg/detail/glonass_ephemeris__type_support.c
[86.775s] -- Installing: /home/s/Inertial_Sense/imx/SDK/ros2/install/inertial_sense_ros2/include/inertial_sense_ros2/inertial_sense_ros2/msg/detail/pimu__functions.h
[86.778s] -- Installing: /home/s/Inertial_Sense/imx/SDK/ros2/install/inertial_sense_ros2/include/inertial_sense_ros2/inertial_sense_ros2/msg/detail/sat_info__type_support.c
[86.781s] -- Installing: /home/s/Inertial_Sense/imx/SDK/ros2/install/inertial_sense_ros2/include/inertial_sense_ros2/inertial_sense_ros2/msg/rtk_info.h
[86.784s] -- Up-to-date: /home/s/Inertial_Sense/imx/SDK/ros2/install/inertial_sense_ros2/share/inertial_sense_ros2/environment/library_path.sh
[86.785s] -- Up-to-date: /home/s/Inertial_Sense/imx/SDK/ros2/install/inertial_sense_ros2/share/inertial_sense_ros2/environment/library_path.dsv
[86.792s] -- Installing: /home/s/Inertial_Sense/imx/SDK/ros2/install/inertial_sense_ros2/lib/libinertial_sense_ros2__rosidl_generator_c.so
[86.814s] -- Set non-toolchain portion of runtime path of "/home/s/Inertial_Sense/imx/SDK/ros2/install/inertial_sense_ros2/lib/libinertial_sense_ros2__rosidl_generator_c.so" to ""
[86.817s] -- Up-to-date: /home/s/Inertial_Sense/imx/SDK/ros2/install/inertial_sense_ros2/include/inertial_sense_ros2/inertial_sense_ros2
[86.819s] -- Up-to-date: /home/s/Inertial_Sense/imx/SDK/ros2/install/inertial_sense_ros2/include/inertial_sense_ros2/inertial_sense_ros2/msg
[86.822s] -- Up-to-date: /home/s/Inertial_Sense/imx/SDK/ros2/install/inertial_sense_ros2/include/inertial_sense_ros2/inertial_sense_ros2/msg/rosidl_typesupport_fastrtps_c__visibility_control.h
[86.824s] -- Up-to-date: /home/s/Inertial_Sense/imx/SDK/ros2/install/inertial_sense_ros2/include/inertial_sense_ros2/inertial_sense_ros2/msg/detail
[86.826s] -- Installing: /home/s/Inertial_Sense/imx/SDK/ros2/install/inertial_sense_ros2/include/inertial_sense_ros2/inertial_sense_ros2/msg/detail/g_time__rosidl_typesupport_fastrtps_c.h
[86.828s] -- Installing: /home/s/Inertial_Sense/imx/SDK/ros2/install/inertial_sense_ros2/include/inertial_sense_ros2/inertial_sense_ros2/msg/detail/gps__rosidl_typesupport_fastrtps_c.h
[86.830s] -- Installing: /home/s/Inertial_Sense/imx/SDK/ros2/install/inertial_sense_ros2/include/inertial_sense_ros2/inertial_sense_ros2/msg/detail/rtk_info__rosidl_typesupport_fastrtps_c.h
[86.832s] -- Installing: /home/s/Inertial_Sense/imx/SDK/ros2/install/inertial_sense_ros2/include/inertial_sense_ros2/inertial_sense_ros2/msg/detail/rtk_rel__rosidl_typesupport_fastrtps_c.h
[86.835s] -- Installing: /home/s/Inertial_Sense/imx/SDK/ros2/install/inertial_sense_ros2/include/inertial_sense_ros2/inertial_sense_ros2/msg/detail/gps_info__rosidl_typesupport_fastrtps_c.h
[86.837s] -- Installing: /home/s/Inertial_Sense/imx/SDK/ros2/install/inertial_sense_ros2/include/inertial_sense_ros2/inertial_sense_ros2/msg/detail/glonass_ephemeris__rosidl_typesupport_fastrtps_c.h
[86.839s] -- Installing: /home/s/Inertial_Sense/imx/SDK/ros2/install/inertial_sense_ros2/include/inertial_sense_ros2/inertial_sense_ros2/msg/detail/sat_info__rosidl_typesupport_fastrtps_c.h
[86.840s] -- Installing: /home/s/Inertial_Sense/imx/SDK/ros2/install/inertial_sense_ros2/include/inertial_sense_ros2/inertial_sense_ros2/msg/detail/pimu__rosidl_typesupport_fastrtps_c.h
[86.850s] -- Installing: /home/s/Inertial_Sense/imx/SDK/ros2/install/inertial_sense_ros2/lib/libinertial_sense_ros2__rosidl_typesupport_fastrtps_c.so
[86.874s] -- Set non-toolchain portion of runtime path of "/home/s/Inertial_Sense/imx/SDK/ros2/install/inertial_sense_ros2/lib/libinertial_sense_ros2__rosidl_typesupport_fastrtps_c.so" to ""
[86.876s] -- Up-to-date: /home/s/Inertial_Sense/imx/SDK/ros2/install/inertial_sense_ros2/include/inertial_sense_ros2/inertial_sense_ros2
[86.879s] -- Up-to-date: /home/s/Inertial_Sense/imx/SDK/ros2/install/inertial_sense_ros2/include/inertial_sense_ros2/inertial_sense_ros2/msg
[86.881s] -- Installing: /home/s/Inertial_Sense/imx/SDK/ros2/install/inertial_sense_ros2/include/inertial_sense_ros2/inertial_sense_ros2/msg/rtk_info.hpp
[86.884s] -- Installing: /home/s/Inertial_Sense/imx/SDK/ros2/install/inertial_sense_ros2/include/inertial_sense_ros2/inertial_sense_ros2/msg/gps.hpp
[86.887s] -- Installing: /home/s/Inertial_Sense/imx/SDK/ros2/install/inertial_sense_ros2/include/inertial_sense_ros2/inertial_sense_ros2/msg/rosidl_generator_cpp__visibility_control.hpp
[86.889s] -- Installing: /home/s/Inertial_Sense/imx/SDK/ros2/install/inertial_sense_ros2/include/inertial_sense_ros2/inertial_sense_ros2/msg/sat_info.hpp
[86.892s] -- Installing: /home/s/Inertial_Sense/imx/SDK/ros2/install/inertial_sense_ros2/include/inertial_sense_ros2/inertial_sense_ros2/msg/glonass_ephemeris.hpp
[86.895s] -- Installing: /home/s/Inertial_Sense/imx/SDK/ros2/install/inertial_sense_ros2/include/inertial_sense_ros2/inertial_sense_ros2/msg/g_time.hpp
[86.897s] -- Installing: /home/s/Inertial_Sense/imx/SDK/ros2/install/inertial_sense_ros2/include/inertial_sense_ros2/inertial_sense_ros2/msg/pimu.hpp
[86.901s] -- Installing: /home/s/Inertial_Sense/imx/SDK/ros2/install/inertial_sense_ros2/include/inertial_sense_ros2/inertial_sense_ros2/msg/gps_info.hpp
[86.904s] -- Up-to-date: /home/s/Inertial_Sense/imx/SDK/ros2/install/inertial_sense_ros2/include/inertial_sense_ros2/inertial_sense_ros2/msg/detail
[86.906s] -- Installing: /home/s/Inertial_Sense/imx/SDK/ros2/install/inertial_sense_ros2/include/inertial_sense_ros2/inertial_sense_ros2/msg/detail/pimu__struct.hpp
[86.909s] -- Installing: /home/s/Inertial_Sense/imx/SDK/ros2/install/inertial_sense_ros2/include/inertial_sense_ros2/inertial_sense_ros2/msg/detail/rtk_info__builder.hpp
[86.910s] -- Installing: /home/s/Inertial_Sense/imx/SDK/ros2/install/inertial_sense_ros2/include/inertial_sense_ros2/inertial_sense_ros2/msg/detail/rtk_rel__builder.hpp
[86.913s] -- Installing: /home/s/Inertial_Sense/imx/SDK/ros2/install/inertial_sense_ros2/include/inertial_sense_ros2/inertial_sense_ros2/msg/detail/rtk_info__type_support.hpp
[86.916s] -- Installing: /home/s/Inertial_Sense/imx/SDK/ros2/install/inertial_sense_ros2/include/inertial_sense_ros2/inertial_sense_ros2/msg/detail/gps__builder.hpp
[86.919s] -- Installing: /home/s/Inertial_Sense/imx/SDK/ros2/install/inertial_sense_ros2/include/inertial_sense_ros2/inertial_sense_ros2/msg/detail/glonass_ephemeris__struct.hpp
[86.921s] -- Installing: /home/s/Inertial_Sense/imx/SDK/ros2/install/inertial_sense_ros2/include/inertial_sense_ros2/inertial_sense_ros2/msg/detail/glonass_ephemeris__type_support.hpp
[86.923s] -- Installing: /home/s/Inertial_Sense/imx/SDK/ros2/install/inertial_sense_ros2/include/inertial_sense_ros2/inertial_sense_ros2/msg/detail/rtk_info__traits.hpp
[86.925s] -- Installing: /home/s/Inertial_Sense/imx/SDK/ros2/install/inertial_sense_ros2/include/inertial_sense_ros2/inertial_sense_ros2/msg/detail/g_time__struct.hpp
[86.927s] -- Installing: /home/s/Inertial_Sense/imx/SDK/ros2/install/inertial_sense_ros2/include/inertial_sense_ros2/inertial_sense_ros2/msg/detail/gps__type_support.hpp
[86.929s] -- Installing: /home/s/Inertial_Sense/imx/SDK/ros2/install/inertial_sense_ros2/include/inertial_sense_ros2/inertial_sense_ros2/msg/detail/sat_info__builder.hpp
[86.933s] -- Installing: /home/s/Inertial_Sense/imx/SDK/ros2/install/inertial_sense_ros2/include/inertial_sense_ros2/inertial_sense_ros2/msg/detail/rtk_info__struct.hpp
[86.935s] -- Installing: /home/s/Inertial_Sense/imx/SDK/ros2/install/inertial_sense_ros2/include/inertial_sense_ros2/inertial_sense_ros2/msg/detail/gps__traits.hpp
[86.939s] -- Installing: /home/s/Inertial_Sense/imx/SDK/ros2/install/inertial_sense_ros2/include/inertial_sense_ros2/inertial_sense_ros2/msg/detail/glonass_ephemeris__builder.hpp
[86.941s] -- Installing: /home/s/Inertial_Sense/imx/SDK/ros2/install/inertial_sense_ros2/include/inertial_sense_ros2/inertial_sense_ros2/msg/detail/g_time__builder.hpp
[86.945s] -- Installing: /home/s/Inertial_Sense/imx/SDK/ros2/install/inertial_sense_ros2/include/inertial_sense_ros2/inertial_sense_ros2/msg/detail/g_time__type_support.hpp
[86.947s] -- Installing: /home/s/Inertial_Sense/imx/SDK/ros2/install/inertial_sense_ros2/include/inertial_sense_ros2/inertial_sense_ros2/msg/detail/glonass_ephemeris__traits.hpp
[86.954s] -- Installing: /home/s/Inertial_Sense/imx/SDK/ros2/install/inertial_sense_ros2/include/inertial_sense_ros2/inertial_sense_ros2/msg/detail/gps_info__builder.hpp
[86.957s] -- Installing: /home/s/Inertial_Sense/imx/SDK/ros2/install/inertial_sense_ros2/include/inertial_sense_ros2/inertial_sense_ros2/msg/detail/gps_info__struct.hpp
[86.959s] -- Installing: /home/s/Inertial_Sense/imx/SDK/ros2/install/inertial_sense_ros2/include/inertial_sense_ros2/inertial_sense_ros2/msg/detail/sat_info__type_support.hpp
[86.963s] -- Installing: /home/s/Inertial_Sense/imx/SDK/ros2/install/inertial_sense_ros2/include/inertial_sense_ros2/inertial_sense_ros2/msg/detail/sat_info__traits.hpp
[86.965s] -- Installing: /home/s/Inertial_Sense/imx/SDK/ros2/install/inertial_sense_ros2/include/inertial_sense_ros2/inertial_sense_ros2/msg/detail/pimu__traits.hpp
[86.969s] -- Installing: /home/s/Inertial_Sense/imx/SDK/ros2/install/inertial_sense_ros2/include/inertial_sense_ros2/inertial_sense_ros2/msg/detail/g_time__traits.hpp
[86.971s] -- Installing: /home/s/Inertial_Sense/imx/SDK/ros2/install/inertial_sense_ros2/include/inertial_sense_ros2/inertial_sense_ros2/msg/detail/gps_info__traits.hpp
[86.973s] -- Installing: /home/s/Inertial_Sense/imx/SDK/ros2/install/inertial_sense_ros2/include/inertial_sense_ros2/inertial_sense_ros2/msg/detail/rtk_rel__struct.hpp
[86.975s] -- Installing: /home/s/Inertial_Sense/imx/SDK/ros2/install/inertial_sense_ros2/include/inertial_sense_ros2/inertial_sense_ros2/msg/detail/rtk_rel__type_support.hpp
[86.977s] -- Installing: /home/s/Inertial_Sense/imx/SDK/ros2/install/inertial_sense_ros2/include/inertial_sense_ros2/inertial_sense_ros2/msg/detail/rtk_rel__traits.hpp
[86.979s] -- Installing: /home/s/Inertial_Sense/imx/SDK/ros2/install/inertial_sense_ros2/include/inertial_sense_ros2/inertial_sense_ros2/msg/detail/sat_info__struct.hpp
[86.982s] -- Installing: /home/s/Inertial_Sense/imx/SDK/ros2/install/inertial_sense_ros2/include/inertial_sense_ros2/inertial_sense_ros2/msg/detail/pimu__type_support.hpp
[86.984s] -- Installing: /home/s/Inertial_Sense/imx/SDK/ros2/install/inertial_sense_ros2/include/inertial_sense_ros2/inertial_sense_ros2/msg/detail/pimu__builder.hpp
[86.988s] -- Installing: /home/s/Inertial_Sense/imx/SDK/ros2/install/inertial_sense_ros2/include/inertial_sense_ros2/inertial_sense_ros2/msg/detail/gps_info__type_support.hpp
[86.989s] -- Installing: /home/s/Inertial_Sense/imx/SDK/ros2/install/inertial_sense_ros2/include/inertial_sense_ros2/inertial_sense_ros2/msg/detail/gps__struct.hpp
[86.994s] -- Installing: /home/s/Inertial_Sense/imx/SDK/ros2/install/inertial_sense_ros2/include/inertial_sense_ros2/inertial_sense_ros2/msg/rtk_rel.hpp
[86.996s] -- Up-to-date: /home/s/Inertial_Sense/imx/SDK/ros2/install/inertial_sense_ros2/include/inertial_sense_ros2/inertial_sense_ros2
[87.001s] -- Up-to-date: /home/s/Inertial_Sense/imx/SDK/ros2/install/inertial_sense_ros2/include/inertial_sense_ros2/inertial_sense_ros2/msg
[87.005s] -- Up-to-date: /home/s/Inertial_Sense/imx/SDK/ros2/install/inertial_sense_ros2/include/inertial_sense_ros2/inertial_sense_ros2/msg/rosidl_typesupport_fastrtps_cpp__visibility_control.h
[87.008s] -- Up-to-date: /home/s/Inertial_Sense/imx/SDK/ros2/install/inertial_sense_ros2/include/inertial_sense_ros2/inertial_sense_ros2/msg/detail
[87.011s] -- Installing: /home/s/Inertial_Sense/imx/SDK/ros2/install/inertial_sense_ros2/include/inertial_sense_ros2/inertial_sense_ros2/msg/detail/sat_info__rosidl_typesupport_fastrtps_cpp.hpp
[87.013s] -- Up-to-date: /home/s/Inertial_Sense/imx/SDK/ros2/install/inertial_sense_ros2/include/inertial_sense_ros2/inertial_sense_ros2/msg/detail/dds_fastrtps
[87.017s] -- Installing: /home/s/Inertial_Sense/imx/SDK/ros2/install/inertial_sense_ros2/include/inertial_sense_ros2/inertial_sense_ros2/msg/detail/rtk_rel__rosidl_typesupport_fastrtps_cpp.hpp
[87.019s] -- Installing: /home/s/Inertial_Sense/imx/SDK/ros2/install/inertial_sense_ros2/include/inertial_sense_ros2/inertial_sense_ros2/msg/detail/rtk_info__rosidl_typesupport_fastrtps_cpp.hpp
[87.021s] -- Installing: /home/s/Inertial_Sense/imx/SDK/ros2/install/inertial_sense_ros2/include/inertial_sense_ros2/inertial_sense_ros2/msg/detail/gps_info__rosidl_typesupport_fastrtps_cpp.hpp
[87.023s] -- Installing: /home/s/Inertial_Sense/imx/SDK/ros2/install/inertial_sense_ros2/include/inertial_sense_ros2/inertial_sense_ros2/msg/detail/gps__rosidl_typesupport_fastrtps_cpp.hpp
[87.024s] -- Installing: /home/s/Inertial_Sense/imx/SDK/ros2/install/inertial_sense_ros2/include/inertial_sense_ros2/inertial_sense_ros2/msg/detail/g_time__rosidl_typesupport_fastrtps_cpp.hpp
[87.026s] -- Installing: /home/s/Inertial_Sense/imx/SDK/ros2/install/inertial_sense_ros2/include/inertial_sense_ros2/inertial_sense_ros2/msg/detail/glonass_ephemeris__rosidl_typesupport_fastrtps_cpp.hpp
[87.027s] -- Installing: /home/s/Inertial_Sense/imx/SDK/ros2/install/inertial_sense_ros2/include/inertial_sense_ros2/inertial_sense_ros2/msg/detail/pimu__rosidl_typesupport_fastrtps_cpp.hpp
[87.034s] -- Installing: /home/s/Inertial_Sense/imx/SDK/ros2/install/inertial_sense_ros2/lib/libinertial_sense_ros2__rosidl_typesupport_fastrtps_cpp.so
[87.057s] -- Set non-toolchain portion of runtime path of "/home/s/Inertial_Sense/imx/SDK/ros2/install/inertial_sense_ros2/lib/libinertial_sense_ros2__rosidl_typesupport_fastrtps_cpp.so" to ""
[87.060s] -- Up-to-date: /home/s/Inertial_Sense/imx/SDK/ros2/install/inertial_sense_ros2/include/inertial_sense_ros2/inertial_sense_ros2
[87.062s] -- Up-to-date: /home/s/Inertial_Sense/imx/SDK/ros2/install/inertial_sense_ros2/include/inertial_sense_ros2/inertial_sense_ros2/msg
[87.064s] -- Up-to-date: /home/s/Inertial_Sense/imx/SDK/ros2/install/inertial_sense_ros2/include/inertial_sense_ros2/inertial_sense_ros2/msg/rosidl_typesupport_introspection_c__visibility_control.h
[87.066s] -- Up-to-date: /home/s/Inertial_Sense/imx/SDK/ros2/install/inertial_sense_ros2/include/inertial_sense_ros2/inertial_sense_ros2/msg/detail
[87.069s] -- Installing: /home/s/Inertial_Sense/imx/SDK/ros2/install/inertial_sense_ros2/include/inertial_sense_ros2/inertial_sense_ros2/msg/detail/gps_info__rosidl_typesupport_introspection_c.h
[87.071s] -- Installing: /home/s/Inertial_Sense/imx/SDK/ros2/install/inertial_sense_ros2/include/inertial_sense_ros2/inertial_sense_ros2/msg/detail/glonass_ephemeris__rosidl_typesupport_introspection_c.h
[87.074s] -- Installing: /home/s/Inertial_Sense/imx/SDK/ros2/install/inertial_sense_ros2/include/inertial_sense_ros2/inertial_sense_ros2/msg/detail/rtk_rel__rosidl_typesupport_introspection_c.h
[87.075s] -- Installing: /home/s/Inertial_Sense/imx/SDK/ros2/install/inertial_sense_ros2/include/inertial_sense_ros2/inertial_sense_ros2/msg/detail/pimu__rosidl_typesupport_introspection_c.h
[87.077s] -- Installing: /home/s/Inertial_Sense/imx/SDK/ros2/install/inertial_sense_ros2/include/inertial_sense_ros2/inertial_sense_ros2/msg/detail/gps__type_support.c
[87.080s] -- Installing: /home/s/Inertial_Sense/imx/SDK/ros2/install/inertial_sense_ros2/include/inertial_sense_ros2/inertial_sense_ros2/msg/detail/sat_info__rosidl_typesupport_introspection_c.h
[87.081s] -- Installing: /home/s/Inertial_Sense/imx/SDK/ros2/install/inertial_sense_ros2/include/inertial_sense_ros2/inertial_sense_ros2/msg/detail/g_time__type_support.c
[87.083s] -- Installing: /home/s/Inertial_Sense/imx/SDK/ros2/install/inertial_sense_ros2/include/inertial_sense_ros2/inertial_sense_ros2/msg/detail/g_time__rosidl_typesupport_introspection_c.h
[87.086s] -- Installing: /home/s/Inertial_Sense/imx/SDK/ros2/install/inertial_sense_ros2/include/inertial_sense_ros2/inertial_sense_ros2/msg/detail/gps_info__type_support.c
[87.089s] -- Installing: /home/s/Inertial_Sense/imx/SDK/ros2/install/inertial_sense_ros2/include/inertial_sense_ros2/inertial_sense_ros2/msg/detail/rtk_info__type_support.c
[87.091s] -- Installing: /home/s/Inertial_Sense/imx/SDK/ros2/install/inertial_sense_ros2/include/inertial_sense_ros2/inertial_sense_ros2/msg/detail/rtk_info__rosidl_typesupport_introspection_c.h
[87.095s] -- Installing: /home/s/Inertial_Sense/imx/SDK/ros2/install/inertial_sense_ros2/include/inertial_sense_ros2/inertial_sense_ros2/msg/detail/pimu__type_support.c
[87.097s] -- Installing: /home/s/Inertial_Sense/imx/SDK/ros2/install/inertial_sense_ros2/include/inertial_sense_ros2/inertial_sense_ros2/msg/detail/rtk_rel__type_support.c
[87.099s] -- Installing: /home/s/Inertial_Sense/imx/SDK/ros2/install/inertial_sense_ros2/include/inertial_sense_ros2/inertial_sense_ros2/msg/detail/glonass_ephemeris__type_support.c
[87.101s] -- Installing: /home/s/Inertial_Sense/imx/SDK/ros2/install/inertial_sense_ros2/include/inertial_sense_ros2/inertial_sense_ros2/msg/detail/gps__rosidl_typesupport_introspection_c.h
[87.104s] -- Installing: /home/s/Inertial_Sense/imx/SDK/ros2/install/inertial_sense_ros2/include/inertial_sense_ros2/inertial_sense_ros2/msg/detail/sat_info__type_support.c
[87.115s] -- Installing: /home/s/Inertial_Sense/imx/SDK/ros2/install/inertial_sense_ros2/lib/libinertial_sense_ros2__rosidl_typesupport_introspection_c.so
[87.136s] -- Set non-toolchain portion of runtime path of "/home/s/Inertial_Sense/imx/SDK/ros2/install/inertial_sense_ros2/lib/libinertial_sense_ros2__rosidl_typesupport_introspection_c.so" to ""
[87.145s] -- Installing: /home/s/Inertial_Sense/imx/SDK/ros2/install/inertial_sense_ros2/lib/libinertial_sense_ros2__rosidl_typesupport_c.so
[87.168s] -- Set non-toolchain portion of runtime path of "/home/s/Inertial_Sense/imx/SDK/ros2/install/inertial_sense_ros2/lib/libinertial_sense_ros2__rosidl_typesupport_c.so" to ""
[87.169s] -- Up-to-date: /home/s/Inertial_Sense/imx/SDK/ros2/install/inertial_sense_ros2/include/inertial_sense_ros2/inertial_sense_ros2
[87.171s] -- Up-to-date: /home/s/Inertial_Sense/imx/SDK/ros2/install/inertial_sense_ros2/include/inertial_sense_ros2/inertial_sense_ros2/msg
[87.173s] -- Up-to-date: /home/s/Inertial_Sense/imx/SDK/ros2/install/inertial_sense_ros2/include/inertial_sense_ros2/inertial_sense_ros2/msg/detail
[87.175s] -- Installing: /home/s/Inertial_Sense/imx/SDK/ros2/install/inertial_sense_ros2/include/inertial_sense_ros2/inertial_sense_ros2/msg/detail/pimu__type_support.cpp
[87.177s] -- Installing: /home/s/Inertial_Sense/imx/SDK/ros2/install/inertial_sense_ros2/include/inertial_sense_ros2/inertial_sense_ros2/msg/detail/gps_info__type_support.cpp
[87.179s] -- Installing: /home/s/Inertial_Sense/imx/SDK/ros2/install/inertial_sense_ros2/include/inertial_sense_ros2/inertial_sense_ros2/msg/detail/pimu__rosidl_typesupport_introspection_cpp.hpp
[87.183s] -- Installing: /home/s/Inertial_Sense/imx/SDK/ros2/install/inertial_sense_ros2/include/inertial_sense_ros2/inertial_sense_ros2/msg/detail/glonass_ephemeris__type_support.cpp
[87.185s] -- Installing: /home/s/Inertial_Sense/imx/SDK/ros2/install/inertial_sense_ros2/include/inertial_sense_ros2/inertial_sense_ros2/msg/detail/glonass_ephemeris__rosidl_typesupport_introspection_cpp.hpp
[87.187s] -- Installing: /home/s/Inertial_Sense/imx/SDK/ros2/install/inertial_sense_ros2/include/inertial_sense_ros2/inertial_sense_ros2/msg/detail/gps__rosidl_typesupport_introspection_cpp.hpp
[87.189s] -- Installing: /home/s/Inertial_Sense/imx/SDK/ros2/install/inertial_sense_ros2/include/inertial_sense_ros2/inertial_sense_ros2/msg/detail/gps_info__rosidl_typesupport_introspection_cpp.hpp
[87.192s] -- Installing: /home/s/Inertial_Sense/imx/SDK/ros2/install/inertial_sense_ros2/include/inertial_sense_ros2/inertial_sense_ros2/msg/detail/sat_info__rosidl_typesupport_introspection_cpp.hpp
[87.194s] -- Installing: /home/s/Inertial_Sense/imx/SDK/ros2/install/inertial_sense_ros2/include/inertial_sense_ros2/inertial_sense_ros2/msg/detail/sat_info__type_support.cpp
[87.197s] -- Installing: /home/s/Inertial_Sense/imx/SDK/ros2/install/inertial_sense_ros2/include/inertial_sense_ros2/inertial_sense_ros2/msg/detail/g_time__type_support.cpp
[87.199s] -- Installing: /home/s/Inertial_Sense/imx/SDK/ros2/install/inertial_sense_ros2/include/inertial_sense_ros2/inertial_sense_ros2/msg/detail/rtk_rel__type_support.cpp
[87.200s] -- Installing: /home/s/Inertial_Sense/imx/SDK/ros2/install/inertial_sense_ros2/include/inertial_sense_ros2/inertial_sense_ros2/msg/detail/g_time__rosidl_typesupport_introspection_cpp.hpp
[87.201s] -- Installing: /home/s/Inertial_Sense/imx/SDK/ros2/install/inertial_sense_ros2/include/inertial_sense_ros2/inertial_sense_ros2/msg/detail/rtk_info__type_support.cpp
[87.204s] -- Installing: /home/s/Inertial_Sense/imx/SDK/ros2/install/inertial_sense_ros2/include/inertial_sense_ros2/inertial_sense_ros2/msg/detail/rtk_info__rosidl_typesupport_introspection_cpp.hpp
[87.207s] -- Installing: /home/s/Inertial_Sense/imx/SDK/ros2/install/inertial_sense_ros2/include/inertial_sense_ros2/inertial_sense_ros2/msg/detail/rtk_rel__rosidl_typesupport_introspection_cpp.hpp
[87.208s] -- Installing: /home/s/Inertial_Sense/imx/SDK/ros2/install/inertial_sense_ros2/include/inertial_sense_ros2/inertial_sense_ros2/msg/detail/gps__type_support.cpp
[87.218s] -- Installing: /home/s/Inertial_Sense/imx/SDK/ros2/install/inertial_sense_ros2/lib/libinertial_sense_ros2__rosidl_typesupport_introspection_cpp.so
[87.242s] -- Set non-toolchain portion of runtime path of "/home/s/Inertial_Sense/imx/SDK/ros2/install/inertial_sense_ros2/lib/libinertial_sense_ros2__rosidl_typesupport_introspection_cpp.so" to ""
[87.251s] -- Installing: /home/s/Inertial_Sense/imx/SDK/ros2/install/inertial_sense_ros2/lib/libinertial_sense_ros2__rosidl_typesupport_cpp.so
[87.272s] -- Set non-toolchain portion of runtime path of "/home/s/Inertial_Sense/imx/SDK/ros2/install/inertial_sense_ros2/lib/libinertial_sense_ros2__rosidl_typesupport_cpp.so" to ""
[87.276s] -- Up-to-date: /home/s/Inertial_Sense/imx/SDK/ros2/install/inertial_sense_ros2/share/inertial_sense_ros2/environment/pythonpath.sh
[87.277s] -- Up-to-date: /home/s/Inertial_Sense/imx/SDK/ros2/install/inertial_sense_ros2/share/inertial_sense_ros2/environment/pythonpath.dsv
[87.280s] -- Up-to-date: /home/s/Inertial_Sense/imx/SDK/ros2/install/inertial_sense_ros2/lib/python3.12/site-packages/inertial_sense_ros2-1.1.1-py3.12.egg-info
[87.282s] -- Installing: /home/s/Inertial_Sense/imx/SDK/ros2/install/inertial_sense_ros2/lib/python3.12/site-packages/inertial_sense_ros2-1.1.1-py3.12.egg-info/SOURCES.txt
[87.285s] -- Installing: /home/s/Inertial_Sense/imx/SDK/ros2/install/inertial_sense_ros2/lib/python3.12/site-packages/inertial_sense_ros2-1.1.1-py3.12.egg-info/PKG-INFO
[87.288s] -- Installing: /home/s/Inertial_Sense/imx/SDK/ros2/install/inertial_sense_ros2/lib/python3.12/site-packages/inertial_sense_ros2-1.1.1-py3.12.egg-info/dependency_links.txt
[87.290s] -- Installing: /home/s/Inertial_Sense/imx/SDK/ros2/install/inertial_sense_ros2/lib/python3.12/site-packages/inertial_sense_ros2-1.1.1-py3.12.egg-info/top_level.txt
[87.292s] -- Up-to-date: /home/s/Inertial_Sense/imx/SDK/ros2/install/inertial_sense_ros2/lib/python3.12/site-packages/inertial_sense_ros2
[87.296s] -- Installing: /home/s/Inertial_Sense/imx/SDK/ros2/install/inertial_sense_ros2/lib/python3.12/site-packages/inertial_sense_ros2/__init__.py
[87.298s] -- Installing: /home/s/Inertial_Sense/imx/SDK/ros2/install/inertial_sense_ros2/lib/python3.12/site-packages/inertial_sense_ros2/inertial_sense_ros2_s__rosidl_typesupport_c.so
[87.301s] -- Installing: /home/s/Inertial_Sense/imx/SDK/ros2/install/inertial_sense_ros2/lib/python3.12/site-packages/inertial_sense_ros2/_inertial_sense_ros2_s.ep.rosidl_typesupport_introspection_c.c
[87.303s] -- Up-to-date: /home/s/Inertial_Sense/imx/SDK/ros2/install/inertial_sense_ros2/lib/python3.12/site-packages/inertial_sense_ros2/msg
[87.305s] -- Installing: /home/s/Inertial_Sense/imx/SDK/ros2/install/inertial_sense_ros2/lib/python3.12/site-packages/inertial_sense_ros2/msg/_g_time_s.c
[87.307s] -- Installing: /home/s/Inertial_Sense/imx/SDK/ros2/install/inertial_sense_ros2/lib/python3.12/site-packages/inertial_sense_ros2/msg/__init__.py
[87.310s] -- Installing: /home/s/Inertial_Sense/imx/SDK/ros2/install/inertial_sense_ros2/lib/python3.12/site-packages/inertial_sense_ros2/msg/_pimu_s.c
[87.313s] -- Installing: /home/s/Inertial_Sense/imx/SDK/ros2/install/inertial_sense_ros2/lib/python3.12/site-packages/inertial_sense_ros2/msg/_gps_info_s.c
[87.315s] -- Installing: /home/s/Inertial_Sense/imx/SDK/ros2/install/inertial_sense_ros2/lib/python3.12/site-packages/inertial_sense_ros2/msg/_gps_info.py
[87.319s] -- Installing: /home/s/Inertial_Sense/imx/SDK/ros2/install/inertial_sense_ros2/lib/python3.12/site-packages/inertial_sense_ros2/msg/_glonass_ephemeris_s.c
[87.321s] -- Installing: /home/s/Inertial_Sense/imx/SDK/ros2/install/inertial_sense_ros2/lib/python3.12/site-packages/inertial_sense_ros2/msg/_glonass_ephemeris.py
[87.325s] -- Installing: /home/s/Inertial_Sense/imx/SDK/ros2/install/inertial_sense_ros2/lib/python3.12/site-packages/inertial_sense_ros2/msg/_gps_s.c
[87.326s] -- Installing: /home/s/Inertial_Sense/imx/SDK/ros2/install/inertial_sense_ros2/lib/python3.12/site-packages/inertial_sense_ros2/msg/_rtk_info_s.c
[87.329s] -- Installing: /home/s/Inertial_Sense/imx/SDK/ros2/install/inertial_sense_ros2/lib/python3.12/site-packages/inertial_sense_ros2/msg/_sat_info.py
[87.332s] -- Installing: /home/s/Inertial_Sense/imx/SDK/ros2/install/inertial_sense_ros2/lib/python3.12/site-packages/inertial_sense_ros2/msg/_pimu.py
[87.334s] -- Installing: /home/s/Inertial_Sense/imx/SDK/ros2/install/inertial_sense_ros2/lib/python3.12/site-packages/inertial_sense_ros2/msg/_rtk_rel_s.c
[87.337s] -- Installing: /home/s/Inertial_Sense/imx/SDK/ros2/install/inertial_sense_ros2/lib/python3.12/site-packages/inertial_sense_ros2/msg/_g_time.py
[87.339s] -- Installing: /home/s/Inertial_Sense/imx/SDK/ros2/install/inertial_sense_ros2/lib/python3.12/site-packages/inertial_sense_ros2/msg/_sat_info_s.c
[87.341s] -- Installing: /home/s/Inertial_Sense/imx/SDK/ros2/install/inertial_sense_ros2/lib/python3.12/site-packages/inertial_sense_ros2/msg/_rtk_rel.py
[87.343s] -- Installing: /home/s/Inertial_Sense/imx/SDK/ros2/install/inertial_sense_ros2/lib/python3.12/site-packages/inertial_sense_ros2/msg/_rtk_info.py
[87.346s] -- Installing: /home/s/Inertial_Sense/imx/SDK/ros2/install/inertial_sense_ros2/lib/python3.12/site-packages/inertial_sense_ros2/msg/_gps.py
[87.349s] -- Installing: /home/s/Inertial_Sense/imx/SDK/ros2/install/inertial_sense_ros2/lib/python3.12/site-packages/inertial_sense_ros2/inertial_sense_ros2_s__rosidl_typesupport_introspection_c.so
[87.352s] -- Installing: /home/s/Inertial_Sense/imx/SDK/ros2/install/inertial_sense_ros2/lib/python3.12/site-packages/inertial_sense_ros2/inertial_sense_ros2_s__rosidl_typesupport_fastrtps_c.so
[87.356s] -- Installing: /home/s/Inertial_Sense/imx/SDK/ros2/install/inertial_sense_ros2/lib/python3.12/site-packages/inertial_sense_ros2/_inertial_sense_ros2_s.ep.rosidl_typesupport_fastrtps_c.c
[87.359s] -- Installing: /home/s/Inertial_Sense/imx/SDK/ros2/install/inertial_sense_ros2/lib/python3.12/site-packages/inertial_sense_ros2/_inertial_sense_ros2_s.ep.rosidl_typesupport_c.c
[87.875s] Listing '/home/s/Inertial_Sense/imx/SDK/ros2/install/inertial_sense_ros2/lib/python3.12/site-packages/inertial_sense_ros2'...
[87.877s] Compiling '/home/s/Inertial_Sense/imx/SDK/ros2/install/inertial_sense_ros2/lib/python3.12/site-packages/inertial_sense_ros2/__init__.py'...
[87.879s] Listing '/home/s/Inertial_Sense/imx/SDK/ros2/install/inertial_sense_ros2/lib/python3.12/site-packages/inertial_sense_ros2/msg'...
[87.880s] Compiling '/home/s/Inertial_Sense/imx/SDK/ros2/install/inertial_sense_ros2/lib/python3.12/site-packages/inertial_sense_ros2/msg/__init__.py'...
[87.882s] Compiling '/home/s/Inertial_Sense/imx/SDK/ros2/install/inertial_sense_ros2/lib/python3.12/site-packages/inertial_sense_ros2/msg/_g_time.py'...
[87.883s] Compiling '/home/s/Inertial_Sense/imx/SDK/ros2/install/inertial_sense_ros2/lib/python3.12/site-packages/inertial_sense_ros2/msg/_glonass_ephemeris.py'...
[87.885s] Compiling '/home/s/Inertial_Sense/imx/SDK/ros2/install/inertial_sense_ros2/lib/python3.12/site-packages/inertial_sense_ros2/msg/_gps.py'...
[87.887s] Compiling '/home/s/Inertial_Sense/imx/SDK/ros2/install/inertial_sense_ros2/lib/python3.12/site-packages/inertial_sense_ros2/msg/_gps_info.py'...
[87.888s] Compiling '/home/s/Inertial_Sense/imx/SDK/ros2/install/inertial_sense_ros2/lib/python3.12/site-packages/inertial_sense_ros2/msg/_pimu.py'...
[87.890s] Compiling '/home/s/Inertial_Sense/imx/SDK/ros2/install/inertial_sense_ros2/lib/python3.12/site-packages/inertial_sense_ros2/msg/_rtk_info.py'...
[87.892s] Compiling '/home/s/Inertial_Sense/imx/SDK/ros2/install/inertial_sense_ros2/lib/python3.12/site-packages/inertial_sense_ros2/msg/_rtk_rel.py'...
[87.893s] Compiling '/home/s/Inertial_Sense/imx/SDK/ros2/install/inertial_sense_ros2/lib/python3.12/site-packages/inertial_sense_ros2/msg/_sat_info.py'...
[87.911s] -- Installing: /home/s/Inertial_Sense/imx/SDK/ros2/install/inertial_sense_ros2/lib/python3.12/site-packages/inertial_sense_ros2/inertial_sense_ros2_s__rosidl_typesupport_fastrtps_c.so
[87.934s] -- Set non-toolchain portion of runtime path of "/home/s/Inertial_Sense/imx/SDK/ros2/install/inertial_sense_ros2/lib/python3.12/site-packages/inertial_sense_ros2/inertial_sense_ros2_s__rosidl_typesupport_fastrtps_c.so" to ""
[87.945s] -- Installing: /home/s/Inertial_Sense/imx/SDK/ros2/install/inertial_sense_ros2/lib/python3.12/site-packages/inertial_sense_ros2/inertial_sense_ros2_s__rosidl_typesupport_introspection_c.so
[87.966s] -- Set non-toolchain portion of runtime path of "/home/s/Inertial_Sense/imx/SDK/ros2/install/inertial_sense_ros2/lib/python3.12/site-packages/inertial_sense_ros2/inertial_sense_ros2_s__rosidl_typesupport_introspection_c.so" to ""
[87.977s] -- Installing: /home/s/Inertial_Sense/imx/SDK/ros2/install/inertial_sense_ros2/lib/python3.12/site-packages/inertial_sense_ros2/inertial_sense_ros2_s__rosidl_typesupport_c.so
[87.997s] -- Set non-toolchain portion of runtime path of "/home/s/Inertial_Sense/imx/SDK/ros2/install/inertial_sense_ros2/lib/python3.12/site-packages/inertial_sense_ros2/inertial_sense_ros2_s__rosidl_typesupport_c.so" to ""
[88.011s] -- Installing: /home/s/Inertial_Sense/imx/SDK/ros2/install/inertial_sense_ros2/lib/libinertial_sense_ros2__rosidl_generator_py.so
[88.038s] -- Set non-toolchain portion of runtime path of "/home/s/Inertial_Sense/imx/SDK/ros2/install/inertial_sense_ros2/lib/libinertial_sense_ros2__rosidl_generator_py.so" to ""
[88.040s] -- Up-to-date: /home/s/Inertial_Sense/imx/SDK/ros2/install/inertial_sense_ros2/share/inertial_sense_ros2/msg/GTime.idl
[88.042s] -- Up-to-date: /home/s/Inertial_Sense/imx/SDK/ros2/install/inertial_sense_ros2/share/inertial_sense_ros2/msg/SatInfo.idl
[88.046s] -- Up-to-date: /home/s/Inertial_Sense/imx/SDK/ros2/install/inertial_sense_ros2/share/inertial_sense_ros2/msg/GPS.idl
[88.048s] -- Up-to-date: /home/s/Inertial_Sense/imx/SDK/ros2/install/inertial_sense_ros2/share/inertial_sense_ros2/msg/GPSInfo.idl
[88.050s] -- Up-to-date: /home/s/Inertial_Sense/imx/SDK/ros2/install/inertial_sense_ros2/share/inertial_sense_ros2/msg/PIMU.idl
[88.053s] -- Up-to-date: /home/s/Inertial_Sense/imx/SDK/ros2/install/inertial_sense_ros2/share/inertial_sense_ros2/msg/RTKInfo.idl
[88.055s] -- Up-to-date: /home/s/Inertial_Sense/imx/SDK/ros2/install/inertial_sense_ros2/share/inertial_sense_ros2/msg/RTKRel.idl
[88.058s] -- Installing: /home/s/Inertial_Sense/imx/SDK/ros2/install/inertial_sense_ros2/share/inertial_sense_ros2/msg/GlonassEphemeris.idl
[88.060s] -- Up-to-date: /home/s/Inertial_Sense/imx/SDK/ros2/install/inertial_sense_ros2/share/inertial_sense_ros2/msg/GTime.msg
[88.061s] -- Up-to-date: /home/s/Inertial_Sense/imx/SDK/ros2/install/inertial_sense_ros2/share/inertial_sense_ros2/msg/SatInfo.msg
[88.063s] -- Up-to-date: /home/s/Inertial_Sense/imx/SDK/ros2/install/inertial_sense_ros2/share/inertial_sense_ros2/msg/GPS.msg
[88.064s] -- Up-to-date: /home/s/Inertial_Sense/imx/SDK/ros2/install/inertial_sense_ros2/share/inertial_sense_ros2/msg/GPSInfo.msg
[88.066s] -- Up-to-date: /home/s/Inertial_Sense/imx/SDK/ros2/install/inertial_sense_ros2/share/inertial_sense_ros2/msg/PIMU.msg
[88.067s] -- Up-to-date: /home/s/Inertial_Sense/imx/SDK/ros2/install/inertial_sense_ros2/share/inertial_sense_ros2/msg/RTKInfo.msg
[88.069s] -- Up-to-date: /home/s/Inertial_Sense/imx/SDK/ros2/install/inertial_sense_ros2/share/inertial_sense_ros2/msg/RTKRel.msg
[88.070s] -- Installing: /home/s/Inertial_Sense/imx/SDK/ros2/install/inertial_sense_ros2/share/inertial_sense_ros2/msg/GlonassEphemeris.msg
[88.084s] Invoked command in '/home/s/Inertial_Sense/imx/SDK/ros2/build/inertial_sense_ros2' returned '0': CMAKE_PREFIX_PATH=${CMAKE_PREFIX_PATH}:/opt/ros/jazzy DEBUGINFOD_URLS=https://debuginfod.ubuntu.com /usr/bin/cmake --install /home/s/Inertial_Sense/imx/SDK/ros2/build/inertial_sense_ros2
