[  1%] Built target inertial_sense_ros2__rosidl_generator_type_description
[  1%] Built target ament_cmake_python_copy_inertial_sense_ros2
[  1%] Built target inertial_sense_ros2__cpp
[  2%] [32mBuilding CXX object CMakeFiles/new_target.dir/src/inertial_sense_ros2.cpp.o[0m
[  3%] [32mBuilding CXX object CMakeFiles/new_target.dir/include/TopicHelper.cpp.o[0m
[  3%] [32mBuilding CXX object CMakeFiles/new_target.dir/src/inertial_sense_node.cpp.o[0m
[ 29%] Built target inertial_sense_ros2__rosidl_generator_c
[ 49%] Built target inertial_sense_ros2__rosidl_typesupport_cpp
[ 49%] Built target inertial_sense_ros2__rosidl_typesupport_fastrtps_c
[ 59%] Built target inertial_sense_ros2__rosidl_typesupport_introspection_c
[ 68%] Built target inertial_sense_ros2__rosidl_typesupport_fastrtps_cpp
[ 77%] Built target inertial_sense_ros2__rosidl_typesupport_c
[ 86%] Built target inertial_sense_ros2__rosidl_typesupport_introspection_cpp
[ 86%] Built target inertial_sense_ros2
running egg_info
[ 87%] Built target inertial_sense_ros2__py
writing inertial_sense_ros2.egg-info/PKG-INFO
writing dependency_links to inertial_sense_ros2.egg-info/dependency_links.txt
writing top-level names to inertial_sense_ros2.egg-info/top_level.txt
[ 96%] Built target inertial_sense_ros2__rosidl_generator_py
[ 97%] Built target inertial_sense_ros2_s__rosidl_typesupport_introspection_c
[ 98%] Built target inertial_sense_ros2_s__rosidl_typesupport_fastrtps_c
reading manifest file 'inertial_sense_ros2.egg-info/SOURCES.txt'
writing manifest file 'inertial_sense_ros2.egg-info/SOURCES.txt'
[ 99%] Built target inertial_sense_ros2_s__rosidl_typesupport_c
[ 99%] Built target ament_cmake_python_build_inertial_sense_ros2_egg
[100%] [32m[1mLinking CXX executable new_target[0m
