[0.049s] Invoking command in '/home/s/Inertial_Sense/imx/SDK/ros2/build/inertial_sense_ros2': CMAKE_PREFIX_PATH=${CMAKE_PREFIX_PATH}:/opt/ros/jazzy DEBUGINFOD_URLS=https://debuginfod.ubuntu.com /usr/bin/cmake --build /home/s/Inertial_Sense/imx/SDK/ros2/build/inertial_sense_ros2 -- -j6 -l6
[0.224s] -- Found std_msgs: 5.3.5 (/opt/ros/jazzy/share/std_msgs/cmake)
[0.342s] -- Found Python3: /usr/bin/python3 (found version "3.12.3") found components: Interpreter 
[0.747s] -- Found rosidl_generator_c: 4.6.3 (/opt/ros/jazzy/share/rosidl_generator_c/cmake)
[0.781s] -- Found rosidl_generator_cpp: 4.6.3 (/opt/ros/jazzy/share/rosidl_generator_cpp/cmake)
[0.821s] -- Using all available rosidl_typesupport_c: rosidl_typesupport_fastrtps_c;rosidl_typesupport_introspection_c
[0.875s] -- Using all available rosidl_typesupport_cpp: rosidl_typesupport_fastrtps_cpp;rosidl_typesupport_introspection_cpp
[0.973s] -- Found std_srvs: 5.3.5 (/opt/ros/jazzy/share/std_srvs/cmake)
[1.090s] -- Found geometry_msgs: 5.3.5 (/opt/ros/jazzy/share/geometry_msgs/cmake)
[1.145s] -- Found rclcpp: 28.1.3 (/opt/ros/jazzy/share/rclcpp/cmake)
[1.278s] -- Found rmw_implementation_cmake: 7.3.1 (/opt/ros/jazzy/share/rmw_implementation_cmake/cmake)
[1.283s] -- Found rmw_fastrtps_cpp: 8.4.1 (/opt/ros/jazzy/share/rmw_fastrtps_cpp/cmake)
[1.513s] -- Using RMW implementation 'rmw_fastrtps_cpp' as default
[1.752s] -- Found rclpy: 7.1.1 (/opt/ros/jazzy/share/rclpy/cmake)
[1.753s] -- Found sensor_msgs: 5.3.5 (/opt/ros/jazzy/share/sensor_msgs/cmake)
[1.843s] -- Found nav_msgs: 5.3.5 (/opt/ros/jazzy/share/nav_msgs/cmake)
[1.940s] -- Found diagnostic_msgs: 5.3.5 (/opt/ros/jazzy/share/diagnostic_msgs/cmake)
[2.034s] -- Found rosidl_default_generators: 1.6.0 (/opt/ros/jazzy/share/rosidl_default_generators/cmake)
[2.065s] -- Found rosidl_adapter: 4.6.3 (/opt/ros/jazzy/share/rosidl_adapter/cmake)
[2.071s] -- Found tf2: 0.36.4 (/opt/ros/jazzy/share/tf2/cmake)
[3.541s] -- Found ament_cmake_ros: 0.12.0 (/opt/ros/jazzy/share/ament_cmake_ros/cmake)
[4.724s] -- Using all available rosidl_typesupport_c: rosidl_typesupport_fastrtps_c;rosidl_typesupport_introspection_c
[5.210s] -- Using all available rosidl_typesupport_cpp: rosidl_typesupport_fastrtps_cpp;rosidl_typesupport_introspection_cpp
[5.216s] -- Found python_cmake_module: 0.11.1 (/opt/ros/jazzy/share/python_cmake_module/cmake)
[6.092s] -- Found Python3: /usr/bin/python3 (found version "3.12.3") found components: Interpreter Development NumPy Development.Module Development.Embed 
[6.270s] -- Configuring done (6.1s)
[6.657s] -- Generating done (0.3s)
[6.687s] -- Build files have been written to: /home/s/Inertial_Sense/imx/SDK/ros2/build/inertial_sense_ros2
[6.855s] [  1%] Built target inertial_sense_ros2__rosidl_generator_type_description
[6.873s] [  1%] [32mBuilding CXX object InertialSenseSDK/CMakeFiles/InertialSenseSDK.dir/src/DataChunk.cpp.o[0m
[6.894s] [  1%] [32mBuilding CXX object InertialSenseSDK/CMakeFiles/InertialSenseSDK.dir/src/DataCSV.cpp.o[0m
[6.894s] [  1%] [32mBuilding C object InertialSenseSDK/CMakeFiles/InertialSenseSDK.dir/hw-libs/bootloader/bootloaderShared.c.o[0m
[6.904s] [  2%] [32mBuilding CXX object InertialSenseSDK/CMakeFiles/InertialSenseSDK.dir/src/DataChunkSorted.cpp.o[0m
[6.937s] [  2%] Built target ament_cmake_python_copy_inertial_sense_ros2
[6.985s] gmake[2]: *** No rule to make target '/home/s/Inertial_Sense/imx/ros2_ws/src/inertial-sense-sdk/libInertialSenseSDK.a', needed by 'new_target'.  Stop.
[6.989s] gmake[1]: *** [CMakeFiles/Makefile2:641: CMakeFiles/new_target.dir/all] Error 2
[6.989s] gmake[1]: *** Waiting for unfinished jobs....
[7.035s] [  2%] [32mBuilding CXX object InertialSenseSDK/CMakeFiles/InertialSenseSDK.dir/src/DataJSON.cpp.o[0m
[7.045s] [  2%] Built target inertial_sense_ros2__cpp
[7.086s] [  2%] [32mBuilding CXX object InertialSenseSDK/CMakeFiles/InertialSenseSDK.dir/src/DataKML.cpp.o[0m
[7.317s] [  3%] [32mBuilding CXX object InertialSenseSDK/CMakeFiles/InertialSenseSDK.dir/src/DeviceLog.cpp.o[0m
[9.852s] [  3%] [32mBuilding CXX object InertialSenseSDK/CMakeFiles/InertialSenseSDK.dir/src/DeviceLogCSV.cpp.o[0m
[10.942s] [  3%] [32mBuilding CXX object InertialSenseSDK/CMakeFiles/InertialSenseSDK.dir/src/DeviceLogJSON.cpp.o[0m
[15.702s] [  4%] [32mBuilding CXX object InertialSenseSDK/CMakeFiles/InertialSenseSDK.dir/src/DeviceLogKML.cpp.o[0m
[16.479s] [  4%] [32mBuilding CXX object InertialSenseSDK/CMakeFiles/InertialSenseSDK.dir/src/DeviceLogRaw.cpp.o[0m
[17.045s] [  4%] [32mBuilding CXX object InertialSenseSDK/CMakeFiles/InertialSenseSDK.dir/src/DeviceLogSerial.cpp.o[0m
[18.094s] [  5%] [32mBuilding CXX object InertialSenseSDK/CMakeFiles/InertialSenseSDK.dir/src/DeviceLogSorted.cpp.o[0m
[19.752s] [  5%] [32mBuilding CXX object InertialSenseSDK/CMakeFiles/InertialSenseSDK.dir/src/ISBootloaderAPP.cpp.o[0m
[20.962s] [  5%] [32mBuilding CXX object InertialSenseSDK/CMakeFiles/InertialSenseSDK.dir/src/ISBootloaderBase.cpp.o[0m
[23.316s] [  6%] [32mBuilding CXX object InertialSenseSDK/CMakeFiles/InertialSenseSDK.dir/src/ISBootloaderDFU.cpp.o[0m
[23.642s] [  6%] [32mBuilding CXX object InertialSenseSDK/CMakeFiles/InertialSenseSDK.dir/src/ISBootloaderISB.cpp.o[0m
[24.066s] [  6%] [32mBuilding CXX object InertialSenseSDK/CMakeFiles/InertialSenseSDK.dir/src/ISBootloaderSAMBA.cpp.o[0m
[24.309s] [  7%] [32mBuilding CXX object InertialSenseSDK/CMakeFiles/InertialSenseSDK.dir/src/ISBootloaderThread.cpp.o[0m
[25.136s] [  7%] [32mBuilding CXX object InertialSenseSDK/CMakeFiles/InertialSenseSDK.dir/src/ISClient.cpp.o[0m
[26.075s] [  7%] [32mBuilding C object InertialSenseSDK/CMakeFiles/InertialSenseSDK.dir/src/ISComm.c.o[0m
[26.860s] [  8%] [32mBuilding CXX object InertialSenseSDK/CMakeFiles/InertialSenseSDK.dir/src/ISCommDataBuffer.cpp.o[0m
[28.446s] [  8%] [32mBuilding CXX object InertialSenseSDK/CMakeFiles/InertialSenseSDK.dir/src/ISDFUFirmwareUpdater.cpp.o[0m
[32.571s] [  9%] [32mBuilding CXX object InertialSenseSDK/CMakeFiles/InertialSenseSDK.dir/src/ISFileManager.cpp.o[0m
[38.617s] [  9%] [32mBuilding CXX object InertialSenseSDK/CMakeFiles/InertialSenseSDK.dir/src/ISFirmwareUpdater.cpp.o[0m
[40.702s] [  9%] [32mBuilding C object InertialSenseSDK/CMakeFiles/InertialSenseSDK.dir/src/ISEarth.c.o[0m
[41.149s] [  9%] [32mBuilding CXX object InertialSenseSDK/CMakeFiles/InertialSenseSDK.dir/src/ISDisplay.cpp.o[0m
[42.913s] [  9%] [32mBuilding CXX object InertialSenseSDK/CMakeFiles/InertialSenseSDK.dir/src/ISGnss.cpp.o[0m
[46.545s] [  9%] [32mBuilding CXX object InertialSenseSDK/CMakeFiles/InertialSenseSDK.dir/src/ISLogger.cpp.o[0m
[53.261s] [ 10%] [32mBuilding C object InertialSenseSDK/CMakeFiles/InertialSenseSDK.dir/src/ISMatrix.c.o[0m
[53.731s] [ 10%] [32mBuilding C object InertialSenseSDK/CMakeFiles/InertialSenseSDK.dir/src/ISPolynomial.c.o[0m
[53.930s] [ 10%] [32mBuilding C object InertialSenseSDK/CMakeFiles/InertialSenseSDK.dir/src/ISPose.c.o[0m
[54.271s] [ 11%] [32mBuilding CXX object InertialSenseSDK/CMakeFiles/InertialSenseSDK.dir/src/ISSerialPort.cpp.o[0m
[58.642s] [ 11%] [32mBuilding CXX object InertialSenseSDK/CMakeFiles/InertialSenseSDK.dir/src/ISStream.cpp.o[0m
[58.642s] [ 11%] [32mBuilding CXX object InertialSenseSDK/CMakeFiles/InertialSenseSDK.dir/src/ISLogStats.cpp.o[0m
[59.679s] [ 11%] [32mBuilding CXX object InertialSenseSDK/CMakeFiles/InertialSenseSDK.dir/src/ISTcpClient.cpp.o[0m
[60.723s] [ 12%] [32mBuilding CXX object InertialSenseSDK/CMakeFiles/InertialSenseSDK.dir/src/ISDevice.cpp.o[0m
[60.732s] [ 13%] [32mBuilding CXX object InertialSenseSDK/CMakeFiles/InertialSenseSDK.dir/src/ISLogFile.cpp.o[0m
[61.013s] [ 13%] [32mBuilding CXX object InertialSenseSDK/CMakeFiles/InertialSenseSDK.dir/src/ISDataMappings.cpp.o[0m
[62.070s] [ 14%] [32mBuilding CXX object InertialSenseSDK/CMakeFiles/InertialSenseSDK.dir/src/ISTcpServer.cpp.o[0m
[62.394s] [ 14%] [32mBuilding CXX object InertialSenseSDK/CMakeFiles/InertialSenseSDK.dir/src/ISUtilities.cpp.o[0m
[62.503s] [ 14%] [32mBuilding CXX object InertialSenseSDK/CMakeFiles/InertialSenseSDK.dir/src/InertialSense.cpp.o[0m
[62.700s] [ 15%] [32mBuilding C object InertialSenseSDK/CMakeFiles/InertialSenseSDK.dir/src/com_manager.c.o[0m
[63.136s] [ 15%] [32mBuilding CXX object InertialSenseSDK/CMakeFiles/InertialSenseSDK.dir/src/convert_ins.cpp.o[0m
[64.224s] [ 15%] [32mBuilding C object InertialSenseSDK/CMakeFiles/InertialSenseSDK.dir/src/data_sets.c.o[0m
[64.492s] [ 15%] [32mBuilding CXX object InertialSenseSDK/CMakeFiles/InertialSenseSDK.dir/src/filters.cpp.o[0m
[65.553s] [ 16%] [32mBuilding C object InertialSenseSDK/CMakeFiles/InertialSenseSDK.dir/src/ihex.c.o[0m
[65.604s] [ 16%] [32mBuilding C object InertialSenseSDK/CMakeFiles/InertialSenseSDK.dir/src/linked_list.c.o[0m
[65.735s] [ 16%] [32mBuilding CXX object InertialSenseSDK/CMakeFiles/InertialSenseSDK.dir/src/message_stats.cpp.o[0m
[65.750s] [ 17%] [32mBuilding C object InertialSenseSDK/CMakeFiles/InertialSenseSDK.dir/src/miniz.c.o[0m
[66.667s] [ 17%] [32mBuilding CXX object InertialSenseSDK/CMakeFiles/InertialSenseSDK.dir/src/protocol/FirmwareUpdate.cpp.o[0m
[66.716s] [ 17%] [32mBuilding CXX object InertialSenseSDK/CMakeFiles/InertialSenseSDK.dir/src/protocol_nmea.cpp.o[0m
[67.893s] [ 18%] [32mBuilding C object InertialSenseSDK/CMakeFiles/InertialSenseSDK.dir/src/ring_buffer.c.o[0m
[68.086s] [ 18%] [32mBuilding C object InertialSenseSDK/CMakeFiles/InertialSenseSDK.dir/src/serialPort.c.o[0m
[68.317s] [ 18%] [32mBuilding C object InertialSenseSDK/CMakeFiles/InertialSenseSDK.dir/src/serialPortPlatform.c.o[0m
[73.876s] [ 19%] [32mBuilding CXX object InertialSenseSDK/CMakeFiles/InertialSenseSDK.dir/src/tinyxml.cpp.o[0m
[73.955s] [ 19%] [32mBuilding CXX object InertialSenseSDK/CMakeFiles/InertialSenseSDK.dir/src/tinystr.cpp.o[0m
[74.137s] [ 19%] [32mBuilding CXX object InertialSenseSDK/CMakeFiles/InertialSenseSDK.dir/src/tinyxmlerror.cpp.o[0m
[74.298s] [ 19%] [32mBuilding CXX object InertialSenseSDK/CMakeFiles/InertialSenseSDK.dir/src/tinyxmlparser.cpp.o[0m
[74.337s] [ 20%] [32mBuilding CXX object InertialSenseSDK/CMakeFiles/InertialSenseSDK.dir/src/util/md5.cpp.o[0m
[75.385s] [ 20%] [32mBuilding CXX object InertialSenseSDK/CMakeFiles/InertialSenseSDK.dir/src/time_conversion.cpp.o[0m
[75.914s] [ 21%] [32mBuilding CXX object InertialSenseSDK/CMakeFiles/InertialSenseSDK.dir/src/statistics.cpp.o[0m
[76.230s] [ 21%] [32mBuilding CXX object InertialSenseSDK/CMakeFiles/InertialSenseSDK.dir/src/util/natsort.cpp.o[0m
[76.671s] [ 21%] [32mBuilding CXX object InertialSenseSDK/CMakeFiles/InertialSenseSDK.dir/src/util/util.cpp.o[0m
[76.998s] [ 22%] [32mBuilding CXX object InertialSenseSDK/CMakeFiles/InertialSenseSDK.dir/src/yaml-cpp/binary.cpp.o[0m
[77.073s] [ 22%] [32mBuilding CXX object InertialSenseSDK/CMakeFiles/InertialSenseSDK.dir/src/yaml-cpp/contrib/graphbuilder.cpp.o[0m
[77.387s] [ 22%] [32mBuilding CXX object InertialSenseSDK/CMakeFiles/InertialSenseSDK.dir/src/yaml-cpp/contrib/graphbuilderadapter.cpp.o[0m
[77.525s] [ 23%] [32mBuilding CXX object InertialSenseSDK/CMakeFiles/InertialSenseSDK.dir/src/yaml-cpp/convert.cpp.o[0m
[78.591s] [ 23%] [32mBuilding CXX object InertialSenseSDK/CMakeFiles/InertialSenseSDK.dir/src/yaml-cpp/depthguard.cpp.o[0m
[78.835s] [ 23%] [32mBuilding CXX object InertialSenseSDK/CMakeFiles/InertialSenseSDK.dir/src/yaml-cpp/directives.cpp.o[0m
[79.830s] [ 24%] [32mBuilding CXX object InertialSenseSDK/CMakeFiles/InertialSenseSDK.dir/src/yaml-cpp/emit.cpp.o[0m
[80.001s] [ 24%] [32mBuilding CXX object InertialSenseSDK/CMakeFiles/InertialSenseSDK.dir/src/yaml-cpp/emitfromevents.cpp.o[0m
[81.070s] [ 24%] [32mBuilding CXX object InertialSenseSDK/CMakeFiles/InertialSenseSDK.dir/src/yaml-cpp/emitter.cpp.o[0m
[81.169s] [ 25%] [32mBuilding CXX object InertialSenseSDK/CMakeFiles/InertialSenseSDK.dir/src/yaml-cpp/emitterstate.cpp.o[0m
[82.327s] [ 25%] [32mBuilding CXX object InertialSenseSDK/CMakeFiles/InertialSenseSDK.dir/src/yaml-cpp/emitterutils.cpp.o[0m
[83.059s] [ 25%] [32mBuilding CXX object InertialSenseSDK/CMakeFiles/InertialSenseSDK.dir/src/yaml-cpp/exceptions.cpp.o[0m
[83.694s] [ 26%] [32mBuilding CXX object InertialSenseSDK/CMakeFiles/InertialSenseSDK.dir/src/yaml-cpp/exp.cpp.o[0m
[84.029s] [ 26%] [32mBuilding CXX object InertialSenseSDK/CMakeFiles/InertialSenseSDK.dir/src/yaml-cpp/memory.cpp.o[0m
[84.894s] [ 26%] [32mBuilding CXX object InertialSenseSDK/CMakeFiles/InertialSenseSDK.dir/src/yaml-cpp/node.cpp.o[0m
[85.102s] [ 27%] [32mBuilding CXX object InertialSenseSDK/CMakeFiles/InertialSenseSDK.dir/src/yaml-cpp/node_data.cpp.o[0m
[86.126s] [ 27%] [32mBuilding CXX object InertialSenseSDK/CMakeFiles/InertialSenseSDK.dir/src/yaml-cpp/nodebuilder.cpp.o[0m
[86.664s] [ 27%] [32mBuilding CXX object InertialSenseSDK/CMakeFiles/InertialSenseSDK.dir/src/yaml-cpp/nodeevents.cpp.o[0m
[87.770s] [ 28%] [32mBuilding CXX object InertialSenseSDK/CMakeFiles/InertialSenseSDK.dir/src/yaml-cpp/null.cpp.o[0m
[88.372s] [ 28%] [32mBuilding CXX object InertialSenseSDK/CMakeFiles/InertialSenseSDK.dir/src/yaml-cpp/ostream_wrapper.cpp.o[0m
[88.409s] [ 28%] [32mBuilding CXX object InertialSenseSDK/CMakeFiles/InertialSenseSDK.dir/src/yaml-cpp/parse.cpp.o[0m
[92.351s] [ 29%] [32mBuilding CXX object InertialSenseSDK/CMakeFiles/InertialSenseSDK.dir/src/yaml-cpp/scantag.cpp.o[0m
[94.390s] [ 29%] [32mBuilding CXX object InertialSenseSDK/CMakeFiles/InertialSenseSDK.dir/src/yaml-cpp/scantoken.cpp.o[0m
[94.588s] [ 29%] [32mBuilding CXX object InertialSenseSDK/CMakeFiles/InertialSenseSDK.dir/src/yaml-cpp/scanscalar.cpp.o[0m
[96.630s] [ 29%] [32mBuilding CXX object InertialSenseSDK/CMakeFiles/InertialSenseSDK.dir/src/yaml-cpp/simplekey.cpp.o[0m
[97.255s] [ 29%] [32mBuilding CXX object InertialSenseSDK/CMakeFiles/InertialSenseSDK.dir/src/yaml-cpp/scanner.cpp.o[0m
[98.010s] [ 30%] [32mBuilding CXX object InertialSenseSDK/CMakeFiles/InertialSenseSDK.dir/src/yaml-cpp/singledocparser.cpp.o[0m
[99.055s] [ 30%] [32mBuilding CXX object InertialSenseSDK/CMakeFiles/InertialSenseSDK.dir/src/yaml-cpp/stream.cpp.o[0m
[99.595s] [ 30%] [32mBuilding CXX object InertialSenseSDK/CMakeFiles/InertialSenseSDK.dir/src/yaml-cpp/regex_yaml.cpp.o[0m
[99.595s] [ 31%] [32mBuilding CXX object InertialSenseSDK/CMakeFiles/InertialSenseSDK.dir/src/yaml-cpp/parser.cpp.o[0m
[100.702s] [ 31%] [32mBuilding CXX object InertialSenseSDK/CMakeFiles/InertialSenseSDK.dir/src/yaml-cpp/tag.cpp.o[0m
[101.666s] [ 32%] [32mBuilding CXX object InertialSenseSDK/CMakeFiles/InertialSenseSDK.dir/tests/runtime/device_runtime_tests.cpp.o[0m
[101.935s] [ 32%] [32mBuilding C object InertialSenseSDK/CMakeFiles/InertialSenseSDK.dir/src/libusb/libusb/core.c.o[0m
[102.423s] [ 32%] [32mBuilding C object InertialSenseSDK/CMakeFiles/InertialSenseSDK.dir/src/libusb/libusb/descriptor.c.o[0m
[102.635s] [ 33%] [32mBuilding C object InertialSenseSDK/CMakeFiles/InertialSenseSDK.dir/src/libusb/libusb/hotplug.c.o[0m
[102.826s] [ 33%] [32mBuilding C object InertialSenseSDK/CMakeFiles/InertialSenseSDK.dir/src/libusb/libusb/os/events_posix.c.o[0m
[102.828s] [ 33%] [32mBuilding C object InertialSenseSDK/CMakeFiles/InertialSenseSDK.dir/src/libusb/libusb/io.c.o[0m
[102.942s] [ 34%] [32mBuilding C object InertialSenseSDK/CMakeFiles/InertialSenseSDK.dir/src/libusb/libusb/os/linux_netlink.c.o[0m
[103.119s] [ 34%] [32mBuilding C object InertialSenseSDK/CMakeFiles/InertialSenseSDK.dir/src/libusb/libusb/os/linux_udev.c.o[0m
[103.269s] [ 34%] [32mBuilding C object InertialSenseSDK/CMakeFiles/InertialSenseSDK.dir/src/libusb/libusb/os/linux_usbfs.c.o[0m
[103.331s] [ 35%] [32mBuilding C object InertialSenseSDK/CMakeFiles/InertialSenseSDK.dir/src/libusb/libusb/os/threads_posix.c.o[0m
[103.433s] [ 35%] [32mBuilding C object InertialSenseSDK/CMakeFiles/InertialSenseSDK.dir/src/libusb/libusb/strerror.c.o[0m
[107.978s] [ 35%] [32mBuilding C object InertialSenseSDK/CMakeFiles/InertialSenseSDK.dir/src/libusb/libusb/sync.c.o[0m
[108.181s] [ 36%] [32m[1mLinking CXX static library libInertialSenseSDK.a[0m
[109.605s] [ 36%] Built target InertialSenseSDK
[109.608s] gmake: *** [Makefile:146: all] Error 2
[109.615s] Invoked command in '/home/s/Inertial_Sense/imx/SDK/ros2/build/inertial_sense_ros2' returned '2': CMAKE_PREFIX_PATH=${CMAKE_PREFIX_PATH}:/opt/ros/jazzy DEBUGINFOD_URLS=https://debuginfod.ubuntu.com /usr/bin/cmake --build /home/s/Inertial_Sense/imx/SDK/ros2/build/inertial_sense_ros2 -- -j6 -l6
